2025-09-19 15:02:10,052 [INFO] __main__: Start
2025-09-19 15:02:10,055 [INFO] __main__: SYNC_MODE=OBJECTS
2025-09-19 15:02:10,056 [INFO] __main__: Starting object upload (parent 177537954)
2025-09-19 15:02:10,056 [DEBUG] sf_object_loader: Running CLI: C:\Program Files\sf\bin\sf.cmd sobject list --json -o Prod
2025-09-19 15:02:11,872 [INFO] sf_object_loader: LIMIT_OBJECTS enabled, restricting to first 10 objects
2025-09-19 15:02:11,873 [INFO] sf_object_loader: Describing object: AC_Corp_Form__ChangeEvent
2025-09-19 15:02:11,874 [DEBUG] sf_object_loader: Running CLI: C:\Program Files\sf\bin\sf.cmd sobject describe -s AC_Corp_Form__ChangeEvent --json -o Prod
2025-09-19 15:02:13,498 [INFO] sf_object_loader: Describing object: AC_Corp_Form__Share
2025-09-19 15:02:13,498 [DEBUG] sf_object_loader: Running CLI: C:\Program Files\sf\bin\sf.cmd sobject describe -s AC_Corp_Form__Share --json -o Prod
2025-09-19 15:02:15,087 [INFO] sf_object_loader: Describing object: AC_Corp_Form__c
2025-09-19 15:02:15,088 [DEBUG] sf_object_loader: Running CLI: C:\Program Files\sf\bin\sf.cmd sobject describe -s AC_Corp_Form__c --json -o Prod
2025-09-19 15:02:16,823 [INFO] sf_object_loader: Describing object: AIApplication
2025-09-19 15:02:16,824 [DEBUG] sf_object_loader: Running CLI: C:\Program Files\sf\bin\sf.cmd sobject describe -s AIApplication --json -o Prod
2025-09-19 15:02:19,023 [INFO] sf_object_loader: Describing object: AIApplicationConfig
2025-09-19 15:02:19,023 [DEBUG] sf_object_loader: Running CLI: C:\Program Files\sf\bin\sf.cmd sobject describe -s AIApplicationConfig --json -o Prod
2025-09-19 15:02:20,571 [INFO] sf_object_loader: Describing object: AIInsightAction
2025-09-19 15:02:20,571 [DEBUG] sf_object_loader: Running CLI: C:\Program Files\sf\bin\sf.cmd sobject describe -s AIInsightAction --json -o Prod
2025-09-19 15:02:22,127 [INFO] sf_object_loader: Describing object: AIInsightFeedback
2025-09-19 15:02:22,128 [DEBUG] sf_object_loader: Running CLI: C:\Program Files\sf\bin\sf.cmd sobject describe -s AIInsightFeedback --json -o Prod
2025-09-19 15:02:23,647 [INFO] sf_object_loader: Describing object: AIInsightReason
2025-09-19 15:02:23,648 [DEBUG] sf_object_loader: Running CLI: C:\Program Files\sf\bin\sf.cmd sobject describe -s AIInsightReason --json -o Prod
2025-09-19 15:02:25,194 [INFO] sf_object_loader: Describing object: AIInsightValue
2025-09-19 15:02:25,194 [DEBUG] sf_object_loader: Running CLI: C:\Program Files\sf\bin\sf.cmd sobject describe -s AIInsightValue --json -o Prod
2025-09-19 15:02:27,785 [INFO] sf_object_loader: Describing object: AIPredictionEvent
2025-09-19 15:02:27,786 [DEBUG] sf_object_loader: Running CLI: C:\Program Files\sf\bin\sf.cmd sobject describe -s AIPredictionEvent --json -o Prod
2025-09-19 15:02:29,322 [INFO] __main__: Uploading object: AC_Corp_Form__ChangeEvent
2025-09-19 15:02:29,322 [DEBUG] confluence_uploader: Building Fabric JSON for object AC_Corp_Form__ChangeEvent
2025-09-19 15:02:29,325 [DEBUG] urllib3.connectionpool: Starting new HTTPS connection (1): cretemechanical.atlassian.net:443
2025-09-19 15:02:29,452 [DEBUG] urllib3.connectionpool: https://cretemechanical.atlassian.net:443 "GET /wiki/api/v2/pages?spaceId=28180482&title=AC_Corp_Form__ChangeEvent&expand=version HTTP/1.1" 200 None
2025-09-19 15:02:29,453 [DEBUG] urllib3.connectionpool: Starting new HTTPS connection (1): cretemechanical.atlassian.net:443
2025-09-19 15:02:29,557 [DEBUG] urllib3.connectionpool: https://cretemechanical.atlassian.net:443 "GET /wiki/rest/api/content/181797389?expand=body.atlas_doc_format,body.storage,version HTTP/1.1" 200 None
2025-09-19 15:02:29,558 [DEBUG] confluence_client: === RAW PAGE JSON BODY KEYS (v1) ===
2025-09-19 15:02:29,559 [DEBUG] confluence_client: ['storage', 'atlas_doc_format', '_expandable']
2025-09-19 15:02:29,559 [DEBUG] confluence_client: === BEGIN ATLAS DOC FORMAT (first 1000 chars) ===
2025-09-19 15:02:29,559 [DEBUG] confluence_client: {"type":"doc","content":[{"type":"heading","attrs":{"level":1},"content":[{"text":"Object: AC_Corp_Form__ChangeEvent","type":"text"}]},{"type":"paragraph","content":[{"text":"Label: ","type":"text","marks":[{"type":"strong"}]},{"text":"Change Event: AC Corp Form","type":"text"}]},{"type":"paragraph","content":[{"text":"Custom: ","type":"text","marks":[{"type":"strong"}]},{"text":"False","type":"text"}]},{"type":"paragraph","content":[{"text":"KeyPrefix: ","type":"text","marks":[{"type":"strong"}]}]},{"type":"heading","attrs":{"level":2},"content":[{"text":"Fields","type":"text"}]},{"type":"table","attrs":{"layout":"default"},"content":[{"type":"tableRow","content":[{"type":"tableHeader","attrs":{"colspan":1,"rowspan":1},"content":[{"type":"paragraph","content":[{"text":"Label (API Name)","type":"text"}]}]},{"type":"tableHeader","attrs":{"colspan":1,"rowspan":1},"content":[{"type":"paragraph","content":[{"text":"Type","type":"text"}]}]},{"type":"tableHeader","attrs":{"colspan":1,"rowspa
2025-09-19 15:02:29,559 [DEBUG] confluence_client: === END ATLAS DOC FORMAT ===
2025-09-19 15:02:29,560 [INFO] confluence_client: 🔄 Updating Confluence page 'AC_Corp_Form__ChangeEvent' (ID=181797389)
2025-09-19 15:02:29,561 [DEBUG] urllib3.connectionpool: Starting new HTTPS connection (1): cretemechanical.atlassian.net:443
2025-09-19 15:02:29,648 [DEBUG] urllib3.connectionpool: https://cretemechanical.atlassian.net:443 "GET /wiki/api/v2/pages/181797389?expand=version HTTP/1.1" 200 None
2025-09-19 15:02:29,649 [DEBUG] urllib3.connectionpool: Starting new HTTPS connection (1): cretemechanical.atlassian.net:443
2025-09-19 15:02:29,911 [DEBUG] urllib3.connectionpool: https://cretemechanical.atlassian.net:443 "PUT /wiki/api/v2/pages/181797389 HTTP/1.1" 200 None
2025-09-19 15:02:30,058 [INFO] __main__: Object processed: AC_Corp_Form__ChangeEvent
2025-09-19 15:02:30,058 [INFO] __main__: Uploading object: AC_Corp_Form__Share
2025-09-19 15:02:30,058 [DEBUG] confluence_uploader: Building Fabric JSON for object AC_Corp_Form__Share
2025-09-19 15:02:30,059 [DEBUG] urllib3.connectionpool: Starting new HTTPS connection (1): cretemechanical.atlassian.net:443
2025-09-19 15:02:30,164 [DEBUG] urllib3.connectionpool: https://cretemechanical.atlassian.net:443 "GET /wiki/api/v2/pages?spaceId=28180482&title=AC_Corp_Form__Share&expand=version HTTP/1.1" 200 None
2025-09-19 15:02:30,166 [DEBUG] urllib3.connectionpool: Starting new HTTPS connection (1): cretemechanical.atlassian.net:443
2025-09-19 15:02:30,265 [DEBUG] urllib3.connectionpool: https://cretemechanical.atlassian.net:443 "GET /wiki/rest/api/content/182353921?expand=body.atlas_doc_format,body.storage,version HTTP/1.1" 200 None
2025-09-19 15:02:30,266 [DEBUG] confluence_client: === RAW PAGE JSON BODY KEYS (v1) ===
2025-09-19 15:02:30,266 [DEBUG] confluence_client: ['storage', 'atlas_doc_format', '_expandable']
2025-09-19 15:02:30,267 [DEBUG] confluence_client: === BEGIN ATLAS DOC FORMAT (first 1000 chars) ===
2025-09-19 15:02:30,267 [DEBUG] confluence_client: {"type":"doc","content":[{"type":"heading","attrs":{"level":1},"content":[{"text":"Object: AC_Corp_Form__Share","type":"text"}]},{"type":"paragraph","content":[{"text":"Label: ","type":"text","marks":[{"type":"strong"}]},{"text":"Share: AC Corp Form","type":"text"}]},{"type":"paragraph","content":[{"text":"Custom: ","type":"text","marks":[{"type":"strong"}]},{"text":"False","type":"text"}]},{"type":"paragraph","content":[{"text":"KeyPrefix: ","type":"text","marks":[{"type":"strong"}]}]},{"type":"heading","attrs":{"level":2},"content":[{"text":"Fields","type":"text"}]},{"type":"table","attrs":{"layout":"default"},"content":[{"type":"tableRow","content":[{"type":"tableHeader","attrs":{"colspan":1,"rowspan":1},"content":[{"type":"paragraph","content":[{"text":"Label (API Name)","type":"text"}]}]},{"type":"tableHeader","attrs":{"colspan":1,"rowspan":1},"content":[{"type":"paragraph","content":[{"text":"Type","type":"text"}]}]},{"type":"tableHeader","attrs":{"colspan":1,"rowspan":1},"conten
2025-09-19 15:02:30,267 [DEBUG] confluence_client: === END ATLAS DOC FORMAT ===
2025-09-19 15:02:30,268 [INFO] confluence_client: 🔄 Updating Confluence page 'AC_Corp_Form__Share' (ID=182353921)
2025-09-19 15:02:30,269 [DEBUG] urllib3.connectionpool: Starting new HTTPS connection (1): cretemechanical.atlassian.net:443
2025-09-19 15:02:30,362 [DEBUG] urllib3.connectionpool: https://cretemechanical.atlassian.net:443 "GET /wiki/api/v2/pages/182353921?expand=version HTTP/1.1" 200 None
2025-09-19 15:02:30,363 [DEBUG] urllib3.connectionpool: Starting new HTTPS connection (1): cretemechanical.atlassian.net:443
2025-09-19 15:02:30,579 [DEBUG] urllib3.connectionpool: https://cretemechanical.atlassian.net:443 "PUT /wiki/api/v2/pages/182353921 HTTP/1.1" 200 None
2025-09-19 15:02:30,748 [INFO] __main__: Object processed: AC_Corp_Form__Share
2025-09-19 15:02:30,749 [INFO] __main__: Uploading object: AC_Corp_Form__c
2025-09-19 15:02:30,749 [DEBUG] confluence_uploader: Building Fabric JSON for object AC_Corp_Form__c
2025-09-19 15:02:30,753 [DEBUG] urllib3.connectionpool: Starting new HTTPS connection (1): cretemechanical.atlassian.net:443
2025-09-19 15:02:30,830 [DEBUG] urllib3.connectionpool: https://cretemechanical.atlassian.net:443 "GET /wiki/api/v2/pages?spaceId=28180482&title=AC_Corp_Form__c&expand=version HTTP/1.1" 200 None
2025-09-19 15:02:30,832 [DEBUG] urllib3.connectionpool: Starting new HTTPS connection (1): cretemechanical.atlassian.net:443
2025-09-19 15:02:30,950 [DEBUG] urllib3.connectionpool: https://cretemechanical.atlassian.net:443 "GET /wiki/rest/api/content/181764831?expand=body.atlas_doc_format,body.storage,version HTTP/1.1" 200 None
2025-09-19 15:02:30,952 [DEBUG] confluence_client: === RAW PAGE JSON BODY KEYS (v1) ===
2025-09-19 15:02:30,952 [DEBUG] confluence_client: ['storage', 'atlas_doc_format', '_expandable']
2025-09-19 15:02:30,952 [DEBUG] confluence_client: === BEGIN ATLAS DOC FORMAT (first 1000 chars) ===
2025-09-19 15:02:30,952 [DEBUG] confluence_client: {"type":"doc","content":[{"type":"heading","attrs":{"level":1},"content":[{"text":"Object: AC_Corp_Form__c","type":"text"}]},{"type":"paragraph","content":[{"text":"Label: ","type":"text","marks":[{"type":"strong"}]},{"text":"AC Corp Form","type":"text"}]},{"type":"paragraph","content":[{"text":"Custom: ","type":"text","marks":[{"type":"strong"}]},{"text":"True","type":"text"}]},{"type":"paragraph","content":[{"text":"KeyPrefix: ","type":"text","marks":[{"type":"strong"}]},{"text":"a2L","type":"text"}]},{"type":"heading","attrs":{"level":2},"content":[{"text":"Fields","type":"text"}]},{"type":"table","attrs":{"layout":"default"},"content":[{"type":"tableRow","content":[{"type":"tableHeader","attrs":{"colspan":1,"rowspan":1},"content":[{"type":"paragraph","content":[{"text":"Label (API Name)","type":"text"}]}]},{"type":"tableHeader","attrs":{"colspan":1,"rowspan":1},"content":[{"type":"paragraph","content":[{"text":"Type","type":"text"}]}]},{"type":"tableHeader","attrs":{"colspan":1,"ro
2025-09-19 15:02:30,953 [DEBUG] confluence_client: === END ATLAS DOC FORMAT ===
2025-09-19 15:02:30,953 [INFO] confluence_client: 🔄 Updating Confluence page 'AC_Corp_Form__c' (ID=181764831)
2025-09-19 15:02:30,954 [DEBUG] urllib3.connectionpool: Starting new HTTPS connection (1): cretemechanical.atlassian.net:443
2025-09-19 15:02:31,052 [DEBUG] urllib3.connectionpool: https://cretemechanical.atlassian.net:443 "GET /wiki/api/v2/pages/181764831?expand=version HTTP/1.1" 200 None
2025-09-19 15:02:31,053 [DEBUG] urllib3.connectionpool: Starting new HTTPS connection (1): cretemechanical.atlassian.net:443
2025-09-19 15:02:31,278 [DEBUG] urllib3.connectionpool: https://cretemechanical.atlassian.net:443 "PUT /wiki/api/v2/pages/181764831 HTTP/1.1" 200 None
2025-09-19 15:02:31,421 [INFO] __main__: Object processed: AC_Corp_Form__c
2025-09-19 15:02:31,422 [INFO] __main__: Uploading object: AIApplication
2025-09-19 15:02:31,422 [DEBUG] confluence_uploader: Building Fabric JSON for object AIApplication
2025-09-19 15:02:31,423 [DEBUG] urllib3.connectionpool: Starting new HTTPS connection (1): cretemechanical.atlassian.net:443
2025-09-19 15:02:31,488 [DEBUG] urllib3.connectionpool: https://cretemechanical.atlassian.net:443 "GET /wiki/api/v2/pages?spaceId=28180482&title=AIApplication&expand=version HTTP/1.1" 200 None
2025-09-19 15:02:31,489 [DEBUG] urllib3.connectionpool: Starting new HTTPS connection (1): cretemechanical.atlassian.net:443
2025-09-19 15:02:31,577 [DEBUG] urllib3.connectionpool: https://cretemechanical.atlassian.net:443 "GET /wiki/rest/api/content/181797411?expand=body.atlas_doc_format,body.storage,version HTTP/1.1" 200 None
2025-09-19 15:02:31,577 [DEBUG] confluence_client: === RAW PAGE JSON BODY KEYS (v1) ===
2025-09-19 15:02:31,579 [DEBUG] confluence_client: ['storage', 'atlas_doc_format', '_expandable']
2025-09-19 15:02:31,579 [DEBUG] confluence_client: === BEGIN ATLAS DOC FORMAT (first 1000 chars) ===
2025-09-19 15:02:31,579 [DEBUG] confluence_client: {"type":"doc","content":[{"type":"heading","attrs":{"level":1},"content":[{"text":"Object: AIApplication","type":"text"}]},{"type":"paragraph","content":[{"text":"Label: ","type":"text","marks":[{"type":"strong"}]},{"text":"AI Application","type":"text"}]},{"type":"paragraph","content":[{"text":"Custom: ","type":"text","marks":[{"type":"strong"}]},{"text":"False","type":"text"}]},{"type":"paragraph","content":[{"text":"KeyPrefix: ","type":"text","marks":[{"type":"strong"}]},{"text":"0Pp","type":"text"}]},{"type":"heading","attrs":{"level":2},"content":[{"text":"Fields","type":"text"}]},{"type":"table","attrs":{"layout":"default"},"content":[{"type":"tableRow","content":[{"type":"tableHeader","attrs":{"colspan":1,"rowspan":1},"content":[{"type":"paragraph","content":[{"text":"Label (API Name)","type":"text"}]}]},{"type":"tableHeader","attrs":{"colspan":1,"rowspan":1},"content":[{"type":"paragraph","content":[{"text":"Type","type":"text"}]}]},{"type":"tableHeader","attrs":{"colspan":1,"r
2025-09-19 15:02:31,579 [DEBUG] confluence_client: === END ATLAS DOC FORMAT ===
2025-09-19 15:02:31,579 [INFO] confluence_client: 🔄 Updating Confluence page 'AIApplication' (ID=181797411)
2025-09-19 15:02:31,580 [DEBUG] urllib3.connectionpool: Starting new HTTPS connection (1): cretemechanical.atlassian.net:443
2025-09-19 15:02:31,677 [DEBUG] urllib3.connectionpool: https://cretemechanical.atlassian.net:443 "GET /wiki/api/v2/pages/181797411?expand=version HTTP/1.1" 200 None
2025-09-19 15:02:31,678 [DEBUG] urllib3.connectionpool: Starting new HTTPS connection (1): cretemechanical.atlassian.net:443
2025-09-19 15:02:31,926 [DEBUG] urllib3.connectionpool: https://cretemechanical.atlassian.net:443 "PUT /wiki/api/v2/pages/181797411 HTTP/1.1" 200 None
2025-09-19 15:02:32,215 [INFO] __main__: Object processed: AIApplication
2025-09-19 15:02:32,215 [INFO] __main__: Uploading object: AIApplicationConfig
2025-09-19 15:02:32,215 [DEBUG] confluence_uploader: Building Fabric JSON for object AIApplicationConfig
2025-09-19 15:02:32,217 [DEBUG] urllib3.connectionpool: Starting new HTTPS connection (1): cretemechanical.atlassian.net:443
2025-09-19 15:02:32,316 [DEBUG] urllib3.connectionpool: https://cretemechanical.atlassian.net:443 "GET /wiki/api/v2/pages?spaceId=28180482&title=AIApplicationConfig&expand=version HTTP/1.1" 200 None
2025-09-19 15:02:32,318 [DEBUG] urllib3.connectionpool: Starting new HTTPS connection (1): cretemechanical.atlassian.net:443
2025-09-19 15:02:32,432 [DEBUG] urllib3.connectionpool: https://cretemechanical.atlassian.net:443 "GET /wiki/rest/api/content/181797432?expand=body.atlas_doc_format,body.storage,version HTTP/1.1" 200 None
2025-09-19 15:02:32,433 [DEBUG] confluence_client: === RAW PAGE JSON BODY KEYS (v1) ===
2025-09-19 15:02:32,433 [DEBUG] confluence_client: ['storage', 'atlas_doc_format', '_expandable']
2025-09-19 15:02:32,433 [DEBUG] confluence_client: === BEGIN ATLAS DOC FORMAT (first 1000 chars) ===
2025-09-19 15:02:32,433 [DEBUG] confluence_client: {"type":"doc","content":[{"type":"heading","attrs":{"level":1},"content":[{"text":"Object: AIApplicationConfig","type":"text"}]},{"type":"paragraph","content":[{"text":"Label: ","type":"text","marks":[{"type":"strong"}]},{"text":"AI Application config","type":"text"}]},{"type":"paragraph","content":[{"text":"Custom: ","type":"text","marks":[{"type":"strong"}]},{"text":"False","type":"text"}]},{"type":"paragraph","content":[{"text":"KeyPrefix: ","type":"text","marks":[{"type":"strong"}]},{"text":"6S9","type":"text"}]},{"type":"heading","attrs":{"level":2},"content":[{"text":"Fields","type":"text"}]},{"type":"table","attrs":{"layout":"default"},"content":[{"type":"tableRow","content":[{"type":"tableHeader","attrs":{"colspan":1,"rowspan":1},"content":[{"type":"paragraph","content":[{"text":"Label (API Name)","type":"text"}]}]},{"type":"tableHeader","attrs":{"colspan":1,"rowspan":1},"content":[{"type":"paragraph","content":[{"text":"Type","type":"text"}]}]},{"type":"tableHeader","attrs":{"
2025-09-19 15:02:32,434 [DEBUG] confluence_client: === END ATLAS DOC FORMAT ===
2025-09-19 15:02:32,434 [INFO] confluence_client: 🔄 Updating Confluence page 'AIApplicationConfig' (ID=181797432)
2025-09-19 15:02:32,435 [DEBUG] urllib3.connectionpool: Starting new HTTPS connection (1): cretemechanical.atlassian.net:443
2025-09-19 15:02:32,498 [DEBUG] urllib3.connectionpool: https://cretemechanical.atlassian.net:443 "GET /wiki/api/v2/pages/181797432?expand=version HTTP/1.1" 200 None
2025-09-19 15:02:32,499 [DEBUG] urllib3.connectionpool: Starting new HTTPS connection (1): cretemechanical.atlassian.net:443
2025-09-19 15:02:32,703 [DEBUG] urllib3.connectionpool: https://cretemechanical.atlassian.net:443 "PUT /wiki/api/v2/pages/181797432 HTTP/1.1" 200 None
2025-09-19 15:02:33,007 [INFO] __main__: Object processed: AIApplicationConfig
2025-09-19 15:02:33,007 [INFO] __main__: Uploading object: AIInsightAction
2025-09-19 15:02:33,007 [DEBUG] confluence_uploader: Building Fabric JSON for object AIInsightAction
2025-09-19 15:02:33,009 [DEBUG] urllib3.connectionpool: Starting new HTTPS connection (1): cretemechanical.atlassian.net:443
2025-09-19 15:02:33,127 [DEBUG] urllib3.connectionpool: https://cretemechanical.atlassian.net:443 "GET /wiki/api/v2/pages?spaceId=28180482&title=AIInsightAction&expand=version HTTP/1.1" 200 None
2025-09-19 15:02:33,128 [DEBUG] urllib3.connectionpool: Starting new HTTPS connection (1): cretemechanical.atlassian.net:443
2025-09-19 15:02:33,214 [DEBUG] urllib3.connectionpool: https://cretemechanical.atlassian.net:443 "GET /wiki/rest/api/content/182157939?expand=body.atlas_doc_format,body.storage,version HTTP/1.1" 200 None
2025-09-19 15:02:33,216 [DEBUG] confluence_client: === RAW PAGE JSON BODY KEYS (v1) ===
2025-09-19 15:02:33,216 [DEBUG] confluence_client: ['storage', 'atlas_doc_format', '_expandable']
2025-09-19 15:02:33,216 [DEBUG] confluence_client: === BEGIN ATLAS DOC FORMAT (first 1000 chars) ===
2025-09-19 15:02:33,217 [DEBUG] confluence_client: {"type":"doc","content":[{"type":"heading","attrs":{"level":1},"content":[{"text":"Object: AIInsightAction","type":"text"}]},{"type":"paragraph","content":[{"text":"Label: ","type":"text","marks":[{"type":"strong"}]},{"text":"AI Insight Action","type":"text"}]},{"type":"paragraph","content":[{"text":"Custom: ","type":"text","marks":[{"type":"strong"}]},{"text":"False","type":"text"}]},{"type":"paragraph","content":[{"text":"KeyPrefix: ","type":"text","marks":[{"type":"strong"}]},{"text":"9qd","type":"text"}]},{"type":"heading","attrs":{"level":2},"content":[{"text":"Fields","type":"text"}]},{"type":"table","attrs":{"layout":"default"},"content":[{"type":"tableRow","content":[{"type":"tableHeader","attrs":{"colspan":1,"rowspan":1},"content":[{"type":"paragraph","content":[{"text":"Label (API Name)","type":"text"}]}]},{"type":"tableHeader","attrs":{"colspan":1,"rowspan":1},"content":[{"type":"paragraph","content":[{"text":"Type","type":"text"}]}]},{"type":"tableHeader","attrs":{"colspan"
2025-09-19 15:02:33,217 [DEBUG] confluence_client: === END ATLAS DOC FORMAT ===
2025-09-19 15:02:33,217 [INFO] confluence_client: 🔄 Updating Confluence page 'AIInsightAction' (ID=182157939)
2025-09-19 15:02:33,219 [DEBUG] urllib3.connectionpool: Starting new HTTPS connection (1): cretemechanical.atlassian.net:443
2025-09-19 15:02:33,304 [DEBUG] urllib3.connectionpool: https://cretemechanical.atlassian.net:443 "GET /wiki/api/v2/pages/182157939?expand=version HTTP/1.1" 200 None
2025-09-19 15:02:33,306 [DEBUG] urllib3.connectionpool: Starting new HTTPS connection (1): cretemechanical.atlassian.net:443
2025-09-19 15:02:33,541 [DEBUG] urllib3.connectionpool: https://cretemechanical.atlassian.net:443 "PUT /wiki/api/v2/pages/182157939 HTTP/1.1" 200 None
2025-09-19 15:02:33,838 [INFO] __main__: Object processed: AIInsightAction
2025-09-19 15:02:33,838 [INFO] __main__: Uploading object: AIInsightFeedback
2025-09-19 15:02:33,839 [DEBUG] confluence_uploader: Building Fabric JSON for object AIInsightFeedback
2025-09-19 15:02:33,840 [DEBUG] urllib3.connectionpool: Starting new HTTPS connection (1): cretemechanical.atlassian.net:443
2025-09-19 15:02:33,943 [DEBUG] urllib3.connectionpool: https://cretemechanical.atlassian.net:443 "GET /wiki/api/v2/pages?spaceId=28180482&title=AIInsightFeedback&expand=version HTTP/1.1" 200 None
2025-09-19 15:02:33,944 [DEBUG] urllib3.connectionpool: Starting new HTTPS connection (1): cretemechanical.atlassian.net:443
2025-09-19 15:02:34,014 [DEBUG] urllib3.connectionpool: https://cretemechanical.atlassian.net:443 "GET /wiki/rest/api/content/181994192?expand=body.atlas_doc_format,body.storage,version HTTP/1.1" 200 None
2025-09-19 15:02:34,015 [DEBUG] confluence_client: === RAW PAGE JSON BODY KEYS (v1) ===
2025-09-19 15:02:34,015 [DEBUG] confluence_client: ['storage', 'atlas_doc_format', '_expandable']
2025-09-19 15:02:34,015 [DEBUG] confluence_client: === BEGIN ATLAS DOC FORMAT (first 1000 chars) ===
2025-09-19 15:02:34,015 [DEBUG] confluence_client: {"type":"doc","content":[{"type":"heading","attrs":{"level":1},"content":[{"text":"Object: AIInsightFeedback","type":"text"}]},{"type":"paragraph","content":[{"text":"Label: ","type":"text","marks":[{"type":"strong"}]},{"text":"AI Insight Feedback","type":"text"}]},{"type":"paragraph","content":[{"text":"Custom: ","type":"text","marks":[{"type":"strong"}]},{"text":"False","type":"text"}]},{"type":"paragraph","content":[{"text":"KeyPrefix: ","type":"text","marks":[{"type":"strong"}]},{"text":"9bq","type":"text"}]},{"type":"heading","attrs":{"level":2},"content":[{"text":"Fields","type":"text"}]},{"type":"table","attrs":{"layout":"default"},"content":[{"type":"tableRow","content":[{"type":"tableHeader","attrs":{"colspan":1,"rowspan":1},"content":[{"type":"paragraph","content":[{"text":"Label (API Name)","type":"text"}]}]},{"type":"tableHeader","attrs":{"colspan":1,"rowspan":1},"content":[{"type":"paragraph","content":[{"text":"Type","type":"text"}]}]},{"type":"tableHeader","attrs":{"cols
2025-09-19 15:02:34,015 [DEBUG] confluence_client: === END ATLAS DOC FORMAT ===
2025-09-19 15:02:34,016 [INFO] confluence_client: 🔄 Updating Confluence page 'AIInsightFeedback' (ID=181994192)
2025-09-19 15:02:34,017 [DEBUG] urllib3.connectionpool: Starting new HTTPS connection (1): cretemechanical.atlassian.net:443
2025-09-19 15:02:34,081 [DEBUG] urllib3.connectionpool: https://cretemechanical.atlassian.net:443 "GET /wiki/api/v2/pages/181994192?expand=version HTTP/1.1" 200 None
2025-09-19 15:02:34,083 [DEBUG] urllib3.connectionpool: Starting new HTTPS connection (1): cretemechanical.atlassian.net:443
2025-09-19 15:02:34,373 [DEBUG] urllib3.connectionpool: https://cretemechanical.atlassian.net:443 "PUT /wiki/api/v2/pages/181994192 HTTP/1.1" 200 None
2025-09-19 15:02:34,619 [INFO] __main__: Object processed: AIInsightFeedback
2025-09-19 15:02:34,619 [INFO] __main__: Uploading object: AIInsightReason
2025-09-19 15:02:34,619 [DEBUG] confluence_uploader: Building Fabric JSON for object AIInsightReason
2025-09-19 15:02:34,621 [DEBUG] urllib3.connectionpool: Starting new HTTPS connection (1): cretemechanical.atlassian.net:443
2025-09-19 15:02:34,726 [DEBUG] urllib3.connectionpool: https://cretemechanical.atlassian.net:443 "GET /wiki/api/v2/pages?spaceId=28180482&title=AIInsightReason&expand=version HTTP/1.1" 200 None
2025-09-19 15:02:34,728 [DEBUG] urllib3.connectionpool: Starting new HTTPS connection (1): cretemechanical.atlassian.net:443
2025-09-19 15:02:34,792 [DEBUG] urllib3.connectionpool: https://cretemechanical.atlassian.net:443 "GET /wiki/rest/api/content/181797453?expand=body.atlas_doc_format,body.storage,version HTTP/1.1" 200 None
2025-09-19 15:02:34,793 [DEBUG] confluence_client: === RAW PAGE JSON BODY KEYS (v1) ===
2025-09-19 15:02:34,793 [DEBUG] confluence_client: ['storage', 'atlas_doc_format', '_expandable']
2025-09-19 15:02:34,793 [DEBUG] confluence_client: === BEGIN ATLAS DOC FORMAT (first 1000 chars) ===
2025-09-19 15:02:34,794 [DEBUG] confluence_client: {"type":"doc","content":[{"type":"heading","attrs":{"level":1},"content":[{"text":"Object: AIInsightReason","type":"text"}]},{"type":"paragraph","content":[{"text":"Label: ","type":"text","marks":[{"type":"strong"}]},{"text":"AI Insight Reason","type":"text"}]},{"type":"paragraph","content":[{"text":"Custom: ","type":"text","marks":[{"type":"strong"}]},{"text":"False","type":"text"}]},{"type":"paragraph","content":[{"text":"KeyPrefix: ","type":"text","marks":[{"type":"strong"}]},{"text":"0T2","type":"text"}]},{"type":"heading","attrs":{"level":2},"content":[{"text":"Fields","type":"text"}]},{"type":"table","attrs":{"layout":"default"},"content":[{"type":"tableRow","content":[{"type":"tableHeader","attrs":{"colspan":1,"rowspan":1},"content":[{"type":"paragraph","content":[{"text":"Label (API Name)","type":"text"}]}]},{"type":"tableHeader","attrs":{"colspan":1,"rowspan":1},"content":[{"type":"paragraph","content":[{"text":"Type","type":"text"}]}]},{"type":"tableHeader","attrs":{"colspan"
2025-09-19 15:02:34,794 [DEBUG] confluence_client: === END ATLAS DOC FORMAT ===
2025-09-19 15:02:34,794 [INFO] confluence_client: 🔄 Updating Confluence page 'AIInsightReason' (ID=181797453)
2025-09-19 15:02:34,795 [DEBUG] urllib3.connectionpool: Starting new HTTPS connection (1): cretemechanical.atlassian.net:443
2025-09-19 15:02:34,852 [DEBUG] urllib3.connectionpool: https://cretemechanical.atlassian.net:443 "GET /wiki/api/v2/pages/181797453?expand=version HTTP/1.1" 200 None
2025-09-19 15:02:34,853 [DEBUG] urllib3.connectionpool: Starting new HTTPS connection (1): cretemechanical.atlassian.net:443
2025-09-19 15:02:35,087 [DEBUG] urllib3.connectionpool: https://cretemechanical.atlassian.net:443 "PUT /wiki/api/v2/pages/181797453 HTTP/1.1" 200 None
2025-09-19 15:02:35,380 [INFO] __main__: Object processed: AIInsightReason
2025-09-19 15:02:35,380 [INFO] __main__: Uploading object: AIInsightValue
2025-09-19 15:02:35,380 [DEBUG] confluence_uploader: Building Fabric JSON for object AIInsightValue
2025-09-19 15:02:35,384 [DEBUG] urllib3.connectionpool: Starting new HTTPS connection (1): cretemechanical.atlassian.net:443
2025-09-19 15:02:35,451 [DEBUG] urllib3.connectionpool: https://cretemechanical.atlassian.net:443 "GET /wiki/api/v2/pages?spaceId=28180482&title=AIInsightValue&expand=version HTTP/1.1" 200 None
2025-09-19 15:02:35,453 [DEBUG] urllib3.connectionpool: Starting new HTTPS connection (1): cretemechanical.atlassian.net:443
2025-09-19 15:02:35,525 [DEBUG] urllib3.connectionpool: https://cretemechanical.atlassian.net:443 "GET /wiki/rest/api/content/182353942?expand=body.atlas_doc_format,body.storage,version HTTP/1.1" 200 None
2025-09-19 15:02:35,544 [DEBUG] confluence_client: === RAW PAGE JSON BODY KEYS (v1) ===
2025-09-19 15:02:35,549 [DEBUG] confluence_client: ['storage', 'atlas_doc_format', '_expandable']
2025-09-19 15:02:35,549 [DEBUG] confluence_client: === BEGIN ATLAS DOC FORMAT (first 1000 chars) ===
2025-09-19 15:02:35,549 [DEBUG] confluence_client: {"type":"doc","content":[{"type":"heading","attrs":{"level":1},"content":[{"text":"Object: AIInsightValue","type":"text"}]},{"type":"paragraph","content":[{"text":"Label: ","type":"text","marks":[{"type":"strong"}]},{"text":"AI Insight Value","type":"text"}]},{"type":"paragraph","content":[{"text":"Custom: ","type":"text","marks":[{"type":"strong"}]},{"text":"False","type":"text"}]},{"type":"paragraph","content":[{"text":"KeyPrefix: ","type":"text","marks":[{"type":"strong"}]},{"text":"9qc","type":"text"}]},{"type":"heading","attrs":{"level":2},"content":[{"text":"Fields","type":"text"}]},{"type":"table","attrs":{"layout":"default"},"content":[{"type":"tableRow","content":[{"type":"tableHeader","attrs":{"colspan":1,"rowspan":1},"content":[{"type":"paragraph","content":[{"text":"Label (API Name)","type":"text"}]}]},{"type":"tableHeader","attrs":{"colspan":1,"rowspan":1},"content":[{"type":"paragraph","content":[{"text":"Type","type":"text"}]}]},{"type":"tableHeader","attrs":{"colspan":1
2025-09-19 15:02:35,550 [DEBUG] confluence_client: === END ATLAS DOC FORMAT ===
2025-09-19 15:02:35,551 [INFO] confluence_client: 🔄 Updating Confluence page 'AIInsightValue' (ID=182353942)
2025-09-19 15:02:35,552 [DEBUG] urllib3.connectionpool: Starting new HTTPS connection (1): cretemechanical.atlassian.net:443
2025-09-19 15:02:35,612 [DEBUG] urllib3.connectionpool: https://cretemechanical.atlassian.net:443 "GET /wiki/api/v2/pages/182353942?expand=version HTTP/1.1" 200 None
2025-09-19 15:02:35,616 [DEBUG] urllib3.connectionpool: Starting new HTTPS connection (1): cretemechanical.atlassian.net:443
2025-09-19 15:02:35,988 [DEBUG] urllib3.connectionpool: https://cretemechanical.atlassian.net:443 "PUT /wiki/api/v2/pages/182353942 HTTP/1.1" 200 None
2025-09-19 15:02:36,234 [INFO] __main__: Object processed: AIInsightValue
2025-09-19 15:02:36,234 [INFO] __main__: Uploading object: AIPredictionEvent
2025-09-19 15:02:36,234 [DEBUG] confluence_uploader: Building Fabric JSON for object AIPredictionEvent
2025-09-19 15:02:36,236 [DEBUG] urllib3.connectionpool: Starting new HTTPS connection (1): cretemechanical.atlassian.net:443
2025-09-19 15:02:36,305 [DEBUG] urllib3.connectionpool: https://cretemechanical.atlassian.net:443 "GET /wiki/api/v2/pages?spaceId=28180482&title=AIPredictionEvent&expand=version HTTP/1.1" 200 None
2025-09-19 15:02:36,307 [DEBUG] urllib3.connectionpool: Starting new HTTPS connection (1): cretemechanical.atlassian.net:443
2025-09-19 15:02:36,387 [DEBUG] urllib3.connectionpool: https://cretemechanical.atlassian.net:443 "GET /wiki/rest/api/content/182157960?expand=body.atlas_doc_format,body.storage,version HTTP/1.1" 200 None
2025-09-19 15:02:36,388 [DEBUG] confluence_client: === RAW PAGE JSON BODY KEYS (v1) ===
2025-09-19 15:02:36,388 [DEBUG] confluence_client: ['storage', 'atlas_doc_format', '_expandable']
2025-09-19 15:02:36,389 [DEBUG] confluence_client: === BEGIN ATLAS DOC FORMAT (first 1000 chars) ===
2025-09-19 15:02:36,389 [DEBUG] confluence_client: {"type":"doc","content":[{"type":"heading","attrs":{"level":1},"content":[{"text":"Object: AIPredictionEvent","type":"text"}]},{"type":"paragraph","content":[{"text":"Label: ","type":"text","marks":[{"type":"strong"}]},{"text":"AI Prediction Event","type":"text"}]},{"type":"paragraph","content":[{"text":"Custom: ","type":"text","marks":[{"type":"strong"}]},{"text":"False","type":"text"}]},{"type":"paragraph","content":[{"text":"KeyPrefix: ","type":"text","marks":[{"type":"strong"}]},{"text":"0ae","type":"text"}]},{"type":"heading","attrs":{"level":2},"content":[{"text":"Fields","type":"text"}]},{"type":"table","attrs":{"layout":"default"},"content":[{"type":"tableRow","content":[{"type":"tableHeader","attrs":{"colspan":1,"rowspan":1},"content":[{"type":"paragraph","content":[{"text":"Label (API Name)","type":"text"}]}]},{"type":"tableHeader","attrs":{"colspan":1,"rowspan":1},"content":[{"type":"paragraph","content":[{"text":"Type","type":"text"}]}]},{"type":"tableHeader","attrs":{"cols
2025-09-19 15:02:36,389 [DEBUG] confluence_client: === END ATLAS DOC FORMAT ===
2025-09-19 15:02:36,389 [INFO] confluence_client: 🔄 Updating Confluence page 'AIPredictionEvent' (ID=182157960)
2025-09-19 15:02:36,390 [DEBUG] urllib3.connectionpool: Starting new HTTPS connection (1): cretemechanical.atlassian.net:443
2025-09-19 15:02:36,475 [DEBUG] urllib3.connectionpool: https://cretemechanical.atlassian.net:443 "GET /wiki/api/v2/pages/182157960?expand=version HTTP/1.1" 200 None
2025-09-19 15:02:36,476 [DEBUG] urllib3.connectionpool: Starting new HTTPS connection (1): cretemechanical.atlassian.net:443
2025-09-19 15:02:36,656 [DEBUG] urllib3.connectionpool: https://cretemechanical.atlassian.net:443 "PUT /wiki/api/v2/pages/182157960 HTTP/1.1" 200 None
2025-09-19 15:02:36,832 [INFO] __main__: Object processed: AIPredictionEvent
