2025-09-22 11:37:55,934 [INFO] __main__: Start
2025-09-22 11:37:55,934 [INFO] __main__: SYNC_MODE=OBJECTS
2025-09-22 11:37:55,935 [INFO] __main__: Starting object upload (parent 177537954)
2025-09-22 11:37:55,935 [DEBUG] sf_object_loader: Running CLI: C:\Program Files\sf\bin\sf.cmd sobject list --json -o Prod
2025-09-22 11:37:58,471 [INFO] sf_object_loader: LIMIT_OBJECTS enabled, restricting to first 10 objects
2025-09-22 11:37:58,471 [INFO] sf_object_loader: Describing object: AC_Corp_Form__ChangeEvent
2025-09-22 11:37:58,471 [DEBUG] sf_object_loader: Running CLI: C:\Program Files\sf\bin\sf.cmd sobject describe -s AC_Corp_Form__ChangeEvent --json -o Prod
2025-09-22 11:37:59,994 [INFO] sf_object_loader: Describing object: AC_Corp_Form__Share
2025-09-22 11:37:59,994 [DEBUG] sf_object_loader: Running CLI: C:\Program Files\sf\bin\sf.cmd sobject describe -s AC_Corp_Form__Share --json -o Prod
2025-09-22 11:38:01,534 [INFO] sf_object_loader: Describing object: AC_Corp_Form__c
2025-09-22 11:38:01,534 [DEBUG] sf_object_loader: Running CLI: C:\Program Files\sf\bin\sf.cmd sobject describe -s AC_Corp_Form__c --json -o Prod
2025-09-22 11:38:03,074 [INFO] sf_object_loader: Describing object: AIApplication
2025-09-22 11:38:03,074 [DEBUG] sf_object_loader: Running CLI: C:\Program Files\sf\bin\sf.cmd sobject describe -s AIApplication --json -o Prod
2025-09-22 11:38:04,635 [INFO] sf_object_loader: Describing object: AIApplicationConfig
2025-09-22 11:38:04,635 [DEBUG] sf_object_loader: Running CLI: C:\Program Files\sf\bin\sf.cmd sobject describe -s AIApplicationConfig --json -o Prod
2025-09-22 11:38:06,182 [INFO] sf_object_loader: Describing object: AIInsightAction
2025-09-22 11:38:06,182 [DEBUG] sf_object_loader: Running CLI: C:\Program Files\sf\bin\sf.cmd sobject describe -s AIInsightAction --json -o Prod
2025-09-22 11:38:07,704 [INFO] sf_object_loader: Describing object: AIInsightFeedback
2025-09-22 11:38:07,705 [DEBUG] sf_object_loader: Running CLI: C:\Program Files\sf\bin\sf.cmd sobject describe -s AIInsightFeedback --json -o Prod
2025-09-22 11:38:09,255 [INFO] sf_object_loader: Describing object: AIInsightReason
2025-09-22 11:38:09,255 [DEBUG] sf_object_loader: Running CLI: C:\Program Files\sf\bin\sf.cmd sobject describe -s AIInsightReason --json -o Prod
2025-09-22 11:38:10,799 [INFO] sf_object_loader: Describing object: AIInsightValue
2025-09-22 11:38:10,799 [DEBUG] sf_object_loader: Running CLI: C:\Program Files\sf\bin\sf.cmd sobject describe -s AIInsightValue --json -o Prod
2025-09-22 11:38:14,438 [INFO] sf_object_loader: Describing object: AIPredictionEvent
2025-09-22 11:38:14,438 [DEBUG] sf_object_loader: Running CLI: C:\Program Files\sf\bin\sf.cmd sobject describe -s AIPredictionEvent --json -o Prod
2025-09-22 11:38:16,032 [INFO] __main__: Uploading object: AC_Corp_Form__ChangeEvent
2025-09-22 11:38:16,032 [DEBUG] confluence_uploader: Building Fabric JSON for object AC_Corp_Form__ChangeEvent
2025-09-22 11:38:16,035 [DEBUG] urllib3.connectionpool: Starting new HTTPS connection (1): cretemechanical.atlassian.net:443
2025-09-22 11:38:16,169 [DEBUG] urllib3.connectionpool: https://cretemechanical.atlassian.net:443 "GET /wiki/api/v2/pages?spaceId=28180482&title=AC_Corp_Form__ChangeEvent&expand=version HTTP/1.1" 200 None
2025-09-22 11:38:16,170 [INFO] confluence_client: 🆕 Creating new Confluence page 'AC_Corp_Form__ChangeEvent' under parent 177537954
2025-09-22 11:38:16,171 [DEBUG] urllib3.connectionpool: Starting new HTTPS connection (1): cretemechanical.atlassian.net:443
2025-09-22 11:38:17,009 [DEBUG] urllib3.connectionpool: https://cretemechanical.atlassian.net:443 "POST /wiki/api/v2/pages HTTP/1.1" 200 None
2025-09-22 11:38:17,342 [INFO] __main__: Object processed: AC_Corp_Form__ChangeEvent
2025-09-22 11:38:17,343 [INFO] __main__: Uploading object: AC_Corp_Form__Share
2025-09-22 11:38:17,343 [DEBUG] confluence_uploader: Building Fabric JSON for object AC_Corp_Form__Share
2025-09-22 11:38:17,344 [DEBUG] urllib3.connectionpool: Starting new HTTPS connection (1): cretemechanical.atlassian.net:443
2025-09-22 11:38:17,418 [DEBUG] urllib3.connectionpool: https://cretemechanical.atlassian.net:443 "GET /wiki/api/v2/pages?spaceId=28180482&title=AC_Corp_Form__Share&expand=version HTTP/1.1" 200 None
2025-09-22 11:38:17,419 [INFO] confluence_client: 🆕 Creating new Confluence page 'AC_Corp_Form__Share' under parent 177537954
2025-09-22 11:38:17,420 [DEBUG] urllib3.connectionpool: Starting new HTTPS connection (1): cretemechanical.atlassian.net:443
2025-09-22 11:38:17,783 [DEBUG] urllib3.connectionpool: https://cretemechanical.atlassian.net:443 "POST /wiki/api/v2/pages HTTP/1.1" 200 None
2025-09-22 11:38:18,010 [INFO] __main__: Object processed: AC_Corp_Form__Share
2025-09-22 11:38:18,010 [INFO] __main__: Uploading object: AC_Corp_Form__c
2025-09-22 11:38:18,011 [DEBUG] confluence_uploader: Building Fabric JSON for object AC_Corp_Form__c
2025-09-22 11:38:18,014 [DEBUG] urllib3.connectionpool: Starting new HTTPS connection (1): cretemechanical.atlassian.net:443
2025-09-22 11:38:18,086 [DEBUG] urllib3.connectionpool: https://cretemechanical.atlassian.net:443 "GET /wiki/api/v2/pages?spaceId=28180482&title=AC_Corp_Form__c&expand=version HTTP/1.1" 200 None
2025-09-22 11:38:18,086 [INFO] confluence_client: 🆕 Creating new Confluence page 'AC_Corp_Form__c' under parent 177537954
2025-09-22 11:38:18,088 [DEBUG] urllib3.connectionpool: Starting new HTTPS connection (1): cretemechanical.atlassian.net:443
2025-09-22 11:38:18,789 [DEBUG] urllib3.connectionpool: https://cretemechanical.atlassian.net:443 "POST /wiki/api/v2/pages HTTP/1.1" 200 None
2025-09-22 11:38:19,142 [INFO] __main__: Object processed: AC_Corp_Form__c
2025-09-22 11:38:19,143 [INFO] __main__: Uploading object: AIApplication
2025-09-22 11:38:19,143 [DEBUG] confluence_uploader: Building Fabric JSON for object AIApplication
2025-09-22 11:38:19,145 [DEBUG] urllib3.connectionpool: Starting new HTTPS connection (1): cretemechanical.atlassian.net:443
2025-09-22 11:38:19,212 [DEBUG] urllib3.connectionpool: https://cretemechanical.atlassian.net:443 "GET /wiki/api/v2/pages?spaceId=28180482&title=AIApplication&expand=version HTTP/1.1" 200 None
2025-09-22 11:38:19,212 [INFO] confluence_client: 🆕 Creating new Confluence page 'AIApplication' under parent 177537954
2025-09-22 11:38:19,214 [DEBUG] urllib3.connectionpool: Starting new HTTPS connection (1): cretemechanical.atlassian.net:443
2025-09-22 11:38:19,590 [DEBUG] urllib3.connectionpool: https://cretemechanical.atlassian.net:443 "POST /wiki/api/v2/pages HTTP/1.1" 200 None
2025-09-22 11:38:20,002 [INFO] __main__: Object processed: AIApplication
2025-09-22 11:38:20,002 [INFO] __main__: Uploading object: AIApplicationConfig
2025-09-22 11:38:20,002 [DEBUG] confluence_uploader: Building Fabric JSON for object AIApplicationConfig
2025-09-22 11:38:20,005 [DEBUG] urllib3.connectionpool: Starting new HTTPS connection (1): cretemechanical.atlassian.net:443
2025-09-22 11:38:20,055 [DEBUG] urllib3.connectionpool: https://cretemechanical.atlassian.net:443 "GET /wiki/api/v2/pages?spaceId=28180482&title=AIApplicationConfig&expand=version HTTP/1.1" 200 None
2025-09-22 11:38:20,059 [INFO] confluence_client: 🆕 Creating new Confluence page 'AIApplicationConfig' under parent 177537954
2025-09-22 11:38:20,068 [DEBUG] urllib3.connectionpool: Starting new HTTPS connection (1): cretemechanical.atlassian.net:443
2025-09-22 11:38:20,597 [DEBUG] urllib3.connectionpool: https://cretemechanical.atlassian.net:443 "POST /wiki/api/v2/pages HTTP/1.1" 200 None
2025-09-22 11:38:20,952 [INFO] __main__: Object processed: AIApplicationConfig
2025-09-22 11:38:20,952 [INFO] __main__: Uploading object: AIInsightAction
2025-09-22 11:38:20,952 [DEBUG] confluence_uploader: Building Fabric JSON for object AIInsightAction
2025-09-22 11:38:20,955 [DEBUG] urllib3.connectionpool: Starting new HTTPS connection (1): cretemechanical.atlassian.net:443
2025-09-22 11:38:21,041 [DEBUG] urllib3.connectionpool: https://cretemechanical.atlassian.net:443 "GET /wiki/api/v2/pages?spaceId=28180482&title=AIInsightAction&expand=version HTTP/1.1" 200 None
2025-09-22 11:38:21,042 [INFO] confluence_client: 🆕 Creating new Confluence page 'AIInsightAction' under parent 177537954
2025-09-22 11:38:21,043 [DEBUG] urllib3.connectionpool: Starting new HTTPS connection (1): cretemechanical.atlassian.net:443
2025-09-22 11:38:21,430 [DEBUG] urllib3.connectionpool: https://cretemechanical.atlassian.net:443 "POST /wiki/api/v2/pages HTTP/1.1" 200 None
2025-09-22 11:38:21,646 [INFO] __main__: Object processed: AIInsightAction
2025-09-22 11:38:21,647 [INFO] __main__: Uploading object: AIInsightFeedback
2025-09-22 11:38:21,647 [DEBUG] confluence_uploader: Building Fabric JSON for object AIInsightFeedback
2025-09-22 11:38:21,649 [DEBUG] urllib3.connectionpool: Starting new HTTPS connection (1): cretemechanical.atlassian.net:443
2025-09-22 11:38:21,723 [DEBUG] urllib3.connectionpool: https://cretemechanical.atlassian.net:443 "GET /wiki/api/v2/pages?spaceId=28180482&title=AIInsightFeedback&expand=version HTTP/1.1" 200 None
2025-09-22 11:38:21,724 [INFO] confluence_client: 🆕 Creating new Confluence page 'AIInsightFeedback' under parent 177537954
2025-09-22 11:38:21,725 [DEBUG] urllib3.connectionpool: Starting new HTTPS connection (1): cretemechanical.atlassian.net:443
2025-09-22 11:38:22,106 [DEBUG] urllib3.connectionpool: https://cretemechanical.atlassian.net:443 "POST /wiki/api/v2/pages HTTP/1.1" 200 None
2025-09-22 11:38:22,450 [INFO] __main__: Object processed: AIInsightFeedback
2025-09-22 11:38:22,451 [INFO] __main__: Uploading object: AIInsightReason
2025-09-22 11:38:22,451 [DEBUG] confluence_uploader: Building Fabric JSON for object AIInsightReason
2025-09-22 11:38:22,453 [DEBUG] urllib3.connectionpool: Starting new HTTPS connection (1): cretemechanical.atlassian.net:443
2025-09-22 11:38:22,523 [DEBUG] urllib3.connectionpool: https://cretemechanical.atlassian.net:443 "GET /wiki/api/v2/pages?spaceId=28180482&title=AIInsightReason&expand=version HTTP/1.1" 200 None
2025-09-22 11:38:22,524 [INFO] confluence_client: 🆕 Creating new Confluence page 'AIInsightReason' under parent 177537954
2025-09-22 11:38:22,525 [DEBUG] urllib3.connectionpool: Starting new HTTPS connection (1): cretemechanical.atlassian.net:443
2025-09-22 11:38:22,908 [DEBUG] urllib3.connectionpool: https://cretemechanical.atlassian.net:443 "POST /wiki/api/v2/pages HTTP/1.1" 200 None
2025-09-22 11:38:23,309 [INFO] __main__: Object processed: AIInsightReason
2025-09-22 11:38:23,310 [INFO] __main__: Uploading object: AIInsightValue
2025-09-22 11:38:23,310 [DEBUG] confluence_uploader: Building Fabric JSON for object AIInsightValue
2025-09-22 11:38:23,314 [DEBUG] urllib3.connectionpool: Starting new HTTPS connection (1): cretemechanical.atlassian.net:443
2025-09-22 11:38:23,389 [DEBUG] urllib3.connectionpool: https://cretemechanical.atlassian.net:443 "GET /wiki/api/v2/pages?spaceId=28180482&title=AIInsightValue&expand=version HTTP/1.1" 200 None
2025-09-22 11:38:23,390 [INFO] confluence_client: 🆕 Creating new Confluence page 'AIInsightValue' under parent 177537954
2025-09-22 11:38:23,393 [DEBUG] urllib3.connectionpool: Starting new HTTPS connection (1): cretemechanical.atlassian.net:443
2025-09-22 11:38:23,962 [DEBUG] urllib3.connectionpool: https://cretemechanical.atlassian.net:443 "POST /wiki/api/v2/pages HTTP/1.1" 200 None
2025-09-22 11:38:24,176 [INFO] __main__: Object processed: AIInsightValue
2025-09-22 11:38:24,176 [INFO] __main__: Uploading object: AIPredictionEvent
2025-09-22 11:38:24,176 [DEBUG] confluence_uploader: Building Fabric JSON for object AIPredictionEvent
2025-09-22 11:38:24,178 [DEBUG] urllib3.connectionpool: Starting new HTTPS connection (1): cretemechanical.atlassian.net:443
2025-09-22 11:38:24,225 [DEBUG] urllib3.connectionpool: https://cretemechanical.atlassian.net:443 "GET /wiki/api/v2/pages?spaceId=28180482&title=AIPredictionEvent&expand=version HTTP/1.1" 200 None
2025-09-22 11:38:24,226 [INFO] confluence_client: 🆕 Creating new Confluence page 'AIPredictionEvent' under parent 177537954
2025-09-22 11:38:24,227 [DEBUG] urllib3.connectionpool: Starting new HTTPS connection (1): cretemechanical.atlassian.net:443
2025-09-22 11:38:24,610 [DEBUG] urllib3.connectionpool: https://cretemechanical.atlassian.net:443 "POST /wiki/api/v2/pages HTTP/1.1" 200 None
2025-09-22 11:38:24,827 [INFO] __main__: Object processed: AIPredictionEvent
