2025-09-22 12:28:37,974 [INFO] __main__: Start
2025-09-22 12:28:37,976 [INFO] __main__: SYNC_MODE=OBJECTS
2025-09-22 12:28:37,976 [INFO] __main__: Starting object upload (parent 177537954)
2025-09-22 12:28:37,976 [DEBUG] sf_object_loader: Running CLI: C:\Program Files\sf\bin\sf.cmd sobject list --json -o Prod
2025-09-22 12:28:40,558 [INFO] sf_object_loader: LIMIT_OBJECTS enabled, restricting to first 3 objects
2025-09-22 12:28:40,559 [INFO] sf_object_loader: Describing object: AC_Corp_Form__ChangeEvent
2025-09-22 12:28:40,560 [DEBUG] sf_object_loader: Running CLI: C:\Program Files\sf\bin\sf.cmd sobject describe -s AC_Corp_Form__ChangeEvent --json -o Prod
2025-09-22 12:28:42,148 [INFO] sf_object_loader: Describing object: AC_Corp_Form__Share
2025-09-22 12:28:42,149 [DEBUG] sf_object_loader: Running CLI: C:\Program Files\sf\bin\sf.cmd sobject describe -s AC_Corp_Form__Share --json -o Prod
2025-09-22 12:28:43,793 [INFO] sf_object_loader: Describing object: AC_Corp_Form__c
2025-09-22 12:28:43,793 [DEBUG] sf_object_loader: Running CLI: C:\Program Files\sf\bin\sf.cmd sobject describe -s AC_Corp_Form__c --json -o Prod
2025-09-22 12:28:46,433 [INFO] __main__: Uploading object: AC_Corp_Form__ChangeEvent
2025-09-22 12:28:46,434 [DEBUG] urllib3.connectionpool: Starting new HTTPS connection (1): cretemechanical.atlassian.net:443
2025-09-22 12:28:46,529 [DEBUG] urllib3.connectionpool: https://cretemechanical.atlassian.net:443 "GET /wiki/api/v2/pages?spaceId=28180482&title=AC_Corp_Form__ChangeEvent&expand=version HTTP/1.1" 200 None
2025-09-22 12:28:46,530 [DEBUG] confluence_uploader: Building Fabric JSON for object AC_Corp_Form__ChangeEvent
2025-09-22 12:28:46,532 [DEBUG] urllib3.connectionpool: Starting new HTTPS connection (1): cretemechanical.atlassian.net:443
2025-09-22 12:28:46,666 [DEBUG] urllib3.connectionpool: https://cretemechanical.atlassian.net:443 "GET /wiki/api/v2/pages?spaceId=28180482&title=AC_Corp_Form__ChangeEvent&expand=version HTTP/1.1" 200 None
2025-09-22 12:28:46,667 [INFO] confluence_client: 🆕 Creating new Confluence page 'AC_Corp_Form__ChangeEvent' under parent 177537954
2025-09-22 12:28:46,668 [DEBUG] urllib3.connectionpool: Starting new HTTPS connection (1): cretemechanical.atlassian.net:443
2025-09-22 12:28:47,087 [DEBUG] urllib3.connectionpool: https://cretemechanical.atlassian.net:443 "POST /wiki/api/v2/pages HTTP/1.1" 200 None
2025-09-22 12:28:47,446 [INFO] __main__: Object processed: AC_Corp_Form__ChangeEvent
2025-09-22 12:28:47,446 [INFO] __main__: Uploading object: AC_Corp_Form__Share
2025-09-22 12:28:47,447 [DEBUG] urllib3.connectionpool: Starting new HTTPS connection (1): cretemechanical.atlassian.net:443
2025-09-22 12:28:47,532 [DEBUG] urllib3.connectionpool: https://cretemechanical.atlassian.net:443 "GET /wiki/api/v2/pages?spaceId=28180482&title=AC_Corp_Form__Share&expand=version HTTP/1.1" 200 None
2025-09-22 12:28:47,533 [DEBUG] confluence_uploader: Building Fabric JSON for object AC_Corp_Form__Share
2025-09-22 12:28:47,534 [DEBUG] urllib3.connectionpool: Starting new HTTPS connection (1): cretemechanical.atlassian.net:443
2025-09-22 12:28:47,611 [DEBUG] urllib3.connectionpool: https://cretemechanical.atlassian.net:443 "GET /wiki/api/v2/pages?spaceId=28180482&title=AC_Corp_Form__Share&expand=version HTTP/1.1" 200 None
2025-09-22 12:28:47,611 [INFO] confluence_client: 🆕 Creating new Confluence page 'AC_Corp_Form__Share' under parent 177537954
2025-09-22 12:28:47,612 [DEBUG] urllib3.connectionpool: Starting new HTTPS connection (1): cretemechanical.atlassian.net:443
2025-09-22 12:28:48,247 [DEBUG] urllib3.connectionpool: https://cretemechanical.atlassian.net:443 "POST /wiki/api/v2/pages HTTP/1.1" 200 None
2025-09-22 12:28:48,600 [INFO] __main__: Object processed: AC_Corp_Form__Share
2025-09-22 12:28:48,601 [INFO] __main__: Uploading object: AC_Corp_Form__c
2025-09-22 12:28:48,602 [DEBUG] urllib3.connectionpool: Starting new HTTPS connection (1): cretemechanical.atlassian.net:443
2025-09-22 12:28:48,663 [DEBUG] urllib3.connectionpool: https://cretemechanical.atlassian.net:443 "GET /wiki/api/v2/pages?spaceId=28180482&title=AC_Corp_Form__c&expand=version HTTP/1.1" 200 None
2025-09-22 12:28:48,663 [DEBUG] confluence_uploader: Building Fabric JSON for object AC_Corp_Form__c
2025-09-22 12:28:48,667 [DEBUG] urllib3.connectionpool: Starting new HTTPS connection (1): cretemechanical.atlassian.net:443
2025-09-22 12:28:48,722 [DEBUG] urllib3.connectionpool: https://cretemechanical.atlassian.net:443 "GET /wiki/api/v2/pages?spaceId=28180482&title=AC_Corp_Form__c&expand=version HTTP/1.1" 200 None
2025-09-22 12:28:48,724 [INFO] confluence_client: 🆕 Creating new Confluence page 'AC_Corp_Form__c' under parent 177537954
2025-09-22 12:28:48,726 [DEBUG] urllib3.connectionpool: Starting new HTTPS connection (1): cretemechanical.atlassian.net:443
2025-09-22 12:28:49,895 [DEBUG] urllib3.connectionpool: https://cretemechanical.atlassian.net:443 "POST /wiki/api/v2/pages HTTP/1.1" 200 None
2025-09-22 12:28:50,115 [INFO] __main__: Object processed: AC_Corp_Form__c
