2025-09-19 13:39:06,419 [INFO] __main__: Logging to C:\Users\vm-bpa\OneDrive - Crete Mechanical\Code\UploadFlowDocumentation\logs\uploadflows_20250919_133906.log
2025-09-19 13:39:06,419 [INFO] __main__: Using Confluence Base URL: https://cretemechanical.atlassian.net
2025-09-19 13:39:06,421 [DEBUG] sf_loader: Created temp DX project at C:\Users\vm-bpa\AppData\Local\Temp\2\sfproj_4beyb8me
2025-09-19 13:39:06,421 [DEBUG] sf_loader: Running CLI: C:\Program Files\sf\bin\sf.cmd project generate -n tempProj
2025-09-19 13:39:07,987 [DEBUG] sf_loader: Generated temporary project at C:\Users\vm-bpa\AppData\Local\Temp\2\sfproj_4beyb8me\tempProj
2025-09-19 13:39:07,988 [DEBUG] sf_loader: Running CLI: C:\Program Files\sf\bin\sf.cmd project retrieve start -m Flow --json -o Prod
2025-09-19 13:39:55,696 [DEBUG] sf_loader: CLI retrieve result: {
  "status": 0,
  "result": {
    "done": true,
    "fileProperties": [
      {
        "createdById": "005Uw000006LQX7IAO",
        "createdByName": "Ambrose Alward",
        "createdDate": "2025-06-18T13:44:47.000Z",
        "fileName": "unpackaged/flows/Opportunity_General_RTF.flow",
        "fullName": "Opportunity_General_RTF",
        "id": "301Uw00000RrJ9rIAF",
        "lastModifiedById": "005Uw000006LQX7IAO",
        "lastModifiedByName": "Ambrose Alward",
        "lastModifiedDate": "2
2025-09-19 13:39:55,698 [DEBUG] sf_loader: Retrieved file: C:\Users\vm-bpa\AppData\Local\Temp\2\sfproj_4beyb8me\tempProj\force-app\main\default\flows\Accounts_Find_Duplicates_Notify_April_Mike.flow-meta.xml
2025-09-19 13:39:55,698 [DEBUG] sf_loader: Retrieved file: C:\Users\vm-bpa\AppData\Local\Temp\2\sfproj_4beyb8me\tempProj\force-app\main\default\flows\Account_Admin_Rename_to_Add_Street_City_State.flow-meta.xml
2025-09-19 13:39:55,699 [DEBUG] sf_loader: Retrieved file: C:\Users\vm-bpa\AppData\Local\Temp\2\sfproj_4beyb8me\tempProj\force-app\main\default\flows\Account_Default_Fields.flow-meta.xml
2025-09-19 13:39:55,700 [DEBUG] sf_loader: Retrieved file: C:\Users\vm-bpa\AppData\Local\Temp\2\sfproj_4beyb8me\tempProj\force-app\main\default\flows\Account_One_Time_ST_to_Create_Partner_Company_Records.flow-meta.xml
2025-09-19 13:39:55,700 [DEBUG] sf_loader: Retrieved file: C:\Users\vm-bpa\AppData\Local\Temp\2\sfproj_4beyb8me\tempProj\force-app\main\default\flows\Account_Populate_Child_Fields_From_Parent_Account.flow-meta.xml
2025-09-19 13:39:55,701 [DEBUG] sf_loader: Retrieved file: C:\Users\vm-bpa\AppData\Local\Temp\2\sfproj_4beyb8me\tempProj\force-app\main\default\flows\Account_Store_Details_in_Chatter_on_Delete.flow-meta.xml
2025-09-19 13:39:55,701 [DEBUG] sf_loader: Retrieved file: C:\Users\vm-bpa\AppData\Local\Temp\2\sfproj_4beyb8me\tempProj\force-app\main\default\flows\Activity_Call_Last_Call.flow-meta.xml
2025-09-19 13:39:55,702 [DEBUG] sf_loader: Retrieved file: C:\Users\vm-bpa\AppData\Local\Temp\2\sfproj_4beyb8me\tempProj\force-app\main\default\flows\Audit_Request_RTF_On_Create.flow-meta.xml
2025-09-19 13:39:55,702 [DEBUG] sf_loader: Retrieved file: C:\Users\vm-bpa\AppData\Local\Temp\2\sfproj_4beyb8me\tempProj\force-app\main\default\flows\Bids_Status_Approved_Close_Win_Associated_Opportunity.flow-meta.xml
2025-09-19 13:39:55,703 [DEBUG] sf_loader: Retrieved file: C:\Users\vm-bpa\AppData\Local\Temp\2\sfproj_4beyb8me\tempProj\force-app\main\default\flows\Campaign_RDT_On_Create.flow-meta.xml
2025-09-19 13:39:55,703 [DEBUG] sf_loader: Retrieved file: C:\Users\vm-bpa\AppData\Local\Temp\2\sfproj_4beyb8me\tempProj\force-app\main\default\flows\Child_Opportunity_Instant_Cross_sell_Email.flow-meta.xml
2025-09-19 13:39:55,703 [DEBUG] sf_loader: Retrieved file: C:\Users\vm-bpa\AppData\Local\Temp\2\sfproj_4beyb8me\tempProj\force-app\main\default\flows\Close_all_Darin_records.flow-meta.xml
2025-09-19 13:39:55,704 [DEBUG] sf_loader: Retrieved file: C:\Users\vm-bpa\AppData\Local\Temp\2\sfproj_4beyb8me\tempProj\force-app\main\default\flows\Company_Add_Partner_s_Company_Code_as_Spectrum_Company_Code.flow-meta.xml
2025-09-19 13:39:55,704 [DEBUG] sf_loader: Retrieved file: C:\Users\vm-bpa\AppData\Local\Temp\2\sfproj_4beyb8me\tempProj\force-app\main\default\flows\Company_Duplicates.flow-meta.xml
2025-09-19 13:39:55,705 [DEBUG] sf_loader: Retrieved file: C:\Users\vm-bpa\AppData\Local\Temp\2\sfproj_4beyb8me\tempProj\force-app\main\default\flows\Company_One_Time_ST_Add_Company_Code_from_Partner.flow-meta.xml
2025-09-19 13:39:55,705 [DEBUG] sf_loader: Retrieved file: C:\Users\vm-bpa\AppData\Local\Temp\2\sfproj_4beyb8me\tempProj\force-app\main\default\flows\Company_Set_Company_Logo_File_URL.flow-meta.xml
2025-09-19 13:39:55,706 [DEBUG] sf_loader: Retrieved file: C:\Users\vm-bpa\AppData\Local\Temp\2\sfproj_4beyb8me\tempProj\force-app\main\default\flows\Company_Set_Partner_Sharing_Name.flow-meta.xml
2025-09-19 13:39:55,706 [DEBUG] sf_loader: Retrieved file: C:\Users\vm-bpa\AppData\Local\Temp\2\sfproj_4beyb8me\tempProj\force-app\main\default\flows\Company_Tag_Date_When_Prostar_Owns_Account.flow-meta.xml
2025-09-19 13:39:55,707 [DEBUG] sf_loader: Retrieved file: C:\Users\vm-bpa\AppData\Local\Temp\2\sfproj_4beyb8me\tempProj\force-app\main\default\flows\ConnectAccountTrigger.flow-meta.xml
2025-09-19 13:39:55,707 [DEBUG] sf_loader: Retrieved file: C:\Users\vm-bpa\AppData\Local\Temp\2\sfproj_4beyb8me\tempProj\force-app\main\default\flows\Contact_Invite_Send_RSVP_Response_Update.flow-meta.xml
2025-09-19 13:39:55,708 [DEBUG] sf_loader: Retrieved file: C:\Users\vm-bpa\AppData\Local\Temp\2\sfproj_4beyb8me\tempProj\force-app\main\default\flows\Contact_Invite_Ticket_Amount_Changed.flow-meta.xml
2025-09-19 13:39:55,708 [DEBUG] sf_loader: Retrieved file: C:\Users\vm-bpa\AppData\Local\Temp\2\sfproj_4beyb8me\tempProj\force-app\main\default\flows\EmailMessage_Count_Email_on_Lead.flow-meta.xml
2025-09-19 13:39:55,708 [DEBUG] sf_loader: Retrieved file: C:\Users\vm-bpa\AppData\Local\Temp\2\sfproj_4beyb8me\tempProj\force-app\main\default\flows\EmailMessage_RTF.flow-meta.xml
2025-09-19 13:39:55,709 [DEBUG] sf_loader: Retrieved file: C:\Users\vm-bpa\AppData\Local\Temp\2\sfproj_4beyb8me\tempProj\force-app\main\default\flows\Email_Message_RTF_Create_General.flow-meta.xml
2025-09-19 13:39:55,709 [DEBUG] sf_loader: Retrieved file: C:\Users\vm-bpa\AppData\Local\Temp\2\sfproj_4beyb8me\tempProj\force-app\main\default\flows\Email_Message_Send_To_PMT_Task.flow-meta.xml
2025-09-19 13:39:55,710 [DEBUG] sf_loader: Retrieved file: C:\Users\vm-bpa\AppData\Local\Temp\2\sfproj_4beyb8me\tempProj\force-app\main\default\flows\Event_RTF_Partner_Update.flow-meta.xml
2025-09-19 13:39:55,710 [DEBUG] sf_loader: Retrieved file: C:\Users\vm-bpa\AppData\Local\Temp\2\sfproj_4beyb8me\tempProj\force-app\main\default\flows\Goal_Opportunities_ST_Repopulate_Junction_Object_for_Roll_Ups.flow-meta.xml
2025-09-19 13:39:55,711 [DEBUG] sf_loader: Retrieved file: C:\Users\vm-bpa\AppData\Local\Temp\2\sfproj_4beyb8me\tempProj\force-app\main\default\flows\Goal_Opportunities_ST_Repopulate_Monthly_Goals_for_Partner_Companies.flow-meta.xml
2025-09-19 13:39:55,711 [DEBUG] sf_loader: Retrieved file: C:\Users\vm-bpa\AppData\Local\Temp\2\sfproj_4beyb8me\tempProj\force-app\main\default\flows\Goal_Opportunities_Subflow_ST_Repopulate_Junction_Object_for_Roll_Ups.flow-meta.xml
2025-09-19 13:39:55,712 [DEBUG] sf_loader: Retrieved file: C:\Users\vm-bpa\AppData\Local\Temp\2\sfproj_4beyb8me\tempProj\force-app\main\default\flows\Hospitality_Management_Approve_All_Invites.flow-meta.xml
2025-09-19 13:39:55,712 [DEBUG] sf_loader: Retrieved file: C:\Users\vm-bpa\AppData\Local\Temp\2\sfproj_4beyb8me\tempProj\force-app\main\default\flows\Hospitality_Request_Gift_Sent_Notification.flow-meta.xml
2025-09-19 13:39:55,713 [DEBUG] sf_loader: Retrieved file: C:\Users\vm-bpa\AppData\Local\Temp\2\sfproj_4beyb8me\tempProj\force-app\main\default\flows\Hospitality_Request_Hospitality_Request_Process.flow-meta.xml
2025-09-19 13:39:55,714 [DEBUG] sf_loader: Retrieved file: C:\Users\vm-bpa\AppData\Local\Temp\2\sfproj_4beyb8me\tempProj\force-app\main\default\flows\Hospitality_Request_Send_Approvers_Email.flow-meta.xml
2025-09-19 13:39:55,714 [DEBUG] sf_loader: Retrieved file: C:\Users\vm-bpa\AppData\Local\Temp\2\sfproj_4beyb8me\tempProj\force-app\main\default\flows\Hospitality_Request_Send_Email_On_Reject.flow-meta.xml
2025-09-19 13:39:55,715 [DEBUG] sf_loader: Retrieved file: C:\Users\vm-bpa\AppData\Local\Temp\2\sfproj_4beyb8me\tempProj\force-app\main\default\flows\Hospitality_Request_Send_Notice_of_Approval.flow-meta.xml
2025-09-19 13:39:55,715 [DEBUG] sf_loader: Retrieved file: C:\Users\vm-bpa\AppData\Local\Temp\2\sfproj_4beyb8me\tempProj\force-app\main\default\flows\Hospitality_Request_Send_Requestor_Email_on_Approved_Rejected.flow-meta.xml
2025-09-19 13:39:55,716 [DEBUG] sf_loader: Retrieved file: C:\Users\vm-bpa\AppData\Local\Temp\2\sfproj_4beyb8me\tempProj\force-app\main\default\flows\Hospitality_Request_Update_Gift_Stage_when_Approved_Picklist_Selected.flow-meta.xml
2025-09-19 13:39:55,716 [DEBUG] sf_loader: Retrieved file: C:\Users\vm-bpa\AppData\Local\Temp\2\sfproj_4beyb8me\tempProj\force-app\main\default\flows\Hospitality_Request_Update_RSVP_Stage_from_Roll_Ups.flow-meta.xml
2025-09-19 13:39:55,716 [DEBUG] sf_loader: Retrieved file: C:\Users\vm-bpa\AppData\Local\Temp\2\sfproj_4beyb8me\tempProj\force-app\main\default\flows\Hospitality_Request_Update_Stage_When_All_Contacts_are_Approved_Rejected.flow-meta.xml
2025-09-19 13:39:55,717 [DEBUG] sf_loader: Retrieved file: C:\Users\vm-bpa\AppData\Local\Temp\2\sfproj_4beyb8me\tempProj\force-app\main\default\flows\Job_Site_Set_Opp_Job_Site_name.flow-meta.xml
2025-09-19 13:39:55,717 [DEBUG] sf_loader: Retrieved file: C:\Users\vm-bpa\AppData\Local\Temp\2\sfproj_4beyb8me\tempProj\force-app\main\default\flows\Lead_Call_Count.flow-meta.xml
2025-09-19 13:39:55,718 [DEBUG] sf_loader: Retrieved file: C:\Users\vm-bpa\AppData\Local\Temp\2\sfproj_4beyb8me\tempProj\force-app\main\default\flows\Lead_Change_Zoominfo_Owner_back_to_Zoominfo_User.flow-meta.xml
2025-09-19 13:39:55,718 [DEBUG] sf_loader: Retrieved file: C:\Users\vm-bpa\AppData\Local\Temp\2\sfproj_4beyb8me\tempProj\force-app\main\default\flows\Lead_Copy_Existing_Client_as_Company_Name.flow-meta.xml
2025-09-19 13:39:55,719 [DEBUG] sf_loader: Retrieved file: C:\Users\vm-bpa\AppData\Local\Temp\2\sfproj_4beyb8me\tempProj\force-app\main\default\flows\lead_Count_Emails.flow-meta.xml
2025-09-19 13:39:55,719 [DEBUG] sf_loader: Retrieved file: C:\Users\vm-bpa\AppData\Local\Temp\2\sfproj_4beyb8me\tempProj\force-app\main\default\flows\Lead_Count_Events.flow-meta.xml
2025-09-19 13:39:55,719 [DEBUG] sf_loader: Retrieved file: C:\Users\vm-bpa\AppData\Local\Temp\2\sfproj_4beyb8me\tempProj\force-app\main\default\flows\Lead_Count_Tasks.flow-meta.xml
2025-09-19 13:39:55,720 [DEBUG] sf_loader: Retrieved file: C:\Users\vm-bpa\AppData\Local\Temp\2\sfproj_4beyb8me\tempProj\force-app\main\default\flows\Lead_Create_Task_when_Follow_Up_Date_Happens.flow-meta.xml
2025-09-19 13:39:55,720 [DEBUG] sf_loader: Retrieved file: C:\Users\vm-bpa\AppData\Local\Temp\2\sfproj_4beyb8me\tempProj\force-app\main\default\flows\Lead_Create_Update_Owner_Defaults2.flow-meta.xml
2025-09-19 13:39:55,721 [DEBUG] sf_loader: Retrieved file: C:\Users\vm-bpa\AppData\Local\Temp\2\sfproj_4beyb8me\tempProj\force-app\main\default\flows\Lead_Email_when_Owner_is_Changed.flow-meta.xml
2025-09-19 13:39:55,722 [DEBUG] sf_loader: Retrieved file: C:\Users\vm-bpa\AppData\Local\Temp\2\sfproj_4beyb8me\tempProj\force-app\main\default\flows\Lead_Link_Partner_Name_for_Web_to_Lead.flow-meta.xml
2025-09-19 13:39:55,722 [DEBUG] sf_loader: Retrieved file: C:\Users\vm-bpa\AppData\Local\Temp\2\sfproj_4beyb8me\tempProj\force-app\main\default\flows\Lead_Not_Contacted_Within_48_Hours_Alert.flow-meta.xml
2025-09-19 13:39:55,723 [DEBUG] sf_loader: Retrieved file: C:\Users\vm-bpa\AppData\Local\Temp\2\sfproj_4beyb8me\tempProj\force-app\main\default\flows\Lead_No_Activity_for_X_Days_Notification.flow-meta.xml
2025-09-19 13:39:55,723 [DEBUG] sf_loader: Retrieved file: C:\Users\vm-bpa\AppData\Local\Temp\2\sfproj_4beyb8me\tempProj\force-app\main\default\flows\Lead_Owner_Changed_Notification.flow-meta.xml
2025-09-19 13:39:55,724 [DEBUG] sf_loader: Retrieved file: C:\Users\vm-bpa\AppData\Local\Temp\2\sfproj_4beyb8me\tempProj\force-app\main\default\flows\Lead_RTF_Campaign.flow-meta.xml
2025-09-19 13:39:55,724 [DEBUG] sf_loader: Retrieved file: C:\Users\vm-bpa\AppData\Local\Temp\2\sfproj_4beyb8me\tempProj\force-app\main\default\flows\Lead_RTF_Create_Blue_Works.flow-meta.xml
2025-09-19 13:39:55,725 [DEBUG] sf_loader: Retrieved file: C:\Users\vm-bpa\AppData\Local\Temp\2\sfproj_4beyb8me\tempProj\force-app\main\default\flows\Lead_RTF_Create_Only_General.flow-meta.xml
2025-09-19 13:39:55,725 [DEBUG] sf_loader: Retrieved file: C:\Users\vm-bpa\AppData\Local\Temp\2\sfproj_4beyb8me\tempProj\force-app\main\default\flows\Lead_Store_Details_in_Chatter_on_Delete.flow-meta.xml
2025-09-19 13:39:55,727 [DEBUG] sf_loader: Retrieved file: C:\Users\vm-bpa\AppData\Local\Temp\2\sfproj_4beyb8me\tempProj\force-app\main\default\flows\Lead_Testing.flow-meta.xml
2025-09-19 13:39:55,736 [DEBUG] sf_loader: Retrieved file: C:\Users\vm-bpa\AppData\Local\Temp\2\sfproj_4beyb8me\tempProj\force-app\main\default\flows\Lead_Update_Lead_Type_when_Existing_Company_Added.flow-meta.xml
2025-09-19 13:39:55,740 [DEBUG] sf_loader: Retrieved file: C:\Users\vm-bpa\AppData\Local\Temp\2\sfproj_4beyb8me\tempProj\force-app\main\default\flows\Marking_Old_records_Closed_Lost.flow-meta.xml
2025-09-19 13:39:55,741 [DEBUG] sf_loader: Retrieved file: C:\Users\vm-bpa\AppData\Local\Temp\2\sfproj_4beyb8me\tempProj\force-app\main\default\flows\National_Estimating_RFP_RTF.flow-meta.xml
2025-09-19 13:39:55,743 [DEBUG] sf_loader: Retrieved file: C:\Users\vm-bpa\AppData\Local\Temp\2\sfproj_4beyb8me\tempProj\force-app\main\default\flows\National_Estimating_RFP_RTF_On_Create_Change.flow-meta.xml
2025-09-19 13:39:55,743 [DEBUG] sf_loader: Retrieved file: C:\Users\vm-bpa\AppData\Local\Temp\2\sfproj_4beyb8me\tempProj\force-app\main\default\flows\Opportunity_2M_or_Higher_Email_Alert.flow-meta.xml
2025-09-19 13:39:55,744 [DEBUG] sf_loader: Retrieved file: C:\Users\vm-bpa\AppData\Local\Temp\2\sfproj_4beyb8me\tempProj\force-app\main\default\flows\Opportunity_Accept_or_Reject_Opportunity_Cross_Sell_Request_screen_flow.flow-meta.xml
2025-09-19 13:39:55,745 [DEBUG] sf_loader: Retrieved file: C:\Users\vm-bpa\AppData\Local\Temp\2\sfproj_4beyb8me\tempProj\force-app\main\default\flows\Opportunity_AC_Corp_Set_Project_Size.flow-meta.xml
2025-09-19 13:39:55,745 [DEBUG] sf_loader: Retrieved file: C:\Users\vm-bpa\AppData\Local\Temp\2\sfproj_4beyb8me\tempProj\force-app\main\default\flows\Opportunity_Add_Parent_to_Child_Opportunity_Partner_Sharing_on_Create.flow-meta.xml
2025-09-19 13:39:55,746 [DEBUG] sf_loader: Retrieved file: C:\Users\vm-bpa\AppData\Local\Temp\2\sfproj_4beyb8me\tempProj\force-app\main\default\flows\Opportunity_Add_Partner_s_Internal_Estimator_to_Opp.flow-meta.xml
2025-09-19 13:39:55,746 [DEBUG] sf_loader: Retrieved file: C:\Users\vm-bpa\AppData\Local\Temp\2\sfproj_4beyb8me\tempProj\force-app\main\default\flows\Opportunity_Add_Principal_to_Opportunity_Team.flow-meta.xml
2025-09-19 13:39:55,747 [DEBUG] sf_loader: Retrieved file: C:\Users\vm-bpa\AppData\Local\Temp\2\sfproj_4beyb8me\tempProj\force-app\main\default\flows\Opportunity_Adjust_Amount_to_Estimator_s_Amount.flow-meta.xml
2025-09-19 13:39:55,747 [DEBUG] sf_loader: Retrieved file: C:\Users\vm-bpa\AppData\Local\Temp\2\sfproj_4beyb8me\tempProj\force-app\main\default\flows\Opportunity_Auto_Close_Stagnant_Opportunities.flow-meta.xml
2025-09-19 13:39:55,748 [DEBUG] sf_loader: Retrieved file: C:\Users\vm-bpa\AppData\Local\Temp\2\sfproj_4beyb8me\tempProj\force-app\main\default\flows\Opportunity_Button_AC_Corp_Get_Next_Prop.flow-meta.xml
2025-09-19 13:39:55,748 [DEBUG] sf_loader: Retrieved file: C:\Users\vm-bpa\AppData\Local\Temp\2\sfproj_4beyb8me\tempProj\force-app\main\default\flows\Opportunity_Check_Key_Account_Field_on_Parent_Opp.flow-meta.xml
2025-09-19 13:39:55,748 [DEBUG] sf_loader: Retrieved file: C:\Users\vm-bpa\AppData\Local\Temp\2\sfproj_4beyb8me\tempProj\force-app\main\default\flows\Opportunity_Closed_Won_Alert.flow-meta.xml
2025-09-19 13:39:55,749 [DEBUG] sf_loader: Retrieved file: C:\Users\vm-bpa\AppData\Local\Temp\2\sfproj_4beyb8me\tempProj\force-app\main\default\flows\Opportunity_Closed_Won_Alert_Brant_Armstrong.flow-meta.xml
2025-09-19 13:39:55,749 [DEBUG] sf_loader: Retrieved file: C:\Users\vm-bpa\AppData\Local\Temp\2\sfproj_4beyb8me\tempProj\force-app\main\default\flows\Opportunity_Close_all_open_Activities_On_Closed_Lost.flow-meta.xml
2025-09-19 13:39:55,750 [DEBUG] sf_loader: Retrieved file: C:\Users\vm-bpa\AppData\Local\Temp\2\sfproj_4beyb8me\tempProj\force-app\main\default\flows\Opportunity_Create_Child_Cross_Sell_Opportunity_subflow.flow-meta.xml
2025-09-19 13:39:55,750 [DEBUG] sf_loader: Retrieved file: C:\Users\vm-bpa\AppData\Local\Temp\2\sfproj_4beyb8me\tempProj\force-app\main\default\flows\Opportunity_Create_Child_Opps_for_Prostar_Users.flow-meta.xml
2025-09-19 13:39:55,752 [DEBUG] sf_loader: Retrieved file: C:\Users\vm-bpa\AppData\Local\Temp\2\sfproj_4beyb8me\tempProj\force-app\main\default\flows\Opportunity_Create_Cross_Sell_Child_Records.flow-meta.xml
2025-09-19 13:39:55,752 [DEBUG] sf_loader: Retrieved file: C:\Users\vm-bpa\AppData\Local\Temp\2\sfproj_4beyb8me\tempProj\force-app\main\default\flows\Opportunity_Create_GMS_Quote.flow-meta.xml
2025-09-19 13:39:55,753 [DEBUG] sf_loader: Retrieved file: C:\Users\vm-bpa\AppData\Local\Temp\2\sfproj_4beyb8me\tempProj\force-app\main\default\flows\Opportunity_Create_or_Update_Monthly_Break_Out.flow-meta.xml
2025-09-19 13:39:55,753 [DEBUG] sf_loader: Retrieved file: C:\Users\vm-bpa\AppData\Local\Temp\2\sfproj_4beyb8me\tempProj\force-app\main\default\flows\Opportunity_Create_RT_Mark_Actual_Close_Date_as_Anticipated_Close_Date.flow-meta.xml
2025-09-19 13:39:55,754 [DEBUG] sf_loader: Retrieved file: C:\Users\vm-bpa\AppData\Local\Temp\2\sfproj_4beyb8me\tempProj\force-app\main\default\flows\Opportunity_Create_RT_National_Account_Agreement_Record_Update.flow-meta.xml
2025-09-19 13:39:55,755 [DEBUG] sf_loader: Retrieved file: C:\Users\vm-bpa\AppData\Local\Temp\2\sfproj_4beyb8me\tempProj\force-app\main\default\flows\Opportunity_Create_Task_Before_Follow_Up_Date.flow-meta.xml
2025-09-19 13:39:55,758 [DEBUG] sf_loader: Retrieved file: C:\Users\vm-bpa\AppData\Local\Temp\2\sfproj_4beyb8me\tempProj\force-app\main\default\flows\Opportunity_Create_Task_when_Follow_Up_Date_Changes.flow-meta.xml
2025-09-19 13:39:55,773 [DEBUG] sf_loader: Retrieved file: C:\Users\vm-bpa\AppData\Local\Temp\2\sfproj_4beyb8me\tempProj\force-app\main\default\flows\Opportunity_Create_Team_Member.flow-meta.xml
2025-09-19 13:39:55,773 [DEBUG] sf_loader: Retrieved file: C:\Users\vm-bpa\AppData\Local\Temp\2\sfproj_4beyb8me\tempProj\force-app\main\default\flows\Opportunity_Create_Team_Role_Initiator.flow-meta.xml
2025-09-19 13:39:55,773 [DEBUG] sf_loader: Retrieved file: C:\Users\vm-bpa\AppData\Local\Temp\2\sfproj_4beyb8me\tempProj\force-app\main\default\flows\Opportunity_Create_Update_Cross_Sell_Sales_Type.flow-meta.xml
2025-09-19 13:39:55,774 [DEBUG] sf_loader: Retrieved file: C:\Users\vm-bpa\AppData\Local\Temp\2\sfproj_4beyb8me\tempProj\force-app\main\default\flows\Opportunity_Create_Update_Owner_Defaults.flow-meta.xml
2025-09-19 13:39:55,775 [DEBUG] sf_loader: Retrieved file: C:\Users\vm-bpa\AppData\Local\Temp\2\sfproj_4beyb8me\tempProj\force-app\main\default\flows\Opportunity_Cross_Sell_Child_Closed_Won_Notifications.flow-meta.xml
2025-09-19 13:39:55,775 [DEBUG] sf_loader: Retrieved file: C:\Users\vm-bpa\AppData\Local\Temp\2\sfproj_4beyb8me\tempProj\force-app\main\default\flows\Opportunity_Cross_Sell_Request_Send_Email_Alert_For_Accepted_Rejected_Requests.flow-meta.xml
2025-09-19 13:39:55,776 [DEBUG] sf_loader: Retrieved file: C:\Users\vm-bpa\AppData\Local\Temp\2\sfproj_4beyb8me\tempProj\force-app\main\default\flows\Opportunity_Cross_Sell_Request_Send_Email_Alert_For_New_Request.flow-meta.xml
2025-09-19 13:39:55,776 [DEBUG] sf_loader: Retrieved file: C:\Users\vm-bpa\AppData\Local\Temp\2\sfproj_4beyb8me\tempProj\force-app\main\default\flows\Opportunity_Email_Checkbox_on_Users.flow-meta.xml
2025-09-19 13:39:55,777 [DEBUG] sf_loader: Retrieved file: C:\Users\vm-bpa\AppData\Local\Temp\2\sfproj_4beyb8me\tempProj\force-app\main\default\flows\Opportunity_Email_when_Owner_is_Changed.flow-meta.xml
2025-09-19 13:39:55,777 [DEBUG] sf_loader: Retrieved file: C:\Users\vm-bpa\AppData\Local\Temp\2\sfproj_4beyb8me\tempProj\force-app\main\default\flows\Opportunity_Federal_Market_Segment_Checks_Federal_Checkbox.flow-meta.xml
2025-09-19 13:39:55,778 [DEBUG] sf_loader: Retrieved file: C:\Users\vm-bpa\AppData\Local\Temp\2\sfproj_4beyb8me\tempProj\force-app\main\default\flows\Opportunity_Find_Cross_Sell_Partner_Non_Guided_screen_flow.flow-meta.xml
2025-09-19 13:39:55,780 [DEBUG] sf_loader: Retrieved file: C:\Users\vm-bpa\AppData\Local\Temp\2\sfproj_4beyb8me\tempProj\force-app\main\default\flows\Opportunity_Find_Cross_Sell_Partner_screen_flow.flow-meta.xml
2025-09-19 13:39:55,781 [DEBUG] sf_loader: Retrieved file: C:\Users\vm-bpa\AppData\Local\Temp\2\sfproj_4beyb8me\tempProj\force-app\main\default\flows\Opportunity_General_RTF.flow-meta.xml
2025-09-19 13:39:55,782 [DEBUG] sf_loader: Retrieved file: C:\Users\vm-bpa\AppData\Local\Temp\2\sfproj_4beyb8me\tempProj\force-app\main\default\flows\Opportunity_Label_Parent_Opportunity_as_Parent_upon_Child_Creation.flow-meta.xml
2025-09-19 13:39:55,783 [DEBUG] sf_loader: Retrieved file: C:\Users\vm-bpa\AppData\Local\Temp\2\sfproj_4beyb8me\tempProj\force-app\main\default\flows\Opportunity_Margin_is_Less_Than_Equal_to_20_Email_Alert.flow-meta.xml
2025-09-19 13:39:55,783 [DEBUG] sf_loader: Retrieved file: C:\Users\vm-bpa\AppData\Local\Temp\2\sfproj_4beyb8me\tempProj\force-app\main\default\flows\Opportunity_Mark_Actual_Close_Date.flow-meta.xml
2025-09-19 13:39:55,784 [DEBUG] sf_loader: Retrieved file: C:\Users\vm-bpa\AppData\Local\Temp\2\sfproj_4beyb8me\tempProj\force-app\main\default\flows\Opportunity_Mark_Energy_Savings_Project_Date.flow-meta.xml
2025-09-19 13:39:55,784 [DEBUG] sf_loader: Retrieved file: C:\Users\vm-bpa\AppData\Local\Temp\2\sfproj_4beyb8me\tempProj\force-app\main\default\flows\Opportunity_Mark_Shared_Service_based_on_Cross_Sell_Type.flow-meta.xml
2025-09-19 13:39:55,785 [DEBUG] sf_loader: Retrieved file: C:\Users\vm-bpa\AppData\Local\Temp\2\sfproj_4beyb8me\tempProj\force-app\main\default\flows\Opportunity_Only_Admins_Can_Delete.flow-meta.xml
2025-09-19 13:39:55,785 [DEBUG] sf_loader: Retrieved file: C:\Users\vm-bpa\AppData\Local\Temp\2\sfproj_4beyb8me\tempProj\force-app\main\default\flows\Opportunity_Proposal_Audit_Needed_Email_Alerts.flow-meta.xml
2025-09-19 13:39:55,786 [DEBUG] sf_loader: Retrieved file: C:\Users\vm-bpa\AppData\Local\Temp\2\sfproj_4beyb8me\tempProj\force-app\main\default\flows\Opportunity_Recalculate_Parent_Amount_created_or_updated_trigger.flow-meta.xml
2025-09-19 13:39:55,787 [DEBUG] sf_loader: Retrieved file: C:\Users\vm-bpa\AppData\Local\Temp\2\sfproj_4beyb8me\tempProj\force-app\main\default\flows\Opportunity_Recalculate_Parent_Amount_deleted_trigger.flow-meta.xml
2025-09-19 13:39:55,795 [DEBUG] sf_loader: Retrieved file: C:\Users\vm-bpa\AppData\Local\Temp\2\sfproj_4beyb8me\tempProj\force-app\main\default\flows\Opportunity_Recalculate_Parent_Amount_subflow.flow-meta.xml
2025-09-19 13:39:55,806 [DEBUG] sf_loader: Retrieved file: C:\Users\vm-bpa\AppData\Local\Temp\2\sfproj_4beyb8me\tempProj\force-app\main\default\flows\Opportunity_Remove_Actual_Close_Date_when_Reopened.flow-meta.xml
2025-09-19 13:39:55,807 [DEBUG] sf_loader: Retrieved file: C:\Users\vm-bpa\AppData\Local\Temp\2\sfproj_4beyb8me\tempProj\force-app\main\default\flows\Opportunity_RFT_Before_Save_Set_Partner.flow-meta.xml
2025-09-19 13:39:55,807 [DEBUG] sf_loader: Retrieved file: C:\Users\vm-bpa\AppData\Local\Temp\2\sfproj_4beyb8me\tempProj\force-app\main\default\flows\Opportunity_RTF_60_Day_Email_for_Contracts.flow-meta.xml
2025-09-19 13:39:55,807 [DEBUG] sf_loader: Retrieved file: C:\Users\vm-bpa\AppData\Local\Temp\2\sfproj_4beyb8me\tempProj\force-app\main\default\flows\Opportunity_RTF_Blue_Works_Project_Type_and_Trade.flow-meta.xml
2025-09-19 13:39:55,808 [DEBUG] sf_loader: Retrieved file: C:\Users\vm-bpa\AppData\Local\Temp\2\sfproj_4beyb8me\tempProj\force-app\main\default\flows\Opportunity_RTF_Check_to_see_if_any_Contract.flow-meta.xml
2025-09-19 13:39:55,808 [DEBUG] sf_loader: Retrieved file: C:\Users\vm-bpa\AppData\Local\Temp\2\sfproj_4beyb8me\tempProj\force-app\main\default\flows\Opportunity_RTF_Check_to_see_if_PM_Contract.flow-meta.xml
2025-09-19 13:39:55,809 [DEBUG] sf_loader: Retrieved file: C:\Users\vm-bpa\AppData\Local\Temp\2\sfproj_4beyb8me\tempProj\force-app\main\default\flows\Opportunity_RTF_Clone_GMS_Quote_On_Clone.flow-meta.xml
2025-09-19 13:39:55,809 [DEBUG] sf_loader: Retrieved file: C:\Users\vm-bpa\AppData\Local\Temp\2\sfproj_4beyb8me\tempProj\force-app\main\default\flows\Opportunity_RTF_Communication_from_Parent_Opp_to_Child_Opp.flow-meta.xml
2025-09-19 13:39:55,810 [DEBUG] sf_loader: Retrieved file: C:\Users\vm-bpa\AppData\Local\Temp\2\sfproj_4beyb8me\tempProj\force-app\main\default\flows\Opportunity_RTF_Hartwig_On_Opp_Creation.flow-meta.xml
2025-09-19 13:39:55,810 [DEBUG] sf_loader: Retrieved file: C:\Users\vm-bpa\AppData\Local\Temp\2\sfproj_4beyb8me\tempProj\force-app\main\default\flows\Opportunity_RTF_Hillard_Electric_Set_Opp_Team.flow-meta.xml
2025-09-19 13:39:55,811 [DEBUG] sf_loader: Retrieved file: C:\Users\vm-bpa\AppData\Local\Temp\2\sfproj_4beyb8me\tempProj\force-app\main\default\flows\Opportunity_RTF_MSS_Closed_Won.flow-meta.xml
2025-09-19 13:39:55,811 [DEBUG] sf_loader: Retrieved file: C:\Users\vm-bpa\AppData\Local\Temp\2\sfproj_4beyb8me\tempProj\force-app\main\default\flows\Opportunity_RTF_Partner_Team_Members.flow-meta.xml
2025-09-19 13:39:55,812 [DEBUG] sf_loader: Retrieved file: C:\Users\vm-bpa\AppData\Local\Temp\2\sfproj_4beyb8me\tempProj\force-app\main\default\flows\Opportunity_RTF_Partner_Team_Members_on_change_of_owner.flow-meta.xml
2025-09-19 13:39:55,812 [DEBUG] sf_loader: Retrieved file: C:\Users\vm-bpa\AppData\Local\Temp\2\sfproj_4beyb8me\tempProj\force-app\main\default\flows\Opportunity_RTF_Set_Emerald_Project_Manager_Contact.flow-meta.xml
2025-09-19 13:39:55,813 [DEBUG] sf_loader: Retrieved file: C:\Users\vm-bpa\AppData\Local\Temp\2\sfproj_4beyb8me\tempProj\force-app\main\default\flows\Opportunity_Sales_Type_Field_Update.flow-meta.xml
2025-09-19 13:39:55,814 [DEBUG] sf_loader: Retrieved file: C:\Users\vm-bpa\AppData\Local\Temp\2\sfproj_4beyb8me\tempProj\force-app\main\default\flows\Opportunity_Scheduled_Overdue_Alert.flow-meta.xml
2025-09-19 13:39:55,814 [DEBUG] sf_loader: Retrieved file: C:\Users\vm-bpa\AppData\Local\Temp\2\sfproj_4beyb8me\tempProj\force-app\main\default\flows\Opportunity_Send_Contract_Expiration_Notifications.flow-meta.xml
2025-09-19 13:39:55,819 [DEBUG] sf_loader: Retrieved file: C:\Users\vm-bpa\AppData\Local\Temp\2\sfproj_4beyb8me\tempProj\force-app\main\default\flows\Opportunity_Send_Email_for_Proposal_Updates_Needed.flow-meta.xml
2025-09-19 13:39:55,830 [DEBUG] sf_loader: Retrieved file: C:\Users\vm-bpa\AppData\Local\Temp\2\sfproj_4beyb8me\tempProj\force-app\main\default\flows\Opportunity_Send_Email_when_Key_Account_is_Checked.flow-meta.xml
2025-09-19 13:39:55,831 [DEBUG] sf_loader: Retrieved file: C:\Users\vm-bpa\AppData\Local\Temp\2\sfproj_4beyb8me\tempProj\force-app\main\default\flows\Opportunity_Send_Handoff_Emails_after_Closed_Won_for_National_Opps.flow-meta.xml
2025-09-19 13:39:55,831 [DEBUG] sf_loader: Retrieved file: C:\Users\vm-bpa\AppData\Local\Temp\2\sfproj_4beyb8me\tempProj\force-app\main\default\flows\Opportunity_Send_Out_Past_Due_Bug_Email.flow-meta.xml
2025-09-19 13:39:55,832 [DEBUG] sf_loader: Retrieved file: C:\Users\vm-bpa\AppData\Local\Temp\2\sfproj_4beyb8me\tempProj\force-app\main\default\flows\Opportunity_Send_Owner_Email_When_Proposal_Upload_is_Checked.flow-meta.xml
2025-09-19 13:39:55,832 [DEBUG] sf_loader: Retrieved file: C:\Users\vm-bpa\AppData\Local\Temp\2\sfproj_4beyb8me\tempProj\force-app\main\default\flows\Opportunity_Send_Proposal_Date_Approaching_Notifications.flow-meta.xml
2025-09-19 13:39:55,833 [DEBUG] sf_loader: Retrieved file: C:\Users\vm-bpa\AppData\Local\Temp\2\sfproj_4beyb8me\tempProj\force-app\main\default\flows\Opportunity_Set_Child_Opportunity_to_Closed_Lost_if_Trade_is_removed_from_Parent.flow-meta.xml
2025-09-19 13:39:55,833 [DEBUG] sf_loader: Retrieved file: C:\Users\vm-bpa\AppData\Local\Temp\2\sfproj_4beyb8me\tempProj\force-app\main\default\flows\Opportunity_Set_Date_First_In_Fields.flow-meta.xml
2025-09-19 13:39:55,834 [DEBUG] sf_loader: Retrieved file: C:\Users\vm-bpa\AppData\Local\Temp\2\sfproj_4beyb8me\tempProj\force-app\main\default\flows\Opportunity_Set_Endorsed_Partner.flow-meta.xml
2025-09-19 13:39:55,834 [DEBUG] sf_loader: Retrieved file: C:\Users\vm-bpa\AppData\Local\Temp\2\sfproj_4beyb8me\tempProj\force-app\main\default\flows\Opportunity_Set_Energy_Service_Margin_to_100_on_Create.flow-meta.xml
2025-09-19 13:39:55,835 [DEBUG] sf_loader: Retrieved file: C:\Users\vm-bpa\AppData\Local\Temp\2\sfproj_4beyb8me\tempProj\force-app\main\default\flows\Opportunity_Set_Last_User_Update_Field.flow-meta.xml
2025-09-19 13:39:55,835 [DEBUG] sf_loader: Retrieved file: C:\Users\vm-bpa\AppData\Local\Temp\2\sfproj_4beyb8me\tempProj\force-app\main\default\flows\Opportunity_Set_Margin_for_Parent_Opp.flow-meta.xml
2025-09-19 13:39:55,836 [DEBUG] sf_loader: Retrieved file: C:\Users\vm-bpa\AppData\Local\Temp\2\sfproj_4beyb8me\tempProj\force-app\main\default\flows\Opportunity_Set_Partner_Account.flow-meta.xml
2025-09-19 13:39:55,836 [DEBUG] sf_loader: Retrieved file: C:\Users\vm-bpa\AppData\Local\Temp\2\sfproj_4beyb8me\tempProj\force-app\main\default\flows\Opportunity_Set_Sales_Type_To_Cross_Sell_On_Child_Opp.flow-meta.xml
2025-09-19 13:39:55,836 [DEBUG] sf_loader: Retrieved file: C:\Users\vm-bpa\AppData\Local\Temp\2\sfproj_4beyb8me\tempProj\force-app\main\default\flows\Opportunity_SF_Checking_for_Contracts.flow-meta.xml
2025-09-19 13:39:55,837 [DEBUG] sf_loader: Retrieved file: C:\Users\vm-bpa\AppData\Local\Temp\2\sfproj_4beyb8me\tempProj\force-app\main\default\flows\Opportunity_SF_Create_new_PM_contract_opportunity.flow-meta.xml
2025-09-19 13:39:55,838 [DEBUG] sf_loader: Retrieved file: C:\Users\vm-bpa\AppData\Local\Temp\2\sfproj_4beyb8me\tempProj\force-app\main\default\flows\Opportunity_SF_Hillard_Go_No_Go_Form_For_Button.flow-meta.xml
2025-09-19 13:39:55,838 [DEBUG] sf_loader: Retrieved file: C:\Users\vm-bpa\AppData\Local\Temp\2\sfproj_4beyb8me\tempProj\force-app\main\default\flows\Opportunity_SF_New_Document_Email_Button_GMS.flow-meta.xml
2025-09-19 13:39:55,840 [DEBUG] sf_loader: Retrieved file: C:\Users\vm-bpa\AppData\Local\Temp\2\sfproj_4beyb8me\tempProj\force-app\main\default\flows\Opportunity_Specific_Partner_Closed_Won_Email_Alert.flow-meta.xml
2025-09-19 13:39:55,840 [DEBUG] sf_loader: Retrieved file: C:\Users\vm-bpa\AppData\Local\Temp\2\sfproj_4beyb8me\tempProj\force-app\main\default\flows\Opportunity_STF_Create_new_contract_opportunity.flow-meta.xml
2025-09-19 13:39:55,841 [DEBUG] sf_loader: Retrieved file: C:\Users\vm-bpa\AppData\Local\Temp\2\sfproj_4beyb8me\tempProj\force-app\main\default\flows\Opportunity_Store_Details_in_Chatter_on_Delete.flow-meta.xml
2025-09-19 13:39:55,841 [DEBUG] sf_loader: Retrieved file: C:\Users\vm-bpa\AppData\Local\Temp\2\sfproj_4beyb8me\tempProj\force-app\main\default\flows\Opportunity_ST_Add_1_Day_to_Current_Stage_if_Open.flow-meta.xml
2025-09-19 13:39:55,842 [DEBUG] sf_loader: Retrieved file: C:\Users\vm-bpa\AppData\Local\Temp\2\sfproj_4beyb8me\tempProj\force-app\main\default\flows\Opportunity_ST_Remind_Owner_Proposal_Due_in_5_Days.flow-meta.xml
2025-09-19 13:39:55,842 [DEBUG] sf_loader: Retrieved file: C:\Users\vm-bpa\AppData\Local\Temp\2\sfproj_4beyb8me\tempProj\force-app\main\default\flows\Opportunity_Sync_Child_Fields_From_Parent_On_Change.flow-meta.xml
2025-09-19 13:39:55,843 [DEBUG] sf_loader: Retrieved file: C:\Users\vm-bpa\AppData\Local\Temp\2\sfproj_4beyb8me\tempProj\force-app\main\default\flows\Opportunity_Tag_Sales_Lead_as_Owner_on_Prostar_Partner_Swap.flow-meta.xml
2025-09-19 13:39:55,843 [DEBUG] sf_loader: Retrieved file: C:\Users\vm-bpa\AppData\Local\Temp\2\sfproj_4beyb8me\tempProj\force-app\main\default\flows\Opportunity_Team_Begin_Approval_Process_on_Creation.flow-meta.xml
2025-09-19 13:39:55,844 [DEBUG] sf_loader: Retrieved file: C:\Users\vm-bpa\AppData\Local\Temp\2\sfproj_4beyb8me\tempProj\force-app\main\default\flows\Opportunity_Team_Member_Update_Percent_Allocation_Remaining.flow-meta.xml
2025-09-19 13:39:55,844 [DEBUG] sf_loader: Retrieved file: C:\Users\vm-bpa\AppData\Local\Temp\2\sfproj_4beyb8me\tempProj\force-app\main\default\flows\Opportunity_Team_Member_Update_Team_Role.flow-meta.xml
2025-09-19 13:39:55,844 [DEBUG] sf_loader: Retrieved file: C:\Users\vm-bpa\AppData\Local\Temp\2\sfproj_4beyb8me\tempProj\force-app\main\default\flows\Opportunity_Update_Account_Record_from_Won_National_Account_Agreement.flow-meta.xml
2025-09-19 13:39:55,845 [DEBUG] sf_loader: Retrieved file: C:\Users\vm-bpa\AppData\Local\Temp\2\sfproj_4beyb8me\tempProj\force-app\main\default\flows\Opportunity_Update_Child_Opportunity_Stages_when_Parent_is_Closed_Won.flow-meta.xml
2025-09-19 13:39:55,846 [DEBUG] sf_loader: Retrieved file: C:\Users\vm-bpa\AppData\Local\Temp\2\sfproj_4beyb8me\tempProj\force-app\main\default\flows\Opportunity_Update_Child_Opp_Owner_on_Create.flow-meta.xml
2025-09-19 13:39:55,848 [DEBUG] sf_loader: Retrieved file: C:\Users\vm-bpa\AppData\Local\Temp\2\sfproj_4beyb8me\tempProj\force-app\main\default\flows\Opportunity_Update_Child_Stage_When_Parent_Closed.flow-meta.xml
2025-09-19 13:39:55,863 [DEBUG] sf_loader: Retrieved file: C:\Users\vm-bpa\AppData\Local\Temp\2\sfproj_4beyb8me\tempProj\force-app\main\default\flows\Opportunity_Update_Cross_Sell_with_Job_Number_after_Close_Won.flow-meta.xml
2025-09-19 13:39:55,864 [DEBUG] sf_loader: Retrieved file: C:\Users\vm-bpa\AppData\Local\Temp\2\sfproj_4beyb8me\tempProj\force-app\main\default\flows\Opportunity_Update_Days_In_Fields_when_Stage_Changes.flow-meta.xml
2025-09-19 13:39:55,865 [DEBUG] sf_loader: Retrieved file: C:\Users\vm-bpa\AppData\Local\Temp\2\sfproj_4beyb8me\tempProj\force-app\main\default\flows\Opportunity_Update_Hidden_Partner_Picklist.flow-meta.xml
2025-09-19 13:39:55,865 [DEBUG] sf_loader: Retrieved file: C:\Users\vm-bpa\AppData\Local\Temp\2\sfproj_4beyb8me\tempProj\force-app\main\default\flows\Opportunity_Update_name_on_lead_conversion.flow-meta.xml
2025-09-19 13:39:55,866 [DEBUG] sf_loader: Retrieved file: C:\Users\vm-bpa\AppData\Local\Temp\2\sfproj_4beyb8me\tempProj\force-app\main\default\flows\Opportunity_Update_Opportunity_Team_based_on_Partner_Fields.flow-meta.xml
2025-09-19 13:39:55,866 [DEBUG] sf_loader: Retrieved file: C:\Users\vm-bpa\AppData\Local\Temp\2\sfproj_4beyb8me\tempProj\force-app\main\default\flows\Opportunity_Update_Opp_Owner_when_Partner_is_Changed.flow-meta.xml
2025-09-19 13:39:55,867 [DEBUG] sf_loader: Retrieved file: C:\Users\vm-bpa\AppData\Local\Temp\2\sfproj_4beyb8me\tempProj\force-app\main\default\flows\Opportunity_Update_Parent_Anticipated_Close_Date_with_Child_s.flow-meta.xml
2025-09-19 13:39:55,868 [DEBUG] sf_loader: Retrieved file: C:\Users\vm-bpa\AppData\Local\Temp\2\sfproj_4beyb8me\tempProj\force-app\main\default\flows\Opportunity_Update_Parent_Closed_Stage_Based_on_Children.flow-meta.xml
2025-09-19 13:39:55,868 [DEBUG] sf_loader: Retrieved file: C:\Users\vm-bpa\AppData\Local\Temp\2\sfproj_4beyb8me\tempProj\force-app\main\default\flows\Opportunity_Update_Parent_Stage_based_on_Children.flow-meta.xml
2025-09-19 13:39:55,869 [DEBUG] sf_loader: Retrieved file: C:\Users\vm-bpa\AppData\Local\Temp\2\sfproj_4beyb8me\tempProj\force-app\main\default\flows\Opportunity_Update_Parent_Start_End_Date_based_on_Max_Child_Value.flow-meta.xml
2025-09-19 13:39:55,869 [DEBUG] sf_loader: Retrieved file: C:\Users\vm-bpa\AppData\Local\Temp\2\sfproj_4beyb8me\tempProj\force-app\main\default\flows\Opportunity_Update_Partner_Contact_field.flow-meta.xml
2025-09-19 13:39:55,870 [DEBUG] sf_loader: Retrieved file: C:\Users\vm-bpa\AppData\Local\Temp\2\sfproj_4beyb8me\tempProj\force-app\main\default\flows\Opportunity_When_Approved_Close_Out_All_Other_Bids.flow-meta.xml
2025-09-19 13:39:55,870 [DEBUG] sf_loader: Retrieved file: C:\Users\vm-bpa\AppData\Local\Temp\2\sfproj_4beyb8me\tempProj\force-app\main\default\flows\Opportunty_RTF_CBS_FL_Closed_Won_V1.flow-meta.xml
2025-09-19 13:39:55,870 [DEBUG] sf_loader: Retrieved file: C:\Users\vm-bpa\AppData\Local\Temp\2\sfproj_4beyb8me\tempProj\force-app\main\default\flows\Opportunty_RTF_Emerald_Closed_Won.flow-meta.xml
2025-09-19 13:39:55,871 [DEBUG] sf_loader: Retrieved file: C:\Users\vm-bpa\AppData\Local\Temp\2\sfproj_4beyb8me\tempProj\force-app\main\default\flows\Opp_Calendar.flow-meta.xml
2025-09-19 13:39:55,871 [DEBUG] sf_loader: Retrieved file: C:\Users\vm-bpa\AppData\Local\Temp\2\sfproj_4beyb8me\tempProj\force-app\main\default\flows\Partner_Company_Delete_Record_when_Account_is_Removed.flow-meta.xml
2025-09-19 13:39:55,872 [DEBUG] sf_loader: Retrieved file: C:\Users\vm-bpa\AppData\Local\Temp\2\sfproj_4beyb8me\tempProj\force-app\main\default\flows\Partner_RTF_set_President_Principal_email.flow-meta.xml
2025-09-19 13:39:55,872 [DEBUG] sf_loader: Retrieved file: C:\Users\vm-bpa\AppData\Local\Temp\2\sfproj_4beyb8me\tempProj\force-app\main\default\flows\Partner_Send_Weekly_email.flow-meta.xml
2025-09-19 13:39:55,873 [DEBUG] sf_loader: Retrieved file: C:\Users\vm-bpa\AppData\Local\Temp\2\sfproj_4beyb8me\tempProj\force-app\main\default\flows\Partner_Sharing_Account_Delete_Role_Sharing.flow-meta.xml
2025-09-19 13:39:55,873 [DEBUG] sf_loader: Retrieved file: C:\Users\vm-bpa\AppData\Local\Temp\2\sfproj_4beyb8me\tempProj\force-app\main\default\flows\Partner_Sharing_Account_Update_Role_Sharing.flow-meta.xml
2025-09-19 13:39:55,874 [DEBUG] sf_loader: Retrieved file: C:\Users\vm-bpa\AppData\Local\Temp\2\sfproj_4beyb8me\tempProj\force-app\main\default\flows\Partner_Sharing_Opportunity_Update_Role_Sharing.flow-meta.xml
2025-09-19 13:39:55,874 [DEBUG] sf_loader: Retrieved file: C:\Users\vm-bpa\AppData\Local\Temp\2\sfproj_4beyb8me\tempProj\force-app\main\default\flows\Partner_Update_AC_Corp_Prop_Number.flow-meta.xml
2025-09-19 13:39:55,875 [DEBUG] sf_loader: Retrieved file: C:\Users\vm-bpa\AppData\Local\Temp\2\sfproj_4beyb8me\tempProj\force-app\main\default\flows\PMT_New_Onboarding.flow-meta.xml
2025-09-19 13:39:55,877 [DEBUG] sf_loader: Retrieved file: C:\Users\vm-bpa\AppData\Local\Temp\2\sfproj_4beyb8me\tempProj\force-app\main\default\flows\PMT_Story_On_New_Or_Save.flow-meta.xml
2025-09-19 13:39:55,877 [DEBUG] sf_loader: Retrieved file: C:\Users\vm-bpa\AppData\Local\Temp\2\sfproj_4beyb8me\tempProj\force-app\main\default\flows\PMT_Task_Notify_Owner.flow-meta.xml
2025-09-19 13:39:55,878 [DEBUG] sf_loader: Retrieved file: C:\Users\vm-bpa\AppData\Local\Temp\2\sfproj_4beyb8me\tempProj\force-app\main\default\flows\PMT_Task_RTF_New_Or_Changed.flow-meta.xml
2025-09-19 13:39:55,882 [DEBUG] sf_loader: Retrieved file: C:\Users\vm-bpa\AppData\Local\Temp\2\sfproj_4beyb8me\tempProj\force-app\main\default\flows\PMT_Task_Set_Partner.flow-meta.xml
2025-09-19 13:39:55,893 [DEBUG] sf_loader: Retrieved file: C:\Users\vm-bpa\AppData\Local\Temp\2\sfproj_4beyb8me\tempProj\force-app\main\default\flows\PMT_Task_Set_Weekly_Sprint.flow-meta.xml
2025-09-19 13:39:55,894 [DEBUG] sf_loader: Retrieved file: C:\Users\vm-bpa\AppData\Local\Temp\2\sfproj_4beyb8me\tempProj\force-app\main\default\flows\PMT_Task_SF_Create_New_Task.flow-meta.xml
2025-09-19 13:39:55,895 [DEBUG] sf_loader: Retrieved file: C:\Users\vm-bpa\AppData\Local\Temp\2\sfproj_4beyb8me\tempProj\force-app\main\default\flows\PMT_Task_SF_Create_New_Task_End_User.flow-meta.xml
2025-09-19 13:39:55,896 [DEBUG] sf_loader: Retrieved file: C:\Users\vm-bpa\AppData\Local\Temp\2\sfproj_4beyb8me\tempProj\force-app\main\default\flows\Proposal_Generation_RTF_On_Create.flow-meta.xml
2025-09-19 13:39:55,896 [DEBUG] sf_loader: Retrieved file: C:\Users\vm-bpa\AppData\Local\Temp\2\sfproj_4beyb8me\tempProj\force-app\main\default\flows\Proposal_Revision_RTF_On_Create.flow-meta.xml
2025-09-19 13:39:55,897 [DEBUG] sf_loader: Retrieved file: C:\Users\vm-bpa\AppData\Local\Temp\2\sfproj_4beyb8me\tempProj\force-app\main\default\flows\Remove_Training_Data.flow-meta.xml
2025-09-19 13:39:55,898 [DEBUG] sf_loader: Retrieved file: C:\Users\vm-bpa\AppData\Local\Temp\2\sfproj_4beyb8me\tempProj\force-app\main\default\flows\RTF_PM_60_Day_Email.flow-meta.xml
2025-09-19 13:39:55,898 [DEBUG] sf_loader: Retrieved file: C:\Users\vm-bpa\AppData\Local\Temp\2\sfproj_4beyb8me\tempProj\force-app\main\default\flows\Sales_Goals_One_Time_ST_Create_Monthly_Goals_from_Existing_Annual_Goals_for_2024.flow-meta.xml
2025-09-19 13:39:55,899 [DEBUG] sf_loader: Retrieved file: C:\Users\vm-bpa\AppData\Local\Temp\2\sfproj_4beyb8me\tempProj\force-app\main\default\flows\Sales_Goal_Management_Create_Quarterly_and_Monthly_Goals_from_Annual_Goal.flow-meta.xml
2025-09-19 13:39:55,900 [DEBUG] sf_loader: Retrieved file: C:\Users\vm-bpa\AppData\Local\Temp\2\sfproj_4beyb8me\tempProj\force-app\main\default\flows\Sales_Goal_Management_Name_the_Record_on_Create.flow-meta.xml
2025-09-19 13:39:55,901 [DEBUG] sf_loader: Retrieved file: C:\Users\vm-bpa\AppData\Local\Temp\2\sfproj_4beyb8me\tempProj\force-app\main\default\flows\Set_Company_Logo.flow-meta.xml
2025-09-19 13:39:55,902 [DEBUG] sf_loader: Retrieved file: C:\Users\vm-bpa\AppData\Local\Temp\2\sfproj_4beyb8me\tempProj\force-app\main\default\flows\Set_Scope_of_Work_for_Hillard_Template.flow-meta.xml
2025-09-19 13:39:55,903 [DEBUG] sf_loader: Retrieved file: C:\Users\vm-bpa\AppData\Local\Temp\2\sfproj_4beyb8me\tempProj\force-app\main\default\flows\Standard_Event_Mark_Ticket_Allocation_as_34_if_Event_is_AT_T.flow-meta.xml
2025-09-19 13:39:55,903 [DEBUG] sf_loader: Retrieved file: C:\Users\vm-bpa\AppData\Local\Temp\2\sfproj_4beyb8me\tempProj\force-app\main\default\flows\Sure_Stats_SCH_Update_All_Records.flow-meta.xml
2025-09-19 13:39:55,904 [DEBUG] sf_loader: Retrieved file: C:\Users\vm-bpa\AppData\Local\Temp\2\sfproj_4beyb8me\tempProj\force-app\main\default\flows\S_W_Forms_Create_New_Job_Setup_Sheet.flow-meta.xml
2025-09-19 13:39:55,906 [DEBUG] sf_loader: Retrieved file: C:\Users\vm-bpa\AppData\Local\Temp\2\sfproj_4beyb8me\tempProj\force-app\main\default\flows\S_W_Forms_Create_Updated_New_Customer_Setup_Sheet.flow-meta.xml
2025-09-19 13:39:55,906 [DEBUG] sf_loader: Retrieved file: C:\Users\vm-bpa\AppData\Local\Temp\2\sfproj_4beyb8me\tempProj\force-app\main\default\flows\Task_RTF_On_Create.flow-meta.xml
2025-09-19 13:39:55,907 [DEBUG] sf_loader: Retrieved file: C:\Users\vm-bpa\AppData\Local\Temp\2\sfproj_4beyb8me\tempProj\force-app\main\default\flows\Task_RTF_On_Create_General.flow-meta.xml
2025-09-19 13:39:55,907 [DEBUG] sf_loader: Retrieved file: C:\Users\vm-bpa\AppData\Local\Temp\2\sfproj_4beyb8me\tempProj\force-app\main\default\flows\Task_Set_Lead_Quick_Task_On_New_Task.flow-meta.xml
2025-09-19 13:39:55,908 [DEBUG] sf_loader: Retrieved file: C:\Users\vm-bpa\AppData\Local\Temp\2\sfproj_4beyb8me\tempProj\force-app\main\default\flows\Task_ST_Send_Email_Alert_on_Due_Date.flow-meta.xml
2025-09-19 13:39:55,909 [DEBUG] sf_loader: Retrieved file: C:\Users\vm-bpa\AppData\Local\Temp\2\sfproj_4beyb8me\tempProj\force-app\main\default\flows\Update_Amount_from_Lead.flow-meta.xml
2025-09-19 13:39:55,909 [DEBUG] sf_loader: Retrieved file: C:\Users\vm-bpa\AppData\Local\Temp\2\sfproj_4beyb8me\tempProj\force-app\main\default\flows\User_Add_Flow_User_to_User_Record_on_Create.flow-meta.xml
2025-09-19 13:39:55,909 [DEBUG] sf_loader: Retrieved file: C:\Users\vm-bpa\AppData\Local\Temp\2\sfproj_4beyb8me\tempProj\force-app\main\default\flows\USER_Add_user_to_Whats_new_group.flow-meta.xml
2025-09-19 13:39:55,910 [DEBUG] sf_loader: Retrieved file: C:\Users\vm-bpa\AppData\Local\Temp\2\sfproj_4beyb8me\tempProj\force-app\main\default\flows\User_Connect_to_Partner_User.flow-meta.xml
2025-09-19 13:39:55,910 [DEBUG] sf_loader: Retrieved file: C:\Users\vm-bpa\AppData\Local\Temp\2\sfproj_4beyb8me\tempProj\force-app\main\default\flows\User_Give_user_permission_set_Has_Sales_Goal.flow-meta.xml
2025-09-19 13:39:55,911 [DEBUG] sf_loader: Retrieved file: C:\Users\vm-bpa\AppData\Local\Temp\2\sfproj_4beyb8me\tempProj\force-app\main\default\flows\User_Insert_User_into_permission_group_All_Users_Permissions.flow-meta.xml
2025-09-19 13:39:55,911 [DEBUG] sf_loader: Retrieved file: C:\Users\vm-bpa\AppData\Local\Temp\2\sfproj_4beyb8me\tempProj\force-app\main\default\flows\User_Partner_License_Email_Notification.flow-meta.xml
2025-09-19 13:39:55,912 [DEBUG] sf_loader: Retrieved file: C:\Users\vm-bpa\AppData\Local\Temp\2\sfproj_4beyb8me\tempProj\force-app\main\default\flows\User_RTF_General.flow-meta.xml
2025-09-19 13:39:55,917 [DEBUG] sf_loader: Retrieved file: C:\Users\vm-bpa\AppData\Local\Temp\2\sfproj_4beyb8me\tempProj\force-app\main\default\flows\User_Salesforce_License_Email_Notification.flow-meta.xml
2025-09-19 13:39:55,933 [DEBUG] sf_loader: Retrieved file: C:\Users\vm-bpa\AppData\Local\Temp\2\sfproj_4beyb8me\tempProj\force-app\main\default\flows\User_Set_Region_and_Sub_Region.flow-meta.xml
2025-09-19 13:39:55,934 [DEBUG] sf_loader: Retrieved file: C:\Users\vm-bpa\AppData\Local\Temp\2\sfproj_4beyb8me\tempProj\force-app\main\default\flows\User_Stats_RTF_General.flow-meta.xml
2025-09-19 13:39:55,934 [DEBUG] sf_loader: Retrieved file: C:\Users\vm-bpa\AppData\Local\Temp\2\sfproj_4beyb8me\tempProj\force-app\main\default\flows\User_Stats_STF.flow-meta.xml
2025-09-19 13:39:55,935 [DEBUG] sf_loader: Found 215 flow files
2025-09-19 13:39:56,009 [DEBUG] sf_loader: Deleted temp DX project at C:\Users\vm-bpa\AppData\Local\Temp\2\sfproj_4beyb8me
2025-09-19 13:39:56,010 [INFO] __main__: Uploading flow: Accounts_Find_Duplicates_Notify_April_Mike.flow-meta
2025-09-19 13:39:56,010 [DEBUG] confluence_uploader: Building Fabric JSON for flow Accounts_Find_Duplicates_Notify_April_Mike.flow-meta
