2025-09-22 11:55:12,983 [INFO] __main__: Start
2025-09-22 11:55:12,984 [INFO] __main__: SYNC_MODE=OBJECTS
2025-09-22 11:55:12,984 [INFO] __main__: Starting object upload (parent 177537954)
2025-09-22 11:55:12,984 [DEBUG] sf_object_loader: Running CLI: C:\Program Files\sf\bin\sf.cmd sobject list --json -o Prod
2025-09-22 11:55:15,533 [INFO] sf_object_loader: LIMIT_OBJECTS enabled, restricting to first 3 objects
2025-09-22 11:55:15,533 [INFO] sf_object_loader: Describing object: AC_Corp_Form__ChangeEvent
2025-09-22 11:55:15,533 [DEBUG] sf_object_loader: Running CLI: C:\Program Files\sf\bin\sf.cmd sobject describe -s AC_Corp_Form__ChangeEvent --json -o Prod
2025-09-22 11:55:17,182 [INFO] sf_object_loader: Describing object: AC_Corp_Form__Share
2025-09-22 11:55:17,182 [DEBUG] sf_object_loader: Running CLI: C:\Program Files\sf\bin\sf.cmd sobject describe -s AC_Corp_Form__Share --json -o Prod
2025-09-22 11:55:18,757 [INFO] sf_object_loader: Describing object: AC_Corp_Form__c
2025-09-22 11:55:18,757 [DEBUG] sf_object_loader: Running CLI: C:\Program Files\sf\bin\sf.cmd sobject describe -s AC_Corp_Form__c --json -o Prod
2025-09-22 11:55:21,373 [INFO] __main__: Uploading object: AC_Corp_Form__ChangeEvent
2025-09-22 11:55:21,374 [DEBUG] confluence_uploader: Building Fabric JSON for object AC_Corp_Form__ChangeEvent
2025-09-22 11:55:21,378 [DEBUG] urllib3.connectionpool: Starting new HTTPS connection (1): cretemechanical.atlassian.net:443
2025-09-22 11:55:21,505 [DEBUG] urllib3.connectionpool: https://cretemechanical.atlassian.net:443 "GET /wiki/api/v2/pages?spaceId=28180482&title=AC_Corp_Form__ChangeEvent&expand=version HTTP/1.1" 200 None
2025-09-22 11:55:21,506 [DEBUG] urllib3.connectionpool: Starting new HTTPS connection (1): cretemechanical.atlassian.net:443
2025-09-22 11:55:21,612 [DEBUG] urllib3.connectionpool: https://cretemechanical.atlassian.net:443 "GET /wiki/rest/api/content/184123628?expand=body.atlas_doc_format,body.storage,version HTTP/1.1" 200 None
2025-09-22 11:55:21,614 [DEBUG] confluence_client: === RAW PAGE JSON BODY KEYS (v1) ===
2025-09-22 11:55:21,614 [DEBUG] confluence_client: ['storage', 'atlas_doc_format', '_expandable']
2025-09-22 11:55:21,614 [DEBUG] confluence_client: === BEGIN ATLAS DOC FORMAT (first 1000 chars) ===
2025-09-22 11:55:21,614 [DEBUG] confluence_client: {"type":"doc","content":[{"type":"heading","attrs":{"level":1},"content":[{"text":"Object: AC_Corp_Form__ChangeEvent","type":"text"}]},{"type":"paragraph","content":[{"text":"Label: ","type":"text","marks":[{"type":"strong"}]},{"text":"Change Event: AC Corp Form","type":"text"}]},{"type":"paragraph","content":[{"text":"Custom: ","type":"text","marks":[{"type":"strong"}]},{"text":"False","type":"text"}]},{"type":"paragraph","content":[{"text":"KeyPrefix: ","type":"text","marks":[{"type":"strong"}]}]},{"type":"heading","attrs":{"level":2},"content":[{"text":"Fields","type":"text"}]},{"type":"table","attrs":{"layout":"default"},"content":[{"type":"tableRow","content":[{"type":"tableHeader","attrs":{"colspan":1,"rowspan":1},"content":[{"type":"paragraph","content":[{"text":"Label (API Name)","type":"text"}]}]},{"type":"tableHeader","attrs":{"colspan":1,"rowspan":1},"content":[{"type":"paragraph","content":[{"text":"Type","type":"text"}]}]},{"type":"tableHeader","attrs":{"colspan":1,"rowspa
2025-09-22 11:55:21,615 [DEBUG] confluence_client: === END ATLAS DOC FORMAT ===
2025-09-22 11:55:21,615 [INFO] confluence_client: 🔄 Updating Confluence page 'AC_Corp_Form__ChangeEvent' (ID=184123628)
2025-09-22 11:55:21,616 [DEBUG] urllib3.connectionpool: Starting new HTTPS connection (1): cretemechanical.atlassian.net:443
2025-09-22 11:55:21,703 [DEBUG] urllib3.connectionpool: https://cretemechanical.atlassian.net:443 "GET /wiki/api/v2/pages/184123628?expand=version HTTP/1.1" 200 None
2025-09-22 11:55:21,705 [DEBUG] urllib3.connectionpool: Starting new HTTPS connection (1): cretemechanical.atlassian.net:443
2025-09-22 11:55:22,030 [DEBUG] urllib3.connectionpool: https://cretemechanical.atlassian.net:443 "PUT /wiki/api/v2/pages/184123628 HTTP/1.1" 200 None
2025-09-22 11:55:22,298 [INFO] __main__: Object processed: AC_Corp_Form__ChangeEvent
2025-09-22 11:55:22,298 [INFO] __main__: Uploading object: AC_Corp_Form__Share
2025-09-22 11:55:22,298 [DEBUG] confluence_uploader: Building Fabric JSON for object AC_Corp_Form__Share
2025-09-22 11:55:22,300 [DEBUG] urllib3.connectionpool: Starting new HTTPS connection (1): cretemechanical.atlassian.net:443
2025-09-22 11:55:22,369 [DEBUG] urllib3.connectionpool: https://cretemechanical.atlassian.net:443 "GET /wiki/api/v2/pages?spaceId=28180482&title=AC_Corp_Form__Share&expand=version HTTP/1.1" 200 None
2025-09-22 11:55:22,372 [DEBUG] urllib3.connectionpool: Starting new HTTPS connection (1): cretemechanical.atlassian.net:443
2025-09-22 11:55:22,469 [DEBUG] urllib3.connectionpool: https://cretemechanical.atlassian.net:443 "GET /wiki/rest/api/content/183501099?expand=body.atlas_doc_format,body.storage,version HTTP/1.1" 200 None
2025-09-22 11:55:22,469 [DEBUG] confluence_client: === RAW PAGE JSON BODY KEYS (v1) ===
2025-09-22 11:55:22,470 [DEBUG] confluence_client: ['storage', 'atlas_doc_format', '_expandable']
2025-09-22 11:55:22,470 [DEBUG] confluence_client: === BEGIN ATLAS DOC FORMAT (first 1000 chars) ===
2025-09-22 11:55:22,470 [DEBUG] confluence_client: {"type":"doc","content":[{"type":"heading","attrs":{"level":1},"content":[{"text":"Object: AC_Corp_Form__Share","type":"text"}]},{"type":"paragraph","content":[{"text":"Label: ","type":"text","marks":[{"type":"strong"}]},{"text":"Share: AC Corp Form","type":"text"}]},{"type":"paragraph","content":[{"text":"Custom: ","type":"text","marks":[{"type":"strong"}]},{"text":"False","type":"text"}]},{"type":"paragraph","content":[{"text":"KeyPrefix: ","type":"text","marks":[{"type":"strong"}]}]},{"type":"heading","attrs":{"level":2},"content":[{"text":"Fields","type":"text"}]},{"type":"table","attrs":{"layout":"default"},"content":[{"type":"tableRow","content":[{"type":"tableHeader","attrs":{"colspan":1,"rowspan":1},"content":[{"type":"paragraph","content":[{"text":"Label (API Name)","type":"text"}]}]},{"type":"tableHeader","attrs":{"colspan":1,"rowspan":1},"content":[{"type":"paragraph","content":[{"text":"Type","type":"text"}]}]},{"type":"tableHeader","attrs":{"colspan":1,"rowspan":1},"conten
2025-09-22 11:55:22,470 [DEBUG] confluence_client: === END ATLAS DOC FORMAT ===
2025-09-22 11:55:22,471 [INFO] confluence_client: 🔄 Updating Confluence page 'AC_Corp_Form__Share' (ID=183501099)
2025-09-22 11:55:22,472 [DEBUG] urllib3.connectionpool: Starting new HTTPS connection (1): cretemechanical.atlassian.net:443
2025-09-22 11:55:22,567 [DEBUG] urllib3.connectionpool: https://cretemechanical.atlassian.net:443 "GET /wiki/api/v2/pages/183501099?expand=version HTTP/1.1" 200 None
2025-09-22 11:55:22,569 [DEBUG] urllib3.connectionpool: Starting new HTTPS connection (1): cretemechanical.atlassian.net:443
2025-09-22 11:55:22,818 [DEBUG] urllib3.connectionpool: https://cretemechanical.atlassian.net:443 "PUT /wiki/api/v2/pages/183501099 HTTP/1.1" 200 None
2025-09-22 11:55:23,107 [INFO] __main__: Object processed: AC_Corp_Form__Share
2025-09-22 11:55:23,107 [INFO] __main__: Uploading object: AC_Corp_Form__c
2025-09-22 11:55:23,107 [DEBUG] confluence_uploader: Building Fabric JSON for object AC_Corp_Form__c
2025-09-22 11:55:23,110 [DEBUG] urllib3.connectionpool: Starting new HTTPS connection (1): cretemechanical.atlassian.net:443
2025-09-22 11:55:23,196 [DEBUG] urllib3.connectionpool: https://cretemechanical.atlassian.net:443 "GET /wiki/api/v2/pages?spaceId=28180482&title=AC_Corp_Form__c&expand=version HTTP/1.1" 200 None
2025-09-22 11:55:23,199 [DEBUG] urllib3.connectionpool: Starting new HTTPS connection (1): cretemechanical.atlassian.net:443
2025-09-22 11:55:23,285 [DEBUG] urllib3.connectionpool: https://cretemechanical.atlassian.net:443 "GET /wiki/rest/api/content/184156404?expand=body.atlas_doc_format,body.storage,version HTTP/1.1" 200 None
2025-09-22 11:55:23,288 [DEBUG] confluence_client: === RAW PAGE JSON BODY KEYS (v1) ===
2025-09-22 11:55:23,288 [DEBUG] confluence_client: ['storage', 'atlas_doc_format', '_expandable']
2025-09-22 11:55:23,288 [DEBUG] confluence_client: === BEGIN ATLAS DOC FORMAT (first 1000 chars) ===
2025-09-22 11:55:23,290 [DEBUG] confluence_client: {"type":"doc","content":[{"type":"heading","attrs":{"level":1},"content":[{"text":"Object: AC_Corp_Form__c","type":"text"}]},{"type":"paragraph","content":[{"text":"Label: ","type":"text","marks":[{"type":"strong"}]},{"text":"AC Corp Form","type":"text"}]},{"type":"paragraph","content":[{"text":"Custom: ","type":"text","marks":[{"type":"strong"}]},{"text":"True","type":"text"}]},{"type":"paragraph","content":[{"text":"KeyPrefix: ","type":"text","marks":[{"type":"strong"}]},{"text":"a2L","type":"text"}]},{"type":"heading","attrs":{"level":2},"content":[{"text":"Fields","type":"text"}]},{"type":"table","attrs":{"layout":"default"},"content":[{"type":"tableRow","content":[{"type":"tableHeader","attrs":{"colspan":1,"rowspan":1},"content":[{"type":"paragraph","content":[{"text":"Label (API Name)","type":"text"}]}]},{"type":"tableHeader","attrs":{"colspan":1,"rowspan":1},"content":[{"type":"paragraph","content":[{"text":"Type","type":"text"}]}]},{"type":"tableHeader","attrs":{"colspan":1,"ro
2025-09-22 11:55:23,292 [DEBUG] confluence_client: === END ATLAS DOC FORMAT ===
2025-09-22 11:55:23,293 [INFO] confluence_client: 🔄 Updating Confluence page 'AC_Corp_Form__c' (ID=184156404)
2025-09-22 11:55:23,294 [DEBUG] urllib3.connectionpool: Starting new HTTPS connection (1): cretemechanical.atlassian.net:443
2025-09-22 11:55:23,360 [DEBUG] urllib3.connectionpool: https://cretemechanical.atlassian.net:443 "GET /wiki/api/v2/pages/184156404?expand=version HTTP/1.1" 200 None
2025-09-22 11:55:23,362 [DEBUG] urllib3.connectionpool: Starting new HTTPS connection (1): cretemechanical.atlassian.net:443
2025-09-22 11:55:23,635 [DEBUG] urllib3.connectionpool: https://cretemechanical.atlassian.net:443 "PUT /wiki/api/v2/pages/184156404 HTTP/1.1" 200 None
2025-09-22 11:55:23,797 [INFO] __main__: Object processed: AC_Corp_Form__c
