2025-09-22 12:02:30,852 [INFO] __main__: Start
2025-09-22 12:02:30,854 [INFO] __main__: SYNC_MODE=OBJECTS
2025-09-22 12:02:30,854 [INFO] __main__: Starting object upload (parent 177537954)
2025-09-22 12:02:30,854 [DEBUG] sf_object_loader: Running CLI: C:\Program Files\sf\bin\sf.cmd sobject list --json -o Prod
2025-09-22 12:02:33,403 [INFO] sf_object_loader: LIMIT_OBJECTS enabled, restricting to first 3 objects
2025-09-22 12:02:33,403 [INFO] sf_object_loader: Describing object: AC_Corp_Form__ChangeEvent
2025-09-22 12:02:33,403 [DEBUG] sf_object_loader: Running CLI: C:\Program Files\sf\bin\sf.cmd sobject describe -s AC_Corp_Form__ChangeEvent --json -o Prod
2025-09-22 12:02:35,037 [INFO] sf_object_loader: Describing object: AC_Corp_Form__Share
2025-09-22 12:02:35,038 [DEBUG] sf_object_loader: Running CLI: C:\Program Files\sf\bin\sf.cmd sobject describe -s AC_Corp_Form__Share --json -o Prod
2025-09-22 12:02:36,628 [INFO] sf_object_loader: Describing object: AC_Corp_Form__c
2025-09-22 12:02:36,628 [DEBUG] sf_object_loader: Running CLI: C:\Program Files\sf\bin\sf.cmd sobject describe -s AC_Corp_Form__c --json -o Prod
2025-09-22 12:02:39,242 [INFO] __main__: Uploading object: AC_Corp_Form__ChangeEvent
2025-09-22 12:02:39,243 [DEBUG] urllib3.connectionpool: Starting new HTTPS connection (1): cretemechanical.atlassian.net:443
2025-09-22 12:02:39,429 [DEBUG] urllib3.connectionpool: https://cretemechanical.atlassian.net:443 "GET /wiki/api/v2/pages?spaceId=28180482&title=AC_Corp_Form__ChangeEvent&expand=version HTTP/1.1" 200 None
2025-09-22 12:02:39,431 [DEBUG] urllib3.connectionpool: Starting new HTTPS connection (1): cretemechanical.atlassian.net:443
2025-09-22 12:02:39,523 [DEBUG] urllib3.connectionpool: https://cretemechanical.atlassian.net:443 "GET /wiki/rest/api/content/183959818?expand=body.atlas_doc_format,body.storage,version HTTP/1.1" 200 None
2025-09-22 12:02:39,524 [DEBUG] confluence_client: === RAW PAGE JSON BODY KEYS (v1) ===
2025-09-22 12:02:39,524 [DEBUG] confluence_client: ['storage', 'atlas_doc_format', '_expandable']
2025-09-22 12:02:39,524 [DEBUG] confluence_client: === BEGIN ATLAS DOC FORMAT (first 1000 chars) ===
2025-09-22 12:02:39,525 [DEBUG] confluence_client: {"type":"doc","content":[{"type":"heading","attrs":{"level":1},"content":[{"text":"Object: AC_Corp_Form__ChangeEvent","type":"text"}]},{"type":"paragraph","content":[{"text":"Label: ","type":"text","marks":[{"type":"strong"}]},{"text":"Change Event: AC Corp Form","type":"text"}]},{"type":"paragraph","content":[{"text":"Custom: ","type":"text","marks":[{"type":"strong"}]},{"text":"False","type":"text"}]},{"type":"paragraph","content":[{"text":"KeyPrefix: ","type":"text","marks":[{"type":"strong"}]}]},{"type":"heading","attrs":{"level":2},"content":[{"text":"Description","type":"text"}]},{"type":"paragraph"},{"type":"heading","attrs":{"level":2},"content":[{"text":"Fields","type":"text"}]},{"type":"table","attrs":{"layout":"default"},"content":[{"type":"tableRow","content":[{"type":"tableHeader","attrs":{"colspan":1,"rowspan":1},"content":[{"type":"paragraph","content":[{"text":"Label (API Name)","type":"text"}]}]},{"type":"tableHeader","attrs":{"colspan":1,"rowspan":1},"content":[{"type
2025-09-22 12:02:39,525 [DEBUG] confluence_client: === END ATLAS DOC FORMAT ===
2025-09-22 12:02:39,525 [DEBUG] confluence_uploader: Building Fabric JSON for object AC_Corp_Form__ChangeEvent
2025-09-22 12:02:39,528 [DEBUG] urllib3.connectionpool: Starting new HTTPS connection (1): cretemechanical.atlassian.net:443
2025-09-22 12:02:39,619 [DEBUG] urllib3.connectionpool: https://cretemechanical.atlassian.net:443 "GET /wiki/api/v2/pages?spaceId=28180482&title=AC_Corp_Form__ChangeEvent&expand=version HTTP/1.1" 200 None
2025-09-22 12:02:39,621 [DEBUG] urllib3.connectionpool: Starting new HTTPS connection (1): cretemechanical.atlassian.net:443
2025-09-22 12:02:39,715 [DEBUG] urllib3.connectionpool: https://cretemechanical.atlassian.net:443 "GET /wiki/rest/api/content/183959818?expand=body.atlas_doc_format,body.storage,version HTTP/1.1" 200 None
2025-09-22 12:02:39,717 [DEBUG] confluence_client: === RAW PAGE JSON BODY KEYS (v1) ===
2025-09-22 12:02:39,717 [DEBUG] confluence_client: ['storage', 'atlas_doc_format', '_expandable']
2025-09-22 12:02:39,717 [DEBUG] confluence_client: === BEGIN ATLAS DOC FORMAT (first 1000 chars) ===
2025-09-22 12:02:39,718 [DEBUG] confluence_client: {"type":"doc","content":[{"type":"heading","attrs":{"level":1},"content":[{"text":"Object: AC_Corp_Form__ChangeEvent","type":"text"}]},{"type":"paragraph","content":[{"text":"Label: ","type":"text","marks":[{"type":"strong"}]},{"text":"Change Event: AC Corp Form","type":"text"}]},{"type":"paragraph","content":[{"text":"Custom: ","type":"text","marks":[{"type":"strong"}]},{"text":"False","type":"text"}]},{"type":"paragraph","content":[{"text":"KeyPrefix: ","type":"text","marks":[{"type":"strong"}]}]},{"type":"heading","attrs":{"level":2},"content":[{"text":"Description","type":"text"}]},{"type":"paragraph"},{"type":"heading","attrs":{"level":2},"content":[{"text":"Fields","type":"text"}]},{"type":"table","attrs":{"layout":"default"},"content":[{"type":"tableRow","content":[{"type":"tableHeader","attrs":{"colspan":1,"rowspan":1},"content":[{"type":"paragraph","content":[{"text":"Label (API Name)","type":"text"}]}]},{"type":"tableHeader","attrs":{"colspan":1,"rowspan":1},"content":[{"type
2025-09-22 12:02:39,718 [DEBUG] confluence_client: === END ATLAS DOC FORMAT ===
2025-09-22 12:02:39,718 [INFO] confluence_client: 🔄 Updating Confluence page 'AC_Corp_Form__ChangeEvent' (ID=183959818)
2025-09-22 12:02:39,719 [DEBUG] urllib3.connectionpool: Starting new HTTPS connection (1): cretemechanical.atlassian.net:443
2025-09-22 12:02:39,811 [DEBUG] urllib3.connectionpool: https://cretemechanical.atlassian.net:443 "GET /wiki/api/v2/pages/183959818?expand=version HTTP/1.1" 200 None
2025-09-22 12:02:39,812 [DEBUG] urllib3.connectionpool: Starting new HTTPS connection (1): cretemechanical.atlassian.net:443
2025-09-22 12:02:40,080 [DEBUG] urllib3.connectionpool: https://cretemechanical.atlassian.net:443 "PUT /wiki/api/v2/pages/183959818 HTTP/1.1" 200 None
2025-09-22 12:02:40,365 [INFO] __main__: Object processed: AC_Corp_Form__ChangeEvent
2025-09-22 12:02:40,365 [INFO] __main__: Uploading object: AC_Corp_Form__Share
2025-09-22 12:02:40,366 [DEBUG] urllib3.connectionpool: Starting new HTTPS connection (1): cretemechanical.atlassian.net:443
2025-09-22 12:02:40,469 [DEBUG] urllib3.connectionpool: https://cretemechanical.atlassian.net:443 "GET /wiki/api/v2/pages?spaceId=28180482&title=AC_Corp_Form__Share&expand=version HTTP/1.1" 200 None
2025-09-22 12:02:40,471 [DEBUG] urllib3.connectionpool: Starting new HTTPS connection (1): cretemechanical.atlassian.net:443
2025-09-22 12:02:40,529 [DEBUG] urllib3.connectionpool: https://cretemechanical.atlassian.net:443 "GET /wiki/rest/api/content/184025340?expand=body.atlas_doc_format,body.storage,version HTTP/1.1" 200 None
2025-09-22 12:02:40,534 [DEBUG] confluence_client: === RAW PAGE JSON BODY KEYS (v1) ===
2025-09-22 12:02:40,534 [DEBUG] confluence_client: ['storage', 'atlas_doc_format', '_expandable']
2025-09-22 12:02:40,534 [DEBUG] confluence_client: === BEGIN ATLAS DOC FORMAT (first 1000 chars) ===
2025-09-22 12:02:40,534 [DEBUG] confluence_client: {"type":"doc","content":[{"type":"heading","attrs":{"level":1},"content":[{"text":"Object: AC_Corp_Form__Share","type":"text"}]},{"type":"paragraph","content":[{"text":"Label: ","type":"text","marks":[{"type":"strong"}]},{"text":"Share: AC Corp Form","type":"text"}]},{"type":"paragraph","content":[{"text":"Custom: ","type":"text","marks":[{"type":"strong"}]},{"text":"False","type":"text"}]},{"type":"paragraph","content":[{"text":"KeyPrefix: ","type":"text","marks":[{"type":"strong"}]}]},{"type":"heading","attrs":{"level":2},"content":[{"text":"Description","type":"text"}]},{"type":"paragraph"},{"type":"heading","attrs":{"level":2},"content":[{"text":"Fields","type":"text"}]},{"type":"table","attrs":{"layout":"default"},"content":[{"type":"tableRow","content":[{"type":"tableHeader","attrs":{"colspan":1,"rowspan":1},"content":[{"type":"paragraph","content":[{"text":"Label (API Name)","type":"text"}]}]},{"type":"tableHeader","attrs":{"colspan":1,"rowspan":1},"content":[{"type":"paragraph"
2025-09-22 12:02:40,534 [DEBUG] confluence_client: === END ATLAS DOC FORMAT ===
2025-09-22 12:02:40,535 [DEBUG] confluence_uploader: Building Fabric JSON for object AC_Corp_Form__Share
2025-09-22 12:02:40,536 [DEBUG] urllib3.connectionpool: Starting new HTTPS connection (1): cretemechanical.atlassian.net:443
2025-09-22 12:02:40,597 [DEBUG] urllib3.connectionpool: https://cretemechanical.atlassian.net:443 "GET /wiki/api/v2/pages?spaceId=28180482&title=AC_Corp_Form__Share&expand=version HTTP/1.1" 200 None
2025-09-22 12:02:40,600 [DEBUG] urllib3.connectionpool: Starting new HTTPS connection (1): cretemechanical.atlassian.net:443
2025-09-22 12:02:40,692 [DEBUG] urllib3.connectionpool: https://cretemechanical.atlassian.net:443 "GET /wiki/rest/api/content/184025340?expand=body.atlas_doc_format,body.storage,version HTTP/1.1" 200 None
2025-09-22 12:02:40,694 [DEBUG] confluence_client: === RAW PAGE JSON BODY KEYS (v1) ===
2025-09-22 12:02:40,694 [DEBUG] confluence_client: ['storage', 'atlas_doc_format', '_expandable']
2025-09-22 12:02:40,694 [DEBUG] confluence_client: === BEGIN ATLAS DOC FORMAT (first 1000 chars) ===
2025-09-22 12:02:40,694 [DEBUG] confluence_client: {"type":"doc","content":[{"type":"heading","attrs":{"level":1},"content":[{"text":"Object: AC_Corp_Form__Share","type":"text"}]},{"type":"paragraph","content":[{"text":"Label: ","type":"text","marks":[{"type":"strong"}]},{"text":"Share: AC Corp Form","type":"text"}]},{"type":"paragraph","content":[{"text":"Custom: ","type":"text","marks":[{"type":"strong"}]},{"text":"False","type":"text"}]},{"type":"paragraph","content":[{"text":"KeyPrefix: ","type":"text","marks":[{"type":"strong"}]}]},{"type":"heading","attrs":{"level":2},"content":[{"text":"Description","type":"text"}]},{"type":"paragraph"},{"type":"heading","attrs":{"level":2},"content":[{"text":"Fields","type":"text"}]},{"type":"table","attrs":{"layout":"default"},"content":[{"type":"tableRow","content":[{"type":"tableHeader","attrs":{"colspan":1,"rowspan":1},"content":[{"type":"paragraph","content":[{"text":"Label (API Name)","type":"text"}]}]},{"type":"tableHeader","attrs":{"colspan":1,"rowspan":1},"content":[{"type":"paragraph"
2025-09-22 12:02:40,695 [DEBUG] confluence_client: === END ATLAS DOC FORMAT ===
2025-09-22 12:02:40,695 [INFO] confluence_client: 🔄 Updating Confluence page 'AC_Corp_Form__Share' (ID=184025340)
2025-09-22 12:02:40,696 [DEBUG] urllib3.connectionpool: Starting new HTTPS connection (1): cretemechanical.atlassian.net:443
2025-09-22 12:02:40,764 [DEBUG] urllib3.connectionpool: https://cretemechanical.atlassian.net:443 "GET /wiki/api/v2/pages/184025340?expand=version HTTP/1.1" 200 None
2025-09-22 12:02:40,766 [DEBUG] urllib3.connectionpool: Starting new HTTPS connection (1): cretemechanical.atlassian.net:443
2025-09-22 12:02:41,021 [DEBUG] urllib3.connectionpool: https://cretemechanical.atlassian.net:443 "PUT /wiki/api/v2/pages/184025340 HTTP/1.1" 200 None
2025-09-22 12:02:41,302 [INFO] __main__: Object processed: AC_Corp_Form__Share
2025-09-22 12:02:41,303 [INFO] __main__: Uploading object: AC_Corp_Form__c
2025-09-22 12:02:41,304 [DEBUG] urllib3.connectionpool: Starting new HTTPS connection (1): cretemechanical.atlassian.net:443
2025-09-22 12:02:41,370 [DEBUG] urllib3.connectionpool: https://cretemechanical.atlassian.net:443 "GET /wiki/api/v2/pages?spaceId=28180482&title=AC_Corp_Form__c&expand=version HTTP/1.1" 200 None
2025-09-22 12:02:41,377 [DEBUG] urllib3.connectionpool: Starting new HTTPS connection (1): cretemechanical.atlassian.net:443
2025-09-22 12:02:41,489 [DEBUG] urllib3.connectionpool: https://cretemechanical.atlassian.net:443 "GET /wiki/rest/api/content/184025361?expand=body.atlas_doc_format,body.storage,version HTTP/1.1" 200 None
2025-09-22 12:02:41,491 [DEBUG] confluence_client: === RAW PAGE JSON BODY KEYS (v1) ===
2025-09-22 12:02:41,491 [DEBUG] confluence_client: ['storage', 'atlas_doc_format', '_expandable']
2025-09-22 12:02:41,491 [DEBUG] confluence_client: === BEGIN ATLAS DOC FORMAT (first 1000 chars) ===
2025-09-22 12:02:41,491 [DEBUG] confluence_client: {"type":"doc","content":[{"type":"heading","attrs":{"level":1},"content":[{"text":"Object: AC_Corp_Form__c","type":"text"}]},{"type":"paragraph","content":[{"text":"Label: ","type":"text","marks":[{"type":"strong"}]},{"text":"AC Corp Form","type":"text"}]},{"type":"paragraph","content":[{"text":"Custom: ","type":"text","marks":[{"type":"strong"}]},{"text":"True","type":"text"}]},{"type":"paragraph","content":[{"text":"KeyPrefix: ","type":"text","marks":[{"type":"strong"}]},{"text":"a2L","type":"text"}]},{"type":"heading","attrs":{"level":2},"content":[{"text":"Description","type":"text"}]},{"type":"paragraph"},{"type":"heading","attrs":{"level":2},"content":[{"text":"Fields","type":"text"}]},{"type":"table","attrs":{"layout":"default"},"content":[{"type":"tableRow","content":[{"type":"tableHeader","attrs":{"colspan":1,"rowspan":1},"content":[{"type":"paragraph","content":[{"text":"Label (API Name)","type":"text"}]}]},{"type":"tableHeader","attrs":{"colspan":1,"rowspan":1},"content":[{"
2025-09-22 12:02:41,491 [DEBUG] confluence_client: === END ATLAS DOC FORMAT ===
2025-09-22 12:02:41,492 [DEBUG] confluence_uploader: Building Fabric JSON for object AC_Corp_Form__c
2025-09-22 12:02:41,495 [DEBUG] urllib3.connectionpool: Starting new HTTPS connection (1): cretemechanical.atlassian.net:443
2025-09-22 12:02:41,589 [DEBUG] urllib3.connectionpool: https://cretemechanical.atlassian.net:443 "GET /wiki/api/v2/pages?spaceId=28180482&title=AC_Corp_Form__c&expand=version HTTP/1.1" 200 None
2025-09-22 12:02:41,592 [DEBUG] urllib3.connectionpool: Starting new HTTPS connection (1): cretemechanical.atlassian.net:443
2025-09-22 12:02:41,658 [DEBUG] urllib3.connectionpool: https://cretemechanical.atlassian.net:443 "GET /wiki/rest/api/content/184025361?expand=body.atlas_doc_format,body.storage,version HTTP/1.1" 200 None
2025-09-22 12:02:41,661 [DEBUG] confluence_client: === RAW PAGE JSON BODY KEYS (v1) ===
2025-09-22 12:02:41,661 [DEBUG] confluence_client: ['storage', 'atlas_doc_format', '_expandable']
2025-09-22 12:02:41,661 [DEBUG] confluence_client: === BEGIN ATLAS DOC FORMAT (first 1000 chars) ===
2025-09-22 12:02:41,661 [DEBUG] confluence_client: {"type":"doc","content":[{"type":"heading","attrs":{"level":1},"content":[{"text":"Object: AC_Corp_Form__c","type":"text"}]},{"type":"paragraph","content":[{"text":"Label: ","type":"text","marks":[{"type":"strong"}]},{"text":"AC Corp Form","type":"text"}]},{"type":"paragraph","content":[{"text":"Custom: ","type":"text","marks":[{"type":"strong"}]},{"text":"True","type":"text"}]},{"type":"paragraph","content":[{"text":"KeyPrefix: ","type":"text","marks":[{"type":"strong"}]},{"text":"a2L","type":"text"}]},{"type":"heading","attrs":{"level":2},"content":[{"text":"Description","type":"text"}]},{"type":"paragraph"},{"type":"heading","attrs":{"level":2},"content":[{"text":"Fields","type":"text"}]},{"type":"table","attrs":{"layout":"default"},"content":[{"type":"tableRow","content":[{"type":"tableHeader","attrs":{"colspan":1,"rowspan":1},"content":[{"type":"paragraph","content":[{"text":"Label (API Name)","type":"text"}]}]},{"type":"tableHeader","attrs":{"colspan":1,"rowspan":1},"content":[{"
2025-09-22 12:02:41,662 [DEBUG] confluence_client: === END ATLAS DOC FORMAT ===
2025-09-22 12:02:41,663 [INFO] confluence_client: 🔄 Updating Confluence page 'AC_Corp_Form__c' (ID=184025361)
2025-09-22 12:02:41,664 [DEBUG] urllib3.connectionpool: Starting new HTTPS connection (1): cretemechanical.atlassian.net:443
2025-09-22 12:02:41,740 [DEBUG] urllib3.connectionpool: https://cretemechanical.atlassian.net:443 "GET /wiki/api/v2/pages/184025361?expand=version HTTP/1.1" 200 None
2025-09-22 12:02:41,741 [DEBUG] urllib3.connectionpool: Starting new HTTPS connection (1): cretemechanical.atlassian.net:443
2025-09-22 12:02:41,988 [DEBUG] urllib3.connectionpool: https://cretemechanical.atlassian.net:443 "PUT /wiki/api/v2/pages/184025361 HTTP/1.1" 200 None
2025-09-22 12:02:42,147 [INFO] __main__: Object processed: AC_Corp_Form__c
