2025-09-22 11:50:24,838 [INFO] __main__: Start
2025-09-22 11:50:24,839 [INFO] __main__: SYNC_MODE=OBJECTS
2025-09-22 11:50:24,839 [INFO] __main__: Starting object upload (parent 177537954)
2025-09-22 11:50:24,839 [DEBUG] sf_object_loader: Running CLI: C:\Program Files\sf\bin\sf.cmd sobject list --json -o Prod
2025-09-22 11:50:27,400 [INFO] sf_object_loader: LIMIT_OBJECTS enabled, restricting to first 3 objects
2025-09-22 11:50:27,400 [INFO] sf_object_loader: Describing object: AC_Corp_Form__ChangeEvent
2025-09-22 11:50:27,401 [DEBUG] sf_object_loader: Running CLI: C:\Program Files\sf\bin\sf.cmd sobject describe -s AC_Corp_Form__ChangeEvent --json -o Prod
2025-09-22 11:50:30,063 [INFO] sf_object_loader: Describing object: AC_Corp_Form__Share
2025-09-22 11:50:30,064 [DEBUG] sf_object_loader: Running CLI: C:\Program Files\sf\bin\sf.cmd sobject describe -s AC_Corp_Form__Share --json -o Prod
2025-09-22 11:50:31,633 [INFO] sf_object_loader: Describing object: AC_Corp_Form__c
2025-09-22 11:50:31,633 [DEBUG] sf_object_loader: Running CLI: C:\Program Files\sf\bin\sf.cmd sobject describe -s AC_Corp_Form__c --json -o Prod
2025-09-22 11:50:34,231 [INFO] __main__: Uploading object: AC_Corp_Form__ChangeEvent
2025-09-22 11:50:34,232 [DEBUG] confluence_uploader: Building Fabric JSON for object AC_Corp_Form__ChangeEvent
2025-09-22 11:50:34,232 [ERROR] __main__: Failed to upload object AC_Corp_Form__ChangeEvent
Traceback (most recent call last):
  File "C:\Users\vm-bpa\OneDrive - Crete Mechanical\Code\UploadFlowDocumentation\main.py", line 51, in process_objects
    uploader.upload_object_doc(parent_id=parent_id, object_name=obj_name, fields=fields, meta=meta)
  File "C:\Users\vm-bpa\OneDrive - Crete Mechanical\Code\UploadFlowDocumentation\confluence_uploader.py", line 131, in upload_object_doc
    table = self._build_table(headers, rows)
AttributeError: 'ConfluenceUploader' object has no attribute '_build_table'
2025-09-22 11:50:34,233 [INFO] __main__: Uploading object: AC_Corp_Form__Share
2025-09-22 11:50:34,233 [DEBUG] confluence_uploader: Building Fabric JSON for object AC_Corp_Form__Share
2025-09-22 11:50:34,233 [ERROR] __main__: Failed to upload object AC_Corp_Form__Share
Traceback (most recent call last):
  File "C:\Users\vm-bpa\OneDrive - Crete Mechanical\Code\UploadFlowDocumentation\main.py", line 51, in process_objects
    uploader.upload_object_doc(parent_id=parent_id, object_name=obj_name, fields=fields, meta=meta)
  File "C:\Users\vm-bpa\OneDrive - Crete Mechanical\Code\UploadFlowDocumentation\confluence_uploader.py", line 131, in upload_object_doc
    table = self._build_table(headers, rows)
AttributeError: 'ConfluenceUploader' object has no attribute '_build_table'
2025-09-22 11:50:34,234 [INFO] __main__: Uploading object: AC_Corp_Form__c
2025-09-22 11:50:34,234 [DEBUG] confluence_uploader: Building Fabric JSON for object AC_Corp_Form__c
2025-09-22 11:50:34,235 [ERROR] __main__: Failed to upload object AC_Corp_Form__c
Traceback (most recent call last):
  File "C:\Users\vm-bpa\OneDrive - Crete Mechanical\Code\UploadFlowDocumentation\main.py", line 51, in process_objects
    uploader.upload_object_doc(parent_id=parent_id, object_name=obj_name, fields=fields, meta=meta)
  File "C:\Users\vm-bpa\OneDrive - Crete Mechanical\Code\UploadFlowDocumentation\confluence_uploader.py", line 131, in upload_object_doc
    table = self._build_table(headers, rows)
AttributeError: 'ConfluenceUploader' object has no attribute '_build_table'
