2025-09-22 11:41:21,153 [INFO] __main__: Start
2025-09-22 11:41:21,154 [INFO] __main__: SYNC_MODE=OBJECTS
2025-09-22 11:41:21,154 [INFO] __main__: Starting object upload (parent 177537954)
2025-09-22 11:41:21,155 [DEBUG] sf_object_loader: Running CLI: C:\Program Files\sf\bin\sf.cmd sobject list --json -o Prod
2025-09-22 11:41:23,695 [INFO] sf_object_loader: LIMIT_OBJECTS enabled, restricting to first 10 objects
2025-09-22 11:41:23,695 [INFO] sf_object_loader: Describing object: AC_Corp_Form__ChangeEvent
2025-09-22 11:41:23,695 [DEBUG] sf_object_loader: Running CLI: C:\Program Files\sf\bin\sf.cmd sobject describe -s AC_Corp_Form__ChangeEvent --json -o Prod
2025-09-22 11:41:25,216 [INFO] sf_object_loader: Describing object: AC_Corp_Form__Share
2025-09-22 11:41:25,216 [DEBUG] sf_object_loader: Running CLI: C:\Program Files\sf\bin\sf.cmd sobject describe -s AC_Corp_Form__Share --json -o Prod
2025-09-22 11:41:26,740 [INFO] sf_object_loader: Describing object: AC_Corp_Form__c
2025-09-22 11:41:26,740 [DEBUG] sf_object_loader: Running CLI: C:\Program Files\sf\bin\sf.cmd sobject describe -s AC_Corp_Form__c --json -o Prod
2025-09-22 11:41:28,264 [INFO] sf_object_loader: Describing object: AIApplication
2025-09-22 11:41:28,264 [DEBUG] sf_object_loader: Running CLI: C:\Program Files\sf\bin\sf.cmd sobject describe -s AIApplication --json -o Prod
2025-09-22 11:41:29,801 [INFO] sf_object_loader: Describing object: AIApplicationConfig
2025-09-22 11:41:29,801 [DEBUG] sf_object_loader: Running CLI: C:\Program Files\sf\bin\sf.cmd sobject describe -s AIApplicationConfig --json -o Prod
2025-09-22 11:41:31,317 [INFO] sf_object_loader: Describing object: AIInsightAction
2025-09-22 11:41:31,318 [DEBUG] sf_object_loader: Running CLI: C:\Program Files\sf\bin\sf.cmd sobject describe -s AIInsightAction --json -o Prod
2025-09-22 11:41:32,840 [INFO] sf_object_loader: Describing object: AIInsightFeedback
2025-09-22 11:41:32,840 [DEBUG] sf_object_loader: Running CLI: C:\Program Files\sf\bin\sf.cmd sobject describe -s AIInsightFeedback --json -o Prod
2025-09-22 11:41:34,358 [INFO] sf_object_loader: Describing object: AIInsightReason
2025-09-22 11:41:34,358 [DEBUG] sf_object_loader: Running CLI: C:\Program Files\sf\bin\sf.cmd sobject describe -s AIInsightReason --json -o Prod
2025-09-22 11:41:35,882 [INFO] sf_object_loader: Describing object: AIInsightValue
2025-09-22 11:41:35,882 [DEBUG] sf_object_loader: Running CLI: C:\Program Files\sf\bin\sf.cmd sobject describe -s AIInsightValue --json -o Prod
2025-09-22 11:41:39,445 [INFO] sf_object_loader: Describing object: AIPredictionEvent
2025-09-22 11:41:39,446 [DEBUG] sf_object_loader: Running CLI: C:\Program Files\sf\bin\sf.cmd sobject describe -s AIPredictionEvent --json -o Prod
2025-09-22 11:41:40,992 [INFO] __main__: Uploading object: AC_Corp_Form__ChangeEvent
2025-09-22 11:41:40,993 [DEBUG] confluence_uploader: Building Fabric JSON for object AC_Corp_Form__ChangeEvent
2025-09-22 11:41:40,997 [DEBUG] urllib3.connectionpool: Starting new HTTPS connection (1): cretemechanical.atlassian.net:443
2025-09-22 11:41:41,079 [DEBUG] urllib3.connectionpool: https://cretemechanical.atlassian.net:443 "GET /wiki/api/v2/pages?spaceId=28180482&title=AC_Corp_Form__ChangeEvent&expand=version HTTP/1.1" 200 None
2025-09-22 11:41:41,080 [INFO] confluence_client: 🆕 Creating new Confluence page 'AC_Corp_Form__ChangeEvent' under parent 177537954
2025-09-22 11:41:41,081 [DEBUG] urllib3.connectionpool: Starting new HTTPS connection (1): cretemechanical.atlassian.net:443
2025-09-22 11:41:42,543 [DEBUG] urllib3.connectionpool: https://cretemechanical.atlassian.net:443 "POST /wiki/api/v2/pages HTTP/1.1" 200 None
2025-09-22 11:41:42,869 [INFO] __main__: Object processed: AC_Corp_Form__ChangeEvent
2025-09-22 11:41:42,870 [INFO] __main__: Uploading object: AC_Corp_Form__Share
2025-09-22 11:41:42,870 [DEBUG] confluence_uploader: Building Fabric JSON for object AC_Corp_Form__Share
2025-09-22 11:41:42,871 [DEBUG] urllib3.connectionpool: Starting new HTTPS connection (1): cretemechanical.atlassian.net:443
2025-09-22 11:41:42,952 [DEBUG] urllib3.connectionpool: https://cretemechanical.atlassian.net:443 "GET /wiki/api/v2/pages?spaceId=28180482&title=AC_Corp_Form__Share&expand=version HTTP/1.1" 200 None
2025-09-22 11:41:42,953 [INFO] confluence_client: 🆕 Creating new Confluence page 'AC_Corp_Form__Share' under parent 177537954
2025-09-22 11:41:42,954 [DEBUG] urllib3.connectionpool: Starting new HTTPS connection (1): cretemechanical.atlassian.net:443
2025-09-22 11:41:44,293 [DEBUG] urllib3.connectionpool: https://cretemechanical.atlassian.net:443 "POST /wiki/api/v2/pages HTTP/1.1" 200 None
2025-09-22 11:41:44,644 [INFO] __main__: Object processed: AC_Corp_Form__Share
2025-09-22 11:41:44,644 [INFO] __main__: Uploading object: AC_Corp_Form__c
2025-09-22 11:41:44,644 [DEBUG] confluence_uploader: Building Fabric JSON for object AC_Corp_Form__c
2025-09-22 11:41:44,647 [DEBUG] urllib3.connectionpool: Starting new HTTPS connection (1): cretemechanical.atlassian.net:443
2025-09-22 11:41:44,703 [DEBUG] urllib3.connectionpool: https://cretemechanical.atlassian.net:443 "GET /wiki/api/v2/pages?spaceId=28180482&title=AC_Corp_Form__c&expand=version HTTP/1.1" 200 None
2025-09-22 11:41:44,704 [INFO] confluence_client: 🆕 Creating new Confluence page 'AC_Corp_Form__c' under parent 177537954
2025-09-22 11:41:44,705 [DEBUG] urllib3.connectionpool: Starting new HTTPS connection (1): cretemechanical.atlassian.net:443
2025-09-22 11:41:45,795 [DEBUG] urllib3.connectionpool: https://cretemechanical.atlassian.net:443 "POST /wiki/api/v2/pages HTTP/1.1" 200 None
2025-09-22 11:41:46,152 [INFO] __main__: Object processed: AC_Corp_Form__c
2025-09-22 11:41:46,153 [INFO] __main__: Uploading object: AIApplication
2025-09-22 11:41:46,153 [DEBUG] confluence_uploader: Building Fabric JSON for object AIApplication
2025-09-22 11:41:46,155 [DEBUG] urllib3.connectionpool: Starting new HTTPS connection (1): cretemechanical.atlassian.net:443
2025-09-22 11:41:46,246 [DEBUG] urllib3.connectionpool: https://cretemechanical.atlassian.net:443 "GET /wiki/api/v2/pages?spaceId=28180482&title=AIApplication&expand=version HTTP/1.1" 200 None
2025-09-22 11:41:46,247 [INFO] confluence_client: 🆕 Creating new Confluence page 'AIApplication' under parent 177537954
2025-09-22 11:41:46,248 [DEBUG] urllib3.connectionpool: Starting new HTTPS connection (1): cretemechanical.atlassian.net:443
2025-09-22 11:41:47,394 [DEBUG] urllib3.connectionpool: https://cretemechanical.atlassian.net:443 "POST /wiki/api/v2/pages HTTP/1.1" 200 None
2025-09-22 11:41:47,771 [INFO] __main__: Object processed: AIApplication
2025-09-22 11:41:47,771 [INFO] __main__: Uploading object: AIApplicationConfig
2025-09-22 11:41:47,771 [DEBUG] confluence_uploader: Building Fabric JSON for object AIApplicationConfig
2025-09-22 11:41:47,773 [DEBUG] urllib3.connectionpool: Starting new HTTPS connection (1): cretemechanical.atlassian.net:443
2025-09-22 11:41:47,842 [DEBUG] urllib3.connectionpool: https://cretemechanical.atlassian.net:443 "GET /wiki/api/v2/pages?spaceId=28180482&title=AIApplicationConfig&expand=version HTTP/1.1" 200 None
2025-09-22 11:41:47,843 [INFO] confluence_client: 🆕 Creating new Confluence page 'AIApplicationConfig' under parent 177537954
2025-09-22 11:41:47,844 [DEBUG] urllib3.connectionpool: Starting new HTTPS connection (1): cretemechanical.atlassian.net:443
2025-09-22 11:41:48,598 [DEBUG] urllib3.connectionpool: https://cretemechanical.atlassian.net:443 "POST /wiki/api/v2/pages HTTP/1.1" 200 None
2025-09-22 11:41:48,947 [INFO] __main__: Object processed: AIApplicationConfig
2025-09-22 11:41:48,947 [INFO] __main__: Uploading object: AIInsightAction
2025-09-22 11:41:48,947 [DEBUG] confluence_uploader: Building Fabric JSON for object AIInsightAction
2025-09-22 11:41:48,949 [DEBUG] urllib3.connectionpool: Starting new HTTPS connection (1): cretemechanical.atlassian.net:443
2025-09-22 11:41:49,028 [DEBUG] urllib3.connectionpool: https://cretemechanical.atlassian.net:443 "GET /wiki/api/v2/pages?spaceId=28180482&title=AIInsightAction&expand=version HTTP/1.1" 200 None
2025-09-22 11:41:49,029 [INFO] confluence_client: 🆕 Creating new Confluence page 'AIInsightAction' under parent 177537954
2025-09-22 11:41:49,030 [DEBUG] urllib3.connectionpool: Starting new HTTPS connection (1): cretemechanical.atlassian.net:443
2025-09-22 11:41:49,415 [DEBUG] urllib3.connectionpool: https://cretemechanical.atlassian.net:443 "POST /wiki/api/v2/pages HTTP/1.1" 200 None
2025-09-22 11:41:49,636 [INFO] __main__: Object processed: AIInsightAction
2025-09-22 11:41:49,636 [INFO] __main__: Uploading object: AIInsightFeedback
2025-09-22 11:41:49,636 [DEBUG] confluence_uploader: Building Fabric JSON for object AIInsightFeedback
2025-09-22 11:41:49,638 [DEBUG] urllib3.connectionpool: Starting new HTTPS connection (1): cretemechanical.atlassian.net:443
2025-09-22 11:41:49,714 [DEBUG] urllib3.connectionpool: https://cretemechanical.atlassian.net:443 "GET /wiki/api/v2/pages?spaceId=28180482&title=AIInsightFeedback&expand=version HTTP/1.1" 200 None
2025-09-22 11:41:49,715 [INFO] confluence_client: 🆕 Creating new Confluence page 'AIInsightFeedback' under parent 177537954
2025-09-22 11:41:49,716 [DEBUG] urllib3.connectionpool: Starting new HTTPS connection (1): cretemechanical.atlassian.net:443
2025-09-22 11:41:50,282 [DEBUG] urllib3.connectionpool: https://cretemechanical.atlassian.net:443 "POST /wiki/api/v2/pages HTTP/1.1" 200 None
2025-09-22 11:41:50,498 [INFO] __main__: Object processed: AIInsightFeedback
2025-09-22 11:41:50,498 [INFO] __main__: Uploading object: AIInsightReason
2025-09-22 11:41:50,498 [DEBUG] confluence_uploader: Building Fabric JSON for object AIInsightReason
2025-09-22 11:41:50,500 [DEBUG] urllib3.connectionpool: Starting new HTTPS connection (1): cretemechanical.atlassian.net:443
2025-09-22 11:41:50,587 [DEBUG] urllib3.connectionpool: https://cretemechanical.atlassian.net:443 "GET /wiki/api/v2/pages?spaceId=28180482&title=AIInsightReason&expand=version HTTP/1.1" 200 None
2025-09-22 11:41:50,601 [INFO] confluence_client: 🆕 Creating new Confluence page 'AIInsightReason' under parent 177537954
2025-09-22 11:41:50,602 [DEBUG] urllib3.connectionpool: Starting new HTTPS connection (1): cretemechanical.atlassian.net:443
2025-09-22 11:41:51,000 [DEBUG] urllib3.connectionpool: https://cretemechanical.atlassian.net:443 "POST /wiki/api/v2/pages HTTP/1.1" 200 None
2025-09-22 11:41:51,210 [INFO] __main__: Object processed: AIInsightReason
2025-09-22 11:41:51,210 [INFO] __main__: Uploading object: AIInsightValue
2025-09-22 11:41:51,210 [DEBUG] confluence_uploader: Building Fabric JSON for object AIInsightValue
2025-09-22 11:41:51,214 [DEBUG] urllib3.connectionpool: Starting new HTTPS connection (1): cretemechanical.atlassian.net:443
2025-09-22 11:41:51,287 [DEBUG] urllib3.connectionpool: https://cretemechanical.atlassian.net:443 "GET /wiki/api/v2/pages?spaceId=28180482&title=AIInsightValue&expand=version HTTP/1.1" 200 None
2025-09-22 11:41:51,287 [INFO] confluence_client: 🆕 Creating new Confluence page 'AIInsightValue' under parent 177537954
2025-09-22 11:41:51,289 [DEBUG] urllib3.connectionpool: Starting new HTTPS connection (1): cretemechanical.atlassian.net:443
2025-09-22 11:41:52,224 [DEBUG] urllib3.connectionpool: https://cretemechanical.atlassian.net:443 "POST /wiki/api/v2/pages HTTP/1.1" 200 None
2025-09-22 11:41:52,564 [INFO] __main__: Object processed: AIInsightValue
2025-09-22 11:41:52,564 [INFO] __main__: Uploading object: AIPredictionEvent
2025-09-22 11:41:52,564 [DEBUG] confluence_uploader: Building Fabric JSON for object AIPredictionEvent
2025-09-22 11:41:52,566 [DEBUG] urllib3.connectionpool: Starting new HTTPS connection (1): cretemechanical.atlassian.net:443
2025-09-22 11:41:52,643 [DEBUG] urllib3.connectionpool: https://cretemechanical.atlassian.net:443 "GET /wiki/api/v2/pages?spaceId=28180482&title=AIPredictionEvent&expand=version HTTP/1.1" 200 None
2025-09-22 11:41:52,644 [INFO] confluence_client: 🆕 Creating new Confluence page 'AIPredictionEvent' under parent 177537954
2025-09-22 11:41:52,645 [DEBUG] urllib3.connectionpool: Starting new HTTPS connection (1): cretemechanical.atlassian.net:443
2025-09-22 11:41:53,012 [DEBUG] urllib3.connectionpool: https://cretemechanical.atlassian.net:443 "POST /wiki/api/v2/pages HTTP/1.1" 200 None
2025-09-22 11:41:53,362 [INFO] __main__: Object processed: AIPredictionEvent
