2025-09-22 12:08:54,675 [INFO] __main__: Start
2025-09-22 12:08:54,676 [INFO] __main__: SYNC_MODE=OBJECTS
2025-09-22 12:08:54,676 [INFO] __main__: Starting object upload (parent 177537954)
2025-09-22 12:08:54,676 [DEBUG] sf_object_loader: Running CLI: C:\Program Files\sf\bin\sf.cmd sobject list --json -o Prod
2025-09-22 12:08:57,215 [INFO] sf_object_loader: LIMIT_OBJECTS enabled, restricting to first 3 objects
2025-09-22 12:08:57,215 [INFO] sf_object_loader: Describing object: AC_Corp_Form__ChangeEvent
2025-09-22 12:08:57,215 [DEBUG] sf_object_loader: Running CLI: C:\Program Files\sf\bin\sf.cmd sobject describe -s AC_Corp_Form__ChangeEvent --json -o Prod
2025-09-22 12:08:58,749 [INFO] sf_object_loader: Describing object: AC_Corp_Form__Share
2025-09-22 12:08:58,750 [DEBUG] sf_object_loader: Running CLI: C:\Program Files\sf\bin\sf.cmd sobject describe -s AC_Corp_Form__Share --json -o Prod
2025-09-22 12:09:00,267 [INFO] sf_object_loader: Describing object: AC_Corp_Form__c
2025-09-22 12:09:00,267 [DEBUG] sf_object_loader: Running CLI: C:\Program Files\sf\bin\sf.cmd sobject describe -s AC_Corp_Form__c --json -o Prod
2025-09-22 12:09:02,889 [INFO] __main__: Uploading object: AC_Corp_Form__ChangeEvent
2025-09-22 12:09:02,891 [DEBUG] urllib3.connectionpool: Starting new HTTPS connection (1): cretemechanical.atlassian.net:443
2025-09-22 12:09:02,981 [DEBUG] urllib3.connectionpool: https://cretemechanical.atlassian.net:443 "GET /wiki/api/v2/pages?spaceId=28180482&title=AC_Corp_Form__ChangeEvent&expand=version HTTP/1.1" 200 None
2025-09-22 12:09:02,982 [DEBUG] urllib3.connectionpool: Starting new HTTPS connection (1): cretemechanical.atlassian.net:443
2025-09-22 12:09:03,069 [DEBUG] urllib3.connectionpool: https://cretemechanical.atlassian.net:443 "GET /wiki/rest/api/content/183959818?expand=body.atlas_doc_format,body.storage,version HTTP/1.1" 200 None
2025-09-22 12:09:03,070 [DEBUG] confluence_client: === RAW PAGE JSON BODY KEYS (v1) ===
2025-09-22 12:09:03,070 [DEBUG] confluence_client: ['storage', 'atlas_doc_format', '_expandable']
2025-09-22 12:09:03,071 [DEBUG] confluence_client: === BEGIN ATLAS DOC FORMAT (first 1000 chars) ===
2025-09-22 12:09:03,071 [DEBUG] confluence_client: {"type":"doc","content":[{"type":"heading","attrs":{"level":1},"content":[{"text":"Object: AC_Corp_Form__ChangeEvent","type":"text"}]},{"type":"paragraph","content":[{"text":"Label: ","type":"text","marks":[{"type":"strong"}]},{"text":"Change Event: AC Corp Form","type":"text"}]},{"type":"paragraph","content":[{"text":"Custom: ","type":"text","marks":[{"type":"strong"}]},{"text":"False","type":"text"}]},{"type":"paragraph","content":[{"text":"KeyPrefix: ","type":"text","marks":[{"type":"strong"}]}]},{"type":"heading","attrs":{"level":2},"content":[{"text":"Description","type":"text"}]},{"type":"paragraph"},{"type":"heading","attrs":{"level":2},"content":[{"text":"Custom Notes","type":"text"}]},{"type":"paragraph","content":[{"text":",\"type\":\"text,{\"type\":\"paragraph\",\"content\":[{\"text\":\"<!-- START CUSTOM NOTES -->\\n\\\\n\\\\n\\n<!-- END CUSTOM NOTES -->\",\"type\":\"text,{\"type\":\"heading\",\"attrs\":{\"level\":2},\"content\":[{","type":"text"}]},{"type":"heading","attrs"
2025-09-22 12:09:03,071 [DEBUG] confluence_client: === END ATLAS DOC FORMAT ===
2025-09-22 12:09:03,072 [DEBUG] confluence_uploader: Building Fabric JSON for object AC_Corp_Form__ChangeEvent
2025-09-22 12:09:03,074 [DEBUG] urllib3.connectionpool: Starting new HTTPS connection (1): cretemechanical.atlassian.net:443
2025-09-22 12:09:03,155 [DEBUG] urllib3.connectionpool: https://cretemechanical.atlassian.net:443 "GET /wiki/api/v2/pages?spaceId=28180482&title=AC_Corp_Form__ChangeEvent&expand=version HTTP/1.1" 200 None
2025-09-22 12:09:03,157 [DEBUG] urllib3.connectionpool: Starting new HTTPS connection (1): cretemechanical.atlassian.net:443
2025-09-22 12:09:03,269 [DEBUG] urllib3.connectionpool: https://cretemechanical.atlassian.net:443 "GET /wiki/rest/api/content/183959818?expand=body.atlas_doc_format,body.storage,version HTTP/1.1" 200 None
2025-09-22 12:09:03,269 [DEBUG] confluence_client: === RAW PAGE JSON BODY KEYS (v1) ===
2025-09-22 12:09:03,271 [DEBUG] confluence_client: ['storage', 'atlas_doc_format', '_expandable']
2025-09-22 12:09:03,271 [DEBUG] confluence_client: === BEGIN ATLAS DOC FORMAT (first 1000 chars) ===
2025-09-22 12:09:03,271 [DEBUG] confluence_client: {"type":"doc","content":[{"type":"heading","attrs":{"level":1},"content":[{"text":"Object: AC_Corp_Form__ChangeEvent","type":"text"}]},{"type":"paragraph","content":[{"text":"Label: ","type":"text","marks":[{"type":"strong"}]},{"text":"Change Event: AC Corp Form","type":"text"}]},{"type":"paragraph","content":[{"text":"Custom: ","type":"text","marks":[{"type":"strong"}]},{"text":"False","type":"text"}]},{"type":"paragraph","content":[{"text":"KeyPrefix: ","type":"text","marks":[{"type":"strong"}]}]},{"type":"heading","attrs":{"level":2},"content":[{"text":"Description","type":"text"}]},{"type":"paragraph"},{"type":"heading","attrs":{"level":2},"content":[{"text":"Custom Notes","type":"text"}]},{"type":"paragraph","content":[{"text":",\"type\":\"text,{\"type\":\"paragraph\",\"content\":[{\"text\":\"<!-- START CUSTOM NOTES -->\\n\\\\n\\\\n\\n<!-- END CUSTOM NOTES -->\",\"type\":\"text,{\"type\":\"heading\",\"attrs\":{\"level\":2},\"content\":[{","type":"text"}]},{"type":"heading","attrs"
2025-09-22 12:09:03,271 [DEBUG] confluence_client: === END ATLAS DOC FORMAT ===
2025-09-22 12:09:03,272 [INFO] confluence_client: 🔄 Updating Confluence page 'AC_Corp_Form__ChangeEvent' (ID=183959818)
2025-09-22 12:09:03,273 [DEBUG] urllib3.connectionpool: Starting new HTTPS connection (1): cretemechanical.atlassian.net:443
2025-09-22 12:09:03,325 [DEBUG] urllib3.connectionpool: https://cretemechanical.atlassian.net:443 "GET /wiki/api/v2/pages/183959818?expand=version HTTP/1.1" 200 None
2025-09-22 12:09:03,327 [DEBUG] urllib3.connectionpool: Starting new HTTPS connection (1): cretemechanical.atlassian.net:443
2025-09-22 12:09:03,554 [DEBUG] urllib3.connectionpool: https://cretemechanical.atlassian.net:443 "PUT /wiki/api/v2/pages/183959818 HTTP/1.1" 200 None
2025-09-22 12:09:03,846 [INFO] __main__: Object processed: AC_Corp_Form__ChangeEvent
2025-09-22 12:09:03,847 [INFO] __main__: Uploading object: AC_Corp_Form__Share
2025-09-22 12:09:03,848 [DEBUG] urllib3.connectionpool: Starting new HTTPS connection (1): cretemechanical.atlassian.net:443
2025-09-22 12:09:03,981 [DEBUG] urllib3.connectionpool: https://cretemechanical.atlassian.net:443 "GET /wiki/api/v2/pages?spaceId=28180482&title=AC_Corp_Form__Share&expand=version HTTP/1.1" 200 None
2025-09-22 12:09:03,982 [DEBUG] urllib3.connectionpool: Starting new HTTPS connection (1): cretemechanical.atlassian.net:443
2025-09-22 12:09:04,045 [DEBUG] urllib3.connectionpool: https://cretemechanical.atlassian.net:443 "GET /wiki/rest/api/content/184025340?expand=body.atlas_doc_format,body.storage,version HTTP/1.1" 200 None
2025-09-22 12:09:04,046 [DEBUG] confluence_client: === RAW PAGE JSON BODY KEYS (v1) ===
2025-09-22 12:09:04,046 [DEBUG] confluence_client: ['storage', 'atlas_doc_format', '_expandable']
2025-09-22 12:09:04,047 [DEBUG] confluence_client: === BEGIN ATLAS DOC FORMAT (first 1000 chars) ===
2025-09-22 12:09:04,047 [DEBUG] confluence_client: {"type":"doc","content":[{"type":"heading","attrs":{"level":1},"content":[{"text":"Object: AC_Corp_Form__Share","type":"text"}]},{"type":"paragraph","content":[{"text":"Label: ","type":"text","marks":[{"type":"strong"}]},{"text":"Share: AC Corp Form","type":"text"}]},{"type":"paragraph","content":[{"text":"Custom: ","type":"text","marks":[{"type":"strong"}]},{"text":"False","type":"text"}]},{"type":"paragraph","content":[{"text":"KeyPrefix: ","type":"text","marks":[{"type":"strong"}]}]},{"type":"heading","attrs":{"level":2},"content":[{"text":"Description","type":"text"}]},{"type":"paragraph"},{"type":"heading","attrs":{"level":2},"content":[{"text":"Custom Notes","type":"text"}]},{"type":"paragraph","content":[{"text":",\"type\":\"text,{\"type\":\"paragraph\",\"content\":[{\"text\":\"<!-- START CUSTOM NOTES -->\\n\\\\n\\\\n\\n<!-- END CUSTOM NOTES -->\",\"type\":\"text,{\"type\":\"heading\",\"attrs\":{\"level\":2},\"content\":[{","type":"text"}]},{"type":"heading","attrs":{"level":2},
2025-09-22 12:09:04,047 [DEBUG] confluence_client: === END ATLAS DOC FORMAT ===
2025-09-22 12:09:04,048 [DEBUG] confluence_uploader: Building Fabric JSON for object AC_Corp_Form__Share
2025-09-22 12:09:04,049 [DEBUG] urllib3.connectionpool: Starting new HTTPS connection (1): cretemechanical.atlassian.net:443
2025-09-22 12:09:04,135 [DEBUG] urllib3.connectionpool: https://cretemechanical.atlassian.net:443 "GET /wiki/api/v2/pages?spaceId=28180482&title=AC_Corp_Form__Share&expand=version HTTP/1.1" 200 None
2025-09-22 12:09:04,136 [DEBUG] urllib3.connectionpool: Starting new HTTPS connection (1): cretemechanical.atlassian.net:443
2025-09-22 12:09:04,215 [DEBUG] urllib3.connectionpool: https://cretemechanical.atlassian.net:443 "GET /wiki/rest/api/content/184025340?expand=body.atlas_doc_format,body.storage,version HTTP/1.1" 200 None
2025-09-22 12:09:04,216 [DEBUG] confluence_client: === RAW PAGE JSON BODY KEYS (v1) ===
2025-09-22 12:09:04,216 [DEBUG] confluence_client: ['storage', 'atlas_doc_format', '_expandable']
2025-09-22 12:09:04,217 [DEBUG] confluence_client: === BEGIN ATLAS DOC FORMAT (first 1000 chars) ===
2025-09-22 12:09:04,217 [DEBUG] confluence_client: {"type":"doc","content":[{"type":"heading","attrs":{"level":1},"content":[{"text":"Object: AC_Corp_Form__Share","type":"text"}]},{"type":"paragraph","content":[{"text":"Label: ","type":"text","marks":[{"type":"strong"}]},{"text":"Share: AC Corp Form","type":"text"}]},{"type":"paragraph","content":[{"text":"Custom: ","type":"text","marks":[{"type":"strong"}]},{"text":"False","type":"text"}]},{"type":"paragraph","content":[{"text":"KeyPrefix: ","type":"text","marks":[{"type":"strong"}]}]},{"type":"heading","attrs":{"level":2},"content":[{"text":"Description","type":"text"}]},{"type":"paragraph"},{"type":"heading","attrs":{"level":2},"content":[{"text":"Custom Notes","type":"text"}]},{"type":"paragraph","content":[{"text":",\"type\":\"text,{\"type\":\"paragraph\",\"content\":[{\"text\":\"<!-- START CUSTOM NOTES -->\\n\\\\n\\\\n\\n<!-- END CUSTOM NOTES -->\",\"type\":\"text,{\"type\":\"heading\",\"attrs\":{\"level\":2},\"content\":[{","type":"text"}]},{"type":"heading","attrs":{"level":2},
2025-09-22 12:09:04,217 [DEBUG] confluence_client: === END ATLAS DOC FORMAT ===
2025-09-22 12:09:04,218 [INFO] confluence_client: 🔄 Updating Confluence page 'AC_Corp_Form__Share' (ID=184025340)
2025-09-22 12:09:04,219 [DEBUG] urllib3.connectionpool: Starting new HTTPS connection (1): cretemechanical.atlassian.net:443
2025-09-22 12:09:04,298 [DEBUG] urllib3.connectionpool: https://cretemechanical.atlassian.net:443 "GET /wiki/api/v2/pages/184025340?expand=version HTTP/1.1" 200 None
2025-09-22 12:09:04,300 [DEBUG] urllib3.connectionpool: Starting new HTTPS connection (1): cretemechanical.atlassian.net:443
2025-09-22 12:09:04,636 [DEBUG] urllib3.connectionpool: https://cretemechanical.atlassian.net:443 "PUT /wiki/api/v2/pages/184025340 HTTP/1.1" 200 None
2025-09-22 12:09:04,827 [INFO] __main__: Object processed: AC_Corp_Form__Share
2025-09-22 12:09:04,828 [INFO] __main__: Uploading object: AC_Corp_Form__c
2025-09-22 12:09:04,829 [DEBUG] urllib3.connectionpool: Starting new HTTPS connection (1): cretemechanical.atlassian.net:443
2025-09-22 12:09:04,914 [DEBUG] urllib3.connectionpool: https://cretemechanical.atlassian.net:443 "GET /wiki/api/v2/pages?spaceId=28180482&title=AC_Corp_Form__c&expand=version HTTP/1.1" 200 None
2025-09-22 12:09:04,915 [DEBUG] urllib3.connectionpool: Starting new HTTPS connection (1): cretemechanical.atlassian.net:443
2025-09-22 12:09:04,996 [DEBUG] urllib3.connectionpool: https://cretemechanical.atlassian.net:443 "GET /wiki/rest/api/content/184025361?expand=body.atlas_doc_format,body.storage,version HTTP/1.1" 200 None
2025-09-22 12:09:04,999 [DEBUG] confluence_client: === RAW PAGE JSON BODY KEYS (v1) ===
2025-09-22 12:09:04,999 [DEBUG] confluence_client: ['storage', 'atlas_doc_format', '_expandable']
2025-09-22 12:09:04,999 [DEBUG] confluence_client: === BEGIN ATLAS DOC FORMAT (first 1000 chars) ===
2025-09-22 12:09:05,000 [DEBUG] confluence_client: {"type":"doc","content":[{"type":"heading","attrs":{"level":1},"content":[{"text":"Object: AC_Corp_Form__c","type":"text"}]},{"type":"paragraph","content":[{"text":"Label: ","type":"text","marks":[{"type":"strong"}]},{"text":"AC Corp Form","type":"text"}]},{"type":"paragraph","content":[{"text":"Custom: ","type":"text","marks":[{"type":"strong"}]},{"text":"True","type":"text"}]},{"type":"paragraph","content":[{"text":"KeyPrefix: ","type":"text","marks":[{"type":"strong"}]},{"text":"a2L","type":"text"}]},{"type":"heading","attrs":{"level":2},"content":[{"text":"Description","type":"text"}]},{"type":"paragraph"},{"type":"heading","attrs":{"level":2},"content":[{"text":"Custom Notes","type":"text"}]},{"type":"paragraph","content":[{"text":"test","type":"text"}]},{"type":"heading","attrs":{"level":2},"content":[{"text":"Fields","type":"text"}]},{"type":"table","attrs":{"layout":"default","width":760.0,"localId":"75ab12cf-f550-46d1-87ab-cfe28f794c50"},"content":[{"type":"tableRow","content"
2025-09-22 12:09:05,000 [DEBUG] confluence_client: === END ATLAS DOC FORMAT ===
2025-09-22 12:09:05,001 [DEBUG] confluence_uploader: Building Fabric JSON for object AC_Corp_Form__c
2025-09-22 12:09:05,004 [DEBUG] urllib3.connectionpool: Starting new HTTPS connection (1): cretemechanical.atlassian.net:443
2025-09-22 12:09:05,127 [DEBUG] urllib3.connectionpool: https://cretemechanical.atlassian.net:443 "GET /wiki/api/v2/pages?spaceId=28180482&title=AC_Corp_Form__c&expand=version HTTP/1.1" 200 None
2025-09-22 12:09:05,128 [DEBUG] urllib3.connectionpool: Starting new HTTPS connection (1): cretemechanical.atlassian.net:443
2025-09-22 12:09:05,194 [DEBUG] urllib3.connectionpool: https://cretemechanical.atlassian.net:443 "GET /wiki/rest/api/content/184025361?expand=body.atlas_doc_format,body.storage,version HTTP/1.1" 200 None
2025-09-22 12:09:05,196 [DEBUG] confluence_client: === RAW PAGE JSON BODY KEYS (v1) ===
2025-09-22 12:09:05,196 [DEBUG] confluence_client: ['storage', 'atlas_doc_format', '_expandable']
2025-09-22 12:09:05,196 [DEBUG] confluence_client: === BEGIN ATLAS DOC FORMAT (first 1000 chars) ===
2025-09-22 12:09:05,196 [DEBUG] confluence_client: {"type":"doc","content":[{"type":"heading","attrs":{"level":1},"content":[{"text":"Object: AC_Corp_Form__c","type":"text"}]},{"type":"paragraph","content":[{"text":"Label: ","type":"text","marks":[{"type":"strong"}]},{"text":"AC Corp Form","type":"text"}]},{"type":"paragraph","content":[{"text":"Custom: ","type":"text","marks":[{"type":"strong"}]},{"text":"True","type":"text"}]},{"type":"paragraph","content":[{"text":"KeyPrefix: ","type":"text","marks":[{"type":"strong"}]},{"text":"a2L","type":"text"}]},{"type":"heading","attrs":{"level":2},"content":[{"text":"Description","type":"text"}]},{"type":"paragraph"},{"type":"heading","attrs":{"level":2},"content":[{"text":"Custom Notes","type":"text"}]},{"type":"paragraph","content":[{"text":"test","type":"text"}]},{"type":"heading","attrs":{"level":2},"content":[{"text":"Fields","type":"text"}]},{"type":"table","attrs":{"layout":"default","width":760.0,"localId":"75ab12cf-f550-46d1-87ab-cfe28f794c50"},"content":[{"type":"tableRow","content"
2025-09-22 12:09:05,197 [DEBUG] confluence_client: === END ATLAS DOC FORMAT ===
2025-09-22 12:09:05,197 [INFO] confluence_client: 🔄 Updating Confluence page 'AC_Corp_Form__c' (ID=184025361)
2025-09-22 12:09:05,198 [DEBUG] urllib3.connectionpool: Starting new HTTPS connection (1): cretemechanical.atlassian.net:443
2025-09-22 12:09:05,256 [DEBUG] urllib3.connectionpool: https://cretemechanical.atlassian.net:443 "GET /wiki/api/v2/pages/184025361?expand=version HTTP/1.1" 200 None
2025-09-22 12:09:05,258 [DEBUG] urllib3.connectionpool: Starting new HTTPS connection (1): cretemechanical.atlassian.net:443
2025-09-22 12:09:05,532 [DEBUG] urllib3.connectionpool: https://cretemechanical.atlassian.net:443 "PUT /wiki/api/v2/pages/184025361 HTTP/1.1" 200 None
2025-09-22 12:09:05,806 [INFO] __main__: Object processed: AC_Corp_Form__c
