2025-09-22 11:22:09,041 [INFO] __main__: Start
2025-09-22 11:22:09,041 [INFO] __main__: SYNC_MODE=OBJECTS
2025-09-22 11:22:09,041 [INFO] __main__: Starting object upload (parent 177537954)
2025-09-22 11:22:09,041 [DEBUG] sf_object_loader: Running CLI: C:\Program Files\sf\bin\sf.cmd sobject list --json -o Prod
2025-09-22 11:22:11,610 [INFO] sf_object_loader: LIMIT_OBJECTS enabled, restricting to first 10 objects
2025-09-22 11:22:11,611 [INFO] sf_object_loader: Describing object: AC_Corp_Form__ChangeEvent
2025-09-22 11:22:11,611 [DEBUG] sf_object_loader: Running CLI: C:\Program Files\sf\bin\sf.cmd sobject describe -s AC_Corp_Form__ChangeEvent --json -o Prod
2025-09-22 11:22:13,174 [INFO] sf_object_loader: Describing object: AC_Corp_Form__Share
2025-09-22 11:22:13,174 [DEBUG] sf_object_loader: Running CLI: C:\Program Files\sf\bin\sf.cmd sobject describe -s AC_Corp_Form__Share --json -o Prod
2025-09-22 11:22:14,739 [INFO] sf_object_loader: Describing object: AC_Corp_Form__c
2025-09-22 11:22:14,739 [DEBUG] sf_object_loader: Running CLI: C:\Program Files\sf\bin\sf.cmd sobject describe -s AC_Corp_Form__c --json -o Prod
2025-09-22 11:22:17,349 [INFO] sf_object_loader: Describing object: AIApplication
2025-09-22 11:22:17,349 [DEBUG] sf_object_loader: Running CLI: C:\Program Files\sf\bin\sf.cmd sobject describe -s AIApplication --json -o Prod
2025-09-22 11:22:18,863 [INFO] sf_object_loader: Describing object: AIApplicationConfig
2025-09-22 11:22:18,863 [DEBUG] sf_object_loader: Running CLI: C:\Program Files\sf\bin\sf.cmd sobject describe -s AIApplicationConfig --json -o Prod
2025-09-22 11:22:20,443 [INFO] sf_object_loader: Describing object: AIInsightAction
2025-09-22 11:22:20,443 [DEBUG] sf_object_loader: Running CLI: C:\Program Files\sf\bin\sf.cmd sobject describe -s AIInsightAction --json -o Prod
2025-09-22 11:22:21,959 [INFO] sf_object_loader: Describing object: AIInsightFeedback
2025-09-22 11:22:21,959 [DEBUG] sf_object_loader: Running CLI: C:\Program Files\sf\bin\sf.cmd sobject describe -s AIInsightFeedback --json -o Prod
2025-09-22 11:22:23,482 [INFO] sf_object_loader: Describing object: AIInsightReason
2025-09-22 11:22:23,482 [DEBUG] sf_object_loader: Running CLI: C:\Program Files\sf\bin\sf.cmd sobject describe -s AIInsightReason --json -o Prod
2025-09-22 11:22:25,006 [INFO] sf_object_loader: Describing object: AIInsightValue
2025-09-22 11:22:25,007 [DEBUG] sf_object_loader: Running CLI: C:\Program Files\sf\bin\sf.cmd sobject describe -s AIInsightValue --json -o Prod
2025-09-22 11:22:28,582 [INFO] sf_object_loader: Describing object: AIPredictionEvent
2025-09-22 11:22:28,582 [DEBUG] sf_object_loader: Running CLI: C:\Program Files\sf\bin\sf.cmd sobject describe -s AIPredictionEvent --json -o Prod
2025-09-22 11:22:30,124 [INFO] __main__: Uploading object: AC_Corp_Form__ChangeEvent
2025-09-22 11:22:30,125 [DEBUG] confluence_uploader: Building Fabric JSON for object AC_Corp_Form__ChangeEvent
2025-09-22 11:22:30,128 [DEBUG] urllib3.connectionpool: Starting new HTTPS connection (1): cretemechanical.atlassian.net:443
2025-09-22 11:22:30,324 [DEBUG] urllib3.connectionpool: https://cretemechanical.atlassian.net:443 "GET /wiki/api/v2/pages?spaceId=28180482&title=AC_Corp_Form__ChangeEvent&expand=version HTTP/1.1" 200 None
2025-09-22 11:22:30,325 [DEBUG] urllib3.connectionpool: Starting new HTTPS connection (1): cretemechanical.atlassian.net:443
2025-09-22 11:22:30,437 [DEBUG] urllib3.connectionpool: https://cretemechanical.atlassian.net:443 "GET /wiki/rest/api/content/181797389?expand=body.atlas_doc_format,body.storage,version HTTP/1.1" 200 None
2025-09-22 11:22:30,439 [DEBUG] confluence_client: === RAW PAGE JSON BODY KEYS (v1) ===
2025-09-22 11:22:30,439 [DEBUG] confluence_client: ['storage', 'atlas_doc_format', '_expandable']
2025-09-22 11:22:30,439 [DEBUG] confluence_client: === BEGIN ATLAS DOC FORMAT (first 1000 chars) ===
2025-09-22 11:22:30,439 [DEBUG] confluence_client: {"type":"doc","content":[{"type":"heading","attrs":{"level":1},"content":[{"text":"AC_Corp_Form__ChangeEvent","type":"text"}]},{"type":"heading","attrs":{"level":2},"content":[{"text":"Description","type":"text"}]},{"type":"paragraph","content":[{"text":"No description available","type":"text"}]},{"type":"heading","attrs":{"level":2},"content":[{"text":"Notes","type":"text"}]},{"type":"paragraph","content":[{"text":"No notes yet","type":"text"}]},{"type":"heading","attrs":{"level":2},"content":[{"text":"Metadata","type":"text"}]},{"type":"table","attrs":{"layout":"default"},"content":[{"type":"tableRow","content":[{"type":"tableHeader","attrs":{"colspan":1,"rowspan":1},"content":[{"type":"paragraph","content":[{"text":"Property","type":"text"}]}]},{"type":"tableHeader","attrs":{"colspan":1,"rowspan":1},"content":[{"type":"paragraph","content":[{"text":"Value","type":"text"}]}]}]},{"type":"tableRow","content":[{"type":"tableCell","attrs":{"colspan":1,"rowspan":1},"content":[{"type":"par
2025-09-22 11:22:30,440 [DEBUG] confluence_client: === END ATLAS DOC FORMAT ===
2025-09-22 11:22:30,441 [INFO] confluence_client: 🔄 Updating Confluence page 'AC_Corp_Form__ChangeEvent' (ID=181797389)
2025-09-22 11:22:30,442 [DEBUG] urllib3.connectionpool: Starting new HTTPS connection (1): cretemechanical.atlassian.net:443
2025-09-22 11:22:30,543 [DEBUG] urllib3.connectionpool: https://cretemechanical.atlassian.net:443 "GET /wiki/api/v2/pages/181797389?expand=version HTTP/1.1" 200 None
2025-09-22 11:22:30,545 [DEBUG] urllib3.connectionpool: Starting new HTTPS connection (1): cretemechanical.atlassian.net:443
2025-09-22 11:22:30,804 [DEBUG] urllib3.connectionpool: https://cretemechanical.atlassian.net:443 "PUT /wiki/api/v2/pages/181797389 HTTP/1.1" 200 None
2025-09-22 11:22:31,081 [INFO] __main__: Object processed: AC_Corp_Form__ChangeEvent
2025-09-22 11:22:31,081 [INFO] __main__: Uploading object: AC_Corp_Form__Share
2025-09-22 11:22:31,081 [DEBUG] confluence_uploader: Building Fabric JSON for object AC_Corp_Form__Share
2025-09-22 11:22:31,083 [DEBUG] urllib3.connectionpool: Starting new HTTPS connection (1): cretemechanical.atlassian.net:443
2025-09-22 11:22:31,211 [DEBUG] urllib3.connectionpool: https://cretemechanical.atlassian.net:443 "GET /wiki/api/v2/pages?spaceId=28180482&title=AC_Corp_Form__Share&expand=version HTTP/1.1" 200 None
2025-09-22 11:22:31,213 [DEBUG] urllib3.connectionpool: Starting new HTTPS connection (1): cretemechanical.atlassian.net:443
2025-09-22 11:22:31,314 [DEBUG] urllib3.connectionpool: https://cretemechanical.atlassian.net:443 "GET /wiki/rest/api/content/182353921?expand=body.atlas_doc_format,body.storage,version HTTP/1.1" 200 None
2025-09-22 11:22:31,315 [DEBUG] confluence_client: === RAW PAGE JSON BODY KEYS (v1) ===
2025-09-22 11:22:31,316 [DEBUG] confluence_client: ['storage', 'atlas_doc_format', '_expandable']
2025-09-22 11:22:31,316 [DEBUG] confluence_client: === BEGIN ATLAS DOC FORMAT (first 1000 chars) ===
2025-09-22 11:22:31,316 [DEBUG] confluence_client: {"type":"doc","content":[{"type":"heading","attrs":{"level":1},"content":[{"text":"AC_Corp_Form__Share","type":"text"}]},{"type":"heading","attrs":{"level":2},"content":[{"text":"Description","type":"text"}]},{"type":"paragraph","content":[{"text":"No description available","type":"text"}]},{"type":"heading","attrs":{"level":2},"content":[{"text":"Notes","type":"text"}]},{"type":"paragraph","content":[{"text":"No notes yet","type":"text"}]},{"type":"heading","attrs":{"level":2},"content":[{"text":"Metadata","type":"text"}]},{"type":"table","attrs":{"layout":"default"},"content":[{"type":"tableRow","content":[{"type":"tableHeader","attrs":{"colspan":1,"rowspan":1},"content":[{"type":"paragraph","content":[{"text":"Property","type":"text"}]}]},{"type":"tableHeader","attrs":{"colspan":1,"rowspan":1},"content":[{"type":"paragraph","content":[{"text":"Value","type":"text"}]}]}]},{"type":"tableRow","content":[{"type":"tableCell","attrs":{"colspan":1,"rowspan":1},"content":[{"type":"paragraph
2025-09-22 11:22:31,316 [DEBUG] confluence_client: === END ATLAS DOC FORMAT ===
2025-09-22 11:22:31,317 [INFO] confluence_client: 🔄 Updating Confluence page 'AC_Corp_Form__Share' (ID=182353921)
2025-09-22 11:22:31,318 [DEBUG] urllib3.connectionpool: Starting new HTTPS connection (1): cretemechanical.atlassian.net:443
2025-09-22 11:22:31,404 [DEBUG] urllib3.connectionpool: https://cretemechanical.atlassian.net:443 "GET /wiki/api/v2/pages/182353921?expand=version HTTP/1.1" 200 None
2025-09-22 11:22:31,405 [DEBUG] urllib3.connectionpool: Starting new HTTPS connection (1): cretemechanical.atlassian.net:443
2025-09-22 11:22:31,667 [DEBUG] urllib3.connectionpool: https://cretemechanical.atlassian.net:443 "PUT /wiki/api/v2/pages/182353921 HTTP/1.1" 200 None
2025-09-22 11:22:31,931 [INFO] __main__: Object processed: AC_Corp_Form__Share
2025-09-22 11:22:31,931 [INFO] __main__: Uploading object: AC_Corp_Form__c
2025-09-22 11:22:31,931 [DEBUG] confluence_uploader: Building Fabric JSON for object AC_Corp_Form__c
2025-09-22 11:22:31,935 [DEBUG] urllib3.connectionpool: Starting new HTTPS connection (1): cretemechanical.atlassian.net:443
2025-09-22 11:22:32,007 [DEBUG] urllib3.connectionpool: https://cretemechanical.atlassian.net:443 "GET /wiki/api/v2/pages?spaceId=28180482&title=AC_Corp_Form__c&expand=version HTTP/1.1" 200 None
2025-09-22 11:22:32,009 [DEBUG] urllib3.connectionpool: Starting new HTTPS connection (1): cretemechanical.atlassian.net:443
2025-09-22 11:22:32,078 [DEBUG] urllib3.connectionpool: https://cretemechanical.atlassian.net:443 "GET /wiki/rest/api/content/181764831?expand=body.atlas_doc_format,body.storage,version HTTP/1.1" 200 None
2025-09-22 11:22:32,079 [DEBUG] confluence_client: === RAW PAGE JSON BODY KEYS (v1) ===
2025-09-22 11:22:32,080 [DEBUG] confluence_client: ['storage', 'atlas_doc_format', '_expandable']
2025-09-22 11:22:32,080 [DEBUG] confluence_client: === BEGIN ATLAS DOC FORMAT (first 1000 chars) ===
2025-09-22 11:22:32,080 [DEBUG] confluence_client: {"type":"doc","content":[{"type":"heading","attrs":{"level":1},"content":[{"text":"AC_Corp_Form__c","type":"text"}]},{"type":"heading","attrs":{"level":2},"content":[{"text":"Description","type":"text"}]},{"type":"paragraph","content":[{"text":"No description available","type":"text"}]},{"type":"heading","attrs":{"level":2},"content":[{"text":"Notes","type":"text"}]},{"type":"paragraph","content":[{"text":"No notes yet","type":"text"}]},{"type":"heading","attrs":{"level":2},"content":[{"text":"Metadata","type":"text"}]},{"type":"table","attrs":{"layout":"default"},"content":[{"type":"tableRow","content":[{"type":"tableHeader","attrs":{"colspan":1,"rowspan":1},"content":[{"type":"paragraph","content":[{"text":"Property","type":"text"}]}]},{"type":"tableHeader","attrs":{"colspan":1,"rowspan":1},"content":[{"type":"paragraph","content":[{"text":"Value","type":"text"}]}]}]},{"type":"tableRow","content":[{"type":"tableCell","attrs":{"colspan":1,"rowspan":1},"content":[{"type":"paragraph","c
2025-09-22 11:22:32,080 [DEBUG] confluence_client: === END ATLAS DOC FORMAT ===
2025-09-22 11:22:32,081 [INFO] confluence_client: 🔄 Updating Confluence page 'AC_Corp_Form__c' (ID=181764831)
2025-09-22 11:22:32,082 [DEBUG] urllib3.connectionpool: Starting new HTTPS connection (1): cretemechanical.atlassian.net:443
2025-09-22 11:22:32,161 [DEBUG] urllib3.connectionpool: https://cretemechanical.atlassian.net:443 "GET /wiki/api/v2/pages/181764831?expand=version HTTP/1.1" 200 None
2025-09-22 11:22:32,163 [DEBUG] urllib3.connectionpool: Starting new HTTPS connection (1): cretemechanical.atlassian.net:443
2025-09-22 11:22:32,436 [DEBUG] urllib3.connectionpool: https://cretemechanical.atlassian.net:443 "PUT /wiki/api/v2/pages/181764831 HTTP/1.1" 200 None
2025-09-22 11:22:32,708 [INFO] __main__: Object processed: AC_Corp_Form__c
2025-09-22 11:22:32,708 [INFO] __main__: Uploading object: AIApplication
2025-09-22 11:22:32,708 [DEBUG] confluence_uploader: Building Fabric JSON for object AIApplication
2025-09-22 11:22:32,709 [DEBUG] urllib3.connectionpool: Starting new HTTPS connection (1): cretemechanical.atlassian.net:443
2025-09-22 11:22:32,811 [DEBUG] urllib3.connectionpool: https://cretemechanical.atlassian.net:443 "GET /wiki/api/v2/pages?spaceId=28180482&title=AIApplication&expand=version HTTP/1.1" 200 None
2025-09-22 11:22:32,813 [DEBUG] urllib3.connectionpool: Starting new HTTPS connection (1): cretemechanical.atlassian.net:443
2025-09-22 11:22:32,893 [DEBUG] urllib3.connectionpool: https://cretemechanical.atlassian.net:443 "GET /wiki/rest/api/content/181797411?expand=body.atlas_doc_format,body.storage,version HTTP/1.1" 200 None
2025-09-22 11:22:32,894 [DEBUG] confluence_client: === RAW PAGE JSON BODY KEYS (v1) ===
2025-09-22 11:22:32,894 [DEBUG] confluence_client: ['storage', 'atlas_doc_format', '_expandable']
2025-09-22 11:22:32,895 [DEBUG] confluence_client: === BEGIN ATLAS DOC FORMAT (first 1000 chars) ===
2025-09-22 11:22:32,895 [DEBUG] confluence_client: {"type":"doc","content":[{"type":"heading","attrs":{"level":1},"content":[{"text":"AIApplication","type":"text"}]},{"type":"heading","attrs":{"level":2},"content":[{"text":"Description","type":"text"}]},{"type":"paragraph","content":[{"text":"No description available","type":"text"}]},{"type":"heading","attrs":{"level":2},"content":[{"text":"Notes","type":"text"}]},{"type":"paragraph","content":[{"text":"No notes yet","type":"text"}]},{"type":"heading","attrs":{"level":2},"content":[{"text":"Metadata","type":"text"}]},{"type":"table","attrs":{"layout":"default"},"content":[{"type":"tableRow","content":[{"type":"tableHeader","attrs":{"colspan":1,"rowspan":1},"content":[{"type":"paragraph","content":[{"text":"Property","type":"text"}]}]},{"type":"tableHeader","attrs":{"colspan":1,"rowspan":1},"content":[{"type":"paragraph","content":[{"text":"Value","type":"text"}]}]}]},{"type":"tableRow","content":[{"type":"tableCell","attrs":{"colspan":1,"rowspan":1},"content":[{"type":"paragraph","con
2025-09-22 11:22:32,895 [DEBUG] confluence_client: === END ATLAS DOC FORMAT ===
2025-09-22 11:22:32,896 [INFO] confluence_client: 🔄 Updating Confluence page 'AIApplication' (ID=181797411)
2025-09-22 11:22:32,897 [DEBUG] urllib3.connectionpool: Starting new HTTPS connection (1): cretemechanical.atlassian.net:443
2025-09-22 11:22:32,987 [DEBUG] urllib3.connectionpool: https://cretemechanical.atlassian.net:443 "GET /wiki/api/v2/pages/181797411?expand=version HTTP/1.1" 200 None
2025-09-22 11:22:32,989 [DEBUG] urllib3.connectionpool: Starting new HTTPS connection (1): cretemechanical.atlassian.net:443
2025-09-22 11:22:33,216 [DEBUG] urllib3.connectionpool: https://cretemechanical.atlassian.net:443 "PUT /wiki/api/v2/pages/181797411 HTTP/1.1" 200 None
2025-09-22 11:22:33,384 [INFO] __main__: Object processed: AIApplication
2025-09-22 11:22:33,385 [INFO] __main__: Uploading object: AIApplicationConfig
2025-09-22 11:22:33,385 [DEBUG] confluence_uploader: Building Fabric JSON for object AIApplicationConfig
2025-09-22 11:22:33,386 [DEBUG] urllib3.connectionpool: Starting new HTTPS connection (1): cretemechanical.atlassian.net:443
2025-09-22 11:22:33,475 [DEBUG] urllib3.connectionpool: https://cretemechanical.atlassian.net:443 "GET /wiki/api/v2/pages?spaceId=28180482&title=AIApplicationConfig&expand=version HTTP/1.1" 200 None
2025-09-22 11:22:33,477 [DEBUG] urllib3.connectionpool: Starting new HTTPS connection (1): cretemechanical.atlassian.net:443
2025-09-22 11:22:33,564 [DEBUG] urllib3.connectionpool: https://cretemechanical.atlassian.net:443 "GET /wiki/rest/api/content/181797432?expand=body.atlas_doc_format,body.storage,version HTTP/1.1" 200 None
2025-09-22 11:22:33,565 [DEBUG] confluence_client: === RAW PAGE JSON BODY KEYS (v1) ===
2025-09-22 11:22:33,566 [DEBUG] confluence_client: ['storage', 'atlas_doc_format', '_expandable']
2025-09-22 11:22:33,566 [DEBUG] confluence_client: === BEGIN ATLAS DOC FORMAT (first 1000 chars) ===
2025-09-22 11:22:33,566 [DEBUG] confluence_client: {"type":"doc","content":[{"type":"heading","attrs":{"level":1},"content":[{"text":"AIApplicationConfig","type":"text"}]},{"type":"heading","attrs":{"level":2},"content":[{"text":"Description","type":"text"}]},{"type":"paragraph","content":[{"text":"No description available","type":"text"}]},{"type":"heading","attrs":{"level":2},"content":[{"text":"Notes","type":"text"}]},{"type":"paragraph","content":[{"text":"No notes yet","type":"text"}]},{"type":"heading","attrs":{"level":2},"content":[{"text":"Metadata","type":"text"}]},{"type":"table","attrs":{"layout":"default"},"content":[{"type":"tableRow","content":[{"type":"tableHeader","attrs":{"colspan":1,"rowspan":1},"content":[{"type":"paragraph","content":[{"text":"Property","type":"text"}]}]},{"type":"tableHeader","attrs":{"colspan":1,"rowspan":1},"content":[{"type":"paragraph","content":[{"text":"Value","type":"text"}]}]}]},{"type":"tableRow","content":[{"type":"tableCell","attrs":{"colspan":1,"rowspan":1},"content":[{"type":"paragraph
2025-09-22 11:22:33,566 [DEBUG] confluence_client: === END ATLAS DOC FORMAT ===
2025-09-22 11:22:33,567 [INFO] confluence_client: 🔄 Updating Confluence page 'AIApplicationConfig' (ID=181797432)
2025-09-22 11:22:33,568 [DEBUG] urllib3.connectionpool: Starting new HTTPS connection (1): cretemechanical.atlassian.net:443
2025-09-22 11:22:33,656 [DEBUG] urllib3.connectionpool: https://cretemechanical.atlassian.net:443 "GET /wiki/api/v2/pages/181797432?expand=version HTTP/1.1" 200 None
2025-09-22 11:22:33,658 [DEBUG] urllib3.connectionpool: Starting new HTTPS connection (1): cretemechanical.atlassian.net:443
2025-09-22 11:22:33,842 [DEBUG] urllib3.connectionpool: https://cretemechanical.atlassian.net:443 "PUT /wiki/api/v2/pages/181797432 HTTP/1.1" 200 None
2025-09-22 11:22:34,025 [INFO] __main__: Object processed: AIApplicationConfig
2025-09-22 11:22:34,025 [INFO] __main__: Uploading object: AIInsightAction
2025-09-22 11:22:34,026 [DEBUG] confluence_uploader: Building Fabric JSON for object AIInsightAction
2025-09-22 11:22:34,027 [DEBUG] urllib3.connectionpool: Starting new HTTPS connection (1): cretemechanical.atlassian.net:443
2025-09-22 11:22:34,111 [DEBUG] urllib3.connectionpool: https://cretemechanical.atlassian.net:443 "GET /wiki/api/v2/pages?spaceId=28180482&title=AIInsightAction&expand=version HTTP/1.1" 200 None
2025-09-22 11:22:34,133 [DEBUG] urllib3.connectionpool: Starting new HTTPS connection (1): cretemechanical.atlassian.net:443
2025-09-22 11:22:34,202 [DEBUG] urllib3.connectionpool: https://cretemechanical.atlassian.net:443 "GET /wiki/rest/api/content/182157939?expand=body.atlas_doc_format,body.storage,version HTTP/1.1" 200 None
2025-09-22 11:22:34,204 [DEBUG] confluence_client: === RAW PAGE JSON BODY KEYS (v1) ===
2025-09-22 11:22:34,204 [DEBUG] confluence_client: ['storage', 'atlas_doc_format', '_expandable']
2025-09-22 11:22:34,204 [DEBUG] confluence_client: === BEGIN ATLAS DOC FORMAT (first 1000 chars) ===
2025-09-22 11:22:34,204 [DEBUG] confluence_client: {"type":"doc","content":[{"type":"heading","attrs":{"level":1},"content":[{"text":"AIInsightAction","type":"text"}]},{"type":"heading","attrs":{"level":2},"content":[{"text":"Description","type":"text"}]},{"type":"paragraph","content":[{"text":"No description available","type":"text"}]},{"type":"heading","attrs":{"level":2},"content":[{"text":"Notes","type":"text"}]},{"type":"paragraph","content":[{"text":"No notes yet","type":"text"}]},{"type":"heading","attrs":{"level":2},"content":[{"text":"Metadata","type":"text"}]},{"type":"table","attrs":{"layout":"default"},"content":[{"type":"tableRow","content":[{"type":"tableHeader","attrs":{"colspan":1,"rowspan":1},"content":[{"type":"paragraph","content":[{"text":"Property","type":"text"}]}]},{"type":"tableHeader","attrs":{"colspan":1,"rowspan":1},"content":[{"type":"paragraph","content":[{"text":"Value","type":"text"}]}]}]},{"type":"tableRow","content":[{"type":"tableCell","attrs":{"colspan":1,"rowspan":1},"content":[{"type":"paragraph","c
2025-09-22 11:22:34,204 [DEBUG] confluence_client: === END ATLAS DOC FORMAT ===
2025-09-22 11:22:34,205 [INFO] confluence_client: 🔄 Updating Confluence page 'AIInsightAction' (ID=182157939)
2025-09-22 11:22:34,206 [DEBUG] urllib3.connectionpool: Starting new HTTPS connection (1): cretemechanical.atlassian.net:443
2025-09-22 11:22:34,295 [DEBUG] urllib3.connectionpool: https://cretemechanical.atlassian.net:443 "GET /wiki/api/v2/pages/182157939?expand=version HTTP/1.1" 200 None
2025-09-22 11:22:34,297 [DEBUG] urllib3.connectionpool: Starting new HTTPS connection (1): cretemechanical.atlassian.net:443
2025-09-22 11:22:34,557 [DEBUG] urllib3.connectionpool: https://cretemechanical.atlassian.net:443 "PUT /wiki/api/v2/pages/182157939 HTTP/1.1" 200 None
2025-09-22 11:22:34,727 [INFO] __main__: Object processed: AIInsightAction
2025-09-22 11:22:34,727 [INFO] __main__: Uploading object: AIInsightFeedback
2025-09-22 11:22:34,727 [DEBUG] confluence_uploader: Building Fabric JSON for object AIInsightFeedback
2025-09-22 11:22:34,729 [DEBUG] urllib3.connectionpool: Starting new HTTPS connection (1): cretemechanical.atlassian.net:443
2025-09-22 11:22:34,797 [DEBUG] urllib3.connectionpool: https://cretemechanical.atlassian.net:443 "GET /wiki/api/v2/pages?spaceId=28180482&title=AIInsightFeedback&expand=version HTTP/1.1" 200 None
2025-09-22 11:22:34,799 [DEBUG] urllib3.connectionpool: Starting new HTTPS connection (1): cretemechanical.atlassian.net:443
2025-09-22 11:22:34,891 [DEBUG] urllib3.connectionpool: https://cretemechanical.atlassian.net:443 "GET /wiki/rest/api/content/181994192?expand=body.atlas_doc_format,body.storage,version HTTP/1.1" 200 None
2025-09-22 11:22:34,892 [DEBUG] confluence_client: === RAW PAGE JSON BODY KEYS (v1) ===
2025-09-22 11:22:34,892 [DEBUG] confluence_client: ['storage', 'atlas_doc_format', '_expandable']
2025-09-22 11:22:34,892 [DEBUG] confluence_client: === BEGIN ATLAS DOC FORMAT (first 1000 chars) ===
2025-09-22 11:22:34,892 [DEBUG] confluence_client: {"type":"doc","content":[{"type":"heading","attrs":{"level":1},"content":[{"text":"AIInsightFeedback","type":"text"}]},{"type":"heading","attrs":{"level":2},"content":[{"text":"Description","type":"text"}]},{"type":"paragraph","content":[{"text":"No description available","type":"text"}]},{"type":"heading","attrs":{"level":2},"content":[{"text":"Notes","type":"text"}]},{"type":"paragraph","content":[{"text":"No notes yet","type":"text"}]},{"type":"heading","attrs":{"level":2},"content":[{"text":"Metadata","type":"text"}]},{"type":"table","attrs":{"layout":"default"},"content":[{"type":"tableRow","content":[{"type":"tableHeader","attrs":{"colspan":1,"rowspan":1},"content":[{"type":"paragraph","content":[{"text":"Property","type":"text"}]}]},{"type":"tableHeader","attrs":{"colspan":1,"rowspan":1},"content":[{"type":"paragraph","content":[{"text":"Value","type":"text"}]}]}]},{"type":"tableRow","content":[{"type":"tableCell","attrs":{"colspan":1,"rowspan":1},"content":[{"type":"paragraph",
2025-09-22 11:22:34,893 [DEBUG] confluence_client: === END ATLAS DOC FORMAT ===
2025-09-22 11:22:34,893 [INFO] confluence_client: 🔄 Updating Confluence page 'AIInsightFeedback' (ID=181994192)
2025-09-22 11:22:34,894 [DEBUG] urllib3.connectionpool: Starting new HTTPS connection (1): cretemechanical.atlassian.net:443
2025-09-22 11:22:35,003 [DEBUG] urllib3.connectionpool: https://cretemechanical.atlassian.net:443 "GET /wiki/api/v2/pages/181994192?expand=version HTTP/1.1" 200 None
2025-09-22 11:22:35,005 [DEBUG] urllib3.connectionpool: Starting new HTTPS connection (1): cretemechanical.atlassian.net:443
2025-09-22 11:22:35,238 [DEBUG] urllib3.connectionpool: https://cretemechanical.atlassian.net:443 "PUT /wiki/api/v2/pages/181994192 HTTP/1.1" 200 None
2025-09-22 11:22:35,523 [INFO] __main__: Object processed: AIInsightFeedback
2025-09-22 11:22:35,523 [INFO] __main__: Uploading object: AIInsightReason
2025-09-22 11:22:35,523 [DEBUG] confluence_uploader: Building Fabric JSON for object AIInsightReason
2025-09-22 11:22:35,525 [DEBUG] urllib3.connectionpool: Starting new HTTPS connection (1): cretemechanical.atlassian.net:443
2025-09-22 11:22:35,623 [DEBUG] urllib3.connectionpool: https://cretemechanical.atlassian.net:443 "GET /wiki/api/v2/pages?spaceId=28180482&title=AIInsightReason&expand=version HTTP/1.1" 200 None
2025-09-22 11:22:35,625 [DEBUG] urllib3.connectionpool: Starting new HTTPS connection (1): cretemechanical.atlassian.net:443
2025-09-22 11:22:35,722 [DEBUG] urllib3.connectionpool: https://cretemechanical.atlassian.net:443 "GET /wiki/rest/api/content/181797453?expand=body.atlas_doc_format,body.storage,version HTTP/1.1" 200 None
2025-09-22 11:22:35,723 [DEBUG] confluence_client: === RAW PAGE JSON BODY KEYS (v1) ===
2025-09-22 11:22:35,723 [DEBUG] confluence_client: ['storage', 'atlas_doc_format', '_expandable']
2025-09-22 11:22:35,723 [DEBUG] confluence_client: === BEGIN ATLAS DOC FORMAT (first 1000 chars) ===
2025-09-22 11:22:35,723 [DEBUG] confluence_client: {"type":"doc","content":[{"type":"heading","attrs":{"level":1},"content":[{"text":"AIInsightReason","type":"text"}]},{"type":"heading","attrs":{"level":2},"content":[{"text":"Description","type":"text"}]},{"type":"paragraph","content":[{"text":"No description available","type":"text"}]},{"type":"heading","attrs":{"level":2},"content":[{"text":"Notes","type":"text"}]},{"type":"paragraph","content":[{"text":"No notes yet","type":"text"}]},{"type":"heading","attrs":{"level":2},"content":[{"text":"Metadata","type":"text"}]},{"type":"table","attrs":{"layout":"default"},"content":[{"type":"tableRow","content":[{"type":"tableHeader","attrs":{"colspan":1,"rowspan":1},"content":[{"type":"paragraph","content":[{"text":"Property","type":"text"}]}]},{"type":"tableHeader","attrs":{"colspan":1,"rowspan":1},"content":[{"type":"paragraph","content":[{"text":"Value","type":"text"}]}]}]},{"type":"tableRow","content":[{"type":"tableCell","attrs":{"colspan":1,"rowspan":1},"content":[{"type":"paragraph","c
2025-09-22 11:22:35,724 [DEBUG] confluence_client: === END ATLAS DOC FORMAT ===
2025-09-22 11:22:35,724 [INFO] confluence_client: 🔄 Updating Confluence page 'AIInsightReason' (ID=181797453)
2025-09-22 11:22:35,725 [DEBUG] urllib3.connectionpool: Starting new HTTPS connection (1): cretemechanical.atlassian.net:443
2025-09-22 11:22:35,791 [DEBUG] urllib3.connectionpool: https://cretemechanical.atlassian.net:443 "GET /wiki/api/v2/pages/181797453?expand=version HTTP/1.1" 200 None
2025-09-22 11:22:35,793 [DEBUG] urllib3.connectionpool: Starting new HTTPS connection (1): cretemechanical.atlassian.net:443
2025-09-22 11:22:36,024 [DEBUG] urllib3.connectionpool: https://cretemechanical.atlassian.net:443 "PUT /wiki/api/v2/pages/181797453 HTTP/1.1" 200 None
2025-09-22 11:22:36,320 [INFO] __main__: Object processed: AIInsightReason
2025-09-22 11:22:36,320 [INFO] __main__: Uploading object: AIInsightValue
2025-09-22 11:22:36,320 [DEBUG] confluence_uploader: Building Fabric JSON for object AIInsightValue
2025-09-22 11:22:36,324 [DEBUG] urllib3.connectionpool: Starting new HTTPS connection (1): cretemechanical.atlassian.net:443
2025-09-22 11:22:36,422 [DEBUG] urllib3.connectionpool: https://cretemechanical.atlassian.net:443 "GET /wiki/api/v2/pages?spaceId=28180482&title=AIInsightValue&expand=version HTTP/1.1" 200 None
2025-09-22 11:22:36,423 [DEBUG] urllib3.connectionpool: Starting new HTTPS connection (1): cretemechanical.atlassian.net:443
2025-09-22 11:22:36,514 [DEBUG] urllib3.connectionpool: https://cretemechanical.atlassian.net:443 "GET /wiki/rest/api/content/182353942?expand=body.atlas_doc_format,body.storage,version HTTP/1.1" 200 None
2025-09-22 11:22:36,529 [DEBUG] confluence_client: === RAW PAGE JSON BODY KEYS (v1) ===
2025-09-22 11:22:36,529 [DEBUG] confluence_client: ['storage', 'atlas_doc_format', '_expandable']
2025-09-22 11:22:36,529 [DEBUG] confluence_client: === BEGIN ATLAS DOC FORMAT (first 1000 chars) ===
2025-09-22 11:22:36,529 [DEBUG] confluence_client: {"type":"doc","content":[{"type":"heading","attrs":{"level":1},"content":[{"text":"AIInsightValue","type":"text"}]},{"type":"heading","attrs":{"level":2},"content":[{"text":"Description","type":"text"}]},{"type":"paragraph","content":[{"text":"No description available","type":"text"}]},{"type":"heading","attrs":{"level":2},"content":[{"text":"Notes","type":"text"}]},{"type":"paragraph","content":[{"text":"No notes yet","type":"text"}]},{"type":"heading","attrs":{"level":2},"content":[{"text":"Metadata","type":"text"}]},{"type":"table","attrs":{"layout":"default"},"content":[{"type":"tableRow","content":[{"type":"tableHeader","attrs":{"colspan":1,"rowspan":1},"content":[{"type":"paragraph","content":[{"text":"Property","type":"text"}]}]},{"type":"tableHeader","attrs":{"colspan":1,"rowspan":1},"content":[{"type":"paragraph","content":[{"text":"Value","type":"text"}]}]}]},{"type":"tableRow","content":[{"type":"tableCell","attrs":{"colspan":1,"rowspan":1},"content":[{"type":"paragraph","co
2025-09-22 11:22:36,530 [DEBUG] confluence_client: === END ATLAS DOC FORMAT ===
2025-09-22 11:22:36,530 [INFO] confluence_client: 🔄 Updating Confluence page 'AIInsightValue' (ID=182353942)
2025-09-22 11:22:36,531 [DEBUG] urllib3.connectionpool: Starting new HTTPS connection (1): cretemechanical.atlassian.net:443
2025-09-22 11:22:36,610 [DEBUG] urllib3.connectionpool: https://cretemechanical.atlassian.net:443 "GET /wiki/api/v2/pages/182353942?expand=version HTTP/1.1" 200 None
2025-09-22 11:22:36,613 [DEBUG] urllib3.connectionpool: Starting new HTTPS connection (1): cretemechanical.atlassian.net:443
2025-09-22 11:22:36,966 [DEBUG] urllib3.connectionpool: https://cretemechanical.atlassian.net:443 "PUT /wiki/api/v2/pages/182353942 HTTP/1.1" 200 None
2025-09-22 11:22:37,115 [INFO] __main__: Object processed: AIInsightValue
2025-09-22 11:22:37,115 [INFO] __main__: Uploading object: AIPredictionEvent
2025-09-22 11:22:37,115 [DEBUG] confluence_uploader: Building Fabric JSON for object AIPredictionEvent
2025-09-22 11:22:37,117 [DEBUG] urllib3.connectionpool: Starting new HTTPS connection (1): cretemechanical.atlassian.net:443
2025-09-22 11:22:37,189 [DEBUG] urllib3.connectionpool: https://cretemechanical.atlassian.net:443 "GET /wiki/api/v2/pages?spaceId=28180482&title=AIPredictionEvent&expand=version HTTP/1.1" 200 None
2025-09-22 11:22:37,191 [DEBUG] urllib3.connectionpool: Starting new HTTPS connection (1): cretemechanical.atlassian.net:443
2025-09-22 11:22:37,275 [DEBUG] urllib3.connectionpool: https://cretemechanical.atlassian.net:443 "GET /wiki/rest/api/content/182157960?expand=body.atlas_doc_format,body.storage,version HTTP/1.1" 200 None
2025-09-22 11:22:37,275 [DEBUG] confluence_client: === RAW PAGE JSON BODY KEYS (v1) ===
2025-09-22 11:22:37,276 [DEBUG] confluence_client: ['storage', 'atlas_doc_format', '_expandable']
2025-09-22 11:22:37,276 [DEBUG] confluence_client: === BEGIN ATLAS DOC FORMAT (first 1000 chars) ===
2025-09-22 11:22:37,276 [DEBUG] confluence_client: {"type":"doc","content":[{"type":"heading","attrs":{"level":1},"content":[{"text":"AIPredictionEvent","type":"text"}]},{"type":"heading","attrs":{"level":2},"content":[{"text":"Description","type":"text"}]},{"type":"paragraph","content":[{"text":"No description available","type":"text"}]},{"type":"heading","attrs":{"level":2},"content":[{"text":"Notes","type":"text"}]},{"type":"paragraph","content":[{"text":"No notes yet","type":"text"}]},{"type":"heading","attrs":{"level":2},"content":[{"text":"Metadata","type":"text"}]},{"type":"table","attrs":{"layout":"default"},"content":[{"type":"tableRow","content":[{"type":"tableHeader","attrs":{"colspan":1,"rowspan":1},"content":[{"type":"paragraph","content":[{"text":"Property","type":"text"}]}]},{"type":"tableHeader","attrs":{"colspan":1,"rowspan":1},"content":[{"type":"paragraph","content":[{"text":"Value","type":"text"}]}]}]},{"type":"tableRow","content":[{"type":"tableCell","attrs":{"colspan":1,"rowspan":1},"content":[{"type":"paragraph",
2025-09-22 11:22:37,276 [DEBUG] confluence_client: === END ATLAS DOC FORMAT ===
2025-09-22 11:22:37,277 [INFO] confluence_client: 🔄 Updating Confluence page 'AIPredictionEvent' (ID=182157960)
2025-09-22 11:22:37,278 [DEBUG] urllib3.connectionpool: Starting new HTTPS connection (1): cretemechanical.atlassian.net:443
2025-09-22 11:22:37,355 [DEBUG] urllib3.connectionpool: https://cretemechanical.atlassian.net:443 "GET /wiki/api/v2/pages/182157960?expand=version HTTP/1.1" 200 None
2025-09-22 11:22:37,356 [DEBUG] urllib3.connectionpool: Starting new HTTPS connection (1): cretemechanical.atlassian.net:443
2025-09-22 11:22:37,616 [DEBUG] urllib3.connectionpool: https://cretemechanical.atlassian.net:443 "PUT /wiki/api/v2/pages/182157960 HTTP/1.1" 200 None
2025-09-22 11:22:37,909 [INFO] __main__: Object processed: AIPredictionEvent
