2025-09-19 14:45:53,282 [INFO] __main__: Start
2025-09-19 14:45:53,286 [INFO] __main__: SYNC_MODE=OBJECTS
2025-09-19 14:45:53,286 [INFO] __main__: Starting object upload (parent 177537954)
2025-09-19 14:45:53,286 [DEBUG] sf_object_loader: Running CLI: C:\Program Files\sf\bin\sf.cmd sobject list --json -o Prod
2025-09-19 14:45:54,974 [INFO] sf_object_loader: LIMIT_OBJECTS enabled, restricting to first 10 objects
2025-09-19 14:45:54,974 [INFO] sf_object_loader: Describing object: AC_Corp_Form__ChangeEvent
2025-09-19 14:45:54,975 [DEBUG] sf_object_loader: Running CLI: C:\Program Files\sf\bin\sf.cmd sobject describe -s AC_Corp_Form__ChangeEvent --json -o Prod
2025-09-19 14:45:56,587 [INFO] sf_object_loader: Describing object: AC_Corp_Form__Share
2025-09-19 14:45:56,587 [DEBUG] sf_object_loader: Running CLI: C:\Program Files\sf\bin\sf.cmd sobject describe -s AC_Corp_Form__Share --json -o Prod
2025-09-19 14:45:58,177 [INFO] sf_object_loader: Describing object: AC_Corp_Form__c
2025-09-19 14:45:58,177 [DEBUG] sf_object_loader: Running CLI: C:\Program Files\sf\bin\sf.cmd sobject describe -s AC_Corp_Form__c --json -o Prod
2025-09-19 14:45:59,942 [INFO] sf_object_loader: Describing object: AIApplication
2025-09-19 14:45:59,943 [DEBUG] sf_object_loader: Running CLI: C:\Program Files\sf\bin\sf.cmd sobject describe -s AIApplication --json -o Prod
2025-09-19 14:46:01,564 [INFO] sf_object_loader: Describing object: AIApplicationConfig
2025-09-19 14:46:01,565 [DEBUG] sf_object_loader: Running CLI: C:\Program Files\sf\bin\sf.cmd sobject describe -s AIApplicationConfig --json -o Prod
2025-09-19 14:46:03,139 [INFO] sf_object_loader: Describing object: AIInsightAction
2025-09-19 14:46:03,139 [DEBUG] sf_object_loader: Running CLI: C:\Program Files\sf\bin\sf.cmd sobject describe -s AIInsightAction --json -o Prod
2025-09-19 14:46:04,690 [INFO] sf_object_loader: Describing object: AIInsightFeedback
2025-09-19 14:46:04,691 [DEBUG] sf_object_loader: Running CLI: C:\Program Files\sf\bin\sf.cmd sobject describe -s AIInsightFeedback --json -o Prod
2025-09-19 14:46:06,329 [INFO] sf_object_loader: Describing object: AIInsightReason
2025-09-19 14:46:06,329 [DEBUG] sf_object_loader: Running CLI: C:\Program Files\sf\bin\sf.cmd sobject describe -s AIInsightReason --json -o Prod
2025-09-19 14:46:07,862 [INFO] sf_object_loader: Describing object: AIInsightValue
2025-09-19 14:46:07,863 [DEBUG] sf_object_loader: Running CLI: C:\Program Files\sf\bin\sf.cmd sobject describe -s AIInsightValue --json -o Prod
2025-09-19 14:46:10,447 [INFO] sf_object_loader: Describing object: AIPredictionEvent
2025-09-19 14:46:10,448 [DEBUG] sf_object_loader: Running CLI: C:\Program Files\sf\bin\sf.cmd sobject describe -s AIPredictionEvent --json -o Prod
2025-09-19 14:46:12,090 [INFO] __main__: Uploading object: AC_Corp_Form__ChangeEvent
2025-09-19 14:46:12,091 [DEBUG] urllib3.connectionpool: Starting new HTTPS connection (1): cretemechanical.atlassian.net:443
2025-09-19 14:46:12,243 [DEBUG] urllib3.connectionpool: https://cretemechanical.atlassian.net:443 "GET /wiki/api/v2/pages?spaceId=28180482&title=AC_Corp_Form__ChangeEvent&expand=version HTTP/1.1" 200 None
2025-09-19 14:46:12,245 [DEBUG] urllib3.connectionpool: Starting new HTTPS connection (1): cretemechanical.atlassian.net:443
2025-09-19 14:46:12,429 [DEBUG] urllib3.connectionpool: https://cretemechanical.atlassian.net:443 "GET /wiki/api/v2/pages?spaceId=28180482&title=AC_Corp_Form__ChangeEvent&expand=version HTTP/1.1" 200 None
2025-09-19 14:46:12,430 [INFO] confluence_client: 🆕 Creating new Confluence page 'AC_Corp_Form__ChangeEvent' under parent 177537954
2025-09-19 14:46:12,431 [DEBUG] urllib3.connectionpool: Starting new HTTPS connection (1): cretemechanical.atlassian.net:443
2025-09-19 14:46:12,882 [DEBUG] urllib3.connectionpool: https://cretemechanical.atlassian.net:443 "POST /wiki/api/v2/pages HTTP/1.1" 200 None
2025-09-19 14:46:13,107 [INFO] __main__: Object processed: AC_Corp_Form__ChangeEvent
2025-09-19 14:46:13,108 [INFO] __main__: Uploading object: AC_Corp_Form__Share
2025-09-19 14:46:13,109 [DEBUG] urllib3.connectionpool: Starting new HTTPS connection (1): cretemechanical.atlassian.net:443
2025-09-19 14:46:13,199 [DEBUG] urllib3.connectionpool: https://cretemechanical.atlassian.net:443 "GET /wiki/api/v2/pages?spaceId=28180482&title=AC_Corp_Form__Share&expand=version HTTP/1.1" 200 None
2025-09-19 14:46:13,202 [DEBUG] urllib3.connectionpool: Starting new HTTPS connection (1): cretemechanical.atlassian.net:443
2025-09-19 14:46:13,289 [DEBUG] urllib3.connectionpool: https://cretemechanical.atlassian.net:443 "GET /wiki/api/v2/pages?spaceId=28180482&title=AC_Corp_Form__Share&expand=version HTTP/1.1" 200 None
2025-09-19 14:46:13,289 [INFO] confluence_client: 🆕 Creating new Confluence page 'AC_Corp_Form__Share' under parent 177537954
2025-09-19 14:46:13,290 [DEBUG] urllib3.connectionpool: Starting new HTTPS connection (1): cretemechanical.atlassian.net:443
2025-09-19 14:46:13,789 [DEBUG] urllib3.connectionpool: https://cretemechanical.atlassian.net:443 "POST /wiki/api/v2/pages HTTP/1.1" 200 None
2025-09-19 14:46:14,123 [INFO] __main__: Object processed: AC_Corp_Form__Share
2025-09-19 14:46:14,123 [INFO] __main__: Uploading object: AC_Corp_Form__c
2025-09-19 14:46:14,124 [DEBUG] urllib3.connectionpool: Starting new HTTPS connection (1): cretemechanical.atlassian.net:443
2025-09-19 14:46:14,191 [DEBUG] urllib3.connectionpool: https://cretemechanical.atlassian.net:443 "GET /wiki/api/v2/pages?spaceId=28180482&title=AC_Corp_Form__c&expand=version HTTP/1.1" 200 None
2025-09-19 14:46:14,227 [DEBUG] urllib3.connectionpool: Starting new HTTPS connection (1): cretemechanical.atlassian.net:443
2025-09-19 14:46:14,280 [DEBUG] urllib3.connectionpool: https://cretemechanical.atlassian.net:443 "GET /wiki/api/v2/pages?spaceId=28180482&title=AC_Corp_Form__c&expand=version HTTP/1.1" 200 None
2025-09-19 14:46:14,281 [INFO] confluence_client: 🆕 Creating new Confluence page 'AC_Corp_Form__c' under parent 177537954
2025-09-19 14:46:14,282 [DEBUG] urllib3.connectionpool: Starting new HTTPS connection (1): cretemechanical.atlassian.net:443
2025-09-19 14:46:14,722 [DEBUG] urllib3.connectionpool: https://cretemechanical.atlassian.net:443 "POST /wiki/api/v2/pages HTTP/1.1" 200 None
2025-09-19 14:46:15,068 [INFO] __main__: Object processed: AC_Corp_Form__c
2025-09-19 14:46:15,068 [INFO] __main__: Uploading object: AIApplication
2025-09-19 14:46:15,069 [DEBUG] urllib3.connectionpool: Starting new HTTPS connection (1): cretemechanical.atlassian.net:443
2025-09-19 14:46:15,155 [DEBUG] urllib3.connectionpool: https://cretemechanical.atlassian.net:443 "GET /wiki/api/v2/pages?spaceId=28180482&title=AIApplication&expand=version HTTP/1.1" 200 None
2025-09-19 14:46:15,157 [DEBUG] urllib3.connectionpool: Starting new HTTPS connection (1): cretemechanical.atlassian.net:443
2025-09-19 14:46:15,244 [DEBUG] urllib3.connectionpool: https://cretemechanical.atlassian.net:443 "GET /wiki/api/v2/pages?spaceId=28180482&title=AIApplication&expand=version HTTP/1.1" 200 None
2025-09-19 14:46:15,245 [INFO] confluence_client: 🆕 Creating new Confluence page 'AIApplication' under parent 177537954
2025-09-19 14:46:15,246 [DEBUG] urllib3.connectionpool: Starting new HTTPS connection (1): cretemechanical.atlassian.net:443
2025-09-19 14:46:15,645 [DEBUG] urllib3.connectionpool: https://cretemechanical.atlassian.net:443 "POST /wiki/api/v2/pages HTTP/1.1" 200 None
2025-09-19 14:46:15,829 [INFO] __main__: Object processed: AIApplication
2025-09-19 14:46:15,829 [INFO] __main__: Uploading object: AIApplicationConfig
2025-09-19 14:46:15,830 [DEBUG] urllib3.connectionpool: Starting new HTTPS connection (1): cretemechanical.atlassian.net:443
2025-09-19 14:46:15,911 [DEBUG] urllib3.connectionpool: https://cretemechanical.atlassian.net:443 "GET /wiki/api/v2/pages?spaceId=28180482&title=AIApplicationConfig&expand=version HTTP/1.1" 200 None
2025-09-19 14:46:15,913 [DEBUG] urllib3.connectionpool: Starting new HTTPS connection (1): cretemechanical.atlassian.net:443
2025-09-19 14:46:15,968 [DEBUG] urllib3.connectionpool: https://cretemechanical.atlassian.net:443 "GET /wiki/api/v2/pages?spaceId=28180482&title=AIApplicationConfig&expand=version HTTP/1.1" 200 None
2025-09-19 14:46:15,968 [INFO] confluence_client: 🆕 Creating new Confluence page 'AIApplicationConfig' under parent 177537954
2025-09-19 14:46:15,970 [DEBUG] urllib3.connectionpool: Starting new HTTPS connection (1): cretemechanical.atlassian.net:443
2025-09-19 14:46:16,287 [DEBUG] urllib3.connectionpool: https://cretemechanical.atlassian.net:443 "POST /wiki/api/v2/pages HTTP/1.1" 200 None
2025-09-19 14:46:16,495 [INFO] __main__: Object processed: AIApplicationConfig
2025-09-19 14:46:16,496 [INFO] __main__: Uploading object: AIInsightAction
2025-09-19 14:46:16,497 [DEBUG] urllib3.connectionpool: Starting new HTTPS connection (1): cretemechanical.atlassian.net:443
2025-09-19 14:46:16,564 [DEBUG] urllib3.connectionpool: https://cretemechanical.atlassian.net:443 "GET /wiki/api/v2/pages?spaceId=28180482&title=AIInsightAction&expand=version HTTP/1.1" 200 None
2025-09-19 14:46:16,566 [DEBUG] urllib3.connectionpool: Starting new HTTPS connection (1): cretemechanical.atlassian.net:443
2025-09-19 14:46:16,635 [DEBUG] urllib3.connectionpool: https://cretemechanical.atlassian.net:443 "GET /wiki/api/v2/pages?spaceId=28180482&title=AIInsightAction&expand=version HTTP/1.1" 200 None
2025-09-19 14:46:16,636 [INFO] confluence_client: 🆕 Creating new Confluence page 'AIInsightAction' under parent 177537954
2025-09-19 14:46:16,637 [DEBUG] urllib3.connectionpool: Starting new HTTPS connection (1): cretemechanical.atlassian.net:443
2025-09-19 14:46:17,051 [DEBUG] urllib3.connectionpool: https://cretemechanical.atlassian.net:443 "POST /wiki/api/v2/pages HTTP/1.1" 200 None
2025-09-19 14:46:17,381 [INFO] __main__: Object processed: AIInsightAction
2025-09-19 14:46:17,381 [INFO] __main__: Uploading object: AIInsightFeedback
2025-09-19 14:46:17,382 [DEBUG] urllib3.connectionpool: Starting new HTTPS connection (1): cretemechanical.atlassian.net:443
2025-09-19 14:46:17,431 [DEBUG] urllib3.connectionpool: https://cretemechanical.atlassian.net:443 "GET /wiki/api/v2/pages?spaceId=28180482&title=AIInsightFeedback&expand=version HTTP/1.1" 200 None
2025-09-19 14:46:17,437 [DEBUG] urllib3.connectionpool: Starting new HTTPS connection (1): cretemechanical.atlassian.net:443
2025-09-19 14:46:17,496 [DEBUG] urllib3.connectionpool: https://cretemechanical.atlassian.net:443 "GET /wiki/api/v2/pages?spaceId=28180482&title=AIInsightFeedback&expand=version HTTP/1.1" 200 None
2025-09-19 14:46:17,496 [INFO] confluence_client: 🆕 Creating new Confluence page 'AIInsightFeedback' under parent 177537954
2025-09-19 14:46:17,497 [DEBUG] urllib3.connectionpool: Starting new HTTPS connection (1): cretemechanical.atlassian.net:443
2025-09-19 14:46:17,900 [DEBUG] urllib3.connectionpool: https://cretemechanical.atlassian.net:443 "POST /wiki/api/v2/pages HTTP/1.1" 200 None
2025-09-19 14:46:18,094 [INFO] __main__: Object processed: AIInsightFeedback
2025-09-19 14:46:18,095 [INFO] __main__: Uploading object: AIInsightReason
2025-09-19 14:46:18,096 [DEBUG] urllib3.connectionpool: Starting new HTTPS connection (1): cretemechanical.atlassian.net:443
2025-09-19 14:46:18,167 [DEBUG] urllib3.connectionpool: https://cretemechanical.atlassian.net:443 "GET /wiki/api/v2/pages?spaceId=28180482&title=AIInsightReason&expand=version HTTP/1.1" 200 None
2025-09-19 14:46:18,170 [DEBUG] urllib3.connectionpool: Starting new HTTPS connection (1): cretemechanical.atlassian.net:443
2025-09-19 14:46:18,225 [DEBUG] urllib3.connectionpool: https://cretemechanical.atlassian.net:443 "GET /wiki/api/v2/pages?spaceId=28180482&title=AIInsightReason&expand=version HTTP/1.1" 200 None
2025-09-19 14:46:18,226 [INFO] confluence_client: 🆕 Creating new Confluence page 'AIInsightReason' under parent 177537954
2025-09-19 14:46:18,227 [DEBUG] urllib3.connectionpool: Starting new HTTPS connection (1): cretemechanical.atlassian.net:443
2025-09-19 14:46:18,598 [DEBUG] urllib3.connectionpool: https://cretemechanical.atlassian.net:443 "POST /wiki/api/v2/pages HTTP/1.1" 200 None
2025-09-19 14:46:18,814 [INFO] __main__: Object processed: AIInsightReason
2025-09-19 14:46:18,814 [INFO] __main__: Uploading object: AIInsightValue
2025-09-19 14:46:18,815 [DEBUG] urllib3.connectionpool: Starting new HTTPS connection (1): cretemechanical.atlassian.net:443
2025-09-19 14:46:18,886 [DEBUG] urllib3.connectionpool: https://cretemechanical.atlassian.net:443 "GET /wiki/api/v2/pages?spaceId=28180482&title=AIInsightValue&expand=version HTTP/1.1" 200 None
2025-09-19 14:46:18,892 [DEBUG] urllib3.connectionpool: Starting new HTTPS connection (1): cretemechanical.atlassian.net:443
2025-09-19 14:46:18,972 [DEBUG] urllib3.connectionpool: https://cretemechanical.atlassian.net:443 "GET /wiki/api/v2/pages?spaceId=28180482&title=AIInsightValue&expand=version HTTP/1.1" 200 None
2025-09-19 14:46:18,972 [INFO] confluence_client: 🆕 Creating new Confluence page 'AIInsightValue' under parent 177537954
2025-09-19 14:46:18,975 [DEBUG] urllib3.connectionpool: Starting new HTTPS connection (1): cretemechanical.atlassian.net:443
2025-09-19 14:46:19,962 [DEBUG] urllib3.connectionpool: https://cretemechanical.atlassian.net:443 "POST /wiki/api/v2/pages HTTP/1.1" 200 None
2025-09-19 14:46:20,172 [INFO] __main__: Object processed: AIInsightValue
2025-09-19 14:46:20,172 [INFO] __main__: Uploading object: AIPredictionEvent
2025-09-19 14:46:20,173 [DEBUG] urllib3.connectionpool: Starting new HTTPS connection (1): cretemechanical.atlassian.net:443
2025-09-19 14:46:20,246 [DEBUG] urllib3.connectionpool: https://cretemechanical.atlassian.net:443 "GET /wiki/api/v2/pages?spaceId=28180482&title=AIPredictionEvent&expand=version HTTP/1.1" 200 None
2025-09-19 14:46:20,248 [DEBUG] urllib3.connectionpool: Starting new HTTPS connection (1): cretemechanical.atlassian.net:443
2025-09-19 14:46:20,315 [DEBUG] urllib3.connectionpool: https://cretemechanical.atlassian.net:443 "GET /wiki/api/v2/pages?spaceId=28180482&title=AIPredictionEvent&expand=version HTTP/1.1" 200 None
2025-09-19 14:46:20,316 [INFO] confluence_client: 🆕 Creating new Confluence page 'AIPredictionEvent' under parent 177537954
2025-09-19 14:46:20,317 [DEBUG] urllib3.connectionpool: Starting new HTTPS connection (1): cretemechanical.atlassian.net:443
2025-09-19 14:46:20,631 [DEBUG] urllib3.connectionpool: https://cretemechanical.atlassian.net:443 "POST /wiki/api/v2/pages HTTP/1.1" 200 None
2025-09-19 14:46:20,857 [INFO] __main__: Object processed: AIPredictionEvent
