2025-09-22 12:09:35,827 [INFO] __main__: Start
2025-09-22 12:09:35,827 [INFO] __main__: SYNC_MODE=OBJECTS
2025-09-22 12:09:35,827 [INFO] __main__: Starting object upload (parent 177537954)
2025-09-22 12:09:35,828 [DEBUG] sf_object_loader: Running CLI: C:\Program Files\sf\bin\sf.cmd sobject list --json -o Prod
2025-09-22 12:09:38,382 [INFO] sf_object_loader: LIMIT_OBJECTS enabled, restricting to first 3 objects
2025-09-22 12:09:38,382 [INFO] sf_object_loader: Describing object: AC_Corp_Form__ChangeEvent
2025-09-22 12:09:38,382 [DEBUG] sf_object_loader: Running CLI: C:\Program Files\sf\bin\sf.cmd sobject describe -s AC_Corp_Form__ChangeEvent --json -o Prod
2025-09-22 12:09:39,953 [INFO] sf_object_loader: Describing object: AC_Corp_Form__Share
2025-09-22 12:09:39,953 [DEBUG] sf_object_loader: Running CLI: C:\Program Files\sf\bin\sf.cmd sobject describe -s AC_Corp_Form__Share --json -o Prod
2025-09-22 12:09:41,529 [INFO] sf_object_loader: Describing object: AC_Corp_Form__c
2025-09-22 12:09:41,530 [DEBUG] sf_object_loader: Running CLI: C:\Program Files\sf\bin\sf.cmd sobject describe -s AC_Corp_Form__c --json -o Prod
2025-09-22 12:09:43,059 [INFO] __main__: Uploading object: AC_Corp_Form__ChangeEvent
2025-09-22 12:09:43,061 [DEBUG] urllib3.connectionpool: Starting new HTTPS connection (1): cretemechanical.atlassian.net:443
2025-09-22 12:09:43,181 [DEBUG] urllib3.connectionpool: https://cretemechanical.atlassian.net:443 "GET /wiki/api/v2/pages?spaceId=28180482&title=AC_Corp_Form__ChangeEvent&expand=version HTTP/1.1" 200 None
2025-09-22 12:09:43,182 [DEBUG] urllib3.connectionpool: Starting new HTTPS connection (1): cretemechanical.atlassian.net:443
2025-09-22 12:09:43,272 [DEBUG] urllib3.connectionpool: https://cretemechanical.atlassian.net:443 "GET /wiki/rest/api/content/183959818?expand=body.atlas_doc_format,body.storage,version HTTP/1.1" 200 None
2025-09-22 12:09:43,273 [DEBUG] confluence_client: === RAW PAGE JSON BODY KEYS (v1) ===
2025-09-22 12:09:43,273 [DEBUG] confluence_client: ['storage', 'atlas_doc_format', '_expandable']
2025-09-22 12:09:43,273 [DEBUG] confluence_client: === BEGIN ATLAS DOC FORMAT (first 1000 chars) ===
2025-09-22 12:09:43,274 [DEBUG] confluence_client: {"type":"doc","content":[{"type":"heading","attrs":{"level":1},"content":[{"text":"Object: AC_Corp_Form__ChangeEvent","type":"text"}]},{"type":"paragraph","content":[{"text":"Label: ","type":"text","marks":[{"type":"strong"}]},{"text":"Change Event: AC Corp Form","type":"text"}]},{"type":"paragraph","content":[{"text":"Custom: ","type":"text","marks":[{"type":"strong"}]},{"text":"False","type":"text"}]},{"type":"paragraph","content":[{"text":"KeyPrefix: ","type":"text","marks":[{"type":"strong"}]}]},{"type":"heading","attrs":{"level":2},"content":[{"text":"Description","type":"text"}]},{"type":"paragraph"},{"type":"heading","attrs":{"level":2},"content":[{"text":"Custom Notes","type":"text"}]},{"type":"paragraph","content":[{"text":",\"type\":\"text,{\"type\":\"paragraph\",\"content\":[{\"text\":\",\\\"type\\\":\\\"text,{\\\"type\\\":\\\"paragraph\\\",\\\"content\\\":[{\\\"text\\\":\\\"<!-- START CUSTOM NOTES -->\\\\n\\\\\\\\n\\\\\\\\n\\\\n<!-- END CUSTOM NOTES -->\\\",\\\"type\\\":\\\
2025-09-22 12:09:43,274 [DEBUG] confluence_client: === END ATLAS DOC FORMAT ===
2025-09-22 12:09:43,275 [DEBUG] confluence_uploader: Building Fabric JSON for object AC_Corp_Form__ChangeEvent
2025-09-22 12:09:43,278 [DEBUG] urllib3.connectionpool: Starting new HTTPS connection (1): cretemechanical.atlassian.net:443
2025-09-22 12:09:43,363 [DEBUG] urllib3.connectionpool: https://cretemechanical.atlassian.net:443 "GET /wiki/api/v2/pages?spaceId=28180482&title=AC_Corp_Form__ChangeEvent&expand=version HTTP/1.1" 200 None
2025-09-22 12:09:43,365 [DEBUG] urllib3.connectionpool: Starting new HTTPS connection (1): cretemechanical.atlassian.net:443
2025-09-22 12:09:43,459 [DEBUG] urllib3.connectionpool: https://cretemechanical.atlassian.net:443 "GET /wiki/rest/api/content/183959818?expand=body.atlas_doc_format,body.storage,version HTTP/1.1" 200 None
2025-09-22 12:09:43,460 [DEBUG] confluence_client: === RAW PAGE JSON BODY KEYS (v1) ===
2025-09-22 12:09:43,461 [DEBUG] confluence_client: ['storage', 'atlas_doc_format', '_expandable']
2025-09-22 12:09:43,461 [DEBUG] confluence_client: === BEGIN ATLAS DOC FORMAT (first 1000 chars) ===
2025-09-22 12:09:43,461 [DEBUG] confluence_client: {"type":"doc","content":[{"type":"heading","attrs":{"level":1},"content":[{"text":"Object: AC_Corp_Form__ChangeEvent","type":"text"}]},{"type":"paragraph","content":[{"text":"Label: ","type":"text","marks":[{"type":"strong"}]},{"text":"Change Event: AC Corp Form","type":"text"}]},{"type":"paragraph","content":[{"text":"Custom: ","type":"text","marks":[{"type":"strong"}]},{"text":"False","type":"text"}]},{"type":"paragraph","content":[{"text":"KeyPrefix: ","type":"text","marks":[{"type":"strong"}]}]},{"type":"heading","attrs":{"level":2},"content":[{"text":"Description","type":"text"}]},{"type":"paragraph"},{"type":"heading","attrs":{"level":2},"content":[{"text":"Custom Notes","type":"text"}]},{"type":"paragraph","content":[{"text":",\"type\":\"text,{\"type\":\"paragraph\",\"content\":[{\"text\":\",\\\"type\\\":\\\"text,{\\\"type\\\":\\\"paragraph\\\",\\\"content\\\":[{\\\"text\\\":\\\"<!-- START CUSTOM NOTES -->\\\\n\\\\\\\\n\\\\\\\\n\\\\n<!-- END CUSTOM NOTES -->\\\",\\\"type\\\":\\\
2025-09-22 12:09:43,461 [DEBUG] confluence_client: === END ATLAS DOC FORMAT ===
2025-09-22 12:09:43,462 [INFO] confluence_client: 🔄 Updating Confluence page 'AC_Corp_Form__ChangeEvent' (ID=183959818)
2025-09-22 12:09:43,463 [DEBUG] urllib3.connectionpool: Starting new HTTPS connection (1): cretemechanical.atlassian.net:443
2025-09-22 12:09:43,540 [DEBUG] urllib3.connectionpool: https://cretemechanical.atlassian.net:443 "GET /wiki/api/v2/pages/183959818?expand=version HTTP/1.1" 200 None
2025-09-22 12:09:43,541 [DEBUG] urllib3.connectionpool: Starting new HTTPS connection (1): cretemechanical.atlassian.net:443
2025-09-22 12:09:43,813 [DEBUG] urllib3.connectionpool: https://cretemechanical.atlassian.net:443 "PUT /wiki/api/v2/pages/183959818 HTTP/1.1" 200 None
2025-09-22 12:09:44,088 [INFO] __main__: Object processed: AC_Corp_Form__ChangeEvent
2025-09-22 12:09:44,088 [INFO] __main__: Uploading object: AC_Corp_Form__Share
2025-09-22 12:09:44,089 [DEBUG] urllib3.connectionpool: Starting new HTTPS connection (1): cretemechanical.atlassian.net:443
2025-09-22 12:09:44,208 [DEBUG] urllib3.connectionpool: https://cretemechanical.atlassian.net:443 "GET /wiki/api/v2/pages?spaceId=28180482&title=AC_Corp_Form__Share&expand=version HTTP/1.1" 200 None
2025-09-22 12:09:44,209 [DEBUG] urllib3.connectionpool: Starting new HTTPS connection (1): cretemechanical.atlassian.net:443
2025-09-22 12:09:44,289 [DEBUG] urllib3.connectionpool: https://cretemechanical.atlassian.net:443 "GET /wiki/rest/api/content/184025340?expand=body.atlas_doc_format,body.storage,version HTTP/1.1" 200 None
2025-09-22 12:09:44,290 [DEBUG] confluence_client: === RAW PAGE JSON BODY KEYS (v1) ===
2025-09-22 12:09:44,290 [DEBUG] confluence_client: ['storage', 'atlas_doc_format', '_expandable']
2025-09-22 12:09:44,290 [DEBUG] confluence_client: === BEGIN ATLAS DOC FORMAT (first 1000 chars) ===
2025-09-22 12:09:44,291 [DEBUG] confluence_client: {"type":"doc","content":[{"type":"heading","attrs":{"level":1},"content":[{"text":"Object: AC_Corp_Form__Share","type":"text"}]},{"type":"paragraph","content":[{"text":"Label: ","type":"text","marks":[{"type":"strong"}]},{"text":"Share: AC Corp Form","type":"text"}]},{"type":"paragraph","content":[{"text":"Custom: ","type":"text","marks":[{"type":"strong"}]},{"text":"False","type":"text"}]},{"type":"paragraph","content":[{"text":"KeyPrefix: ","type":"text","marks":[{"type":"strong"}]}]},{"type":"heading","attrs":{"level":2},"content":[{"text":"Description","type":"text"}]},{"type":"paragraph"},{"type":"heading","attrs":{"level":2},"content":[{"text":"Custom Notes","type":"text"}]},{"type":"paragraph","content":[{"text":",\"type\":\"text,{\"type\":\"paragraph\",\"content\":[{\"text\":\",\\\"type\\\":\\\"text,{\\\"type\\\":\\\"paragraph\\\",\\\"content\\\":[{\\\"text\\\":\\\"<!-- START CUSTOM NOTES -->\\\\n\\\\\\\\n\\\\\\\\n\\\\n<!-- END CUSTOM NOTES -->\\\",\\\"type\\\":\\\"text,{\\\"ty
2025-09-22 12:09:44,291 [DEBUG] confluence_client: === END ATLAS DOC FORMAT ===
2025-09-22 12:09:44,291 [DEBUG] confluence_uploader: Building Fabric JSON for object AC_Corp_Form__Share
2025-09-22 12:09:44,293 [DEBUG] urllib3.connectionpool: Starting new HTTPS connection (1): cretemechanical.atlassian.net:443
2025-09-22 12:09:44,378 [DEBUG] urllib3.connectionpool: https://cretemechanical.atlassian.net:443 "GET /wiki/api/v2/pages?spaceId=28180482&title=AC_Corp_Form__Share&expand=version HTTP/1.1" 200 None
2025-09-22 12:09:44,380 [DEBUG] urllib3.connectionpool: Starting new HTTPS connection (1): cretemechanical.atlassian.net:443
2025-09-22 12:09:44,439 [DEBUG] urllib3.connectionpool: https://cretemechanical.atlassian.net:443 "GET /wiki/rest/api/content/184025340?expand=body.atlas_doc_format,body.storage,version HTTP/1.1" 200 None
2025-09-22 12:09:44,440 [DEBUG] confluence_client: === RAW PAGE JSON BODY KEYS (v1) ===
2025-09-22 12:09:44,440 [DEBUG] confluence_client: ['storage', 'atlas_doc_format', '_expandable']
2025-09-22 12:09:44,440 [DEBUG] confluence_client: === BEGIN ATLAS DOC FORMAT (first 1000 chars) ===
2025-09-22 12:09:44,440 [DEBUG] confluence_client: {"type":"doc","content":[{"type":"heading","attrs":{"level":1},"content":[{"text":"Object: AC_Corp_Form__Share","type":"text"}]},{"type":"paragraph","content":[{"text":"Label: ","type":"text","marks":[{"type":"strong"}]},{"text":"Share: AC Corp Form","type":"text"}]},{"type":"paragraph","content":[{"text":"Custom: ","type":"text","marks":[{"type":"strong"}]},{"text":"False","type":"text"}]},{"type":"paragraph","content":[{"text":"KeyPrefix: ","type":"text","marks":[{"type":"strong"}]}]},{"type":"heading","attrs":{"level":2},"content":[{"text":"Description","type":"text"}]},{"type":"paragraph"},{"type":"heading","attrs":{"level":2},"content":[{"text":"Custom Notes","type":"text"}]},{"type":"paragraph","content":[{"text":",\"type\":\"text,{\"type\":\"paragraph\",\"content\":[{\"text\":\",\\\"type\\\":\\\"text,{\\\"type\\\":\\\"paragraph\\\",\\\"content\\\":[{\\\"text\\\":\\\"<!-- START CUSTOM NOTES -->\\\\n\\\\\\\\n\\\\\\\\n\\\\n<!-- END CUSTOM NOTES -->\\\",\\\"type\\\":\\\"text,{\\\"ty
2025-09-22 12:09:44,441 [DEBUG] confluence_client: === END ATLAS DOC FORMAT ===
2025-09-22 12:09:44,441 [INFO] confluence_client: 🔄 Updating Confluence page 'AC_Corp_Form__Share' (ID=184025340)
2025-09-22 12:09:44,442 [DEBUG] urllib3.connectionpool: Starting new HTTPS connection (1): cretemechanical.atlassian.net:443
2025-09-22 12:09:44,527 [DEBUG] urllib3.connectionpool: https://cretemechanical.atlassian.net:443 "GET /wiki/api/v2/pages/184025340?expand=version HTTP/1.1" 200 None
2025-09-22 12:09:44,529 [DEBUG] urllib3.connectionpool: Starting new HTTPS connection (1): cretemechanical.atlassian.net:443
2025-09-22 12:09:44,799 [DEBUG] urllib3.connectionpool: https://cretemechanical.atlassian.net:443 "PUT /wiki/api/v2/pages/184025340 HTTP/1.1" 200 None
2025-09-22 12:09:45,087 [INFO] __main__: Object processed: AC_Corp_Form__Share
2025-09-22 12:09:45,087 [INFO] __main__: Uploading object: AC_Corp_Form__c
2025-09-22 12:09:45,088 [DEBUG] urllib3.connectionpool: Starting new HTTPS connection (1): cretemechanical.atlassian.net:443
2025-09-22 12:09:45,182 [DEBUG] urllib3.connectionpool: https://cretemechanical.atlassian.net:443 "GET /wiki/api/v2/pages?spaceId=28180482&title=AC_Corp_Form__c&expand=version HTTP/1.1" 200 None
2025-09-22 12:09:45,183 [DEBUG] urllib3.connectionpool: Starting new HTTPS connection (1): cretemechanical.atlassian.net:443
2025-09-22 12:09:45,246 [DEBUG] urllib3.connectionpool: https://cretemechanical.atlassian.net:443 "GET /wiki/rest/api/content/184025361?expand=body.atlas_doc_format,body.storage,version HTTP/1.1" 200 None
2025-09-22 12:09:45,248 [DEBUG] confluence_client: === RAW PAGE JSON BODY KEYS (v1) ===
2025-09-22 12:09:45,249 [DEBUG] confluence_client: ['storage', 'atlas_doc_format', '_expandable']
2025-09-22 12:09:45,249 [DEBUG] confluence_client: === BEGIN ATLAS DOC FORMAT (first 1000 chars) ===
2025-09-22 12:09:45,249 [DEBUG] confluence_client: {"type":"doc","content":[{"type":"heading","attrs":{"level":1},"content":[{"text":"Object: AC_Corp_Form__c","type":"text"}]},{"type":"paragraph","content":[{"text":"Label: ","type":"text","marks":[{"type":"strong"}]},{"text":"AC Corp Form","type":"text"}]},{"type":"paragraph","content":[{"text":"Custom: ","type":"text","marks":[{"type":"strong"}]},{"text":"True","type":"text"}]},{"type":"paragraph","content":[{"text":"KeyPrefix: ","type":"text","marks":[{"type":"strong"}]},{"text":"a2L","type":"text"}]},{"type":"heading","attrs":{"level":2},"content":[{"text":"Description","type":"text"}]},{"type":"paragraph","content":[{"text":"test","type":"text"}]},{"type":"heading","attrs":{"level":2},"content":[{"text":"Custom Notes","type":"text"}]},{"type":"paragraph","content":[{"text":"test","type":"text"}]},{"type":"heading","attrs":{"level":2},"content":[{"text":"Fields","type":"text"}]},{"type":"table","attrs":{"layout":"default","width":760.0,"localId":"21c51194-df79-471a-9901-b8c7de158164
2025-09-22 12:09:45,249 [DEBUG] confluence_client: === END ATLAS DOC FORMAT ===
2025-09-22 12:09:45,250 [DEBUG] confluence_uploader: Building Fabric JSON for object AC_Corp_Form__c
2025-09-22 12:09:45,253 [DEBUG] urllib3.connectionpool: Starting new HTTPS connection (1): cretemechanical.atlassian.net:443
2025-09-22 12:09:45,308 [DEBUG] urllib3.connectionpool: https://cretemechanical.atlassian.net:443 "GET /wiki/api/v2/pages?spaceId=28180482&title=AC_Corp_Form__c&expand=version HTTP/1.1" 200 None
2025-09-22 12:09:45,309 [DEBUG] urllib3.connectionpool: Starting new HTTPS connection (1): cretemechanical.atlassian.net:443
2025-09-22 12:09:45,376 [DEBUG] urllib3.connectionpool: https://cretemechanical.atlassian.net:443 "GET /wiki/rest/api/content/184025361?expand=body.atlas_doc_format,body.storage,version HTTP/1.1" 200 None
2025-09-22 12:09:45,377 [DEBUG] confluence_client: === RAW PAGE JSON BODY KEYS (v1) ===
2025-09-22 12:09:45,378 [DEBUG] confluence_client: ['storage', 'atlas_doc_format', '_expandable']
2025-09-22 12:09:45,378 [DEBUG] confluence_client: === BEGIN ATLAS DOC FORMAT (first 1000 chars) ===
2025-09-22 12:09:45,378 [DEBUG] confluence_client: {"type":"doc","content":[{"type":"heading","attrs":{"level":1},"content":[{"text":"Object: AC_Corp_Form__c","type":"text"}]},{"type":"paragraph","content":[{"text":"Label: ","type":"text","marks":[{"type":"strong"}]},{"text":"AC Corp Form","type":"text"}]},{"type":"paragraph","content":[{"text":"Custom: ","type":"text","marks":[{"type":"strong"}]},{"text":"True","type":"text"}]},{"type":"paragraph","content":[{"text":"KeyPrefix: ","type":"text","marks":[{"type":"strong"}]},{"text":"a2L","type":"text"}]},{"type":"heading","attrs":{"level":2},"content":[{"text":"Description","type":"text"}]},{"type":"paragraph","content":[{"text":"test","type":"text"}]},{"type":"heading","attrs":{"level":2},"content":[{"text":"Custom Notes","type":"text"}]},{"type":"paragraph","content":[{"text":"test","type":"text"}]},{"type":"heading","attrs":{"level":2},"content":[{"text":"Fields","type":"text"}]},{"type":"table","attrs":{"layout":"default","width":760.0,"localId":"21c51194-df79-471a-9901-b8c7de158164
2025-09-22 12:09:45,378 [DEBUG] confluence_client: === END ATLAS DOC FORMAT ===
2025-09-22 12:09:45,379 [INFO] confluence_client: 🔄 Updating Confluence page 'AC_Corp_Form__c' (ID=184025361)
2025-09-22 12:09:45,380 [DEBUG] urllib3.connectionpool: Starting new HTTPS connection (1): cretemechanical.atlassian.net:443
2025-09-22 12:09:45,458 [DEBUG] urllib3.connectionpool: https://cretemechanical.atlassian.net:443 "GET /wiki/api/v2/pages/184025361?expand=version HTTP/1.1" 200 None
2025-09-22 12:09:45,460 [DEBUG] urllib3.connectionpool: Starting new HTTPS connection (1): cretemechanical.atlassian.net:443
2025-09-22 12:09:45,749 [DEBUG] urllib3.connectionpool: https://cretemechanical.atlassian.net:443 "PUT /wiki/api/v2/pages/184025361 HTTP/1.1" 200 None
2025-09-22 12:09:46,019 [INFO] __main__: Object processed: AC_Corp_Form__c
