2025-09-22 12:23:22,368 [INFO] __main__: Start
2025-09-22 12:23:22,369 [INFO] __main__: SYNC_MODE=OBJECTS
2025-09-22 12:23:22,370 [INFO] __main__: Starting object upload (parent 177537954)
2025-09-22 12:23:22,370 [DEBUG] sf_object_loader: Running CLI: C:\Program Files\sf\bin\sf.cmd sobject list --json -o Prod
2025-09-22 12:23:24,923 [INFO] sf_object_loader: LIMIT_OBJECTS enabled, restricting to first 3 objects
2025-09-22 12:23:24,924 [INFO] sf_object_loader: Describing object: AC_Corp_Form__ChangeEvent
2025-09-22 12:23:24,924 [DEBUG] sf_object_loader: Running CLI: C:\Program Files\sf\bin\sf.cmd sobject describe -s AC_Corp_Form__ChangeEvent --json -o Prod
2025-09-22 12:23:26,438 [INFO] sf_object_loader: Describing object: AC_Corp_Form__Share
2025-09-22 12:23:26,439 [DEBUG] sf_object_loader: Running CLI: C:\Program Files\sf\bin\sf.cmd sobject describe -s AC_Corp_Form__Share --json -o Prod
2025-09-22 12:23:27,956 [INFO] sf_object_loader: Describing object: AC_Corp_Form__c
2025-09-22 12:23:27,956 [DEBUG] sf_object_loader: Running CLI: C:\Program Files\sf\bin\sf.cmd sobject describe -s AC_Corp_Form__c --json -o Prod
2025-09-22 12:23:29,515 [INFO] __main__: Uploading object: AC_Corp_Form__ChangeEvent
2025-09-22 12:23:29,516 [DEBUG] urllib3.connectionpool: Starting new HTTPS connection (1): cretemechanical.atlassian.net:443
2025-09-22 12:23:29,617 [DEBUG] urllib3.connectionpool: https://cretemechanical.atlassian.net:443 "GET /wiki/api/v2/pages?spaceId=28180482&title=AC_Corp_Form__ChangeEvent&expand=version HTTP/1.1" 200 None
2025-09-22 12:23:29,617 [DEBUG] confluence_uploader: Building Fabric JSON for object AC_Corp_Form__ChangeEvent
2025-09-22 12:23:29,620 [DEBUG] urllib3.connectionpool: Starting new HTTPS connection (1): cretemechanical.atlassian.net:443
2025-09-22 12:23:29,710 [DEBUG] urllib3.connectionpool: https://cretemechanical.atlassian.net:443 "GET /wiki/api/v2/pages?spaceId=28180482&title=AC_Corp_Form__ChangeEvent&expand=version HTTP/1.1" 200 None
2025-09-22 12:23:29,711 [INFO] confluence_client: 🆕 Creating new Confluence page 'AC_Corp_Form__ChangeEvent' under parent 177537954
2025-09-22 12:23:29,712 [DEBUG] urllib3.connectionpool: Starting new HTTPS connection (1): cretemechanical.atlassian.net:443
2025-09-22 12:23:30,124 [DEBUG] urllib3.connectionpool: https://cretemechanical.atlassian.net:443 "POST /wiki/api/v2/pages HTTP/1.1" 200 None
2025-09-22 12:23:30,329 [INFO] __main__: Object processed: AC_Corp_Form__ChangeEvent
2025-09-22 12:23:30,330 [INFO] __main__: Uploading object: AC_Corp_Form__Share
2025-09-22 12:23:30,331 [DEBUG] urllib3.connectionpool: Starting new HTTPS connection (1): cretemechanical.atlassian.net:443
2025-09-22 12:23:30,406 [DEBUG] urllib3.connectionpool: https://cretemechanical.atlassian.net:443 "GET /wiki/api/v2/pages?spaceId=28180482&title=AC_Corp_Form__Share&expand=version HTTP/1.1" 200 None
2025-09-22 12:23:30,407 [DEBUG] confluence_uploader: Building Fabric JSON for object AC_Corp_Form__Share
2025-09-22 12:23:30,408 [DEBUG] urllib3.connectionpool: Starting new HTTPS connection (1): cretemechanical.atlassian.net:443
2025-09-22 12:23:30,490 [DEBUG] urllib3.connectionpool: https://cretemechanical.atlassian.net:443 "GET /wiki/api/v2/pages?spaceId=28180482&title=AC_Corp_Form__Share&expand=version HTTP/1.1" 200 None
2025-09-22 12:23:30,490 [INFO] confluence_client: 🆕 Creating new Confluence page 'AC_Corp_Form__Share' under parent 177537954
2025-09-22 12:23:30,491 [DEBUG] urllib3.connectionpool: Starting new HTTPS connection (1): cretemechanical.atlassian.net:443
2025-09-22 12:23:31,308 [DEBUG] urllib3.connectionpool: https://cretemechanical.atlassian.net:443 "POST /wiki/api/v2/pages HTTP/1.1" 200 None
2025-09-22 12:23:31,668 [INFO] __main__: Object processed: AC_Corp_Form__Share
2025-09-22 12:23:31,668 [INFO] __main__: Uploading object: AC_Corp_Form__c
2025-09-22 12:23:31,669 [DEBUG] urllib3.connectionpool: Starting new HTTPS connection (1): cretemechanical.atlassian.net:443
2025-09-22 12:23:31,750 [DEBUG] urllib3.connectionpool: https://cretemechanical.atlassian.net:443 "GET /wiki/api/v2/pages?spaceId=28180482&title=AC_Corp_Form__c&expand=version HTTP/1.1" 200 None
2025-09-22 12:23:31,751 [DEBUG] confluence_uploader: Building Fabric JSON for object AC_Corp_Form__c
2025-09-22 12:23:31,754 [DEBUG] urllib3.connectionpool: Starting new HTTPS connection (1): cretemechanical.atlassian.net:443
2025-09-22 12:23:31,846 [DEBUG] urllib3.connectionpool: https://cretemechanical.atlassian.net:443 "GET /wiki/api/v2/pages?spaceId=28180482&title=AC_Corp_Form__c&expand=version HTTP/1.1" 200 None
2025-09-22 12:23:31,847 [INFO] confluence_client: 🆕 Creating new Confluence page 'AC_Corp_Form__c' under parent 177537954
2025-09-22 12:23:31,848 [DEBUG] urllib3.connectionpool: Starting new HTTPS connection (1): cretemechanical.atlassian.net:443
2025-09-22 12:23:32,491 [DEBUG] urllib3.connectionpool: https://cretemechanical.atlassian.net:443 "POST /wiki/api/v2/pages HTTP/1.1" 200 None
2025-09-22 12:23:32,839 [INFO] __main__: Object processed: AC_Corp_Form__c
