2025-09-19 14:58:43,187 [INFO] __main__: Start
2025-09-19 14:58:43,189 [INFO] __main__: SYNC_MODE=OBJECTS
2025-09-19 14:58:43,189 [INFO] __main__: Starting object upload (parent 177537954)
2025-09-19 14:58:43,190 [DEBUG] sf_object_loader: Running CLI: C:\Program Files\sf\bin\sf.cmd sobject list --json -o Prod
2025-09-19 14:58:44,850 [INFO] sf_object_loader: LIMIT_OBJECTS enabled, restricting to first 10 objects
2025-09-19 14:58:44,850 [INFO] sf_object_loader: Describing object: AC_Corp_Form__ChangeEvent
2025-09-19 14:58:44,850 [DEBUG] sf_object_loader: Running CLI: C:\Program Files\sf\bin\sf.cmd sobject describe -s AC_Corp_Form__ChangeEvent --json -o Prod
2025-09-19 14:58:46,462 [INFO] sf_object_loader: Describing object: AC_Corp_Form__Share
2025-09-19 14:58:46,462 [DEBUG] sf_object_loader: Running CLI: C:\Program Files\sf\bin\sf.cmd sobject describe -s AC_Corp_Form__Share --json -o Prod
2025-09-19 14:58:48,078 [INFO] sf_object_loader: Describing object: AC_Corp_Form__c
2025-09-19 14:58:48,079 [DEBUG] sf_object_loader: Running CLI: C:\Program Files\sf\bin\sf.cmd sobject describe -s AC_Corp_Form__c --json -o Prod
2025-09-19 14:58:49,865 [INFO] sf_object_loader: Describing object: AIApplication
2025-09-19 14:58:49,866 [DEBUG] sf_object_loader: Running CLI: C:\Program Files\sf\bin\sf.cmd sobject describe -s AIApplication --json -o Prod
2025-09-19 14:58:51,529 [INFO] sf_object_loader: Describing object: AIApplicationConfig
2025-09-19 14:58:51,529 [DEBUG] sf_object_loader: Running CLI: C:\Program Files\sf\bin\sf.cmd sobject describe -s AIApplicationConfig --json -o Prod
2025-09-19 14:58:53,193 [INFO] sf_object_loader: Describing object: AIInsightAction
2025-09-19 14:58:53,194 [DEBUG] sf_object_loader: Running CLI: C:\Program Files\sf\bin\sf.cmd sobject describe -s AIInsightAction --json -o Prod
2025-09-19 14:58:54,935 [INFO] sf_object_loader: Describing object: AIInsightFeedback
2025-09-19 14:58:54,937 [DEBUG] sf_object_loader: Running CLI: C:\Program Files\sf\bin\sf.cmd sobject describe -s AIInsightFeedback --json -o Prod
2025-09-19 14:58:56,619 [INFO] sf_object_loader: Describing object: AIInsightReason
2025-09-19 14:58:56,619 [DEBUG] sf_object_loader: Running CLI: C:\Program Files\sf\bin\sf.cmd sobject describe -s AIInsightReason --json -o Prod
2025-09-19 14:58:58,228 [INFO] sf_object_loader: Describing object: AIInsightValue
2025-09-19 14:58:58,228 [DEBUG] sf_object_loader: Running CLI: C:\Program Files\sf\bin\sf.cmd sobject describe -s AIInsightValue --json -o Prod
2025-09-19 14:59:00,912 [INFO] sf_object_loader: Describing object: AIPredictionEvent
2025-09-19 14:59:00,913 [DEBUG] sf_object_loader: Running CLI: C:\Program Files\sf\bin\sf.cmd sobject describe -s AIPredictionEvent --json -o Prod
2025-09-19 14:59:02,460 [INFO] __main__: Uploading object: AC_Corp_Form__ChangeEvent
2025-09-19 14:59:02,460 [DEBUG] confluence_uploader: Building Fabric JSON for object AC_Corp_Form__ChangeEvent
2025-09-19 14:59:02,467 [DEBUG] urllib3.connectionpool: Starting new HTTPS connection (1): cretemechanical.atlassian.net:443
2025-09-19 14:59:02,670 [DEBUG] urllib3.connectionpool: https://cretemechanical.atlassian.net:443 "GET /wiki/api/v2/pages?spaceId=28180482&title=AC_Corp_Form__ChangeEvent&expand=version HTTP/1.1" 200 None
2025-09-19 14:59:02,671 [DEBUG] urllib3.connectionpool: Starting new HTTPS connection (1): cretemechanical.atlassian.net:443
2025-09-19 14:59:02,764 [DEBUG] urllib3.connectionpool: https://cretemechanical.atlassian.net:443 "GET /wiki/rest/api/content/181797389?expand=body.atlas_doc_format,body.storage,version HTTP/1.1" 200 None
2025-09-19 14:59:02,766 [DEBUG] confluence_client: === RAW PAGE JSON BODY KEYS (v1) ===
2025-09-19 14:59:02,766 [DEBUG] confluence_client: ['storage', 'atlas_doc_format', '_expandable']
2025-09-19 14:59:02,766 [DEBUG] confluence_client: === BEGIN ATLAS DOC FORMAT (first 1000 chars) ===
2025-09-19 14:59:02,766 [DEBUG] confluence_client: {"type":"doc","content":[{"type":"heading","attrs":{"level":1},"content":[{"text":"AC_Corp_Form__ChangeEvent","type":"text"}]},{"type":"paragraph","content":[{"text":"Label: Change Event: AC Corp Form","type":"text","marks":[{"type":"strong"}]}]},{"type":"paragraph","content":[{"text":"Custom: False","type":"text"}]},{"type":"paragraph","content":[{"text":"KeyPrefix: None","type":"text"}]},{"type":"heading","attrs":{"level":2},"content":[{"text":"Description","type":"text"}]},{"type":"paragraph","content":[{"text":"No description available","type":"text","marks":[{"type":"em"}]}]},{"type":"heading","attrs":{"level":2},"content":[{"text":"Notes","type":"text"}]},{"type":"paragraph","content":[{"text":"No notes yet","type":"text","marks":[{"type":"em"}]}]},{"type":"heading","attrs":{"level":2},"content":[{"text":"Metadata","type":"text"}]},{"type":"table","attrs":{"layout":"default"},"content":[{"type":"tableRow","content":[{"type":"tableHeader","attrs":{"colspan":1,"rowspan":1},"content
2025-09-19 14:59:02,767 [DEBUG] confluence_client: === END ATLAS DOC FORMAT ===
2025-09-19 14:59:02,767 [INFO] confluence_client: 🔄 Updating Confluence page 'AC_Corp_Form__ChangeEvent' (ID=181797389)
2025-09-19 14:59:02,768 [DEBUG] urllib3.connectionpool: Starting new HTTPS connection (1): cretemechanical.atlassian.net:443
2025-09-19 14:59:02,860 [DEBUG] urllib3.connectionpool: https://cretemechanical.atlassian.net:443 "GET /wiki/api/v2/pages/181797389?expand=version HTTP/1.1" 200 None
2025-09-19 14:59:02,862 [DEBUG] urllib3.connectionpool: Starting new HTTPS connection (1): cretemechanical.atlassian.net:443
2025-09-19 14:59:03,126 [DEBUG] urllib3.connectionpool: https://cretemechanical.atlassian.net:443 "PUT /wiki/api/v2/pages/181797389 HTTP/1.1" 200 None
2025-09-19 14:59:03,409 [INFO] __main__: Object processed: AC_Corp_Form__ChangeEvent
2025-09-19 14:59:03,409 [INFO] __main__: Uploading object: AC_Corp_Form__Share
2025-09-19 14:59:03,409 [DEBUG] confluence_uploader: Building Fabric JSON for object AC_Corp_Form__Share
2025-09-19 14:59:03,411 [DEBUG] urllib3.connectionpool: Starting new HTTPS connection (1): cretemechanical.atlassian.net:443
2025-09-19 14:59:03,507 [DEBUG] urllib3.connectionpool: https://cretemechanical.atlassian.net:443 "GET /wiki/api/v2/pages?spaceId=28180482&title=AC_Corp_Form__Share&expand=version HTTP/1.1" 200 None
2025-09-19 14:59:03,508 [DEBUG] urllib3.connectionpool: Starting new HTTPS connection (1): cretemechanical.atlassian.net:443
2025-09-19 14:59:03,593 [DEBUG] urllib3.connectionpool: https://cretemechanical.atlassian.net:443 "GET /wiki/rest/api/content/182353921?expand=body.atlas_doc_format,body.storage,version HTTP/1.1" 200 None
2025-09-19 14:59:03,594 [DEBUG] confluence_client: === RAW PAGE JSON BODY KEYS (v1) ===
2025-09-19 14:59:03,594 [DEBUG] confluence_client: ['storage', 'atlas_doc_format', '_expandable']
2025-09-19 14:59:03,594 [DEBUG] confluence_client: === BEGIN ATLAS DOC FORMAT (first 1000 chars) ===
2025-09-19 14:59:03,594 [DEBUG] confluence_client: {"type":"doc","content":[{"type":"heading","attrs":{"level":1},"content":[{"text":"AC_Corp_Form__Share","type":"text"}]},{"type":"paragraph","content":[{"text":"Label: Share: AC Corp Form","type":"text","marks":[{"type":"strong"}]}]},{"type":"paragraph","content":[{"text":"Custom: False","type":"text"}]},{"type":"paragraph","content":[{"text":"KeyPrefix: None","type":"text"}]},{"type":"heading","attrs":{"level":2},"content":[{"text":"Description","type":"text"}]},{"type":"paragraph","content":[{"text":"No description available","type":"text","marks":[{"type":"em"}]}]},{"type":"heading","attrs":{"level":2},"content":[{"text":"Notes","type":"text"}]},{"type":"paragraph","content":[{"text":"No notes yet","type":"text","marks":[{"type":"em"}]}]},{"type":"heading","attrs":{"level":2},"content":[{"text":"Metadata","type":"text"}]},{"type":"table","attrs":{"layout":"default"},"content":[{"type":"tableRow","content":[{"type":"tableHeader","attrs":{"colspan":1,"rowspan":1},"content":[{"type":"p
2025-09-19 14:59:03,595 [DEBUG] confluence_client: === END ATLAS DOC FORMAT ===
2025-09-19 14:59:03,595 [INFO] confluence_client: 🔄 Updating Confluence page 'AC_Corp_Form__Share' (ID=182353921)
2025-09-19 14:59:03,596 [DEBUG] urllib3.connectionpool: Starting new HTTPS connection (1): cretemechanical.atlassian.net:443
2025-09-19 14:59:03,659 [DEBUG] urllib3.connectionpool: https://cretemechanical.atlassian.net:443 "GET /wiki/api/v2/pages/182353921?expand=version HTTP/1.1" 200 None
2025-09-19 14:59:03,660 [DEBUG] urllib3.connectionpool: Starting new HTTPS connection (1): cretemechanical.atlassian.net:443
2025-09-19 14:59:03,884 [DEBUG] urllib3.connectionpool: https://cretemechanical.atlassian.net:443 "PUT /wiki/api/v2/pages/182353921 HTTP/1.1" 200 None
2025-09-19 14:59:04,171 [INFO] __main__: Object processed: AC_Corp_Form__Share
2025-09-19 14:59:04,172 [INFO] __main__: Uploading object: AC_Corp_Form__c
2025-09-19 14:59:04,172 [DEBUG] confluence_uploader: Building Fabric JSON for object AC_Corp_Form__c
2025-09-19 14:59:04,174 [DEBUG] urllib3.connectionpool: Starting new HTTPS connection (1): cretemechanical.atlassian.net:443
2025-09-19 14:59:04,236 [DEBUG] urllib3.connectionpool: https://cretemechanical.atlassian.net:443 "GET /wiki/api/v2/pages?spaceId=28180482&title=AC_Corp_Form__c&expand=version HTTP/1.1" 200 None
2025-09-19 14:59:04,238 [DEBUG] urllib3.connectionpool: Starting new HTTPS connection (1): cretemechanical.atlassian.net:443
2025-09-19 14:59:04,338 [DEBUG] urllib3.connectionpool: https://cretemechanical.atlassian.net:443 "GET /wiki/rest/api/content/181764831?expand=body.atlas_doc_format,body.storage,version HTTP/1.1" 200 None
2025-09-19 14:59:04,339 [DEBUG] confluence_client: === RAW PAGE JSON BODY KEYS (v1) ===
2025-09-19 14:59:04,340 [DEBUG] confluence_client: ['storage', 'atlas_doc_format', '_expandable']
2025-09-19 14:59:04,340 [DEBUG] confluence_client: === BEGIN ATLAS DOC FORMAT (first 1000 chars) ===
2025-09-19 14:59:04,340 [DEBUG] confluence_client: {"type":"doc","content":[{"type":"heading","attrs":{"level":1},"content":[{"text":"AC_Corp_Form__c","type":"text"}]},{"type":"paragraph","content":[{"text":"Label: AC Corp Form","type":"text","marks":[{"type":"strong"}]}]},{"type":"paragraph","content":[{"text":"Custom: True","type":"text"}]},{"type":"paragraph","content":[{"text":"KeyPrefix: a2L","type":"text"}]},{"type":"heading","attrs":{"level":2},"content":[{"text":"Description","type":"text"}]},{"type":"paragraph","content":[{"text":"No description available","type":"text","marks":[{"type":"em"}]}]},{"type":"heading","attrs":{"level":2},"content":[{"text":"Notes","type":"text"}]},{"type":"paragraph","content":[{"text":"No notes yet","type":"text","marks":[{"type":"em"}]}]},{"type":"heading","attrs":{"level":2},"content":[{"text":"Metadata","type":"text"}]},{"type":"table","attrs":{"layout":"default"},"content":[{"type":"tableRow","content":[{"type":"tableHeader","attrs":{"colspan":1,"rowspan":1},"content":[{"type":"paragraph","co
2025-09-19 14:59:04,341 [DEBUG] confluence_client: === END ATLAS DOC FORMAT ===
2025-09-19 14:59:04,341 [INFO] confluence_client: 🔄 Updating Confluence page 'AC_Corp_Form__c' (ID=181764831)
2025-09-19 14:59:04,342 [DEBUG] urllib3.connectionpool: Starting new HTTPS connection (1): cretemechanical.atlassian.net:443
2025-09-19 14:59:04,433 [DEBUG] urllib3.connectionpool: https://cretemechanical.atlassian.net:443 "GET /wiki/api/v2/pages/181764831?expand=version HTTP/1.1" 200 None
2025-09-19 14:59:04,435 [DEBUG] urllib3.connectionpool: Starting new HTTPS connection (1): cretemechanical.atlassian.net:443
2025-09-19 14:59:04,719 [DEBUG] urllib3.connectionpool: https://cretemechanical.atlassian.net:443 "PUT /wiki/api/v2/pages/181764831 HTTP/1.1" 200 None
2025-09-19 14:59:04,991 [INFO] __main__: Object processed: AC_Corp_Form__c
2025-09-19 14:59:04,992 [INFO] __main__: Uploading object: AIApplication
2025-09-19 14:59:04,992 [DEBUG] confluence_uploader: Building Fabric JSON for object AIApplication
2025-09-19 14:59:04,994 [DEBUG] urllib3.connectionpool: Starting new HTTPS connection (1): cretemechanical.atlassian.net:443
2025-09-19 14:59:05,098 [DEBUG] urllib3.connectionpool: https://cretemechanical.atlassian.net:443 "GET /wiki/api/v2/pages?spaceId=28180482&title=AIApplication&expand=version HTTP/1.1" 200 None
2025-09-19 14:59:05,099 [DEBUG] urllib3.connectionpool: Starting new HTTPS connection (1): cretemechanical.atlassian.net:443
2025-09-19 14:59:05,197 [DEBUG] urllib3.connectionpool: https://cretemechanical.atlassian.net:443 "GET /wiki/rest/api/content/181797411?expand=body.atlas_doc_format,body.storage,version HTTP/1.1" 200 None
2025-09-19 14:59:05,198 [DEBUG] confluence_client: === RAW PAGE JSON BODY KEYS (v1) ===
2025-09-19 14:59:05,198 [DEBUG] confluence_client: ['storage', 'atlas_doc_format', '_expandable']
2025-09-19 14:59:05,198 [DEBUG] confluence_client: === BEGIN ATLAS DOC FORMAT (first 1000 chars) ===
2025-09-19 14:59:05,199 [DEBUG] confluence_client: {"type":"doc","content":[{"type":"heading","attrs":{"level":1},"content":[{"text":"AIApplication","type":"text"}]},{"type":"paragraph","content":[{"text":"Label: AI Application","type":"text","marks":[{"type":"strong"}]}]},{"type":"paragraph","content":[{"text":"Custom: False","type":"text"}]},{"type":"paragraph","content":[{"text":"KeyPrefix: 0Pp","type":"text"}]},{"type":"heading","attrs":{"level":2},"content":[{"text":"Description","type":"text"}]},{"type":"paragraph","content":[{"text":"No description available","type":"text","marks":[{"type":"em"}]}]},{"type":"heading","attrs":{"level":2},"content":[{"text":"Notes","type":"text"}]},{"type":"paragraph","content":[{"text":"No notes yet","type":"text","marks":[{"type":"em"}]}]},{"type":"heading","attrs":{"level":2},"content":[{"text":"Metadata","type":"text"}]},{"type":"table","attrs":{"layout":"default"},"content":[{"type":"tableRow","content":[{"type":"tableHeader","attrs":{"colspan":1,"rowspan":1},"content":[{"type":"paragraph","c
2025-09-19 14:59:05,199 [DEBUG] confluence_client: === END ATLAS DOC FORMAT ===
2025-09-19 14:59:05,199 [INFO] confluence_client: 🔄 Updating Confluence page 'AIApplication' (ID=181797411)
2025-09-19 14:59:05,200 [DEBUG] urllib3.connectionpool: Starting new HTTPS connection (1): cretemechanical.atlassian.net:443
2025-09-19 14:59:05,263 [DEBUG] urllib3.connectionpool: https://cretemechanical.atlassian.net:443 "GET /wiki/api/v2/pages/181797411?expand=version HTTP/1.1" 200 None
2025-09-19 14:59:05,265 [DEBUG] urllib3.connectionpool: Starting new HTTPS connection (1): cretemechanical.atlassian.net:443
2025-09-19 14:59:05,523 [DEBUG] urllib3.connectionpool: https://cretemechanical.atlassian.net:443 "PUT /wiki/api/v2/pages/181797411 HTTP/1.1" 200 None
2025-09-19 14:59:05,814 [INFO] __main__: Object processed: AIApplication
2025-09-19 14:59:05,814 [INFO] __main__: Uploading object: AIApplicationConfig
2025-09-19 14:59:05,814 [DEBUG] confluence_uploader: Building Fabric JSON for object AIApplicationConfig
2025-09-19 14:59:05,816 [DEBUG] urllib3.connectionpool: Starting new HTTPS connection (1): cretemechanical.atlassian.net:443
2025-09-19 14:59:05,886 [DEBUG] urllib3.connectionpool: https://cretemechanical.atlassian.net:443 "GET /wiki/api/v2/pages?spaceId=28180482&title=AIApplicationConfig&expand=version HTTP/1.1" 200 None
2025-09-19 14:59:05,887 [DEBUG] urllib3.connectionpool: Starting new HTTPS connection (1): cretemechanical.atlassian.net:443
2025-09-19 14:59:05,974 [DEBUG] urllib3.connectionpool: https://cretemechanical.atlassian.net:443 "GET /wiki/rest/api/content/181797432?expand=body.atlas_doc_format,body.storage,version HTTP/1.1" 200 None
2025-09-19 14:59:05,975 [DEBUG] confluence_client: === RAW PAGE JSON BODY KEYS (v1) ===
2025-09-19 14:59:05,976 [DEBUG] confluence_client: ['storage', 'atlas_doc_format', '_expandable']
2025-09-19 14:59:05,976 [DEBUG] confluence_client: === BEGIN ATLAS DOC FORMAT (first 1000 chars) ===
2025-09-19 14:59:05,976 [DEBUG] confluence_client: {"type":"doc","content":[{"type":"heading","attrs":{"level":1},"content":[{"text":"AIApplicationConfig","type":"text"}]},{"type":"paragraph","content":[{"text":"Label: AI Application config","type":"text","marks":[{"type":"strong"}]}]},{"type":"paragraph","content":[{"text":"Custom: False","type":"text"}]},{"type":"paragraph","content":[{"text":"KeyPrefix: 6S9","type":"text"}]},{"type":"heading","attrs":{"level":2},"content":[{"text":"Description","type":"text"}]},{"type":"paragraph","content":[{"text":"No description available","type":"text","marks":[{"type":"em"}]}]},{"type":"heading","attrs":{"level":2},"content":[{"text":"Notes","type":"text"}]},{"type":"paragraph","content":[{"text":"No notes yet","type":"text","marks":[{"type":"em"}]}]},{"type":"heading","attrs":{"level":2},"content":[{"text":"Metadata","type":"text"}]},{"type":"table","attrs":{"layout":"default"},"content":[{"type":"tableRow","content":[{"type":"tableHeader","attrs":{"colspan":1,"rowspan":1},"content":[{"type":"
2025-09-19 14:59:05,976 [DEBUG] confluence_client: === END ATLAS DOC FORMAT ===
2025-09-19 14:59:05,977 [INFO] confluence_client: 🔄 Updating Confluence page 'AIApplicationConfig' (ID=181797432)
2025-09-19 14:59:05,978 [DEBUG] urllib3.connectionpool: Starting new HTTPS connection (1): cretemechanical.atlassian.net:443
2025-09-19 14:59:06,050 [DEBUG] urllib3.connectionpool: https://cretemechanical.atlassian.net:443 "GET /wiki/api/v2/pages/181797432?expand=version HTTP/1.1" 200 None
2025-09-19 14:59:06,050 [DEBUG] urllib3.connectionpool: Starting new HTTPS connection (1): cretemechanical.atlassian.net:443
2025-09-19 14:59:06,246 [DEBUG] urllib3.connectionpool: https://cretemechanical.atlassian.net:443 "PUT /wiki/api/v2/pages/181797432 HTTP/1.1" 200 None
2025-09-19 14:59:06,549 [INFO] __main__: Object processed: AIApplicationConfig
2025-09-19 14:59:06,549 [INFO] __main__: Uploading object: AIInsightAction
2025-09-19 14:59:06,549 [DEBUG] confluence_uploader: Building Fabric JSON for object AIInsightAction
2025-09-19 14:59:06,551 [DEBUG] urllib3.connectionpool: Starting new HTTPS connection (1): cretemechanical.atlassian.net:443
2025-09-19 14:59:06,630 [DEBUG] urllib3.connectionpool: https://cretemechanical.atlassian.net:443 "GET /wiki/api/v2/pages?spaceId=28180482&title=AIInsightAction&expand=version HTTP/1.1" 200 None
2025-09-19 14:59:06,632 [DEBUG] urllib3.connectionpool: Starting new HTTPS connection (1): cretemechanical.atlassian.net:443
2025-09-19 14:59:06,694 [DEBUG] urllib3.connectionpool: https://cretemechanical.atlassian.net:443 "GET /wiki/rest/api/content/182157939?expand=body.atlas_doc_format,body.storage,version HTTP/1.1" 200 None
2025-09-19 14:59:06,696 [DEBUG] confluence_client: === RAW PAGE JSON BODY KEYS (v1) ===
2025-09-19 14:59:06,696 [DEBUG] confluence_client: ['storage', 'atlas_doc_format', '_expandable']
2025-09-19 14:59:06,697 [DEBUG] confluence_client: === BEGIN ATLAS DOC FORMAT (first 1000 chars) ===
2025-09-19 14:59:06,697 [DEBUG] confluence_client: {"type":"doc","content":[{"type":"heading","attrs":{"level":1},"content":[{"text":"AIInsightAction","type":"text"}]},{"type":"paragraph","content":[{"text":"Label: AI Insight Action","type":"text","marks":[{"type":"strong"}]}]},{"type":"paragraph","content":[{"text":"Custom: False","type":"text"}]},{"type":"paragraph","content":[{"text":"KeyPrefix: 9qd","type":"text"}]},{"type":"heading","attrs":{"level":2},"content":[{"text":"Description","type":"text"}]},{"type":"paragraph","content":[{"text":"No description available","type":"text","marks":[{"type":"em"}]}]},{"type":"heading","attrs":{"level":2},"content":[{"text":"Notes","type":"text"}]},{"type":"paragraph","content":[{"text":"No notes yet","type":"text","marks":[{"type":"em"}]}]},{"type":"heading","attrs":{"level":2},"content":[{"text":"Metadata","type":"text"}]},{"type":"table","attrs":{"layout":"default"},"content":[{"type":"tableRow","content":[{"type":"tableHeader","attrs":{"colspan":1,"rowspan":1},"content":[{"type":"paragrap
2025-09-19 14:59:06,697 [DEBUG] confluence_client: === END ATLAS DOC FORMAT ===
2025-09-19 14:59:06,698 [INFO] confluence_client: 🔄 Updating Confluence page 'AIInsightAction' (ID=182157939)
2025-09-19 14:59:06,699 [DEBUG] urllib3.connectionpool: Starting new HTTPS connection (1): cretemechanical.atlassian.net:443
2025-09-19 14:59:06,776 [DEBUG] urllib3.connectionpool: https://cretemechanical.atlassian.net:443 "GET /wiki/api/v2/pages/182157939?expand=version HTTP/1.1" 200 None
2025-09-19 14:59:06,778 [DEBUG] urllib3.connectionpool: Starting new HTTPS connection (1): cretemechanical.atlassian.net:443
2025-09-19 14:59:07,009 [DEBUG] urllib3.connectionpool: https://cretemechanical.atlassian.net:443 "PUT /wiki/api/v2/pages/182157939 HTTP/1.1" 200 None
2025-09-19 14:59:07,289 [INFO] __main__: Object processed: AIInsightAction
2025-09-19 14:59:07,289 [INFO] __main__: Uploading object: AIInsightFeedback
2025-09-19 14:59:07,289 [DEBUG] confluence_uploader: Building Fabric JSON for object AIInsightFeedback
2025-09-19 14:59:07,290 [DEBUG] urllib3.connectionpool: Starting new HTTPS connection (1): cretemechanical.atlassian.net:443
2025-09-19 14:59:07,375 [DEBUG] urllib3.connectionpool: https://cretemechanical.atlassian.net:443 "GET /wiki/api/v2/pages?spaceId=28180482&title=AIInsightFeedback&expand=version HTTP/1.1" 200 None
2025-09-19 14:59:07,377 [DEBUG] urllib3.connectionpool: Starting new HTTPS connection (1): cretemechanical.atlassian.net:443
2025-09-19 14:59:07,433 [DEBUG] urllib3.connectionpool: https://cretemechanical.atlassian.net:443 "GET /wiki/rest/api/content/181994192?expand=body.atlas_doc_format,body.storage,version HTTP/1.1" 200 None
2025-09-19 14:59:07,434 [DEBUG] confluence_client: === RAW PAGE JSON BODY KEYS (v1) ===
2025-09-19 14:59:07,434 [DEBUG] confluence_client: ['storage', 'atlas_doc_format', '_expandable']
2025-09-19 14:59:07,434 [DEBUG] confluence_client: === BEGIN ATLAS DOC FORMAT (first 1000 chars) ===
2025-09-19 14:59:07,435 [DEBUG] confluence_client: {"type":"doc","content":[{"type":"heading","attrs":{"level":1},"content":[{"text":"AIInsightFeedback","type":"text"}]},{"type":"paragraph","content":[{"text":"Label: AI Insight Feedback","type":"text","marks":[{"type":"strong"}]}]},{"type":"paragraph","content":[{"text":"Custom: False","type":"text"}]},{"type":"paragraph","content":[{"text":"KeyPrefix: 9bq","type":"text"}]},{"type":"heading","attrs":{"level":2},"content":[{"text":"Description","type":"text"}]},{"type":"paragraph","content":[{"text":"No description available","type":"text","marks":[{"type":"em"}]}]},{"type":"heading","attrs":{"level":2},"content":[{"text":"Notes","type":"text"}]},{"type":"paragraph","content":[{"text":"No notes yet","type":"text","marks":[{"type":"em"}]}]},{"type":"heading","attrs":{"level":2},"content":[{"text":"Metadata","type":"text"}]},{"type":"table","attrs":{"layout":"default"},"content":[{"type":"tableRow","content":[{"type":"tableHeader","attrs":{"colspan":1,"rowspan":1},"content":[{"type":"para
2025-09-19 14:59:07,435 [DEBUG] confluence_client: === END ATLAS DOC FORMAT ===
2025-09-19 14:59:07,436 [INFO] confluence_client: 🔄 Updating Confluence page 'AIInsightFeedback' (ID=181994192)
2025-09-19 14:59:07,437 [DEBUG] urllib3.connectionpool: Starting new HTTPS connection (1): cretemechanical.atlassian.net:443
2025-09-19 14:59:07,493 [DEBUG] urllib3.connectionpool: https://cretemechanical.atlassian.net:443 "GET /wiki/api/v2/pages/181994192?expand=version HTTP/1.1" 200 None
2025-09-19 14:59:07,495 [DEBUG] urllib3.connectionpool: Starting new HTTPS connection (1): cretemechanical.atlassian.net:443
2025-09-19 14:59:07,717 [DEBUG] urllib3.connectionpool: https://cretemechanical.atlassian.net:443 "PUT /wiki/api/v2/pages/181994192 HTTP/1.1" 200 None
2025-09-19 14:59:07,888 [INFO] __main__: Object processed: AIInsightFeedback
2025-09-19 14:59:07,888 [INFO] __main__: Uploading object: AIInsightReason
2025-09-19 14:59:07,888 [DEBUG] confluence_uploader: Building Fabric JSON for object AIInsightReason
2025-09-19 14:59:07,890 [DEBUG] urllib3.connectionpool: Starting new HTTPS connection (1): cretemechanical.atlassian.net:443
2025-09-19 14:59:07,975 [DEBUG] urllib3.connectionpool: https://cretemechanical.atlassian.net:443 "GET /wiki/api/v2/pages?spaceId=28180482&title=AIInsightReason&expand=version HTTP/1.1" 200 None
2025-09-19 14:59:07,976 [DEBUG] urllib3.connectionpool: Starting new HTTPS connection (1): cretemechanical.atlassian.net:443
2025-09-19 14:59:08,061 [DEBUG] urllib3.connectionpool: https://cretemechanical.atlassian.net:443 "GET /wiki/rest/api/content/181797453?expand=body.atlas_doc_format,body.storage,version HTTP/1.1" 200 None
2025-09-19 14:59:08,062 [DEBUG] confluence_client: === RAW PAGE JSON BODY KEYS (v1) ===
2025-09-19 14:59:08,062 [DEBUG] confluence_client: ['storage', 'atlas_doc_format', '_expandable']
2025-09-19 14:59:08,062 [DEBUG] confluence_client: === BEGIN ATLAS DOC FORMAT (first 1000 chars) ===
2025-09-19 14:59:08,062 [DEBUG] confluence_client: {"type":"doc","content":[{"type":"heading","attrs":{"level":1},"content":[{"text":"AIInsightReason","type":"text"}]},{"type":"paragraph","content":[{"text":"Label: AI Insight Reason","type":"text","marks":[{"type":"strong"}]}]},{"type":"paragraph","content":[{"text":"Custom: False","type":"text"}]},{"type":"paragraph","content":[{"text":"KeyPrefix: 0T2","type":"text"}]},{"type":"heading","attrs":{"level":2},"content":[{"text":"Description","type":"text"}]},{"type":"paragraph","content":[{"text":"No description available","type":"text","marks":[{"type":"em"}]}]},{"type":"heading","attrs":{"level":2},"content":[{"text":"Notes","type":"text"}]},{"type":"paragraph","content":[{"text":"No notes yet","type":"text","marks":[{"type":"em"}]}]},{"type":"heading","attrs":{"level":2},"content":[{"text":"Metadata","type":"text"}]},{"type":"table","attrs":{"layout":"default"},"content":[{"type":"tableRow","content":[{"type":"tableHeader","attrs":{"colspan":1,"rowspan":1},"content":[{"type":"paragrap
2025-09-19 14:59:08,063 [DEBUG] confluence_client: === END ATLAS DOC FORMAT ===
2025-09-19 14:59:08,063 [INFO] confluence_client: 🔄 Updating Confluence page 'AIInsightReason' (ID=181797453)
2025-09-19 14:59:08,064 [DEBUG] urllib3.connectionpool: Starting new HTTPS connection (1): cretemechanical.atlassian.net:443
2025-09-19 14:59:08,142 [DEBUG] urllib3.connectionpool: https://cretemechanical.atlassian.net:443 "GET /wiki/api/v2/pages/181797453?expand=version HTTP/1.1" 200 None
2025-09-19 14:59:08,144 [DEBUG] urllib3.connectionpool: Starting new HTTPS connection (1): cretemechanical.atlassian.net:443
2025-09-19 14:59:08,358 [DEBUG] urllib3.connectionpool: https://cretemechanical.atlassian.net:443 "PUT /wiki/api/v2/pages/181797453 HTTP/1.1" 200 None
2025-09-19 14:59:08,551 [INFO] __main__: Object processed: AIInsightReason
2025-09-19 14:59:08,552 [INFO] __main__: Uploading object: AIInsightValue
2025-09-19 14:59:08,552 [DEBUG] confluence_uploader: Building Fabric JSON for object AIInsightValue
2025-09-19 14:59:08,555 [DEBUG] urllib3.connectionpool: Starting new HTTPS connection (1): cretemechanical.atlassian.net:443
2025-09-19 14:59:08,637 [DEBUG] urllib3.connectionpool: https://cretemechanical.atlassian.net:443 "GET /wiki/api/v2/pages?spaceId=28180482&title=AIInsightValue&expand=version HTTP/1.1" 200 None
2025-09-19 14:59:08,639 [DEBUG] urllib3.connectionpool: Starting new HTTPS connection (1): cretemechanical.atlassian.net:443
2025-09-19 14:59:08,719 [DEBUG] urllib3.connectionpool: https://cretemechanical.atlassian.net:443 "GET /wiki/rest/api/content/182353942?expand=body.atlas_doc_format,body.storage,version HTTP/1.1" 200 None
2025-09-19 14:59:08,737 [DEBUG] confluence_client: === RAW PAGE JSON BODY KEYS (v1) ===
2025-09-19 14:59:08,737 [DEBUG] confluence_client: ['storage', 'atlas_doc_format', '_expandable']
2025-09-19 14:59:08,737 [DEBUG] confluence_client: === BEGIN ATLAS DOC FORMAT (first 1000 chars) ===
2025-09-19 14:59:08,738 [DEBUG] confluence_client: {"type":"doc","content":[{"type":"heading","attrs":{"level":1},"content":[{"text":"AIInsightValue","type":"text"}]},{"type":"paragraph","content":[{"text":"Label: AI Insight Value","type":"text","marks":[{"type":"strong"}]}]},{"type":"paragraph","content":[{"text":"Custom: False","type":"text"}]},{"type":"paragraph","content":[{"text":"KeyPrefix: 9qc","type":"text"}]},{"type":"heading","attrs":{"level":2},"content":[{"text":"Description","type":"text"}]},{"type":"paragraph","content":[{"text":"No description available","type":"text","marks":[{"type":"em"}]}]},{"type":"heading","attrs":{"level":2},"content":[{"text":"Notes","type":"text"}]},{"type":"paragraph","content":[{"text":"No notes yet","type":"text","marks":[{"type":"em"}]}]},{"type":"heading","attrs":{"level":2},"content":[{"text":"Metadata","type":"text"}]},{"type":"table","attrs":{"layout":"default"},"content":[{"type":"tableRow","content":[{"type":"tableHeader","attrs":{"colspan":1,"rowspan":1},"content":[{"type":"paragraph"
2025-09-19 14:59:08,738 [DEBUG] confluence_client: === END ATLAS DOC FORMAT ===
2025-09-19 14:59:08,738 [INFO] confluence_client: 🔄 Updating Confluence page 'AIInsightValue' (ID=182353942)
2025-09-19 14:59:08,739 [DEBUG] urllib3.connectionpool: Starting new HTTPS connection (1): cretemechanical.atlassian.net:443
2025-09-19 14:59:08,798 [DEBUG] urllib3.connectionpool: https://cretemechanical.atlassian.net:443 "GET /wiki/api/v2/pages/182353942?expand=version HTTP/1.1" 200 None
2025-09-19 14:59:08,801 [DEBUG] urllib3.connectionpool: Starting new HTTPS connection (1): cretemechanical.atlassian.net:443
2025-09-19 14:59:09,206 [DEBUG] urllib3.connectionpool: https://cretemechanical.atlassian.net:443 "PUT /wiki/api/v2/pages/182353942 HTTP/1.1" 200 None
2025-09-19 14:59:09,467 [INFO] __main__: Object processed: AIInsightValue
2025-09-19 14:59:09,467 [INFO] __main__: Uploading object: AIPredictionEvent
2025-09-19 14:59:09,467 [DEBUG] confluence_uploader: Building Fabric JSON for object AIPredictionEvent
2025-09-19 14:59:09,469 [DEBUG] urllib3.connectionpool: Starting new HTTPS connection (1): cretemechanical.atlassian.net:443
2025-09-19 14:59:09,559 [DEBUG] urllib3.connectionpool: https://cretemechanical.atlassian.net:443 "GET /wiki/api/v2/pages?spaceId=28180482&title=AIPredictionEvent&expand=version HTTP/1.1" 200 None
2025-09-19 14:59:09,561 [DEBUG] urllib3.connectionpool: Starting new HTTPS connection (1): cretemechanical.atlassian.net:443
2025-09-19 14:59:09,654 [DEBUG] urllib3.connectionpool: https://cretemechanical.atlassian.net:443 "GET /wiki/rest/api/content/182157960?expand=body.atlas_doc_format,body.storage,version HTTP/1.1" 200 None
2025-09-19 14:59:09,655 [DEBUG] confluence_client: === RAW PAGE JSON BODY KEYS (v1) ===
2025-09-19 14:59:09,655 [DEBUG] confluence_client: ['storage', 'atlas_doc_format', '_expandable']
2025-09-19 14:59:09,655 [DEBUG] confluence_client: === BEGIN ATLAS DOC FORMAT (first 1000 chars) ===
2025-09-19 14:59:09,656 [DEBUG] confluence_client: {"type":"doc","content":[{"type":"heading","attrs":{"level":1},"content":[{"text":"AIPredictionEvent","type":"text"}]},{"type":"paragraph","content":[{"text":"Label: AI Prediction Event","type":"text","marks":[{"type":"strong"}]}]},{"type":"paragraph","content":[{"text":"Custom: False","type":"text"}]},{"type":"paragraph","content":[{"text":"KeyPrefix: 0ae","type":"text"}]},{"type":"heading","attrs":{"level":2},"content":[{"text":"Description","type":"text"}]},{"type":"paragraph","content":[{"text":"No description available","type":"text","marks":[{"type":"em"}]}]},{"type":"heading","attrs":{"level":2},"content":[{"text":"Notes","type":"text"}]},{"type":"paragraph","content":[{"text":"No notes yet","type":"text","marks":[{"type":"em"}]}]},{"type":"heading","attrs":{"level":2},"content":[{"text":"Metadata","type":"text"}]},{"type":"table","attrs":{"layout":"default"},"content":[{"type":"tableRow","content":[{"type":"tableHeader","attrs":{"colspan":1,"rowspan":1},"content":[{"type":"para
2025-09-19 14:59:09,656 [DEBUG] confluence_client: === END ATLAS DOC FORMAT ===
2025-09-19 14:59:09,656 [INFO] confluence_client: 🔄 Updating Confluence page 'AIPredictionEvent' (ID=182157960)
2025-09-19 14:59:09,657 [DEBUG] urllib3.connectionpool: Starting new HTTPS connection (1): cretemechanical.atlassian.net:443
2025-09-19 14:59:09,724 [DEBUG] urllib3.connectionpool: https://cretemechanical.atlassian.net:443 "GET /wiki/api/v2/pages/182157960?expand=version HTTP/1.1" 200 None
2025-09-19 14:59:09,726 [DEBUG] urllib3.connectionpool: Starting new HTTPS connection (1): cretemechanical.atlassian.net:443
2025-09-19 14:59:09,896 [DEBUG] urllib3.connectionpool: https://cretemechanical.atlassian.net:443 "PUT /wiki/api/v2/pages/182157960 HTTP/1.1" 200 None
2025-09-19 14:59:10,076 [INFO] __main__: Object processed: AIPredictionEvent
