2025-09-19 15:11:08,208 [INFO] __main__: Start
2025-09-19 15:11:08,208 [INFO] __main__: SYNC_MODE=OBJECTS
2025-09-19 15:11:08,209 [INFO] __main__: Starting object upload (parent 177537954)
2025-09-19 15:11:08,209 [DEBUG] sf_object_loader: Running CLI: C:\Program Files\sf\bin\sf.cmd sobject list --json -o Prod
2025-09-19 15:11:09,987 [INFO] sf_object_loader: LIMIT_OBJECTS enabled, restricting to first 10 objects
2025-09-19 15:11:09,987 [INFO] sf_object_loader: Describing object: AC_Corp_Form__ChangeEvent
2025-09-19 15:11:09,987 [DEBUG] sf_object_loader: Running CLI: C:\Program Files\sf\bin\sf.cmd sobject describe -s AC_Corp_Form__ChangeEvent --json -o Prod
2025-09-19 15:11:11,592 [INFO] sf_object_loader: Describing object: AC_Corp_Form__Share
2025-09-19 15:11:11,592 [DEBUG] sf_object_loader: Running CLI: C:\Program Files\sf\bin\sf.cmd sobject describe -s AC_Corp_Form__Share --json -o Prod
2025-09-19 15:11:13,208 [INFO] sf_object_loader: Describing object: AC_Corp_Form__c
2025-09-19 15:11:13,209 [DEBUG] sf_object_loader: Running CLI: C:\Program Files\sf\bin\sf.cmd sobject describe -s AC_Corp_Form__c --json -o Prod
2025-09-19 15:11:14,939 [INFO] sf_object_loader: Describing object: AIApplication
2025-09-19 15:11:14,940 [DEBUG] sf_object_loader: Running CLI: C:\Program Files\sf\bin\sf.cmd sobject describe -s AIApplication --json -o Prod
2025-09-19 15:11:16,541 [INFO] sf_object_loader: Describing object: AIApplicationConfig
2025-09-19 15:11:16,541 [DEBUG] sf_object_loader: Running CLI: C:\Program Files\sf\bin\sf.cmd sobject describe -s AIApplicationConfig --json -o Prod
2025-09-19 15:11:18,094 [INFO] sf_object_loader: Describing object: AIInsightAction
2025-09-19 15:11:18,094 [DEBUG] sf_object_loader: Running CLI: C:\Program Files\sf\bin\sf.cmd sobject describe -s AIInsightAction --json -o Prod
2025-09-19 15:11:19,694 [INFO] sf_object_loader: Describing object: AIInsightFeedback
2025-09-19 15:11:19,694 [DEBUG] sf_object_loader: Running CLI: C:\Program Files\sf\bin\sf.cmd sobject describe -s AIInsightFeedback --json -o Prod
2025-09-19 15:11:21,233 [INFO] sf_object_loader: Describing object: AIInsightReason
2025-09-19 15:11:21,233 [DEBUG] sf_object_loader: Running CLI: C:\Program Files\sf\bin\sf.cmd sobject describe -s AIInsightReason --json -o Prod
2025-09-19 15:11:22,808 [INFO] sf_object_loader: Describing object: AIInsightValue
2025-09-19 15:11:22,808 [DEBUG] sf_object_loader: Running CLI: C:\Program Files\sf\bin\sf.cmd sobject describe -s AIInsightValue --json -o Prod
2025-09-19 15:11:25,439 [INFO] sf_object_loader: Describing object: AIPredictionEvent
2025-09-19 15:11:25,439 [DEBUG] sf_object_loader: Running CLI: C:\Program Files\sf\bin\sf.cmd sobject describe -s AIPredictionEvent --json -o Prod
2025-09-19 15:11:26,969 [INFO] __main__: Uploading object: AC_Corp_Form__ChangeEvent
2025-09-19 15:11:26,969 [DEBUG] confluence_uploader: Building Fabric JSON for object AC_Corp_Form__ChangeEvent
2025-09-19 15:11:26,972 [DEBUG] urllib3.connectionpool: Starting new HTTPS connection (1): cretemechanical.atlassian.net:443
2025-09-19 15:11:27,149 [DEBUG] urllib3.connectionpool: https://cretemechanical.atlassian.net:443 "GET /wiki/api/v2/pages?spaceId=28180482&title=AC_Corp_Form__ChangeEvent&expand=version HTTP/1.1" 200 None
2025-09-19 15:11:27,151 [DEBUG] urllib3.connectionpool: Starting new HTTPS connection (1): cretemechanical.atlassian.net:443
2025-09-19 15:11:27,243 [DEBUG] urllib3.connectionpool: https://cretemechanical.atlassian.net:443 "GET /wiki/rest/api/content/181797389?expand=body.atlas_doc_format,body.storage,version HTTP/1.1" 200 None
2025-09-19 15:11:27,244 [DEBUG] confluence_client: === RAW PAGE JSON BODY KEYS (v1) ===
2025-09-19 15:11:27,244 [DEBUG] confluence_client: ['storage', 'atlas_doc_format', '_expandable']
2025-09-19 15:11:27,245 [DEBUG] confluence_client: === BEGIN ATLAS DOC FORMAT (first 1000 chars) ===
2025-09-19 15:11:27,245 [DEBUG] confluence_client: {"type":"doc","content":[{"type":"heading","attrs":{"level":1},"content":[{"text":"Object: AC_Corp_Form__ChangeEvent","type":"text"}]},{"type":"paragraph","content":[{"text":"Label: ","type":"text","marks":[{"type":"strong"}]},{"text":"Change Event: AC Corp Form","type":"text"}]},{"type":"paragraph","content":[{"text":"Custom: ","type":"text","marks":[{"type":"strong"}]},{"text":"False","type":"text"}]},{"type":"paragraph","content":[{"text":"KeyPrefix: ","type":"text","marks":[{"type":"strong"}]}]},{"type":"heading","attrs":{"level":2},"content":[{"text":"Fields","type":"text"}]},{"type":"table","attrs":{"layout":"default"},"content":[{"type":"tableRow","content":[{"type":"tableHeader","attrs":{"colspan":1,"rowspan":1},"content":[{"type":"paragraph","content":[{"text":"Label (API Name)","type":"text"}]}]},{"type":"tableHeader","attrs":{"colspan":1,"rowspan":1},"content":[{"type":"paragraph","content":[{"text":"Type","type":"text"}]}]},{"type":"tableHeader","attrs":{"colspan":1,"rowspa
2025-09-19 15:11:27,245 [DEBUG] confluence_client: === END ATLAS DOC FORMAT ===
2025-09-19 15:11:27,246 [INFO] confluence_client: 🔄 Updating Confluence page 'AC_Corp_Form__ChangeEvent' (ID=181797389)
2025-09-19 15:11:27,246 [DEBUG] urllib3.connectionpool: Starting new HTTPS connection (1): cretemechanical.atlassian.net:443
2025-09-19 15:11:27,345 [DEBUG] urllib3.connectionpool: https://cretemechanical.atlassian.net:443 "GET /wiki/api/v2/pages/181797389?expand=version HTTP/1.1" 200 None
2025-09-19 15:11:27,359 [DEBUG] urllib3.connectionpool: Starting new HTTPS connection (1): cretemechanical.atlassian.net:443
2025-09-19 15:11:27,615 [DEBUG] urllib3.connectionpool: https://cretemechanical.atlassian.net:443 "PUT /wiki/api/v2/pages/181797389 HTTP/1.1" 200 None
2025-09-19 15:11:27,891 [INFO] __main__: Object processed: AC_Corp_Form__ChangeEvent
2025-09-19 15:11:27,891 [INFO] __main__: Uploading object: AC_Corp_Form__Share
2025-09-19 15:11:27,892 [DEBUG] confluence_uploader: Building Fabric JSON for object AC_Corp_Form__Share
2025-09-19 15:11:27,893 [DEBUG] urllib3.connectionpool: Starting new HTTPS connection (1): cretemechanical.atlassian.net:443
2025-09-19 15:11:27,996 [DEBUG] urllib3.connectionpool: https://cretemechanical.atlassian.net:443 "GET /wiki/api/v2/pages?spaceId=28180482&title=AC_Corp_Form__Share&expand=version HTTP/1.1" 200 None
2025-09-19 15:11:27,997 [DEBUG] urllib3.connectionpool: Starting new HTTPS connection (1): cretemechanical.atlassian.net:443
2025-09-19 15:11:28,088 [DEBUG] urllib3.connectionpool: https://cretemechanical.atlassian.net:443 "GET /wiki/rest/api/content/182353921?expand=body.atlas_doc_format,body.storage,version HTTP/1.1" 200 None
2025-09-19 15:11:28,089 [DEBUG] confluence_client: === RAW PAGE JSON BODY KEYS (v1) ===
2025-09-19 15:11:28,089 [DEBUG] confluence_client: ['storage', 'atlas_doc_format', '_expandable']
2025-09-19 15:11:28,089 [DEBUG] confluence_client: === BEGIN ATLAS DOC FORMAT (first 1000 chars) ===
2025-09-19 15:11:28,089 [DEBUG] confluence_client: {"type":"doc","content":[{"type":"heading","attrs":{"level":1},"content":[{"text":"Object: AC_Corp_Form__Share","type":"text"}]},{"type":"paragraph","content":[{"text":"Label: ","type":"text","marks":[{"type":"strong"}]},{"text":"Share: AC Corp Form","type":"text"}]},{"type":"paragraph","content":[{"text":"Custom: ","type":"text","marks":[{"type":"strong"}]},{"text":"False","type":"text"}]},{"type":"paragraph","content":[{"text":"KeyPrefix: ","type":"text","marks":[{"type":"strong"}]}]},{"type":"heading","attrs":{"level":2},"content":[{"text":"Fields","type":"text"}]},{"type":"table","attrs":{"layout":"default"},"content":[{"type":"tableRow","content":[{"type":"tableHeader","attrs":{"colspan":1,"rowspan":1},"content":[{"type":"paragraph","content":[{"text":"Label (API Name)","type":"text"}]}]},{"type":"tableHeader","attrs":{"colspan":1,"rowspan":1},"content":[{"type":"paragraph","content":[{"text":"Type","type":"text"}]}]},{"type":"tableHeader","attrs":{"colspan":1,"rowspan":1},"conten
2025-09-19 15:11:28,089 [DEBUG] confluence_client: === END ATLAS DOC FORMAT ===
2025-09-19 15:11:28,090 [INFO] confluence_client: 🔄 Updating Confluence page 'AC_Corp_Form__Share' (ID=182353921)
2025-09-19 15:11:28,091 [DEBUG] urllib3.connectionpool: Starting new HTTPS connection (1): cretemechanical.atlassian.net:443
2025-09-19 15:11:28,186 [DEBUG] urllib3.connectionpool: https://cretemechanical.atlassian.net:443 "GET /wiki/api/v2/pages/182353921?expand=version HTTP/1.1" 200 None
2025-09-19 15:11:28,187 [DEBUG] urllib3.connectionpool: Starting new HTTPS connection (1): cretemechanical.atlassian.net:443
2025-09-19 15:11:28,384 [DEBUG] urllib3.connectionpool: https://cretemechanical.atlassian.net:443 "PUT /wiki/api/v2/pages/182353921 HTTP/1.1" 200 None
2025-09-19 15:11:28,681 [INFO] __main__: Object processed: AC_Corp_Form__Share
2025-09-19 15:11:28,682 [INFO] __main__: Uploading object: AC_Corp_Form__c
2025-09-19 15:11:28,682 [DEBUG] confluence_uploader: Building Fabric JSON for object AC_Corp_Form__c
2025-09-19 15:11:28,685 [DEBUG] urllib3.connectionpool: Starting new HTTPS connection (1): cretemechanical.atlassian.net:443
2025-09-19 15:11:28,797 [DEBUG] urllib3.connectionpool: https://cretemechanical.atlassian.net:443 "GET /wiki/api/v2/pages?spaceId=28180482&title=AC_Corp_Form__c&expand=version HTTP/1.1" 200 None
2025-09-19 15:11:28,799 [DEBUG] urllib3.connectionpool: Starting new HTTPS connection (1): cretemechanical.atlassian.net:443
2025-09-19 15:11:28,953 [DEBUG] urllib3.connectionpool: https://cretemechanical.atlassian.net:443 "GET /wiki/rest/api/content/181764831?expand=body.atlas_doc_format,body.storage,version HTTP/1.1" 200 None
2025-09-19 15:11:28,955 [DEBUG] confluence_client: === RAW PAGE JSON BODY KEYS (v1) ===
2025-09-19 15:11:28,955 [DEBUG] confluence_client: ['storage', 'atlas_doc_format', '_expandable']
2025-09-19 15:11:28,955 [DEBUG] confluence_client: === BEGIN ATLAS DOC FORMAT (first 1000 chars) ===
2025-09-19 15:11:28,955 [DEBUG] confluence_client: {"type":"doc","content":[{"type":"heading","attrs":{"level":1},"content":[{"text":"Object: AC_Corp_Form__c","type":"text"}]},{"type":"paragraph","content":[{"text":"Label: ","type":"text","marks":[{"type":"strong"}]},{"text":"AC Corp Form","type":"text"}]},{"type":"paragraph","content":[{"text":"Custom: ","type":"text","marks":[{"type":"strong"}]},{"text":"True","type":"text"}]},{"type":"paragraph","content":[{"text":"KeyPrefix: ","type":"text","marks":[{"type":"strong"}]},{"text":"a2L","type":"text"}]},{"type":"heading","attrs":{"level":2},"content":[{"text":"Fields","type":"text"}]},{"type":"table","attrs":{"layout":"default"},"content":[{"type":"tableRow","content":[{"type":"tableHeader","attrs":{"colspan":1,"rowspan":1},"content":[{"type":"paragraph","content":[{"text":"Label (API Name)","type":"text"}]}]},{"type":"tableHeader","attrs":{"colspan":1,"rowspan":1},"content":[{"type":"paragraph","content":[{"text":"Type","type":"text"}]}]},{"type":"tableHeader","attrs":{"colspan":1,"ro
2025-09-19 15:11:28,956 [DEBUG] confluence_client: === END ATLAS DOC FORMAT ===
2025-09-19 15:11:28,956 [INFO] confluence_client: 🔄 Updating Confluence page 'AC_Corp_Form__c' (ID=181764831)
2025-09-19 15:11:28,957 [DEBUG] urllib3.connectionpool: Starting new HTTPS connection (1): cretemechanical.atlassian.net:443
2025-09-19 15:11:29,029 [DEBUG] urllib3.connectionpool: https://cretemechanical.atlassian.net:443 "GET /wiki/api/v2/pages/181764831?expand=version HTTP/1.1" 200 None
2025-09-19 15:11:29,031 [DEBUG] urllib3.connectionpool: Starting new HTTPS connection (1): cretemechanical.atlassian.net:443
2025-09-19 15:11:29,291 [DEBUG] urllib3.connectionpool: https://cretemechanical.atlassian.net:443 "PUT /wiki/api/v2/pages/181764831 HTTP/1.1" 200 None
2025-09-19 15:11:29,556 [INFO] __main__: Object processed: AC_Corp_Form__c
2025-09-19 15:11:29,556 [INFO] __main__: Uploading object: AIApplication
2025-09-19 15:11:29,556 [DEBUG] confluence_uploader: Building Fabric JSON for object AIApplication
2025-09-19 15:11:29,558 [DEBUG] urllib3.connectionpool: Starting new HTTPS connection (1): cretemechanical.atlassian.net:443
2025-09-19 15:11:29,623 [DEBUG] urllib3.connectionpool: https://cretemechanical.atlassian.net:443 "GET /wiki/api/v2/pages?spaceId=28180482&title=AIApplication&expand=version HTTP/1.1" 200 None
2025-09-19 15:11:29,624 [DEBUG] urllib3.connectionpool: Starting new HTTPS connection (1): cretemechanical.atlassian.net:443
2025-09-19 15:11:29,702 [DEBUG] urllib3.connectionpool: https://cretemechanical.atlassian.net:443 "GET /wiki/rest/api/content/181797411?expand=body.atlas_doc_format,body.storage,version HTTP/1.1" 200 None
2025-09-19 15:11:29,703 [DEBUG] confluence_client: === RAW PAGE JSON BODY KEYS (v1) ===
2025-09-19 15:11:29,703 [DEBUG] confluence_client: ['storage', 'atlas_doc_format', '_expandable']
2025-09-19 15:11:29,703 [DEBUG] confluence_client: === BEGIN ATLAS DOC FORMAT (first 1000 chars) ===
2025-09-19 15:11:29,703 [DEBUG] confluence_client: {"type":"doc","content":[{"type":"heading","attrs":{"level":1},"content":[{"text":"Object: AIApplication","type":"text"}]},{"type":"paragraph","content":[{"text":"Label: ","type":"text","marks":[{"type":"strong"}]},{"text":"AI Application","type":"text"}]},{"type":"paragraph","content":[{"text":"Custom: ","type":"text","marks":[{"type":"strong"}]},{"text":"False","type":"text"}]},{"type":"paragraph","content":[{"text":"KeyPrefix: ","type":"text","marks":[{"type":"strong"}]},{"text":"0Pp","type":"text"}]},{"type":"heading","attrs":{"level":2},"content":[{"text":"Fields","type":"text"}]},{"type":"table","attrs":{"layout":"default"},"content":[{"type":"tableRow","content":[{"type":"tableHeader","attrs":{"colspan":1,"rowspan":1},"content":[{"type":"paragraph","content":[{"text":"Label (API Name)","type":"text"}]}]},{"type":"tableHeader","attrs":{"colspan":1,"rowspan":1},"content":[{"type":"paragraph","content":[{"text":"Type","type":"text"}]}]},{"type":"tableHeader","attrs":{"colspan":1,"r
2025-09-19 15:11:29,704 [DEBUG] confluence_client: === END ATLAS DOC FORMAT ===
2025-09-19 15:11:29,704 [INFO] confluence_client: 🔄 Updating Confluence page 'AIApplication' (ID=181797411)
2025-09-19 15:11:29,705 [DEBUG] urllib3.connectionpool: Starting new HTTPS connection (1): cretemechanical.atlassian.net:443
2025-09-19 15:11:29,788 [DEBUG] urllib3.connectionpool: https://cretemechanical.atlassian.net:443 "GET /wiki/api/v2/pages/181797411?expand=version HTTP/1.1" 200 None
2025-09-19 15:11:29,790 [DEBUG] urllib3.connectionpool: Starting new HTTPS connection (1): cretemechanical.atlassian.net:443
2025-09-19 15:11:30,037 [DEBUG] urllib3.connectionpool: https://cretemechanical.atlassian.net:443 "PUT /wiki/api/v2/pages/181797411 HTTP/1.1" 200 None
2025-09-19 15:11:30,311 [INFO] __main__: Object processed: AIApplication
2025-09-19 15:11:30,311 [INFO] __main__: Uploading object: AIApplicationConfig
2025-09-19 15:11:30,312 [DEBUG] confluence_uploader: Building Fabric JSON for object AIApplicationConfig
2025-09-19 15:11:30,313 [DEBUG] urllib3.connectionpool: Starting new HTTPS connection (1): cretemechanical.atlassian.net:443
2025-09-19 15:11:30,403 [DEBUG] urllib3.connectionpool: https://cretemechanical.atlassian.net:443 "GET /wiki/api/v2/pages?spaceId=28180482&title=AIApplicationConfig&expand=version HTTP/1.1" 200 None
2025-09-19 15:11:30,404 [DEBUG] urllib3.connectionpool: Starting new HTTPS connection (1): cretemechanical.atlassian.net:443
2025-09-19 15:11:30,467 [DEBUG] urllib3.connectionpool: https://cretemechanical.atlassian.net:443 "GET /wiki/rest/api/content/181797432?expand=body.atlas_doc_format,body.storage,version HTTP/1.1" 200 None
2025-09-19 15:11:30,468 [DEBUG] confluence_client: === RAW PAGE JSON BODY KEYS (v1) ===
2025-09-19 15:11:30,468 [DEBUG] confluence_client: ['storage', 'atlas_doc_format', '_expandable']
2025-09-19 15:11:30,468 [DEBUG] confluence_client: === BEGIN ATLAS DOC FORMAT (first 1000 chars) ===
2025-09-19 15:11:30,468 [DEBUG] confluence_client: {"type":"doc","content":[{"type":"heading","attrs":{"level":1},"content":[{"text":"Object: AIApplicationConfig","type":"text"}]},{"type":"paragraph","content":[{"text":"Label: ","type":"text","marks":[{"type":"strong"}]},{"text":"AI Application config","type":"text"}]},{"type":"paragraph","content":[{"text":"Custom: ","type":"text","marks":[{"type":"strong"}]},{"text":"False","type":"text"}]},{"type":"paragraph","content":[{"text":"KeyPrefix: ","type":"text","marks":[{"type":"strong"}]},{"text":"6S9","type":"text"}]},{"type":"heading","attrs":{"level":2},"content":[{"text":"Fields","type":"text"}]},{"type":"table","attrs":{"layout":"default"},"content":[{"type":"tableRow","content":[{"type":"tableHeader","attrs":{"colspan":1,"rowspan":1},"content":[{"type":"paragraph","content":[{"text":"Label (API Name)","type":"text"}]}]},{"type":"tableHeader","attrs":{"colspan":1,"rowspan":1},"content":[{"type":"paragraph","content":[{"text":"Type","type":"text"}]}]},{"type":"tableHeader","attrs":{"
2025-09-19 15:11:30,469 [DEBUG] confluence_client: === END ATLAS DOC FORMAT ===
2025-09-19 15:11:30,469 [INFO] confluence_client: 🔄 Updating Confluence page 'AIApplicationConfig' (ID=181797432)
2025-09-19 15:11:30,470 [DEBUG] urllib3.connectionpool: Starting new HTTPS connection (1): cretemechanical.atlassian.net:443
2025-09-19 15:11:30,564 [DEBUG] urllib3.connectionpool: https://cretemechanical.atlassian.net:443 "GET /wiki/api/v2/pages/181797432?expand=version HTTP/1.1" 200 None
2025-09-19 15:11:30,565 [DEBUG] urllib3.connectionpool: Starting new HTTPS connection (1): cretemechanical.atlassian.net:443
2025-09-19 15:11:30,799 [DEBUG] urllib3.connectionpool: https://cretemechanical.atlassian.net:443 "PUT /wiki/api/v2/pages/181797432 HTTP/1.1" 200 None
2025-09-19 15:11:31,113 [INFO] __main__: Object processed: AIApplicationConfig
2025-09-19 15:11:31,114 [INFO] __main__: Uploading object: AIInsightAction
2025-09-19 15:11:31,114 [DEBUG] confluence_uploader: Building Fabric JSON for object AIInsightAction
2025-09-19 15:11:31,116 [DEBUG] urllib3.connectionpool: Starting new HTTPS connection (1): cretemechanical.atlassian.net:443
2025-09-19 15:11:31,211 [DEBUG] urllib3.connectionpool: https://cretemechanical.atlassian.net:443 "GET /wiki/api/v2/pages?spaceId=28180482&title=AIInsightAction&expand=version HTTP/1.1" 200 None
2025-09-19 15:11:31,212 [DEBUG] urllib3.connectionpool: Starting new HTTPS connection (1): cretemechanical.atlassian.net:443
2025-09-19 15:11:31,280 [DEBUG] urllib3.connectionpool: https://cretemechanical.atlassian.net:443 "GET /wiki/rest/api/content/182157939?expand=body.atlas_doc_format,body.storage,version HTTP/1.1" 200 None
2025-09-19 15:11:31,282 [DEBUG] confluence_client: === RAW PAGE JSON BODY KEYS (v1) ===
2025-09-19 15:11:31,282 [DEBUG] confluence_client: ['storage', 'atlas_doc_format', '_expandable']
2025-09-19 15:11:31,282 [DEBUG] confluence_client: === BEGIN ATLAS DOC FORMAT (first 1000 chars) ===
2025-09-19 15:11:31,283 [DEBUG] confluence_client: {"type":"doc","content":[{"type":"heading","attrs":{"level":1},"content":[{"text":"Object: AIInsightAction","type":"text"}]},{"type":"paragraph","content":[{"text":"Label: ","type":"text","marks":[{"type":"strong"}]},{"text":"AI Insight Action","type":"text"}]},{"type":"paragraph","content":[{"text":"Custom: ","type":"text","marks":[{"type":"strong"}]},{"text":"False","type":"text"}]},{"type":"paragraph","content":[{"text":"KeyPrefix: ","type":"text","marks":[{"type":"strong"}]},{"text":"9qd","type":"text"}]},{"type":"heading","attrs":{"level":2},"content":[{"text":"Fields","type":"text"}]},{"type":"table","attrs":{"layout":"default"},"content":[{"type":"tableRow","content":[{"type":"tableHeader","attrs":{"colspan":1,"rowspan":1},"content":[{"type":"paragraph","content":[{"text":"Label (API Name)","type":"text"}]}]},{"type":"tableHeader","attrs":{"colspan":1,"rowspan":1},"content":[{"type":"paragraph","content":[{"text":"Type","type":"text"}]}]},{"type":"tableHeader","attrs":{"colspan"
2025-09-19 15:11:31,283 [DEBUG] confluence_client: === END ATLAS DOC FORMAT ===
2025-09-19 15:11:31,283 [INFO] confluence_client: 🔄 Updating Confluence page 'AIInsightAction' (ID=182157939)
2025-09-19 15:11:31,284 [DEBUG] urllib3.connectionpool: Starting new HTTPS connection (1): cretemechanical.atlassian.net:443
2025-09-19 15:11:31,354 [DEBUG] urllib3.connectionpool: https://cretemechanical.atlassian.net:443 "GET /wiki/api/v2/pages/182157939?expand=version HTTP/1.1" 200 None
2025-09-19 15:11:31,356 [DEBUG] urllib3.connectionpool: Starting new HTTPS connection (1): cretemechanical.atlassian.net:443
2025-09-19 15:11:31,657 [DEBUG] urllib3.connectionpool: https://cretemechanical.atlassian.net:443 "PUT /wiki/api/v2/pages/182157939 HTTP/1.1" 200 None
2025-09-19 15:11:31,891 [INFO] __main__: Object processed: AIInsightAction
2025-09-19 15:11:31,891 [INFO] __main__: Uploading object: AIInsightFeedback
2025-09-19 15:11:31,892 [DEBUG] confluence_uploader: Building Fabric JSON for object AIInsightFeedback
2025-09-19 15:11:31,893 [DEBUG] urllib3.connectionpool: Starting new HTTPS connection (1): cretemechanical.atlassian.net:443
2025-09-19 15:11:31,961 [DEBUG] urllib3.connectionpool: https://cretemechanical.atlassian.net:443 "GET /wiki/api/v2/pages?spaceId=28180482&title=AIInsightFeedback&expand=version HTTP/1.1" 200 None
2025-09-19 15:11:31,963 [DEBUG] urllib3.connectionpool: Starting new HTTPS connection (1): cretemechanical.atlassian.net:443
2025-09-19 15:11:32,068 [DEBUG] urllib3.connectionpool: https://cretemechanical.atlassian.net:443 "GET /wiki/rest/api/content/181994192?expand=body.atlas_doc_format,body.storage,version HTTP/1.1" 200 None
2025-09-19 15:11:32,069 [DEBUG] confluence_client: === RAW PAGE JSON BODY KEYS (v1) ===
2025-09-19 15:11:32,069 [DEBUG] confluence_client: ['storage', 'atlas_doc_format', '_expandable']
2025-09-19 15:11:32,069 [DEBUG] confluence_client: === BEGIN ATLAS DOC FORMAT (first 1000 chars) ===
2025-09-19 15:11:32,069 [DEBUG] confluence_client: {"type":"doc","content":[{"type":"heading","attrs":{"level":1},"content":[{"text":"Object: AIInsightFeedback","type":"text"}]},{"type":"paragraph","content":[{"text":"Label: ","type":"text","marks":[{"type":"strong"}]},{"text":"AI Insight Feedback","type":"text"}]},{"type":"paragraph","content":[{"text":"Custom: ","type":"text","marks":[{"type":"strong"}]},{"text":"False","type":"text"}]},{"type":"paragraph","content":[{"text":"KeyPrefix: ","type":"text","marks":[{"type":"strong"}]},{"text":"9bq","type":"text"}]},{"type":"heading","attrs":{"level":2},"content":[{"text":"Fields","type":"text"}]},{"type":"table","attrs":{"layout":"default"},"content":[{"type":"tableRow","content":[{"type":"tableHeader","attrs":{"colspan":1,"rowspan":1},"content":[{"type":"paragraph","content":[{"text":"Label (API Name)","type":"text"}]}]},{"type":"tableHeader","attrs":{"colspan":1,"rowspan":1},"content":[{"type":"paragraph","content":[{"text":"Type","type":"text"}]}]},{"type":"tableHeader","attrs":{"cols
2025-09-19 15:11:32,070 [DEBUG] confluence_client: === END ATLAS DOC FORMAT ===
2025-09-19 15:11:32,071 [INFO] confluence_client: 🔄 Updating Confluence page 'AIInsightFeedback' (ID=181994192)
2025-09-19 15:11:32,072 [DEBUG] urllib3.connectionpool: Starting new HTTPS connection (1): cretemechanical.atlassian.net:443
2025-09-19 15:11:32,153 [DEBUG] urllib3.connectionpool: https://cretemechanical.atlassian.net:443 "GET /wiki/api/v2/pages/181994192?expand=version HTTP/1.1" 200 None
2025-09-19 15:11:32,155 [DEBUG] urllib3.connectionpool: Starting new HTTPS connection (1): cretemechanical.atlassian.net:443
2025-09-19 15:11:32,352 [DEBUG] urllib3.connectionpool: https://cretemechanical.atlassian.net:443 "PUT /wiki/api/v2/pages/181994192 HTTP/1.1" 200 None
2025-09-19 15:11:32,637 [INFO] __main__: Object processed: AIInsightFeedback
2025-09-19 15:11:32,638 [INFO] __main__: Uploading object: AIInsightReason
2025-09-19 15:11:32,638 [DEBUG] confluence_uploader: Building Fabric JSON for object AIInsightReason
2025-09-19 15:11:32,640 [DEBUG] urllib3.connectionpool: Starting new HTTPS connection (1): cretemechanical.atlassian.net:443
2025-09-19 15:11:32,701 [DEBUG] urllib3.connectionpool: https://cretemechanical.atlassian.net:443 "GET /wiki/api/v2/pages?spaceId=28180482&title=AIInsightReason&expand=version HTTP/1.1" 200 None
2025-09-19 15:11:32,702 [DEBUG] urllib3.connectionpool: Starting new HTTPS connection (1): cretemechanical.atlassian.net:443
2025-09-19 15:11:32,759 [DEBUG] urllib3.connectionpool: https://cretemechanical.atlassian.net:443 "GET /wiki/rest/api/content/181797453?expand=body.atlas_doc_format,body.storage,version HTTP/1.1" 200 None
2025-09-19 15:11:32,761 [DEBUG] confluence_client: === RAW PAGE JSON BODY KEYS (v1) ===
2025-09-19 15:11:32,761 [DEBUG] confluence_client: ['storage', 'atlas_doc_format', '_expandable']
2025-09-19 15:11:32,761 [DEBUG] confluence_client: === BEGIN ATLAS DOC FORMAT (first 1000 chars) ===
2025-09-19 15:11:32,762 [DEBUG] confluence_client: {"type":"doc","content":[{"type":"heading","attrs":{"level":1},"content":[{"text":"Object: AIInsightReason","type":"text"}]},{"type":"paragraph","content":[{"text":"Label: ","type":"text","marks":[{"type":"strong"}]},{"text":"AI Insight Reason","type":"text"}]},{"type":"paragraph","content":[{"text":"Custom: ","type":"text","marks":[{"type":"strong"}]},{"text":"False","type":"text"}]},{"type":"paragraph","content":[{"text":"KeyPrefix: ","type":"text","marks":[{"type":"strong"}]},{"text":"0T2","type":"text"}]},{"type":"heading","attrs":{"level":2},"content":[{"text":"Fields","type":"text"}]},{"type":"table","attrs":{"layout":"default"},"content":[{"type":"tableRow","content":[{"type":"tableHeader","attrs":{"colspan":1,"rowspan":1},"content":[{"type":"paragraph","content":[{"text":"Label (API Name)","type":"text"}]}]},{"type":"tableHeader","attrs":{"colspan":1,"rowspan":1},"content":[{"type":"paragraph","content":[{"text":"Type","type":"text"}]}]},{"type":"tableHeader","attrs":{"colspan"
2025-09-19 15:11:32,762 [DEBUG] confluence_client: === END ATLAS DOC FORMAT ===
2025-09-19 15:11:32,762 [INFO] confluence_client: 🔄 Updating Confluence page 'AIInsightReason' (ID=181797453)
2025-09-19 15:11:32,763 [DEBUG] urllib3.connectionpool: Starting new HTTPS connection (1): cretemechanical.atlassian.net:443
2025-09-19 15:11:32,844 [DEBUG] urllib3.connectionpool: https://cretemechanical.atlassian.net:443 "GET /wiki/api/v2/pages/181797453?expand=version HTTP/1.1" 200 None
2025-09-19 15:11:32,845 [DEBUG] urllib3.connectionpool: Starting new HTTPS connection (1): cretemechanical.atlassian.net:443
2025-09-19 15:11:33,103 [DEBUG] urllib3.connectionpool: https://cretemechanical.atlassian.net:443 "PUT /wiki/api/v2/pages/181797453 HTTP/1.1" 200 None
2025-09-19 15:11:33,386 [INFO] __main__: Object processed: AIInsightReason
2025-09-19 15:11:33,387 [INFO] __main__: Uploading object: AIInsightValue
2025-09-19 15:11:33,387 [DEBUG] confluence_uploader: Building Fabric JSON for object AIInsightValue
2025-09-19 15:11:33,390 [DEBUG] urllib3.connectionpool: Starting new HTTPS connection (1): cretemechanical.atlassian.net:443
2025-09-19 15:11:33,454 [DEBUG] urllib3.connectionpool: https://cretemechanical.atlassian.net:443 "GET /wiki/api/v2/pages?spaceId=28180482&title=AIInsightValue&expand=version HTTP/1.1" 200 None
2025-09-19 15:11:33,456 [DEBUG] urllib3.connectionpool: Starting new HTTPS connection (1): cretemechanical.atlassian.net:443
2025-09-19 15:11:33,524 [DEBUG] urllib3.connectionpool: https://cretemechanical.atlassian.net:443 "GET /wiki/rest/api/content/182353942?expand=body.atlas_doc_format,body.storage,version HTTP/1.1" 200 None
2025-09-19 15:11:33,545 [DEBUG] confluence_client: === RAW PAGE JSON BODY KEYS (v1) ===
2025-09-19 15:11:33,554 [DEBUG] confluence_client: ['storage', 'atlas_doc_format', '_expandable']
2025-09-19 15:11:33,554 [DEBUG] confluence_client: === BEGIN ATLAS DOC FORMAT (first 1000 chars) ===
2025-09-19 15:11:33,555 [DEBUG] confluence_client: {"type":"doc","content":[{"type":"heading","attrs":{"level":1},"content":[{"text":"Object: AIInsightValue","type":"text"}]},{"type":"paragraph","content":[{"text":"Label: ","type":"text","marks":[{"type":"strong"}]},{"text":"AI Insight Value","type":"text"}]},{"type":"paragraph","content":[{"text":"Custom: ","type":"text","marks":[{"type":"strong"}]},{"text":"False","type":"text"}]},{"type":"paragraph","content":[{"text":"KeyPrefix: ","type":"text","marks":[{"type":"strong"}]},{"text":"9qc","type":"text"}]},{"type":"heading","attrs":{"level":2},"content":[{"text":"Fields","type":"text"}]},{"type":"table","attrs":{"layout":"default"},"content":[{"type":"tableRow","content":[{"type":"tableHeader","attrs":{"colspan":1,"rowspan":1},"content":[{"type":"paragraph","content":[{"text":"Label (API Name)","type":"text"}]}]},{"type":"tableHeader","attrs":{"colspan":1,"rowspan":1},"content":[{"type":"paragraph","content":[{"text":"Type","type":"text"}]}]},{"type":"tableHeader","attrs":{"colspan":1
2025-09-19 15:11:33,555 [DEBUG] confluence_client: === END ATLAS DOC FORMAT ===
2025-09-19 15:11:33,556 [INFO] confluence_client: 🔄 Updating Confluence page 'AIInsightValue' (ID=182353942)
2025-09-19 15:11:33,557 [DEBUG] urllib3.connectionpool: Starting new HTTPS connection (1): cretemechanical.atlassian.net:443
2025-09-19 15:11:33,635 [DEBUG] urllib3.connectionpool: https://cretemechanical.atlassian.net:443 "GET /wiki/api/v2/pages/182353942?expand=version HTTP/1.1" 200 None
2025-09-19 15:11:33,637 [DEBUG] urllib3.connectionpool: Starting new HTTPS connection (1): cretemechanical.atlassian.net:443
2025-09-19 15:11:33,962 [DEBUG] urllib3.connectionpool: https://cretemechanical.atlassian.net:443 "PUT /wiki/api/v2/pages/182353942 HTTP/1.1" 200 None
2025-09-19 15:11:34,229 [INFO] __main__: Object processed: AIInsightValue
2025-09-19 15:11:34,229 [INFO] __main__: Uploading object: AIPredictionEvent
2025-09-19 15:11:34,229 [DEBUG] confluence_uploader: Building Fabric JSON for object AIPredictionEvent
2025-09-19 15:11:34,230 [DEBUG] urllib3.connectionpool: Starting new HTTPS connection (1): cretemechanical.atlassian.net:443
2025-09-19 15:11:34,299 [DEBUG] urllib3.connectionpool: https://cretemechanical.atlassian.net:443 "GET /wiki/api/v2/pages?spaceId=28180482&title=AIPredictionEvent&expand=version HTTP/1.1" 200 None
2025-09-19 15:11:34,301 [DEBUG] urllib3.connectionpool: Starting new HTTPS connection (1): cretemechanical.atlassian.net:443
2025-09-19 15:11:34,377 [DEBUG] urllib3.connectionpool: https://cretemechanical.atlassian.net:443 "GET /wiki/rest/api/content/182157960?expand=body.atlas_doc_format,body.storage,version HTTP/1.1" 200 None
2025-09-19 15:11:34,378 [DEBUG] confluence_client: === RAW PAGE JSON BODY KEYS (v1) ===
2025-09-19 15:11:34,378 [DEBUG] confluence_client: ['storage', 'atlas_doc_format', '_expandable']
2025-09-19 15:11:34,378 [DEBUG] confluence_client: === BEGIN ATLAS DOC FORMAT (first 1000 chars) ===
2025-09-19 15:11:34,378 [DEBUG] confluence_client: {"type":"doc","content":[{"type":"heading","attrs":{"level":1},"content":[{"text":"Object: AIPredictionEvent","type":"text"}]},{"type":"paragraph","content":[{"text":"Label: ","type":"text","marks":[{"type":"strong"}]},{"text":"AI Prediction Event","type":"text"}]},{"type":"paragraph","content":[{"text":"Custom: ","type":"text","marks":[{"type":"strong"}]},{"text":"False","type":"text"}]},{"type":"paragraph","content":[{"text":"KeyPrefix: ","type":"text","marks":[{"type":"strong"}]},{"text":"0ae","type":"text"}]},{"type":"heading","attrs":{"level":2},"content":[{"text":"Fields","type":"text"}]},{"type":"table","attrs":{"layout":"default"},"content":[{"type":"tableRow","content":[{"type":"tableHeader","attrs":{"colspan":1,"rowspan":1},"content":[{"type":"paragraph","content":[{"text":"Label (API Name)","type":"text"}]}]},{"type":"tableHeader","attrs":{"colspan":1,"rowspan":1},"content":[{"type":"paragraph","content":[{"text":"Type","type":"text"}]}]},{"type":"tableHeader","attrs":{"cols
2025-09-19 15:11:34,378 [DEBUG] confluence_client: === END ATLAS DOC FORMAT ===
2025-09-19 15:11:34,379 [INFO] confluence_client: 🔄 Updating Confluence page 'AIPredictionEvent' (ID=182157960)
2025-09-19 15:11:34,380 [DEBUG] urllib3.connectionpool: Starting new HTTPS connection (1): cretemechanical.atlassian.net:443
2025-09-19 15:11:34,441 [DEBUG] urllib3.connectionpool: https://cretemechanical.atlassian.net:443 "GET /wiki/api/v2/pages/182157960?expand=version HTTP/1.1" 200 None
2025-09-19 15:11:34,443 [DEBUG] urllib3.connectionpool: Starting new HTTPS connection (1): cretemechanical.atlassian.net:443
2025-09-19 15:11:34,681 [DEBUG] urllib3.connectionpool: https://cretemechanical.atlassian.net:443 "PUT /wiki/api/v2/pages/182157960 HTTP/1.1" 200 None
2025-09-19 15:11:34,969 [INFO] __main__: Object processed: AIPredictionEvent
