2025-09-18 16:15:09,998 [INFO] __main__: Using Confluence Base URL: https://cretemechanical.atlassian.net
2025-09-18 16:15:09,998 [INFO] __main__: ⚡ Running in ALL OBJECTS mode
2025-09-18 16:15:09,998 [DEBUG] object_loader: Running CLI: C:\Program Files\sf\bin\sf.cmd sobject list --json -o Prod
2025-09-18 16:15:12,085 [DEBUG] object_loader: Running CLI: C:\Program Files\sf\bin\sf.cmd sobject describe -s AC_Corp_Form__ChangeEvent --json -o Prod
2025-09-18 16:15:13,601 [DEBUG] object_loader: Running CLI: C:\Program Files\sf\bin\sf.cmd sobject describe -s AC_Corp_Form__Share --json -o Prod
2025-09-18 16:15:15,134 [DEBUG] object_loader: Running CLI: C:\Program Files\sf\bin\sf.cmd sobject describe -s AC_Corp_Form__c --json -o Prod
2025-09-18 16:15:16,777 [DEBUG] object_loader: Running CLI: C:\Program Files\sf\bin\sf.cmd sobject describe -s AIApplication --json -o Prod
2025-09-18 16:15:18,293 [DEBUG] object_loader: Running CLI: C:\Program Files\sf\bin\sf.cmd sobject describe -s AIApplicationConfig --json -o Prod
2025-09-18 16:15:19,849 [DEBUG] object_loader: Running CLI: C:\Program Files\sf\bin\sf.cmd sobject describe -s AIInsightAction --json -o Prod
2025-09-18 16:15:21,368 [DEBUG] object_loader: Running CLI: C:\Program Files\sf\bin\sf.cmd sobject describe -s AIInsightFeedback --json -o Prod
2025-09-18 16:15:22,876 [DEBUG] object_loader: Running CLI: C:\Program Files\sf\bin\sf.cmd sobject describe -s AIInsightReason --json -o Prod
2025-09-18 16:15:24,384 [DEBUG] object_loader: Running CLI: C:\Program Files\sf\bin\sf.cmd sobject describe -s AIInsightValue --json -o Prod
2025-09-18 16:15:27,967 [DEBUG] object_loader: Running CLI: C:\Program Files\sf\bin\sf.cmd sobject describe -s AIPredictionEvent --json -o Prod
2025-09-18 16:15:29,523 [DEBUG] object_loader: Running CLI: C:\Program Files\sf\bin\sf.cmd sobject describe -s AIRecordInsight --json -o Prod
2025-09-18 16:15:33,098 [DEBUG] object_loader: Running CLI: C:\Program Files\sf\bin\sf.cmd sobject describe -s AcceptedEventRelation --json -o Prod
2025-09-18 16:15:34,600 [DEBUG] object_loader: Running CLI: C:\Program Files\sf\bin\sf.cmd sobject describe -s Account --json -o Prod
2025-09-18 16:15:36,423 [DEBUG] object_loader: Running CLI: C:\Program Files\sf\bin\sf.cmd sobject describe -s AccountBrand --json -o Prod
2025-09-18 16:15:37,954 [DEBUG] object_loader: Running CLI: C:\Program Files\sf\bin\sf.cmd sobject describe -s AccountBrandShare --json -o Prod
2025-09-18 16:15:39,465 [DEBUG] object_loader: Running CLI: C:\Program Files\sf\bin\sf.cmd sobject describe -s AccountChangeEvent --json -o Prod
2025-09-18 16:15:40,986 [DEBUG] object_loader: Running CLI: C:\Program Files\sf\bin\sf.cmd sobject describe -s AccountContactRelation --json -o Prod
2025-09-18 16:15:42,520 [DEBUG] object_loader: Running CLI: C:\Program Files\sf\bin\sf.cmd sobject describe -s AccountContactRelationChangeEvent --json -o Prod
2025-09-18 16:15:44,052 [DEBUG] object_loader: Running CLI: C:\Program Files\sf\bin\sf.cmd sobject describe -s AccountContactRole --json -o Prod
2025-09-18 16:15:45,570 [DEBUG] object_loader: Running CLI: C:\Program Files\sf\bin\sf.cmd sobject describe -s AccountContactRoleChangeEvent --json -o Prod
2025-09-18 16:15:47,099 [DEBUG] object_loader: Running CLI: C:\Program Files\sf\bin\sf.cmd sobject describe -s AccountFeed --json -o Prod
2025-09-18 16:15:48,777 [DEBUG] object_loader: Running CLI: C:\Program Files\sf\bin\sf.cmd sobject describe -s AccountHistory --json -o Prod
2025-09-18 16:15:50,298 [DEBUG] object_loader: Running CLI: C:\Program Files\sf\bin\sf.cmd sobject describe -s AccountPartner --json -o Prod
2025-09-18 16:15:51,820 [DEBUG] object_loader: Running CLI: C:\Program Files\sf\bin\sf.cmd sobject describe -s AccountShare --json -o Prod
2025-09-18 16:15:53,350 [DEBUG] object_loader: Running CLI: C:\Program Files\sf\bin\sf.cmd sobject describe -s AccountTeamMember --json -o Prod
2025-09-18 16:15:54,867 [DEBUG] object_loader: Running CLI: C:\Program Files\sf\bin\sf.cmd sobject describe -s ActionLinkGroupTemplate --json -o Prod
2025-09-18 16:15:56,386 [DEBUG] object_loader: Running CLI: C:\Program Files\sf\bin\sf.cmd sobject describe -s ActionLinkTemplate --json -o Prod
2025-09-18 16:15:57,911 [DEBUG] object_loader: Running CLI: C:\Program Files\sf\bin\sf.cmd sobject describe -s ActionPlan --json -o Prod
2025-09-18 16:15:59,453 [DEBUG] object_loader: Running CLI: C:\Program Files\sf\bin\sf.cmd sobject describe -s ActionPlanChangeEvent --json -o Prod
2025-09-18 16:16:00,980 [DEBUG] object_loader: Running CLI: C:\Program Files\sf\bin\sf.cmd sobject describe -s ActionPlanFeed --json -o Prod
2025-09-18 16:16:02,640 [DEBUG] object_loader: Running CLI: C:\Program Files\sf\bin\sf.cmd sobject describe -s ActionPlanItem --json -o Prod
2025-09-18 16:16:04,161 [DEBUG] object_loader: Running CLI: C:\Program Files\sf\bin\sf.cmd sobject describe -s ActionPlanItemChangeEvent --json -o Prod
2025-09-18 16:16:05,714 [DEBUG] object_loader: Running CLI: C:\Program Files\sf\bin\sf.cmd sobject describe -s ActionPlanItemDependency --json -o Prod
2025-09-18 16:16:07,227 [DEBUG] object_loader: Running CLI: C:\Program Files\sf\bin\sf.cmd sobject describe -s ActionPlanShare --json -o Prod
2025-09-18 16:16:08,739 [DEBUG] object_loader: Running CLI: C:\Program Files\sf\bin\sf.cmd sobject describe -s ActionPlanTemplate --json -o Prod
2025-09-18 16:16:10,253 [DEBUG] object_loader: Running CLI: C:\Program Files\sf\bin\sf.cmd sobject describe -s ActionPlanTemplateChangeEvent --json -o Prod
2025-09-18 16:16:11,787 [DEBUG] object_loader: Running CLI: C:\Program Files\sf\bin\sf.cmd sobject describe -s ActionPlanTemplateItem --json -o Prod
2025-09-18 16:16:13,312 [DEBUG] object_loader: Running CLI: C:\Program Files\sf\bin\sf.cmd sobject describe -s ActionPlanTemplateItemChangeEvent --json -o Prod
2025-09-18 16:16:14,823 [DEBUG] object_loader: Running CLI: C:\Program Files\sf\bin\sf.cmd sobject describe -s ActionPlanTemplateItemValue --json -o Prod
2025-09-18 16:16:16,373 [DEBUG] object_loader: Running CLI: C:\Program Files\sf\bin\sf.cmd sobject describe -s ActionPlanTemplateItemValueChangeEvent --json -o Prod
2025-09-18 16:16:17,938 [DEBUG] object_loader: Running CLI: C:\Program Files\sf\bin\sf.cmd sobject describe -s ActionPlanTemplateShare --json -o Prod
2025-09-18 16:16:19,573 [DEBUG] object_loader: Running CLI: C:\Program Files\sf\bin\sf.cmd sobject describe -s ActionPlanTemplateVersion --json -o Prod
2025-09-18 16:16:21,167 [DEBUG] object_loader: Running CLI: C:\Program Files\sf\bin\sf.cmd sobject describe -s ActionPlanTemplateVersionChangeEvent --json -o Prod
2025-09-18 16:16:22,770 [DEBUG] object_loader: Running CLI: C:\Program Files\sf\bin\sf.cmd sobject describe -s ActionPlanTmplPkgConfig --json -o Prod
2025-09-18 16:16:24,347 [DEBUG] object_loader: Running CLI: C:\Program Files\sf\bin\sf.cmd sobject describe -s ActionPlnTmplItmDependency --json -o Prod
2025-09-18 16:16:25,859 [DEBUG] object_loader: Running CLI: C:\Program Files\sf\bin\sf.cmd sobject describe -s ActiveFeatureLicenseMetric --json -o Prod
2025-09-18 16:16:27,386 [DEBUG] object_loader: Running CLI: C:\Program Files\sf\bin\sf.cmd sobject describe -s ActivePermSetLicenseMetric --json -o Prod
2025-09-18 16:16:28,900 [DEBUG] object_loader: Running CLI: C:\Program Files\sf\bin\sf.cmd sobject describe -s ActiveProfileMetric --json -o Prod
2025-09-18 16:16:30,417 [DEBUG] object_loader: Running CLI: C:\Program Files\sf\bin\sf.cmd sobject describe -s ActivityFieldHistory --json -o Prod
2025-09-18 16:16:31,983 [DEBUG] object_loader: Running CLI: C:\Program Files\sf\bin\sf.cmd sobject describe -s ActivityHistory --json -o Prod
2025-09-18 16:16:33,503 [DEBUG] object_loader: Running CLI: C:\Program Files\sf\bin\sf.cmd sobject describe -s ActivityUsrConnectionStatus --json -o Prod
2025-09-18 16:16:35,087 [DEBUG] object_loader: Running CLI: C:\Program Files\sf\bin\sf.cmd sobject describe -s AdditionalNumber --json -o Prod
2025-09-18 16:16:36,605 [DEBUG] object_loader: Running CLI: C:\Program Files\sf\bin\sf.cmd sobject describe -s AggregateResult --json -o Prod
2025-09-18 16:16:38,117 [DEBUG] object_loader: Running CLI: C:\Program Files\sf\bin\sf.cmd sobject describe -s AnalyticsTaskStatusEvent --json -o Prod
2025-09-18 16:16:39,635 [DEBUG] object_loader: Running CLI: C:\Program Files\sf\bin\sf.cmd sobject describe -s AnalyticsUserAttrFuncTkn --json -o Prod
2025-09-18 16:16:41,152 [DEBUG] object_loader: Running CLI: C:\Program Files\sf\bin\sf.cmd sobject describe -s AnalyticsUserAttrFuncTknShare --json -o Prod
2025-09-18 16:16:42,741 [DEBUG] object_loader: Running CLI: C:\Program Files\sf\bin\sf.cmd sobject describe -s Announcement --json -o Prod
2025-09-18 16:16:44,327 [DEBUG] object_loader: Running CLI: C:\Program Files\sf\bin\sf.cmd sobject describe -s ApexClass --json -o Prod
2025-09-18 16:16:45,912 [DEBUG] object_loader: Running CLI: C:\Program Files\sf\bin\sf.cmd sobject describe -s ApexComponent --json -o Prod
2025-09-18 16:16:47,672 [DEBUG] object_loader: Running CLI: C:\Program Files\sf\bin\sf.cmd sobject describe -s ApexEmailNotification --json -o Prod
2025-09-18 16:16:49,265 [DEBUG] object_loader: Running CLI: C:\Program Files\sf\bin\sf.cmd sobject describe -s ApexLog --json -o Prod
2025-09-18 16:16:50,827 [DEBUG] object_loader: Running CLI: C:\Program Files\sf\bin\sf.cmd sobject describe -s ApexPage --json -o Prod
2025-09-18 16:16:52,473 [DEBUG] object_loader: Running CLI: C:\Program Files\sf\bin\sf.cmd sobject describe -s ApexPageInfo --json -o Prod
2025-09-18 16:16:54,330 [DEBUG] object_loader: Running CLI: C:\Program Files\sf\bin\sf.cmd sobject describe -s ApexTestQueueItem --json -o Prod
2025-09-18 16:16:55,960 [DEBUG] object_loader: Running CLI: C:\Program Files\sf\bin\sf.cmd sobject describe -s ApexTestResult --json -o Prod
2025-09-18 16:16:57,547 [DEBUG] object_loader: Running CLI: C:\Program Files\sf\bin\sf.cmd sobject describe -s ApexTestResultLimits --json -o Prod
2025-09-18 16:16:59,078 [DEBUG] object_loader: Running CLI: C:\Program Files\sf\bin\sf.cmd sobject describe -s ApexTestRunResult --json -o Prod
2025-09-18 16:17:00,606 [DEBUG] object_loader: Running CLI: C:\Program Files\sf\bin\sf.cmd sobject describe -s ApexTestSuite --json -o Prod
2025-09-18 16:17:02,130 [DEBUG] object_loader: Running CLI: C:\Program Files\sf\bin\sf.cmd sobject describe -s ApexTrigger --json -o Prod
2025-09-18 16:17:03,652 [DEBUG] object_loader: Running CLI: C:\Program Files\sf\bin\sf.cmd sobject describe -s ApexTypeImplementor --json -o Prod
2025-09-18 16:17:05,254 [DEBUG] object_loader: Running CLI: C:\Program Files\sf\bin\sf.cmd sobject describe -s AppAnalyticsQueryRequest --json -o Prod
2025-09-18 16:17:06,785 [DEBUG] object_loader: Running CLI: C:\Program Files\sf\bin\sf.cmd sobject describe -s AppDefinition --json -o Prod
2025-09-18 16:17:08,311 [DEBUG] object_loader: Running CLI: C:\Program Files\sf\bin\sf.cmd sobject describe -s AppMenuItem --json -o Prod
2025-09-18 16:17:09,843 [DEBUG] object_loader: Running CLI: C:\Program Files\sf\bin\sf.cmd sobject describe -s AppTabMember --json -o Prod
2025-09-18 16:17:11,396 [DEBUG] object_loader: Running CLI: C:\Program Files\sf\bin\sf.cmd sobject describe -s Approval --json -o Prod
2025-09-18 16:17:12,927 [DEBUG] object_loader: Running CLI: C:\Program Files\sf\bin\sf.cmd sobject describe -s ApprovalSubmission --json -o Prod
2025-09-18 16:17:14,451 [DEBUG] object_loader: Running CLI: C:\Program Files\sf\bin\sf.cmd sobject describe -s ApprovalSubmissionDetail --json -o Prod
2025-09-18 16:17:15,972 [DEBUG] object_loader: Running CLI: C:\Program Files\sf\bin\sf.cmd sobject describe -s ApprovalSubmissionShare --json -o Prod
2025-09-18 16:17:17,618 [DEBUG] object_loader: Running CLI: C:\Program Files\sf\bin\sf.cmd sobject describe -s ApprovalWorkItem --json -o Prod
2025-09-18 16:17:19,220 [DEBUG] object_loader: Running CLI: C:\Program Files\sf\bin\sf.cmd sobject describe -s Asset --json -o Prod
2025-09-18 16:17:20,947 [DEBUG] object_loader: Running CLI: C:\Program Files\sf\bin\sf.cmd sobject describe -s AssetChangeEvent --json -o Prod
2025-09-18 16:17:22,559 [DEBUG] object_loader: Running CLI: C:\Program Files\sf\bin\sf.cmd sobject describe -s AssetFeed --json -o Prod
2025-09-18 16:17:24,106 [DEBUG] object_loader: Running CLI: C:\Program Files\sf\bin\sf.cmd sobject describe -s AssetHistory --json -o Prod
2025-09-18 16:17:25,637 [DEBUG] object_loader: Running CLI: C:\Program Files\sf\bin\sf.cmd sobject describe -s AssetRelationship --json -o Prod
2025-09-18 16:17:27,170 [DEBUG] object_loader: Running CLI: C:\Program Files\sf\bin\sf.cmd sobject describe -s AssetRelationshipChangeEvent --json -o Prod
2025-09-18 16:17:28,700 [DEBUG] object_loader: Running CLI: C:\Program Files\sf\bin\sf.cmd sobject describe -s AssetRelationshipFeed --json -o Prod
2025-09-18 16:17:30,368 [DEBUG] object_loader: Running CLI: C:\Program Files\sf\bin\sf.cmd sobject describe -s AssetRelationshipHistory --json -o Prod
2025-09-18 16:17:31,895 [DEBUG] object_loader: Running CLI: C:\Program Files\sf\bin\sf.cmd sobject describe -s AssetShare --json -o Prod
2025-09-18 16:17:33,425 [DEBUG] object_loader: Running CLI: C:\Program Files\sf\bin\sf.cmd sobject describe -s AssetTokenEvent --json -o Prod
2025-09-18 16:17:34,947 [DEBUG] object_loader: Running CLI: C:\Program Files\sf\bin\sf.cmd sobject describe -s AssignmentRule --json -o Prod
2025-09-18 16:17:36,533 [DEBUG] object_loader: Running CLI: C:\Program Files\sf\bin\sf.cmd sobject describe -s AssociatedLocation --json -o Prod
2025-09-18 16:17:38,051 [DEBUG] object_loader: Running CLI: C:\Program Files\sf\bin\sf.cmd sobject describe -s AssociatedLocationChangeEvent --json -o Prod
2025-09-18 16:17:39,577 [DEBUG] object_loader: Running CLI: C:\Program Files\sf\bin\sf.cmd sobject describe -s AssociatedLocationHistory --json -o Prod
2025-09-18 16:17:41,105 [DEBUG] object_loader: Running CLI: C:\Program Files\sf\bin\sf.cmd sobject describe -s AsyncApexJob --json -o Prod
2025-09-18 16:17:42,639 [DEBUG] object_loader: Running CLI: C:\Program Files\sf\bin\sf.cmd sobject describe -s AsyncOperationEvent --json -o Prod
2025-09-18 16:17:44,162 [DEBUG] object_loader: Running CLI: C:\Program Files\sf\bin\sf.cmd sobject describe -s AsyncOperationStatus --json -o Prod
2025-09-18 16:17:45,676 [DEBUG] object_loader: Running CLI: C:\Program Files\sf\bin\sf.cmd sobject describe -s AttachedContentDocument --json -o Prod
2025-09-18 16:17:47,214 [DEBUG] object_loader: Running CLI: C:\Program Files\sf\bin\sf.cmd sobject describe -s AttachedContentNote --json -o Prod
2025-09-18 16:17:48,729 [DEBUG] object_loader: Running CLI: C:\Program Files\sf\bin\sf.cmd sobject describe -s Attachment --json -o Prod
2025-09-18 16:17:50,388 [DEBUG] object_loader: Running CLI: C:\Program Files\sf\bin\sf.cmd sobject describe -s Audience --json -o Prod
2025-09-18 16:17:51,912 [DEBUG] object_loader: Running CLI: C:\Program Files\sf\bin\sf.cmd sobject describe -s Audit_Request__ChangeEvent --json -o Prod
2025-09-18 16:17:53,457 [DEBUG] object_loader: Running CLI: C:\Program Files\sf\bin\sf.cmd sobject describe -s Audit_Request__History --json -o Prod
2025-09-18 16:17:54,984 [DEBUG] object_loader: Running CLI: C:\Program Files\sf\bin\sf.cmd sobject describe -s Audit_Request__c --json -o Prod
2025-09-18 16:17:56,516 [DEBUG] object_loader: Running CLI: C:\Program Files\sf\bin\sf.cmd sobject describe -s AuraDefinition --json -o Prod
2025-09-18 16:17:58,287 [DEBUG] object_loader: Running CLI: C:\Program Files\sf\bin\sf.cmd sobject describe -s AuraDefinitionBundle --json -o Prod
2025-09-18 16:17:59,898 [DEBUG] object_loader: Running CLI: C:\Program Files\sf\bin\sf.cmd sobject describe -s AuraDefinitionBundleInfo --json -o Prod
2025-09-18 16:18:01,649 [DEBUG] object_loader: Running CLI: C:\Program Files\sf\bin\sf.cmd sobject describe -s AuraDefinitionInfo --json -o Prod
2025-09-18 16:18:03,364 [DEBUG] object_loader: Running CLI: C:\Program Files\sf\bin\sf.cmd sobject describe -s AuthConfig --json -o Prod
2025-09-18 16:18:05,155 [DEBUG] object_loader: Running CLI: C:\Program Files\sf\bin\sf.cmd sobject describe -s AuthConfigProviders --json -o Prod
2025-09-18 16:18:06,743 [DEBUG] object_loader: Running CLI: C:\Program Files\sf\bin\sf.cmd sobject describe -s AuthProvParamFwdAllowlist --json -o Prod
2025-09-18 16:18:08,326 [DEBUG] object_loader: Running CLI: C:\Program Files\sf\bin\sf.cmd sobject describe -s AuthProvider --json -o Prod
2025-09-18 16:18:09,924 [DEBUG] object_loader: Running CLI: C:\Program Files\sf\bin\sf.cmd sobject describe -s AuthSession --json -o Prod
2025-09-18 16:18:11,564 [DEBUG] object_loader: Running CLI: C:\Program Files\sf\bin\sf.cmd sobject describe -s BackgroundOperation --json -o Prod
2025-09-18 16:18:13,263 [DEBUG] object_loader: Running CLI: C:\Program Files\sf\bin\sf.cmd sobject describe -s BatchApexErrorEvent --json -o Prod
2025-09-18 16:18:14,815 [DEBUG] object_loader: Running CLI: C:\Program Files\sf\bin\sf.cmd sobject describe -s BatchDataSource --json -o Prod
2025-09-18 16:18:16,566 [DEBUG] object_loader: Running CLI: C:\Program Files\sf\bin\sf.cmd sobject describe -s BatchDataSrcFilterCriteria --json -o Prod
2025-09-18 16:18:18,220 [DEBUG] object_loader: Running CLI: C:\Program Files\sf\bin\sf.cmd sobject describe -s BatchJob --json -o Prod
2025-09-18 16:18:19,985 [DEBUG] object_loader: Running CLI: C:\Program Files\sf\bin\sf.cmd sobject describe -s BatchJobDefinition --json -o Prod
2025-09-18 16:18:21,618 [DEBUG] object_loader: Running CLI: C:\Program Files\sf\bin\sf.cmd sobject describe -s BatchJobFeed --json -o Prod
2025-09-18 16:18:23,415 [DEBUG] object_loader: Running CLI: C:\Program Files\sf\bin\sf.cmd sobject describe -s BatchJobHistory --json -o Prod
2025-09-18 16:18:25,114 [DEBUG] object_loader: Running CLI: C:\Program Files\sf\bin\sf.cmd sobject describe -s BatchJobPart --json -o Prod
2025-09-18 16:18:26,986 [DEBUG] object_loader: Running CLI: C:\Program Files\sf\bin\sf.cmd sobject describe -s BatchJobPartFailedRecord --json -o Prod
2025-09-18 16:18:28,847 [DEBUG] object_loader: Running CLI: C:\Program Files\sf\bin\sf.cmd sobject describe -s BatchJobPartFailedRecordFeed --json -o Prod
2025-09-18 16:18:31,070 [DEBUG] object_loader: Running CLI: C:\Program Files\sf\bin\sf.cmd sobject describe -s BatchJobPartFailedRecordHistory --json -o Prod
2025-09-18 16:18:32,768 [DEBUG] object_loader: Running CLI: C:\Program Files\sf\bin\sf.cmd sobject describe -s BatchJobPartFeed --json -o Prod
2025-09-18 16:18:34,640 [DEBUG] object_loader: Running CLI: C:\Program Files\sf\bin\sf.cmd sobject describe -s BatchJobPartHistory --json -o Prod
2025-09-18 16:18:36,318 [DEBUG] object_loader: Running CLI: C:\Program Files\sf\bin\sf.cmd sobject describe -s BatchJobShare --json -o Prod
2025-09-18 16:18:37,913 [DEBUG] object_loader: Running CLI: C:\Program Files\sf\bin\sf.cmd sobject describe -s BatchJobStatusChangedEvent --json -o Prod
2025-09-18 16:18:39,537 [DEBUG] object_loader: Running CLI: C:\Program Files\sf\bin\sf.cmd sobject describe -s BatchProcessJobDefView --json -o Prod
2025-09-18 16:18:41,266 [DEBUG] object_loader: Running CLI: C:\Program Files\sf\bin\sf.cmd sobject describe -s BatchProcessJobDefinition --json -o Prod
2025-09-18 16:18:42,822 [DEBUG] object_loader: Running CLI: C:\Program Files\sf\bin\sf.cmd sobject describe -s Bid__ChangeEvent --json -o Prod
2025-09-18 16:18:44,365 [DEBUG] object_loader: Running CLI: C:\Program Files\sf\bin\sf.cmd sobject describe -s Bid__History --json -o Prod
2025-09-18 16:18:45,899 [DEBUG] object_loader: Running CLI: C:\Program Files\sf\bin\sf.cmd sobject describe -s Bid__c --json -o Prod
2025-09-18 16:18:47,498 [DEBUG] object_loader: Running CLI: C:\Program Files\sf\bin\sf.cmd sobject describe -s BrandTemplate --json -o Prod
2025-09-18 16:18:49,019 [DEBUG] object_loader: Running CLI: C:\Program Files\sf\bin\sf.cmd sobject describe -s BrandingSet --json -o Prod
2025-09-18 16:18:50,540 [DEBUG] object_loader: Running CLI: C:\Program Files\sf\bin\sf.cmd sobject describe -s BrandingSetProperty --json -o Prod
2025-09-18 16:18:52,064 [DEBUG] object_loader: Running CLI: C:\Program Files\sf\bin\sf.cmd sobject describe -s BriefcaseAssignment --json -o Prod
2025-09-18 16:18:53,688 [DEBUG] object_loader: Running CLI: C:\Program Files\sf\bin\sf.cmd sobject describe -s BriefcaseAssignmentChangeEvent --json -o Prod
2025-09-18 16:18:55,307 [DEBUG] object_loader: Running CLI: C:\Program Files\sf\bin\sf.cmd sobject describe -s BriefcaseDefinition --json -o Prod
2025-09-18 16:18:56,858 [DEBUG] object_loader: Running CLI: C:\Program Files\sf\bin\sf.cmd sobject describe -s BriefcaseDefinitionChangeEvent --json -o Prod
2025-09-18 16:18:58,452 [DEBUG] object_loader: Running CLI: C:\Program Files\sf\bin\sf.cmd sobject describe -s BriefcaseRule --json -o Prod
2025-09-18 16:19:00,170 [DEBUG] object_loader: Running CLI: C:\Program Files\sf\bin\sf.cmd sobject describe -s BriefcaseRuleFilter --json -o Prod
2025-09-18 16:19:01,733 [DEBUG] object_loader: Running CLI: C:\Program Files\sf\bin\sf.cmd sobject describe -s BrowserPolicyViolation --json -o Prod
2025-09-18 16:19:03,263 [DEBUG] object_loader: Running CLI: C:\Program Files\sf\bin\sf.cmd sobject describe -s BusinessHours --json -o Prod
2025-09-18 16:19:04,791 [DEBUG] object_loader: Running CLI: C:\Program Files\sf\bin\sf.cmd sobject describe -s BusinessProcess --json -o Prod
2025-09-18 16:19:06,296 [DEBUG] object_loader: Running CLI: C:\Program Files\sf\bin\sf.cmd sobject describe -s CUES_Form_Thermostat_Startup__ChangeEvent --json -o Prod
2025-09-18 16:19:07,808 [DEBUG] object_loader: Running CLI: C:\Program Files\sf\bin\sf.cmd sobject describe -s CUES_Form_Thermostat_Startup__Share --json -o Prod
2025-09-18 16:19:09,336 [DEBUG] object_loader: Running CLI: C:\Program Files\sf\bin\sf.cmd sobject describe -s CUES_Form_Thermostat_Startup__c --json -o Prod
2025-09-18 16:19:10,850 [DEBUG] object_loader: Running CLI: C:\Program Files\sf\bin\sf.cmd sobject describe -s Calendar --json -o Prod
2025-09-18 16:19:12,380 [DEBUG] object_loader: Running CLI: C:\Program Files\sf\bin\sf.cmd sobject describe -s CalendarView --json -o Prod
2025-09-18 16:19:13,905 [DEBUG] object_loader: Running CLI: C:\Program Files\sf\bin\sf.cmd sobject describe -s CalendarViewChangeEvent --json -o Prod
2025-09-18 16:19:15,431 [DEBUG] object_loader: Running CLI: C:\Program Files\sf\bin\sf.cmd sobject describe -s CalendarViewShare --json -o Prod
2025-09-18 16:19:16,957 [DEBUG] object_loader: Running CLI: C:\Program Files\sf\bin\sf.cmd sobject describe -s CallCenter --json -o Prod
2025-09-18 16:19:18,462 [DEBUG] object_loader: Running CLI: C:\Program Files\sf\bin\sf.cmd sobject describe -s CallCoachConfigModifyEvent --json -o Prod
2025-09-18 16:19:19,992 [DEBUG] object_loader: Running CLI: C:\Program Files\sf\bin\sf.cmd sobject describe -s CallCoachingMediaProvider --json -o Prod
2025-09-18 16:19:21,517 [DEBUG] object_loader: Running CLI: C:\Program Files\sf\bin\sf.cmd sobject describe -s Campaign --json -o Prod
2025-09-18 16:19:23,051 [DEBUG] object_loader: Running CLI: C:\Program Files\sf\bin\sf.cmd sobject describe -s CampaignChangeEvent --json -o Prod
2025-09-18 16:19:24,570 [DEBUG] object_loader: Running CLI: C:\Program Files\sf\bin\sf.cmd sobject describe -s CampaignFeed --json -o Prod
2025-09-18 16:19:26,102 [DEBUG] object_loader: Running CLI: C:\Program Files\sf\bin\sf.cmd sobject describe -s CampaignHistory --json -o Prod
2025-09-18 16:19:27,627 [DEBUG] object_loader: Running CLI: C:\Program Files\sf\bin\sf.cmd sobject describe -s CampaignInfluenceModel --json -o Prod
2025-09-18 16:19:29,138 [DEBUG] object_loader: Running CLI: C:\Program Files\sf\bin\sf.cmd sobject describe -s CampaignMember --json -o Prod
2025-09-18 16:19:30,653 [DEBUG] object_loader: Running CLI: C:\Program Files\sf\bin\sf.cmd sobject describe -s CampaignMemberChangeEvent --json -o Prod
2025-09-18 16:19:32,177 [DEBUG] object_loader: Running CLI: C:\Program Files\sf\bin\sf.cmd sobject describe -s CampaignMemberStatus --json -o Prod
2025-09-18 16:19:33,689 [DEBUG] object_loader: Running CLI: C:\Program Files\sf\bin\sf.cmd sobject describe -s CampaignMemberStatusChangeEvent --json -o Prod
2025-09-18 16:19:35,298 [DEBUG] object_loader: Running CLI: C:\Program Files\sf\bin\sf.cmd sobject describe -s CampaignShare --json -o Prod
2025-09-18 16:19:36,877 [DEBUG] object_loader: Running CLI: C:\Program Files\sf\bin\sf.cmd sobject describe -s Case --json -o Prod
2025-09-18 16:19:38,493 [DEBUG] object_loader: Running CLI: C:\Program Files\sf\bin\sf.cmd sobject describe -s CaseChangeEvent --json -o Prod
2025-09-18 16:19:40,055 [DEBUG] object_loader: Running CLI: C:\Program Files\sf\bin\sf.cmd sobject describe -s CaseComment --json -o Prod
2025-09-18 16:19:41,663 [DEBUG] object_loader: Running CLI: C:\Program Files\sf\bin\sf.cmd sobject describe -s CaseContactRole --json -o Prod
2025-09-18 16:19:43,188 [DEBUG] object_loader: Running CLI: C:\Program Files\sf\bin\sf.cmd sobject describe -s CaseFeed --json -o Prod
2025-09-18 16:19:44,705 [DEBUG] object_loader: Running CLI: C:\Program Files\sf\bin\sf.cmd sobject describe -s CaseHistory --json -o Prod
2025-09-18 16:19:46,206 [DEBUG] object_loader: Running CLI: C:\Program Files\sf\bin\sf.cmd sobject describe -s CaseHistory2 --json -o Prod
2025-09-18 16:19:47,773 [DEBUG] object_loader: Running CLI: C:\Program Files\sf\bin\sf.cmd sobject describe -s CaseHistory2ChangeEvent --json -o Prod
2025-09-18 16:19:49,292 [DEBUG] object_loader: Running CLI: C:\Program Files\sf\bin\sf.cmd sobject describe -s CaseShare --json -o Prod
2025-09-18 16:19:50,810 [DEBUG] object_loader: Running CLI: C:\Program Files\sf\bin\sf.cmd sobject describe -s CaseSolution --json -o Prod
2025-09-18 16:19:52,320 [DEBUG] object_loader: Running CLI: C:\Program Files\sf\bin\sf.cmd sobject describe -s CaseStatus --json -o Prod
2025-09-18 16:19:53,852 [DEBUG] object_loader: Running CLI: C:\Program Files\sf\bin\sf.cmd sobject describe -s CaseSubjectParticle --json -o Prod
2025-09-18 16:19:55,365 [DEBUG] object_loader: Running CLI: C:\Program Files\sf\bin\sf.cmd sobject describe -s CaseTeamMember --json -o Prod
2025-09-18 16:19:56,885 [DEBUG] object_loader: Running CLI: C:\Program Files\sf\bin\sf.cmd sobject describe -s CaseTeamRole --json -o Prod
2025-09-18 16:19:58,432 [DEBUG] object_loader: Running CLI: C:\Program Files\sf\bin\sf.cmd sobject describe -s CaseTeamTemplate --json -o Prod
2025-09-18 16:20:00,034 [DEBUG] object_loader: Running CLI: C:\Program Files\sf\bin\sf.cmd sobject describe -s CaseTeamTemplateMember --json -o Prod
2025-09-18 16:20:01,643 [DEBUG] object_loader: Running CLI: C:\Program Files\sf\bin\sf.cmd sobject describe -s CaseTeamTemplateRecord --json -o Prod
2025-09-18 16:20:03,285 [DEBUG] object_loader: Running CLI: C:\Program Files\sf\bin\sf.cmd sobject describe -s CategoryData --json -o Prod
2025-09-18 16:20:04,871 [DEBUG] object_loader: Running CLI: C:\Program Files\sf\bin\sf.cmd sobject describe -s CategoryNode --json -o Prod
2025-09-18 16:20:06,543 [DEBUG] object_loader: Running CLI: C:\Program Files\sf\bin\sf.cmd sobject describe -s Change_Order__ChangeEvent --json -o Prod
2025-09-18 16:20:08,335 [DEBUG] object_loader: Running CLI: C:\Program Files\sf\bin\sf.cmd sobject describe -s Change_Order__History --json -o Prod
2025-09-18 16:20:09,955 [DEBUG] object_loader: Running CLI: C:\Program Files\sf\bin\sf.cmd sobject describe -s Change_Order__c --json -o Prod
2025-09-18 16:20:11,569 [DEBUG] object_loader: Running CLI: C:\Program Files\sf\bin\sf.cmd sobject describe -s ChannelProgram --json -o Prod
2025-09-18 16:20:13,158 [DEBUG] object_loader: Running CLI: C:\Program Files\sf\bin\sf.cmd sobject describe -s ChannelProgramFeed --json -o Prod
2025-09-18 16:20:14,718 [DEBUG] object_loader: Running CLI: C:\Program Files\sf\bin\sf.cmd sobject describe -s ChannelProgramHistory --json -o Prod
2025-09-18 16:20:16,256 [DEBUG] object_loader: Running CLI: C:\Program Files\sf\bin\sf.cmd sobject describe -s ChannelProgramLevel --json -o Prod
2025-09-18 16:20:17,873 [DEBUG] object_loader: Running CLI: C:\Program Files\sf\bin\sf.cmd sobject describe -s ChannelProgramLevelFeed --json -o Prod
2025-09-18 16:20:19,450 [DEBUG] object_loader: Running CLI: C:\Program Files\sf\bin\sf.cmd sobject describe -s ChannelProgramLevelHistory --json -o Prod
2025-09-18 16:20:21,012 [DEBUG] object_loader: Running CLI: C:\Program Files\sf\bin\sf.cmd sobject describe -s ChannelProgramLevelShare --json -o Prod
2025-09-18 16:20:22,545 [DEBUG] object_loader: Running CLI: C:\Program Files\sf\bin\sf.cmd sobject describe -s ChannelProgramMember --json -o Prod
2025-09-18 16:20:24,084 [DEBUG] object_loader: Running CLI: C:\Program Files\sf\bin\sf.cmd sobject describe -s ChannelProgramMemberFeed --json -o Prod
2025-09-18 16:20:25,632 [DEBUG] object_loader: Running CLI: C:\Program Files\sf\bin\sf.cmd sobject describe -s ChannelProgramMemberHistory --json -o Prod
2025-09-18 16:20:27,174 [DEBUG] object_loader: Running CLI: C:\Program Files\sf\bin\sf.cmd sobject describe -s ChannelProgramMemberShare --json -o Prod
2025-09-18 16:20:28,710 [DEBUG] object_loader: Running CLI: C:\Program Files\sf\bin\sf.cmd sobject describe -s ChannelProgramShare --json -o Prod
2025-09-18 16:20:30,254 [DEBUG] object_loader: Running CLI: C:\Program Files\sf\bin\sf.cmd sobject describe -s ChatterActivity --json -o Prod
2025-09-18 16:20:31,867 [DEBUG] object_loader: Running CLI: C:\Program Files\sf\bin\sf.cmd sobject describe -s ChatterExtension --json -o Prod
2025-09-18 16:20:34,467 [DEBUG] object_loader: Running CLI: C:\Program Files\sf\bin\sf.cmd sobject describe -s ChatterExtensionConfig --json -o Prod
2025-09-18 16:20:36,008 [DEBUG] object_loader: Running CLI: C:\Program Files\sf\bin\sf.cmd sobject describe -s Child_Opportunity_Owners__ChangeEvent --json -o Prod
2025-09-18 16:20:37,529 [DEBUG] object_loader: Running CLI: C:\Program Files\sf\bin\sf.cmd sobject describe -s Child_Opportunity_Owners__History --json -o Prod
2025-09-18 16:20:39,172 [DEBUG] object_loader: Running CLI: C:\Program Files\sf\bin\sf.cmd sobject describe -s Child_Opportunity_Owners__c --json -o Prod
2025-09-18 16:20:40,921 [DEBUG] object_loader: Running CLI: C:\Program Files\sf\bin\sf.cmd sobject describe -s ClientBrowser --json -o Prod
2025-09-18 16:20:42,528 [DEBUG] object_loader: Running CLI: C:\Program Files\sf\bin\sf.cmd sobject describe -s CollaborationGroup --json -o Prod
2025-09-18 16:20:44,365 [DEBUG] object_loader: Running CLI: C:\Program Files\sf\bin\sf.cmd sobject describe -s CollaborationGroupFeed --json -o Prod
2025-09-18 16:20:46,079 [DEBUG] object_loader: Running CLI: C:\Program Files\sf\bin\sf.cmd sobject describe -s CollaborationGroupMember --json -o Prod
2025-09-18 16:20:47,637 [DEBUG] object_loader: Running CLI: C:\Program Files\sf\bin\sf.cmd sobject describe -s CollaborationGroupMemberRequest --json -o Prod
2025-09-18 16:20:49,157 [DEBUG] object_loader: Running CLI: C:\Program Files\sf\bin\sf.cmd sobject describe -s CollaborationGroupRecord --json -o Prod
2025-09-18 16:20:50,699 [DEBUG] object_loader: Running CLI: C:\Program Files\sf\bin\sf.cmd sobject describe -s CollaborationGroupRecordChangeEvent --json -o Prod
2025-09-18 16:20:52,220 [DEBUG] object_loader: Running CLI: C:\Program Files\sf\bin\sf.cmd sobject describe -s CollaborationInvitation --json -o Prod
2025-09-18 16:20:53,795 [DEBUG] object_loader: Running CLI: C:\Program Files\sf\bin\sf.cmd sobject describe -s ColorDefinition --json -o Prod
2025-09-18 16:20:55,322 [DEBUG] object_loader: Running CLI: C:\Program Files\sf\bin\sf.cmd sobject describe -s CombinedAttachment --json -o Prod
2025-09-18 16:20:56,833 [DEBUG] object_loader: Running CLI: C:\Program Files\sf\bin\sf.cmd sobject describe -s Community --json -o Prod
2025-09-18 16:20:58,473 [DEBUG] object_loader: Running CLI: C:\Program Files\sf\bin\sf.cmd sobject describe -s ConferenceNumber --json -o Prod
2025-09-18 16:21:00,050 [DEBUG] object_loader: Running CLI: C:\Program Files\sf\bin\sf.cmd sobject describe -s ConferenceNumberChangeEvent --json -o Prod
2025-09-18 16:21:01,639 [DEBUG] object_loader: Running CLI: C:\Program Files\sf\bin\sf.cmd sobject describe -s ConnectedApplication --json -o Prod
2025-09-18 16:21:03,217 [DEBUG] object_loader: Running CLI: C:\Program Files\sf\bin\sf.cmd sobject describe -s Contact --json -o Prod
2025-09-18 16:21:04,908 [DEBUG] object_loader: Running CLI: C:\Program Files\sf\bin\sf.cmd sobject describe -s ContactChangeEvent --json -o Prod
2025-09-18 16:21:06,430 [DEBUG] object_loader: Running CLI: C:\Program Files\sf\bin\sf.cmd sobject describe -s ContactFeed --json -o Prod
2025-09-18 16:21:07,937 [DEBUG] object_loader: Running CLI: C:\Program Files\sf\bin\sf.cmd sobject describe -s ContactHistory --json -o Prod
2025-09-18 16:21:09,464 [DEBUG] object_loader: Running CLI: C:\Program Files\sf\bin\sf.cmd sobject describe -s ContactRequest --json -o Prod
2025-09-18 16:21:11,117 [DEBUG] object_loader: Running CLI: C:\Program Files\sf\bin\sf.cmd sobject describe -s ContactRequestShare --json -o Prod
2025-09-18 16:21:12,735 [DEBUG] object_loader: Running CLI: C:\Program Files\sf\bin\sf.cmd sobject describe -s ContactShare --json -o Prod
2025-09-18 16:21:14,537 [DEBUG] object_loader: Running CLI: C:\Program Files\sf\bin\sf.cmd sobject describe -s Contact_Invite__ChangeEvent --json -o Prod
2025-09-18 16:21:16,160 [DEBUG] object_loader: Running CLI: C:\Program Files\sf\bin\sf.cmd sobject describe -s Contact_Invite__History --json -o Prod
2025-09-18 16:21:17,775 [DEBUG] object_loader: Running CLI: C:\Program Files\sf\bin\sf.cmd sobject describe -s Contact_Invite__c --json -o Prod
2025-09-18 16:21:19,297 [DEBUG] object_loader: Running CLI: C:\Program Files\sf\bin\sf.cmd sobject describe -s ContentAsset --json -o Prod
2025-09-18 16:21:20,819 [DEBUG] object_loader: Running CLI: C:\Program Files\sf\bin\sf.cmd sobject describe -s ContentBody --json -o Prod
2025-09-18 16:21:22,341 [DEBUG] object_loader: Running CLI: C:\Program Files\sf\bin\sf.cmd sobject describe -s ContentDistribution --json -o Prod
2025-09-18 16:21:23,877 [DEBUG] object_loader: Running CLI: C:\Program Files\sf\bin\sf.cmd sobject describe -s ContentDistributionView --json -o Prod
2025-09-18 16:21:25,386 [DEBUG] object_loader: Running CLI: C:\Program Files\sf\bin\sf.cmd sobject describe -s ContentDocument --json -o Prod
2025-09-18 16:21:26,899 [DEBUG] object_loader: Running CLI: C:\Program Files\sf\bin\sf.cmd sobject describe -s ContentDocumentChangeEvent --json -o Prod
2025-09-18 16:21:28,425 [DEBUG] object_loader: Running CLI: C:\Program Files\sf\bin\sf.cmd sobject describe -s ContentDocumentFeed --json -o Prod
2025-09-18 16:21:29,937 [DEBUG] object_loader: Running CLI: C:\Program Files\sf\bin\sf.cmd sobject describe -s ContentDocumentHistory --json -o Prod
2025-09-18 16:21:31,454 [DEBUG] object_loader: Running CLI: C:\Program Files\sf\bin\sf.cmd sobject describe -s ContentDocumentLink --json -o Prod
2025-09-18 16:21:32,974 [DEBUG] object_loader: Running CLI: C:\Program Files\sf\bin\sf.cmd sobject describe -s ContentDocumentLinkChangeEvent --json -o Prod
2025-09-18 16:21:34,510 [DEBUG] object_loader: Running CLI: C:\Program Files\sf\bin\sf.cmd sobject describe -s ContentDocumentSubscription --json -o Prod
2025-09-18 16:21:36,020 [DEBUG] object_loader: Running CLI: C:\Program Files\sf\bin\sf.cmd sobject describe -s ContentFolder --json -o Prod
2025-09-18 16:21:37,628 [DEBUG] object_loader: Running CLI: C:\Program Files\sf\bin\sf.cmd sobject describe -s ContentFolderChangeEvent --json -o Prod
2025-09-18 16:21:39,202 [DEBUG] object_loader: Running CLI: C:\Program Files\sf\bin\sf.cmd sobject describe -s ContentFolderItem --json -o Prod
2025-09-18 16:21:40,777 [DEBUG] object_loader: Running CLI: C:\Program Files\sf\bin\sf.cmd sobject describe -s ContentFolderLink --json -o Prod
2025-09-18 16:21:42,364 [DEBUG] object_loader: Running CLI: C:\Program Files\sf\bin\sf.cmd sobject describe -s ContentFolderMember --json -o Prod
2025-09-18 16:21:43,924 [DEBUG] object_loader: Running CLI: C:\Program Files\sf\bin\sf.cmd sobject describe -s ContentNote --json -o Prod
2025-09-18 16:21:45,456 [DEBUG] object_loader: Running CLI: C:\Program Files\sf\bin\sf.cmd sobject describe -s ContentNotification --json -o Prod
2025-09-18 16:21:46,979 [DEBUG] object_loader: Running CLI: C:\Program Files\sf\bin\sf.cmd sobject describe -s ContentTagSubscription --json -o Prod
2025-09-18 16:21:48,494 [DEBUG] object_loader: Running CLI: C:\Program Files\sf\bin\sf.cmd sobject describe -s ContentTaxonomy --json -o Prod
2025-09-18 16:21:50,023 [DEBUG] object_loader: Running CLI: C:\Program Files\sf\bin\sf.cmd sobject describe -s ContentTaxonomyRelatedTerm --json -o Prod
2025-09-18 16:21:51,567 [DEBUG] object_loader: Running CLI: C:\Program Files\sf\bin\sf.cmd sobject describe -s ContentTaxonomyTerm --json -o Prod
2025-09-18 16:21:53,086 [DEBUG] object_loader: Running CLI: C:\Program Files\sf\bin\sf.cmd sobject describe -s ContentTaxonomyTermRelatedTerm --json -o Prod
2025-09-18 16:21:54,605 [DEBUG] object_loader: Running CLI: C:\Program Files\sf\bin\sf.cmd sobject describe -s ContentTaxonomyTermRelationshipType --json -o Prod
2025-09-18 16:21:56,120 [DEBUG] object_loader: Running CLI: C:\Program Files\sf\bin\sf.cmd sobject describe -s ContentUserSubscription --json -o Prod
2025-09-18 16:21:57,662 [DEBUG] object_loader: Running CLI: C:\Program Files\sf\bin\sf.cmd sobject describe -s ContentVersion --json -o Prod
2025-09-18 16:21:59,206 [DEBUG] object_loader: Running CLI: C:\Program Files\sf\bin\sf.cmd sobject describe -s ContentVersionChangeEvent --json -o Prod
2025-09-18 16:22:00,732 [DEBUG] object_loader: Running CLI: C:\Program Files\sf\bin\sf.cmd sobject describe -s ContentVersionComment --json -o Prod
2025-09-18 16:22:02,260 [DEBUG] object_loader: Running CLI: C:\Program Files\sf\bin\sf.cmd sobject describe -s ContentVersionHistory --json -o Prod
2025-09-18 16:22:03,775 [DEBUG] object_loader: Running CLI: C:\Program Files\sf\bin\sf.cmd sobject describe -s ContentVersionRating --json -o Prod
2025-09-18 16:22:05,307 [DEBUG] object_loader: Running CLI: C:\Program Files\sf\bin\sf.cmd sobject describe -s ContentWorkspace --json -o Prod
2025-09-18 16:22:06,834 [DEBUG] object_loader: Running CLI: C:\Program Files\sf\bin\sf.cmd sobject describe -s ContentWorkspaceDoc --json -o Prod
2025-09-18 16:22:08,376 [DEBUG] object_loader: Running CLI: C:\Program Files\sf\bin\sf.cmd sobject describe -s ContentWorkspaceMember --json -o Prod
2025-09-18 16:22:09,904 [DEBUG] object_loader: Running CLI: C:\Program Files\sf\bin\sf.cmd sobject describe -s ContentWorkspacePermission --json -o Prod
2025-09-18 16:22:11,443 [DEBUG] object_loader: Running CLI: C:\Program Files\sf\bin\sf.cmd sobject describe -s ContentWorkspaceSubscription --json -o Prod
2025-09-18 16:22:12,964 [DEBUG] object_loader: Running CLI: C:\Program Files\sf\bin\sf.cmd sobject describe -s Contract --json -o Prod
2025-09-18 16:22:14,476 [DEBUG] object_loader: Running CLI: C:\Program Files\sf\bin\sf.cmd sobject describe -s ContractChangeEvent --json -o Prod
2025-09-18 16:22:16,008 [DEBUG] object_loader: Running CLI: C:\Program Files\sf\bin\sf.cmd sobject describe -s ContractContactRole --json -o Prod
2025-09-18 16:22:17,604 [DEBUG] object_loader: Running CLI: C:\Program Files\sf\bin\sf.cmd sobject describe -s ContractFeed --json -o Prod
2025-09-18 16:22:19,261 [DEBUG] object_loader: Running CLI: C:\Program Files\sf\bin\sf.cmd sobject describe -s ContractHistory --json -o Prod
2025-09-18 16:22:20,789 [DEBUG] object_loader: Running CLI: C:\Program Files\sf\bin\sf.cmd sobject describe -s ContractStatus --json -o Prod
2025-09-18 16:22:22,349 [DEBUG] object_loader: Running CLI: C:\Program Files\sf\bin\sf.cmd sobject describe -s Contract__ChangeEvent --json -o Prod
2025-09-18 16:22:23,885 [DEBUG] object_loader: Running CLI: C:\Program Files\sf\bin\sf.cmd sobject describe -s Contract__c --json -o Prod
2025-09-18 16:22:25,403 [DEBUG] object_loader: Running CLI: C:\Program Files\sf\bin\sf.cmd sobject describe -s CorsWhitelistEntry --json -o Prod
2025-09-18 16:22:26,915 [DEBUG] object_loader: Running CLI: C:\Program Files\sf\bin\sf.cmd sobject describe -s CronJobDetail --json -o Prod
2025-09-18 16:22:28,435 [DEBUG] object_loader: Running CLI: C:\Program Files\sf\bin\sf.cmd sobject describe -s CronTrigger --json -o Prod
2025-09-18 16:22:29,945 [DEBUG] object_loader: Running CLI: C:\Program Files\sf\bin\sf.cmd sobject describe -s CspTrustedSite --json -o Prod
2025-09-18 16:22:31,497 [DEBUG] object_loader: Running CLI: C:\Program Files\sf\bin\sf.cmd sobject describe -s CuratedExpJobEvent --json -o Prod
2025-09-18 16:22:33,016 [DEBUG] object_loader: Running CLI: C:\Program Files\sf\bin\sf.cmd sobject describe -s CuratedExpPlanEvent --json -o Prod
2025-09-18 16:22:34,544 [DEBUG] object_loader: Running CLI: C:\Program Files\sf\bin\sf.cmd sobject describe -s CustomBrand --json -o Prod
2025-09-18 16:22:36,055 [DEBUG] object_loader: Running CLI: C:\Program Files\sf\bin\sf.cmd sobject describe -s CustomBrandAsset --json -o Prod
2025-09-18 16:22:37,578 [DEBUG] object_loader: Running CLI: C:\Program Files\sf\bin\sf.cmd sobject describe -s CustomHelpMenuItem --json -o Prod
2025-09-18 16:22:39,087 [DEBUG] object_loader: Running CLI: C:\Program Files\sf\bin\sf.cmd sobject describe -s CustomHelpMenuSection --json -o Prod
2025-09-18 16:22:40,596 [DEBUG] object_loader: Running CLI: C:\Program Files\sf\bin\sf.cmd sobject describe -s CustomHttpHeader --json -o Prod
2025-09-18 16:22:42,106 [DEBUG] object_loader: Running CLI: C:\Program Files\sf\bin\sf.cmd sobject describe -s CustomNotificationType --json -o Prod
2025-09-18 16:22:43,620 [DEBUG] object_loader: Running CLI: C:\Program Files\sf\bin\sf.cmd sobject describe -s CustomPermission --json -o Prod
2025-09-18 16:22:45,146 [DEBUG] object_loader: Running CLI: C:\Program Files\sf\bin\sf.cmd sobject describe -s CustomPermissionDependency --json -o Prod
2025-09-18 16:22:46,648 [DEBUG] object_loader: Running CLI: C:\Program Files\sf\bin\sf.cmd sobject describe -s DNBConnect__DNB_Bypass_Family_Tree_Linkage_Trigger__ChangeEvent --json -o Prod
2025-09-18 16:22:48,274 [DEBUG] object_loader: Running CLI: C:\Program Files\sf\bin\sf.cmd sobject describe -s DNBConnect__DNB_Bypass_Family_Tree_Linkage_Trigger__c --json -o Prod
2025-09-18 16:22:49,834 [DEBUG] object_loader: Running CLI: C:\Program Files\sf\bin\sf.cmd sobject describe -s DNBConnect__DNB_Connect_Setting__mdt --json -o Prod
2025-09-18 16:22:51,362 [DEBUG] object_loader: Running CLI: C:\Program Files\sf\bin\sf.cmd sobject describe -s DNBConnect__DNB_FamilyTreeData__ChangeEvent --json -o Prod
2025-09-18 16:22:52,872 [DEBUG] object_loader: Running CLI: C:\Program Files\sf\bin\sf.cmd sobject describe -s DNBConnect__DNB_FamilyTreeData__c --json -o Prod
2025-09-18 16:22:54,399 [DEBUG] object_loader: Running CLI: C:\Program Files\sf\bin\sf.cmd sobject describe -s DNBConnect__D_B_Connect_Company_Profile__ChangeEvent --json -o Prod
2025-09-18 16:22:55,914 [DEBUG] object_loader: Running CLI: C:\Program Files\sf\bin\sf.cmd sobject describe -s DNBConnect__D_B_Connect_Company_Profile__Share --json -o Prod
2025-09-18 16:22:57,438 [DEBUG] object_loader: Running CLI: C:\Program Files\sf\bin\sf.cmd sobject describe -s DNBConnect__D_B_Connect_Company_Profile__c --json -o Prod
2025-09-18 16:22:58,964 [DEBUG] object_loader: Running CLI: C:\Program Files\sf\bin\sf.cmd sobject describe -s DNBConnect__D_B_Connect_Contact_Profile__ChangeEvent --json -o Prod
2025-09-18 16:23:00,492 [DEBUG] object_loader: Running CLI: C:\Program Files\sf\bin\sf.cmd sobject describe -s DNBConnect__D_B_Connect_Contact_Profile__Share --json -o Prod
2025-09-18 16:23:02,019 [DEBUG] object_loader: Running CLI: C:\Program Files\sf\bin\sf.cmd sobject describe -s DNBConnect__D_B_Connect_Contact_Profile__c --json -o Prod
2025-09-18 16:23:03,541 [DEBUG] object_loader: Running CLI: C:\Program Files\sf\bin\sf.cmd sobject describe -s DNBConnect__D_B_Connect_Setting__ChangeEvent --json -o Prod
2025-09-18 16:23:05,075 [DEBUG] object_loader: Running CLI: C:\Program Files\sf\bin\sf.cmd sobject describe -s DNBConnect__D_B_Connect_Setting__Share --json -o Prod
2025-09-18 16:23:06,605 [DEBUG] object_loader: Running CLI: C:\Program Files\sf\bin\sf.cmd sobject describe -s DNBConnect__D_B_Connect_Setting__c --json -o Prod
2025-09-18 16:23:08,121 [DEBUG] object_loader: Running CLI: C:\Program Files\sf\bin\sf.cmd sobject describe -s DNBConnect__D_B_EnrichmentFieldDefinition__ChangeEvent --json -o Prod
2025-09-18 16:23:09,650 [DEBUG] object_loader: Running CLI: C:\Program Files\sf\bin\sf.cmd sobject describe -s DNBConnect__D_B_EnrichmentFieldDefinition__c --json -o Prod
2025-09-18 16:23:11,175 [DEBUG] object_loader: Running CLI: C:\Program Files\sf\bin\sf.cmd sobject describe -s DNBConnect__DnBAccountMetadata__ChangeEvent --json -o Prod
2025-09-18 16:23:12,730 [DEBUG] object_loader: Running CLI: C:\Program Files\sf\bin\sf.cmd sobject describe -s DNBConnect__DnBAccountMetadata__c --json -o Prod
2025-09-18 16:23:14,238 [DEBUG] object_loader: Running CLI: C:\Program Files\sf\bin\sf.cmd sobject describe -s DNBConnect__Language__mdt --json -o Prod
2025-09-18 16:23:15,745 [DEBUG] object_loader: Running CLI: C:\Program Files\sf\bin\sf.cmd sobject describe -s DOZISF__Complete_Setting__ChangeEvent --json -o Prod
2025-09-18 16:23:17,259 [DEBUG] object_loader: Running CLI: C:\Program Files\sf\bin\sf.cmd sobject describe -s DOZISF__Complete_Setting__c --json -o Prod
2025-09-18 16:23:18,775 [DEBUG] object_loader: Running CLI: C:\Program Files\sf\bin\sf.cmd sobject describe -s DOZISF__JWT_Setting__mdt --json -o Prod
2025-09-18 16:23:20,405 [DEBUG] object_loader: Running CLI: C:\Program Files\sf\bin\sf.cmd sobject describe -s DOZISF__ZoomInfo_Intent__ChangeEvent --json -o Prod
2025-09-18 16:23:21,961 [DEBUG] object_loader: Running CLI: C:\Program Files\sf\bin\sf.cmd sobject describe -s DOZISF__ZoomInfo_Intent__Share --json -o Prod
2025-09-18 16:23:23,609 [DEBUG] object_loader: Running CLI: C:\Program Files\sf\bin\sf.cmd sobject describe -s DOZISF__ZoomInfo_Intent__c --json -o Prod
2025-09-18 16:23:25,220 [DEBUG] object_loader: Running CLI: C:\Program Files\sf\bin\sf.cmd sobject describe -s DOZISF__ZoomInfo_Scoop__ChangeEvent --json -o Prod
2025-09-18 16:23:26,833 [DEBUG] object_loader: Running CLI: C:\Program Files\sf\bin\sf.cmd sobject describe -s DOZISF__ZoomInfo_Scoop__Share --json -o Prod
2025-09-18 16:23:28,411 [DEBUG] object_loader: Running CLI: C:\Program Files\sf\bin\sf.cmd sobject describe -s DOZISF__ZoomInfo_Scoop__c --json -o Prod
2025-09-18 16:23:29,964 [DEBUG] object_loader: Running CLI: C:\Program Files\sf\bin\sf.cmd sobject describe -s DOZISF__ZoomInfo__ChangeEvent --json -o Prod
2025-09-18 16:23:31,499 [DEBUG] object_loader: Running CLI: C:\Program Files\sf\bin\sf.cmd sobject describe -s DOZISF__ZoomInfo__Share --json -o Prod
2025-09-18 16:23:33,038 [DEBUG] object_loader: Running CLI: C:\Program Files\sf\bin\sf.cmd sobject describe -s DOZISF__ZoomInfo__c --json -o Prod
2025-09-18 16:23:34,573 [DEBUG] object_loader: Running CLI: C:\Program Files\sf\bin\sf.cmd sobject describe -s Dashboard --json -o Prod
2025-09-18 16:23:36,088 [DEBUG] object_loader: Running CLI: C:\Program Files\sf\bin\sf.cmd sobject describe -s DashboardComponent --json -o Prod
2025-09-18 16:23:37,673 [DEBUG] object_loader: Running CLI: C:\Program Files\sf\bin\sf.cmd sobject describe -s DashboardComponentFeed --json -o Prod
2025-09-18 16:23:39,189 [DEBUG] object_loader: Running CLI: C:\Program Files\sf\bin\sf.cmd sobject describe -s DashboardFeed --json -o Prod
2025-09-18 16:23:40,705 [DEBUG] object_loader: Running CLI: C:\Program Files\sf\bin\sf.cmd sobject describe -s DataAssessmentFieldMetric --json -o Prod
2025-09-18 16:23:42,205 [DEBUG] object_loader: Running CLI: C:\Program Files\sf\bin\sf.cmd sobject describe -s DataAssessmentMetric --json -o Prod
2025-09-18 16:23:43,719 [DEBUG] object_loader: Running CLI: C:\Program Files\sf\bin\sf.cmd sobject describe -s DataAssessmentValueMetric --json -o Prod
2025-09-18 16:23:45,245 [DEBUG] object_loader: Running CLI: C:\Program Files\sf\bin\sf.cmd sobject describe -s DataIntegrationRecordPurchasePermission --json -o Prod
2025-09-18 16:23:46,768 [DEBUG] object_loader: Running CLI: C:\Program Files\sf\bin\sf.cmd sobject describe -s DataObjectDataChgEvent --json -o Prod
2025-09-18 16:23:48,396 [DEBUG] object_loader: Running CLI: C:\Program Files\sf\bin\sf.cmd sobject describe -s DataStatistics --json -o Prod
2025-09-18 16:23:50,240 [DEBUG] object_loader: Running CLI: C:\Program Files\sf\bin\sf.cmd sobject describe -s DataType --json -o Prod
2025-09-18 16:23:51,803 [DEBUG] object_loader: Running CLI: C:\Program Files\sf\bin\sf.cmd sobject describe -s DataWeaveResource --json -o Prod
2025-09-18 16:23:53,968 [DEBUG] object_loader: Running CLI: C:\Program Files\sf\bin\sf.cmd sobject describe -s DatacloudAddress --json -o Prod
2025-09-18 16:23:55,514 [DEBUG] object_loader: Running CLI: C:\Program Files\sf\bin\sf.cmd sobject describe -s DeclinedEventRelation --json -o Prod
2025-09-18 16:23:57,091 [DEBUG] object_loader: Running CLI: C:\Program Files\sf\bin\sf.cmd sobject describe -s DeleteEvent --json -o Prod
2025-09-18 16:23:58,677 [DEBUG] object_loader: Running CLI: C:\Program Files\sf\bin\sf.cmd sobject describe -s DialerCallUsage --json -o Prod
2025-09-18 16:24:00,421 [DEBUG] object_loader: Running CLI: C:\Program Files\sf\bin\sf.cmd sobject describe -s DialerCallUsageShare --json -o Prod
2025-09-18 16:24:02,093 [DEBUG] object_loader: Running CLI: C:\Program Files\sf\bin\sf.cmd sobject describe -s Document --json -o Prod
2025-09-18 16:24:03,748 [DEBUG] object_loader: Running CLI: C:\Program Files\sf\bin\sf.cmd sobject describe -s DocumentAttachmentMap --json -o Prod
2025-09-18 16:24:05,392 [DEBUG] object_loader: Running CLI: C:\Program Files\sf\bin\sf.cmd sobject describe -s Domain --json -o Prod
2025-09-18 16:24:06,920 [DEBUG] object_loader: Running CLI: C:\Program Files\sf\bin\sf.cmd sobject describe -s DomainSite --json -o Prod
2025-09-18 16:24:08,529 [DEBUG] object_loader: Running CLI: C:\Program Files\sf\bin\sf.cmd sobject describe -s DuplicateRecordItem --json -o Prod
2025-09-18 16:24:10,105 [DEBUG] object_loader: Running CLI: C:\Program Files\sf\bin\sf.cmd sobject describe -s DuplicateRecordSet --json -o Prod
2025-09-18 16:24:11,954 [DEBUG] object_loader: Running CLI: C:\Program Files\sf\bin\sf.cmd sobject describe -s DuplicateRule --json -o Prod
2025-09-18 16:24:13,562 [DEBUG] object_loader: Running CLI: C:\Program Files\sf\bin\sf.cmd sobject describe -s EmailBounceEvent --json -o Prod
2025-09-18 16:24:15,090 [DEBUG] object_loader: Running CLI: C:\Program Files\sf\bin\sf.cmd sobject describe -s EmailCapture --json -o Prod
2025-09-18 16:24:16,601 [DEBUG] object_loader: Running CLI: C:\Program Files\sf\bin\sf.cmd sobject describe -s EmailCapturedMatchEvent --json -o Prod
2025-09-18 16:24:18,178 [DEBUG] object_loader: Running CLI: C:\Program Files\sf\bin\sf.cmd sobject describe -s EmailDomainFilter --json -o Prod
2025-09-18 16:24:19,760 [DEBUG] object_loader: Running CLI: C:\Program Files\sf\bin\sf.cmd sobject describe -s EmailDomainKey --json -o Prod
2025-09-18 16:24:21,363 [DEBUG] object_loader: Running CLI: C:\Program Files\sf\bin\sf.cmd sobject describe -s EmailInsight --json -o Prod
2025-09-18 16:24:23,077 [DEBUG] object_loader: Running CLI: C:\Program Files\sf\bin\sf.cmd sobject describe -s EmailInsightAction --json -o Prod
2025-09-18 16:24:24,654 [DEBUG] object_loader: Running CLI: C:\Program Files\sf\bin\sf.cmd sobject describe -s EmailMessage --json -o Prod
2025-09-18 16:24:26,176 [DEBUG] object_loader: Running CLI: C:\Program Files\sf\bin\sf.cmd sobject describe -s EmailMessageChangeEvent --json -o Prod
2025-09-18 16:24:27,753 [DEBUG] object_loader: Running CLI: C:\Program Files\sf\bin\sf.cmd sobject describe -s EmailMessageRelation --json -o Prod
2025-09-18 16:24:29,382 [DEBUG] object_loader: Running CLI: C:\Program Files\sf\bin\sf.cmd sobject describe -s EmailRelay --json -o Prod
2025-09-18 16:24:31,056 [DEBUG] object_loader: Running CLI: C:\Program Files\sf\bin\sf.cmd sobject describe -s EmailRoutingAddress --json -o Prod
2025-09-18 16:24:32,627 [DEBUG] object_loader: Running CLI: C:\Program Files\sf\bin\sf.cmd sobject describe -s EmailServicesAddress --json -o Prod
2025-09-18 16:24:34,194 [DEBUG] object_loader: Running CLI: C:\Program Files\sf\bin\sf.cmd sobject describe -s EmailServicesFunction --json -o Prod
2025-09-18 16:24:35,763 [DEBUG] object_loader: Running CLI: C:\Program Files\sf\bin\sf.cmd sobject describe -s EmailStatus --json -o Prod
2025-09-18 16:24:37,285 [DEBUG] object_loader: Running CLI: C:\Program Files\sf\bin\sf.cmd sobject describe -s EmailTemplate --json -o Prod
2025-09-18 16:24:38,799 [DEBUG] object_loader: Running CLI: C:\Program Files\sf\bin\sf.cmd sobject describe -s EmailTemplateChangeEvent --json -o Prod
2025-09-18 16:24:40,321 [DEBUG] object_loader: Running CLI: C:\Program Files\sf\bin\sf.cmd sobject describe -s EmbeddedServiceDetail --json -o Prod
2025-09-18 16:24:41,876 [DEBUG] object_loader: Running CLI: C:\Program Files\sf\bin\sf.cmd sobject describe -s EmbeddedServiceLabel --json -o Prod
2025-09-18 16:24:43,395 [DEBUG] object_loader: Running CLI: C:\Program Files\sf\bin\sf.cmd sobject describe -s EngmtChannelTypeSettings --json -o Prod
2025-09-18 16:24:44,919 [DEBUG] object_loader: Running CLI: C:\Program Files\sf\bin\sf.cmd sobject describe -s EnhancedLetterhead --json -o Prod
2025-09-18 16:24:46,433 [DEBUG] object_loader: Running CLI: C:\Program Files\sf\bin\sf.cmd sobject describe -s EnhancedLetterheadFeed --json -o Prod
2025-09-18 16:24:48,489 [DEBUG] object_loader: Running CLI: C:\Program Files\sf\bin\sf.cmd sobject describe -s EntityDefinition --json -o Prod
2025-09-18 16:24:50,122 [DEBUG] object_loader: Running CLI: C:\Program Files\sf\bin\sf.cmd sobject describe -s EntityParticle --json -o Prod
2025-09-18 16:24:51,811 [DEBUG] object_loader: Running CLI: C:\Program Files\sf\bin\sf.cmd sobject describe -s EntitySubscription --json -o Prod
2025-09-18 16:24:53,524 [DEBUG] object_loader: Running CLI: C:\Program Files\sf\bin\sf.cmd sobject describe -s Event --json -o Prod
2025-09-18 16:24:55,134 [DEBUG] object_loader: Running CLI: C:\Program Files\sf\bin\sf.cmd sobject describe -s EventBusSubscriber --json -o Prod
2025-09-18 16:24:56,705 [DEBUG] object_loader: Running CLI: C:\Program Files\sf\bin\sf.cmd sobject describe -s EventChangeEvent --json -o Prod
2025-09-18 16:24:58,232 [DEBUG] object_loader: Running CLI: C:\Program Files\sf\bin\sf.cmd sobject describe -s EventFeed --json -o Prod
2025-09-18 16:24:59,927 [DEBUG] object_loader: Running CLI: C:\Program Files\sf\bin\sf.cmd sobject describe -s EventLogFile --json -o Prod
2025-09-18 16:25:01,447 [DEBUG] object_loader: Running CLI: C:\Program Files\sf\bin\sf.cmd sobject describe -s EventRelation --json -o Prod
2025-09-18 16:25:02,963 [DEBUG] object_loader: Running CLI: C:\Program Files\sf\bin\sf.cmd sobject describe -s EventRelationChangeEvent --json -o Prod
2025-09-18 16:25:04,482 [DEBUG] object_loader: Running CLI: C:\Program Files\sf\bin\sf.cmd sobject describe -s EventRelayConfig --json -o Prod
2025-09-18 16:25:06,017 [DEBUG] object_loader: Running CLI: C:\Program Files\sf\bin\sf.cmd sobject describe -s EventRelayConfigChangeEvent --json -o Prod
2025-09-18 16:25:07,528 [DEBUG] object_loader: Running CLI: C:\Program Files\sf\bin\sf.cmd sobject describe -s EventRelayFeedback --json -o Prod
2025-09-18 16:25:09,038 [DEBUG] object_loader: Running CLI: C:\Program Files\sf\bin\sf.cmd sobject describe -s EventWhoRelation --json -o Prod
2025-09-18 16:25:10,553 [DEBUG] object_loader: Running CLI: C:\Program Files\sf\bin\sf.cmd sobject describe -s EvfPipelineSubTaskDetails --json -o Prod
2025-09-18 16:25:12,074 [DEBUG] object_loader: Running CLI: C:\Program Files\sf\bin\sf.cmd sobject describe -s ExperienceDiagnosticEvent --json -o Prod
2025-09-18 16:25:13,602 [DEBUG] object_loader: Running CLI: C:\Program Files\sf\bin\sf.cmd sobject describe -s ExpressionFilter --json -o Prod
2025-09-18 16:25:15,130 [DEBUG] object_loader: Running CLI: C:\Program Files\sf\bin\sf.cmd sobject describe -s ExpressionFilterCriteria --json -o Prod
2025-09-18 16:25:16,662 [DEBUG] object_loader: Running CLI: C:\Program Files\sf\bin\sf.cmd sobject describe -s ExpressionSetView --json -o Prod
2025-09-18 16:25:18,184 [DEBUG] object_loader: Running CLI: C:\Program Files\sf\bin\sf.cmd sobject describe -s ExternalAccountHierarchy --json -o Prod
2025-09-18 16:25:19,698 [DEBUG] object_loader: Running CLI: C:\Program Files\sf\bin\sf.cmd sobject describe -s ExternalAccountHierarchyFeed --json -o Prod
2025-09-18 16:25:21,221 [DEBUG] object_loader: Running CLI: C:\Program Files\sf\bin\sf.cmd sobject describe -s ExternalAccountHierarchyHistory --json -o Prod
2025-09-18 16:25:22,736 [DEBUG] object_loader: Running CLI: C:\Program Files\sf\bin\sf.cmd sobject describe -s ExternalAccountHierarchyShare --json -o Prod
2025-09-18 16:25:24,268 [DEBUG] object_loader: Running CLI: C:\Program Files\sf\bin\sf.cmd sobject describe -s ExternalClientApplication --json -o Prod
2025-09-18 16:25:25,791 [DEBUG] object_loader: Running CLI: C:\Program Files\sf\bin\sf.cmd sobject describe -s ExternalDataSource --json -o Prod
2025-09-18 16:25:27,307 [DEBUG] object_loader: Running CLI: C:\Program Files\sf\bin\sf.cmd sobject describe -s ExternalDataSrcDescriptor --json -o Prod
2025-09-18 16:25:28,836 [DEBUG] object_loader: Running CLI: C:\Program Files\sf\bin\sf.cmd sobject describe -s ExternalDataUserAuth --json -o Prod
2025-09-18 16:25:30,363 [DEBUG] object_loader: Running CLI: C:\Program Files\sf\bin\sf.cmd sobject describe -s ExternalEvent --json -o Prod
2025-09-18 16:25:31,888 [DEBUG] object_loader: Running CLI: C:\Program Files\sf\bin\sf.cmd sobject describe -s ExternalEventChangeEvent --json -o Prod
2025-09-18 16:25:33,411 [DEBUG] object_loader: Running CLI: C:\Program Files\sf\bin\sf.cmd sobject describe -s ExternalEventMapping --json -o Prod
2025-09-18 16:25:34,916 [DEBUG] object_loader: Running CLI: C:\Program Files\sf\bin\sf.cmd sobject describe -s ExternalEventMappingShare --json -o Prod
2025-09-18 16:25:36,452 [DEBUG] object_loader: Running CLI: C:\Program Files\sf\bin\sf.cmd sobject describe -s ExternalSocialAccount --json -o Prod
2025-09-18 16:25:37,968 [DEBUG] object_loader: Running CLI: C:\Program Files\sf\bin\sf.cmd sobject describe -s ExtlClntAppAndroidPushConfig --json -o Prod
2025-09-18 16:25:39,483 [DEBUG] object_loader: Running CLI: C:\Program Files\sf\bin\sf.cmd sobject describe -s ExtlClntAppApplePushConfig --json -o Prod
2025-09-18 16:25:41,021 [DEBUG] object_loader: Running CLI: C:\Program Files\sf\bin\sf.cmd sobject describe -s ExtlClntAppMobPlcyConfig --json -o Prod
2025-09-18 16:25:42,541 [DEBUG] object_loader: Running CLI: C:\Program Files\sf\bin\sf.cmd sobject describe -s ExtlClntAppMobileSettings --json -o Prod
2025-09-18 16:25:44,070 [DEBUG] object_loader: Running CLI: C:\Program Files\sf\bin\sf.cmd sobject describe -s ExtlClntAppNotifSettings --json -o Prod
2025-09-18 16:25:45,599 [DEBUG] object_loader: Running CLI: C:\Program Files\sf\bin\sf.cmd sobject describe -s ExtlClntAppNotifType --json -o Prod
2025-09-18 16:25:47,108 [DEBUG] object_loader: Running CLI: C:\Program Files\sf\bin\sf.cmd sobject describe -s ExtlClntAppOauthConsumer --json -o Prod
2025-09-18 16:25:48,634 [DEBUG] object_loader: Running CLI: C:\Program Files\sf\bin\sf.cmd sobject describe -s ExtlClntAppOauthIpRange --json -o Prod
2025-09-18 16:25:50,151 [DEBUG] object_loader: Running CLI: C:\Program Files\sf\bin\sf.cmd sobject describe -s ExtlClntAppOauthPlcyAttr --json -o Prod
2025-09-18 16:25:51,681 [DEBUG] object_loader: Running CLI: C:\Program Files\sf\bin\sf.cmd sobject describe -s ExtlClntAppOauthPlcyCnfg --json -o Prod
2025-09-18 16:25:53,195 [DEBUG] object_loader: Running CLI: C:\Program Files\sf\bin\sf.cmd sobject describe -s ExtlClntAppOauthPlcyCustmScp --json -o Prod
2025-09-18 16:25:54,707 [DEBUG] object_loader: Running CLI: C:\Program Files\sf\bin\sf.cmd sobject describe -s ExtlClntAppOauthSetAttr --json -o Prod
2025-09-18 16:25:56,233 [DEBUG] object_loader: Running CLI: C:\Program Files\sf\bin\sf.cmd sobject describe -s ExtlClntAppOauthSetCustmScp --json -o Prod
2025-09-18 16:25:57,784 [DEBUG] object_loader: Running CLI: C:\Program Files\sf\bin\sf.cmd sobject describe -s ExtlClntAppOauthSettings --json -o Prod
2025-09-18 16:25:59,324 [DEBUG] object_loader: Running CLI: C:\Program Files\sf\bin\sf.cmd sobject describe -s ExtlClntAppPlcyCnfg --json -o Prod
2025-09-18 16:26:00,849 [DEBUG] object_loader: Running CLI: C:\Program Files\sf\bin\sf.cmd sobject describe -s ExtlClntAppPushPolicyConfig --json -o Prod
2025-09-18 16:26:02,482 [DEBUG] object_loader: Running CLI: C:\Program Files\sf\bin\sf.cmd sobject describe -s ExtlClntAppPushSettings --json -o Prod
2025-09-18 16:26:04,089 [DEBUG] object_loader: Running CLI: C:\Program Files\sf\bin\sf.cmd sobject describe -s ExtlClntAppSamplePlcyCnfg --json -o Prod
2025-09-18 16:26:05,719 [DEBUG] object_loader: Running CLI: C:\Program Files\sf\bin\sf.cmd sobject describe -s ExtlClntAppSampleSettings --json -o Prod
2025-09-18 16:26:07,300 [DEBUG] object_loader: Running CLI: C:\Program Files\sf\bin\sf.cmd sobject describe -s FeedAttachment --json -o Prod
2025-09-18 16:26:08,881 [DEBUG] object_loader: Running CLI: C:\Program Files\sf\bin\sf.cmd sobject describe -s FeedComment --json -o Prod
2025-09-18 16:26:10,547 [DEBUG] object_loader: Running CLI: C:\Program Files\sf\bin\sf.cmd sobject describe -s FeedItem --json -o Prod
2025-09-18 16:26:12,325 [DEBUG] object_loader: Running CLI: C:\Program Files\sf\bin\sf.cmd sobject describe -s FeedLike --json -o Prod
2025-09-18 16:26:13,978 [DEBUG] object_loader: Running CLI: C:\Program Files\sf\bin\sf.cmd sobject describe -s FeedPollChoice --json -o Prod
2025-09-18 16:26:15,510 [DEBUG] object_loader: Running CLI: C:\Program Files\sf\bin\sf.cmd sobject describe -s FeedPollVote --json -o Prod
2025-09-18 16:26:17,555 [DEBUG] object_loader: Running CLI: C:\Program Files\sf\bin\sf.cmd sobject describe -s FeedRevision --json -o Prod
2025-09-18 16:26:19,064 [DEBUG] object_loader: Running CLI: C:\Program Files\sf\bin\sf.cmd sobject describe -s FeedSignal --json -o Prod
2025-09-18 16:26:20,576 [DEBUG] object_loader: Running CLI: C:\Program Files\sf\bin\sf.cmd sobject describe -s FeedTrackedChange --json -o Prod
2025-09-18 16:26:22,092 [DEBUG] object_loader: Running CLI: C:\Program Files\sf\bin\sf.cmd sobject describe -s FieldDefinition --json -o Prod
2025-09-18 16:26:23,658 [DEBUG] object_loader: Running CLI: C:\Program Files\sf\bin\sf.cmd sobject describe -s FieldPermissions --json -o Prod
2025-09-18 16:26:25,696 [DEBUG] object_loader: Running CLI: C:\Program Files\sf\bin\sf.cmd sobject describe -s FieldSecurityClassification --json -o Prod
2025-09-18 16:26:27,195 [DEBUG] object_loader: Running CLI: C:\Program Files\sf\bin\sf.cmd sobject describe -s FileSearchActivity --json -o Prod
2025-09-18 16:26:28,917 [DEBUG] object_loader: Running CLI: C:\Program Files\sf\bin\sf.cmd sobject describe -s FiscalYearSettings --json -o Prod
2025-09-18 16:26:30,553 [DEBUG] object_loader: Running CLI: C:\Program Files\sf\bin\sf.cmd sobject describe -s FlexQueueItem --json -o Prod
2025-09-18 16:26:32,119 [DEBUG] object_loader: Running CLI: C:\Program Files\sf\bin\sf.cmd sobject describe -s FlowDefinitionView --json -o Prod
2025-09-18 16:26:33,702 [DEBUG] object_loader: Running CLI: C:\Program Files\sf\bin\sf.cmd sobject describe -s FlowExecutionErrorEvent --json -o Prod
2025-09-18 16:26:35,268 [DEBUG] object_loader: Running CLI: C:\Program Files\sf\bin\sf.cmd sobject describe -s FlowInterview --json -o Prod
2025-09-18 16:26:36,798 [DEBUG] object_loader: Running CLI: C:\Program Files\sf\bin\sf.cmd sobject describe -s FlowInterviewLog --json -o Prod
2025-09-18 16:26:38,351 [DEBUG] object_loader: Running CLI: C:\Program Files\sf\bin\sf.cmd sobject describe -s FlowInterviewLogEntry --json -o Prod
2025-09-18 16:26:39,869 [DEBUG] object_loader: Running CLI: C:\Program Files\sf\bin\sf.cmd sobject describe -s FlowInterviewLogShare --json -o Prod
2025-09-18 16:26:41,413 [DEBUG] object_loader: Running CLI: C:\Program Files\sf\bin\sf.cmd sobject describe -s FlowInterviewShare --json -o Prod
2025-09-18 16:26:42,935 [DEBUG] object_loader: Running CLI: C:\Program Files\sf\bin\sf.cmd sobject describe -s FlowOrchestration --json -o Prod
2025-09-18 16:26:44,441 [DEBUG] object_loader: Running CLI: C:\Program Files\sf\bin\sf.cmd sobject describe -s FlowOrchestrationChangeEvent --json -o Prod
2025-09-18 16:26:45,947 [DEBUG] object_loader: Running CLI: C:\Program Files\sf\bin\sf.cmd sobject describe -s FlowOrchestrationEvent --json -o Prod
2025-09-18 16:26:47,481 [DEBUG] object_loader: Running CLI: C:\Program Files\sf\bin\sf.cmd sobject describe -s FlowOrchestrationInstance --json -o Prod
2025-09-18 16:26:48,997 [DEBUG] object_loader: Running CLI: C:\Program Files\sf\bin\sf.cmd sobject describe -s FlowOrchestrationInstanceShare --json -o Prod
2025-09-18 16:26:50,513 [DEBUG] object_loader: Running CLI: C:\Program Files\sf\bin\sf.cmd sobject describe -s FlowOrchestrationLog --json -o Prod
2025-09-18 16:26:52,036 [DEBUG] object_loader: Running CLI: C:\Program Files\sf\bin\sf.cmd sobject describe -s FlowOrchestrationStageInstance --json -o Prod
2025-09-18 16:26:53,570 [DEBUG] object_loader: Running CLI: C:\Program Files\sf\bin\sf.cmd sobject describe -s FlowOrchestrationStageInstanceShare --json -o Prod
2025-09-18 16:26:55,110 [DEBUG] object_loader: Running CLI: C:\Program Files\sf\bin\sf.cmd sobject describe -s FlowOrchestrationStepInstance --json -o Prod
2025-09-18 16:26:56,634 [DEBUG] object_loader: Running CLI: C:\Program Files\sf\bin\sf.cmd sobject describe -s FlowOrchestrationStepInstanceShare --json -o Prod
2025-09-18 16:26:58,151 [DEBUG] object_loader: Running CLI: C:\Program Files\sf\bin\sf.cmd sobject describe -s FlowOrchestrationVersion --json -o Prod
2025-09-18 16:26:59,848 [DEBUG] object_loader: Running CLI: C:\Program Files\sf\bin\sf.cmd sobject describe -s FlowOrchestrationVersionChangeEvent --json -o Prod
2025-09-18 16:27:01,692 [DEBUG] object_loader: Running CLI: C:\Program Files\sf\bin\sf.cmd sobject describe -s FlowOrchestrationWorkItem --json -o Prod
2025-09-18 16:27:03,405 [DEBUG] object_loader: Running CLI: C:\Program Files\sf\bin\sf.cmd sobject describe -s FlowOrchestrationWorkItemShare --json -o Prod
2025-09-18 16:27:04,989 [DEBUG] object_loader: Running CLI: C:\Program Files\sf\bin\sf.cmd sobject describe -s FlowPersonalConfiguration__ChangeEvent --json -o Prod
2025-09-18 16:27:06,578 [DEBUG] object_loader: Running CLI: C:\Program Files\sf\bin\sf.cmd sobject describe -s FlowPersonalConfiguration__Share --json -o Prod
2025-09-18 16:27:08,102 [DEBUG] object_loader: Running CLI: C:\Program Files\sf\bin\sf.cmd sobject describe -s FlowPersonalConfiguration__c --json -o Prod
2025-09-18 16:27:09,716 [DEBUG] object_loader: Running CLI: C:\Program Files\sf\bin\sf.cmd sobject describe -s FlowRecord --json -o Prod
2025-09-18 16:27:11,377 [DEBUG] object_loader: Running CLI: C:\Program Files\sf\bin\sf.cmd sobject describe -s FlowRecordChangeEvent --json -o Prod
2025-09-18 16:27:13,006 [DEBUG] object_loader: Running CLI: C:\Program Files\sf\bin\sf.cmd sobject describe -s FlowRecordElement --json -o Prod
2025-09-18 16:27:14,626 [DEBUG] object_loader: Running CLI: C:\Program Files\sf\bin\sf.cmd sobject describe -s FlowRecordElementChangeEvent --json -o Prod
2025-09-18 16:27:16,182 [DEBUG] object_loader: Running CLI: C:\Program Files\sf\bin\sf.cmd sobject describe -s FlowRecordRelation --json -o Prod
2025-09-18 16:27:17,756 [DEBUG] object_loader: Running CLI: C:\Program Files\sf\bin\sf.cmd sobject describe -s FlowRecordShare --json -o Prod
2025-09-18 16:27:19,265 [DEBUG] object_loader: Running CLI: C:\Program Files\sf\bin\sf.cmd sobject describe -s FlowRecordVersion --json -o Prod
2025-09-18 16:27:20,794 [DEBUG] object_loader: Running CLI: C:\Program Files\sf\bin\sf.cmd sobject describe -s FlowRecordVersionChangeEvent --json -o Prod
2025-09-18 16:27:22,317 [DEBUG] object_loader: Running CLI: C:\Program Files\sf\bin\sf.cmd sobject describe -s FlowRecordVersionOccurrence --json -o Prod
2025-09-18 16:27:23,876 [DEBUG] object_loader: Running CLI: C:\Program Files\sf\bin\sf.cmd sobject describe -s FlowStageRelation --json -o Prod
2025-09-18 16:27:25,409 [DEBUG] object_loader: Running CLI: C:\Program Files\sf\bin\sf.cmd sobject describe -s FlowTableViewDefinition__ChangeEvent --json -o Prod
2025-09-18 16:27:26,925 [DEBUG] object_loader: Running CLI: C:\Program Files\sf\bin\sf.cmd sobject describe -s FlowTableViewDefinition__Share --json -o Prod
2025-09-18 16:27:28,434 [DEBUG] object_loader: Running CLI: C:\Program Files\sf\bin\sf.cmd sobject describe -s FlowTableViewDefinition__c --json -o Prod
2025-09-18 16:27:29,967 [DEBUG] object_loader: Running CLI: C:\Program Files\sf\bin\sf.cmd sobject describe -s FlowTestResult --json -o Prod
2025-09-18 16:27:31,551 [DEBUG] object_loader: Running CLI: C:\Program Files\sf\bin\sf.cmd sobject describe -s FlowTestResultShare --json -o Prod
2025-09-18 16:27:33,176 [DEBUG] object_loader: Running CLI: C:\Program Files\sf\bin\sf.cmd sobject describe -s FlowTestView --json -o Prod
2025-09-18 16:27:34,755 [DEBUG] object_loader: Running CLI: C:\Program Files\sf\bin\sf.cmd sobject describe -s FlowVariableView --json -o Prod
2025-09-18 16:27:36,332 [DEBUG] object_loader: Running CLI: C:\Program Files\sf\bin\sf.cmd sobject describe -s FlowVersionView --json -o Prod
2025-09-18 16:27:38,184 [DEBUG] object_loader: Running CLI: C:\Program Files\sf\bin\sf.cmd sobject describe -s Flow_Helper__ChangeEvent --json -o Prod
2025-09-18 16:27:39,704 [DEBUG] object_loader: Running CLI: C:\Program Files\sf\bin\sf.cmd sobject describe -s Flow_Helper__Share --json -o Prod
2025-09-18 16:27:41,356 [DEBUG] object_loader: Running CLI: C:\Program Files\sf\bin\sf.cmd sobject describe -s Flow_Helper__c --json -o Prod
2025-09-18 16:27:42,974 [DEBUG] object_loader: Running CLI: C:\Program Files\sf\bin\sf.cmd sobject describe -s Folder --json -o Prod
2025-09-18 16:27:44,544 [DEBUG] object_loader: Running CLI: C:\Program Files\sf\bin\sf.cmd sobject describe -s FolderedContentDocument --json -o Prod
2025-09-18 16:27:46,114 [DEBUG] object_loader: Running CLI: C:\Program Files\sf\bin\sf.cmd sobject describe -s ForecastingAdjustment --json -o Prod
2025-09-18 16:27:47,712 [DEBUG] object_loader: Running CLI: C:\Program Files\sf\bin\sf.cmd sobject describe -s ForecastingCategoryMapping --json -o Prod
2025-09-18 16:27:49,233 [DEBUG] object_loader: Running CLI: C:\Program Files\sf\bin\sf.cmd sobject describe -s ForecastingColumnDefinition --json -o Prod
2025-09-18 16:27:50,833 [DEBUG] object_loader: Running CLI: C:\Program Files\sf\bin\sf.cmd sobject describe -s ForecastingCustomData --json -o Prod
2025-09-18 16:27:52,346 [DEBUG] object_loader: Running CLI: C:\Program Files\sf\bin\sf.cmd sobject describe -s ForecastingDisplayedFamily --json -o Prod
2025-09-18 16:27:53,926 [DEBUG] object_loader: Running CLI: C:\Program Files\sf\bin\sf.cmd sobject describe -s ForecastingFact --json -o Prod
2025-09-18 16:27:55,488 [DEBUG] object_loader: Running CLI: C:\Program Files\sf\bin\sf.cmd sobject describe -s ForecastingFilter --json -o Prod
2025-09-18 16:27:57,013 [DEBUG] object_loader: Running CLI: C:\Program Files\sf\bin\sf.cmd sobject describe -s ForecastingFilterCondition --json -o Prod
2025-09-18 16:27:58,591 [DEBUG] object_loader: Running CLI: C:\Program Files\sf\bin\sf.cmd sobject describe -s ForecastingGroup --json -o Prod
2025-09-18 16:28:00,199 [DEBUG] object_loader: Running CLI: C:\Program Files\sf\bin\sf.cmd sobject describe -s ForecastingGroupItem --json -o Prod
2025-09-18 16:28:02,040 [DEBUG] object_loader: Running CLI: C:\Program Files\sf\bin\sf.cmd sobject describe -s ForecastingItem --json -o Prod
2025-09-18 16:28:03,918 [DEBUG] object_loader: Running CLI: C:\Program Files\sf\bin\sf.cmd sobject describe -s ForecastingOwnerAdjustment --json -o Prod
2025-09-18 16:28:05,819 [DEBUG] object_loader: Running CLI: C:\Program Files\sf\bin\sf.cmd sobject describe -s ForecastingOwnerAdjustmentChangeEvent --json -o Prod
2025-09-18 16:28:07,581 [DEBUG] object_loader: Running CLI: C:\Program Files\sf\bin\sf.cmd sobject describe -s ForecastingQuota --json -o Prod
2025-09-18 16:28:09,215 [DEBUG] object_loader: Running CLI: C:\Program Files\sf\bin\sf.cmd sobject describe -s ForecastingShare --json -o Prod
2025-09-18 16:28:11,060 [DEBUG] object_loader: Running CLI: C:\Program Files\sf\bin\sf.cmd sobject describe -s ForecastingSourceDefinition --json -o Prod
2025-09-18 16:28:12,668 [DEBUG] object_loader: Running CLI: C:\Program Files\sf\bin\sf.cmd sobject describe -s ForecastingType --json -o Prod
2025-09-18 16:28:14,279 [DEBUG] object_loader: Running CLI: C:\Program Files\sf\bin\sf.cmd sobject describe -s ForecastingTypeSource --json -o Prod
2025-09-18 16:28:15,847 [DEBUG] object_loader: Running CLI: C:\Program Files\sf\bin\sf.cmd sobject describe -s ForecastingTypeToCategory --json -o Prod
2025-09-18 16:28:17,439 [DEBUG] object_loader: Running CLI: C:\Program Files\sf\bin\sf.cmd sobject describe -s ForecastingUserPreference --json -o Prod
2025-09-18 16:28:19,030 [DEBUG] object_loader: Running CLI: C:\Program Files\sf\bin\sf.cmd sobject describe -s FormulaFunction --json -o Prod
2025-09-18 16:28:20,636 [DEBUG] object_loader: Running CLI: C:\Program Files\sf\bin\sf.cmd sobject describe -s FormulaFunctionAllowedType --json -o Prod
2025-09-18 16:28:22,199 [DEBUG] object_loader: Running CLI: C:\Program Files\sf\bin\sf.cmd sobject describe -s FormulaFunctionCategory --json -o Prod
2025-09-18 16:28:23,798 [DEBUG] object_loader: Running CLI: C:\Program Files\sf\bin\sf.cmd sobject describe -s GMS_Quote__ChangeEvent --json -o Prod
2025-09-18 16:28:25,350 [DEBUG] object_loader: Running CLI: C:\Program Files\sf\bin\sf.cmd sobject describe -s GMS_Quote__c --json -o Prod
2025-09-18 16:28:26,949 [DEBUG] object_loader: Running CLI: C:\Program Files\sf\bin\sf.cmd sobject describe -s Goal_Opportunity__ChangeEvent --json -o Prod
2025-09-18 16:28:28,536 [DEBUG] object_loader: Running CLI: C:\Program Files\sf\bin\sf.cmd sobject describe -s Goal_Opportunity__c --json -o Prod
2025-09-18 16:28:30,092 [DEBUG] object_loader: Running CLI: C:\Program Files\sf\bin\sf.cmd sobject describe -s GrantedByLicense --json -o Prod
2025-09-18 16:28:31,707 [DEBUG] object_loader: Running CLI: C:\Program Files\sf\bin\sf.cmd sobject describe -s Group --json -o Prod
2025-09-18 16:28:33,321 [DEBUG] object_loader: Running CLI: C:\Program Files\sf\bin\sf.cmd sobject describe -s GroupMember --json -o Prod
2025-09-18 16:28:34,949 [DEBUG] object_loader: Running CLI: C:\Program Files\sf\bin\sf.cmd sobject describe -s Hillard_Go_No_Go__ChangeEvent --json -o Prod
2025-09-18 16:28:36,515 [DEBUG] object_loader: Running CLI: C:\Program Files\sf\bin\sf.cmd sobject describe -s Hillard_Go_No_Go__Share --json -o Prod
2025-09-18 16:28:38,121 [DEBUG] object_loader: Running CLI: C:\Program Files\sf\bin\sf.cmd sobject describe -s Hillard_Go_No_Go__c --json -o Prod
2025-09-18 16:28:39,847 [DEBUG] object_loader: Running CLI: C:\Program Files\sf\bin\sf.cmd sobject describe -s Holiday --json -o Prod
2025-09-18 16:28:41,423 [DEBUG] object_loader: Running CLI: C:\Program Files\sf\bin\sf.cmd sobject describe -s Hospitality_Request__ChangeEvent --json -o Prod
2025-09-18 16:28:43,007 [DEBUG] object_loader: Running CLI: C:\Program Files\sf\bin\sf.cmd sobject describe -s Hospitality_Request__Share --json -o Prod
2025-09-18 16:28:44,565 [DEBUG] object_loader: Running CLI: C:\Program Files\sf\bin\sf.cmd sobject describe -s Hospitality_Request__c --json -o Prod
2025-09-18 16:28:46,089 [DEBUG] object_loader: Running CLI: C:\Program Files\sf\bin\sf.cmd sobject describe -s IPAddressRange --json -o Prod
2025-09-18 16:28:47,743 [DEBUG] object_loader: Running CLI: C:\Program Files\sf\bin\sf.cmd sobject describe -s IconDefinition --json -o Prod
2025-09-18 16:28:49,315 [DEBUG] object_loader: Running CLI: C:\Program Files\sf\bin\sf.cmd sobject describe -s Idea --json -o Prod
2025-09-18 16:28:50,928 [DEBUG] object_loader: Running CLI: C:\Program Files\sf\bin\sf.cmd sobject describe -s IdeaComment --json -o Prod
2025-09-18 16:28:52,533 [DEBUG] object_loader: Running CLI: C:\Program Files\sf\bin\sf.cmd sobject describe -s IdpEventLog --json -o Prod
2025-09-18 16:28:54,105 [DEBUG] object_loader: Running CLI: C:\Program Files\sf\bin\sf.cmd sobject describe -s IframeWhiteListUrl --json -o Prod
2025-09-18 16:28:55,609 [DEBUG] object_loader: Running CLI: C:\Program Files\sf\bin\sf.cmd sobject describe -s Image --json -o Prod
2025-09-18 16:28:57,116 [DEBUG] object_loader: Running CLI: C:\Program Files\sf\bin\sf.cmd sobject describe -s ImageFeed --json -o Prod
2025-09-18 16:28:58,633 [DEBUG] object_loader: Running CLI: C:\Program Files\sf\bin\sf.cmd sobject describe -s ImageHistory --json -o Prod
2025-09-18 16:29:00,143 [DEBUG] object_loader: Running CLI: C:\Program Files\sf\bin\sf.cmd sobject describe -s ImageShare --json -o Prod
2025-09-18 16:29:01,665 [DEBUG] object_loader: Running CLI: C:\Program Files\sf\bin\sf.cmd sobject describe -s In_App_Checklist_Settings__ChangeEvent --json -o Prod
2025-09-18 16:29:03,246 [DEBUG] object_loader: Running CLI: C:\Program Files\sf\bin\sf.cmd sobject describe -s In_App_Checklist_Settings__Share --json -o Prod
2025-09-18 16:29:04,772 [DEBUG] object_loader: Running CLI: C:\Program Files\sf\bin\sf.cmd sobject describe -s In_App_Checklist_Settings__c --json -o Prod
2025-09-18 16:29:06,292 [DEBUG] object_loader: Running CLI: C:\Program Files\sf\bin\sf.cmd sobject describe -s InstalledMobileApp --json -o Prod
2025-09-18 16:29:07,868 [DEBUG] object_loader: Running CLI: C:\Program Files\sf\bin\sf.cmd sobject describe -s Job_Site__ChangeEvent --json -o Prod
2025-09-18 16:29:09,482 [DEBUG] object_loader: Running CLI: C:\Program Files\sf\bin\sf.cmd sobject describe -s Job_Site__History --json -o Prod
2025-09-18 16:29:11,052 [DEBUG] object_loader: Running CLI: C:\Program Files\sf\bin\sf.cmd sobject describe -s Job_Site__c --json -o Prod
2025-09-18 16:29:12,677 [DEBUG] object_loader: Running CLI: C:\Program Files\sf\bin\sf.cmd sobject describe -s Key_Source__ChangeEvent --json -o Prod
2025-09-18 16:29:14,254 [DEBUG] object_loader: Running CLI: C:\Program Files\sf\bin\sf.cmd sobject describe -s Key_Source__Share --json -o Prod
2025-09-18 16:29:15,816 [DEBUG] object_loader: Running CLI: C:\Program Files\sf\bin\sf.cmd sobject describe -s Key_Source__c --json -o Prod
2025-09-18 16:29:17,369 [DEBUG] object_loader: Running CLI: C:\Program Files\sf\bin\sf.cmd sobject describe -s KnowledgeableUser --json -o Prod
2025-09-18 16:29:18,893 [DEBUG] object_loader: Running CLI: C:\Program Files\sf\bin\sf.cmd sobject describe -s Lead --json -o Prod
2025-09-18 16:29:20,419 [DEBUG] object_loader: Running CLI: C:\Program Files\sf\bin\sf.cmd sobject describe -s LeadChangeEvent --json -o Prod
2025-09-18 16:29:22,216 [DEBUG] object_loader: Running CLI: C:\Program Files\sf\bin\sf.cmd sobject describe -s LeadFeed --json -o Prod
2025-09-18 16:29:24,085 [DEBUG] object_loader: Running CLI: C:\Program Files\sf\bin\sf.cmd sobject describe -s LeadHistory --json -o Prod
2025-09-18 16:29:25,694 [DEBUG] object_loader: Running CLI: C:\Program Files\sf\bin\sf.cmd sobject describe -s LeadShare --json -o Prod
2025-09-18 16:29:27,253 [DEBUG] object_loader: Running CLI: C:\Program Files\sf\bin\sf.cmd sobject describe -s LeadStatus --json -o Prod
2025-09-18 16:29:28,827 [DEBUG] object_loader: Running CLI: C:\Program Files\sf\bin\sf.cmd sobject describe -s LightningExitByPageMetrics --json -o Prod
