2025-09-22 11:57:43,433 [INFO] __main__: Start
2025-09-22 11:57:43,433 [INFO] __main__: SYNC_MODE=OBJECTS
2025-09-22 11:57:43,433 [INFO] __main__: Starting object upload (parent 177537954)
2025-09-22 11:57:43,434 [DEBUG] sf_object_loader: Running CLI: C:\Program Files\sf\bin\sf.cmd sobject list --json -o Prod
2025-09-22 11:57:46,054 [INFO] sf_object_loader: LIMIT_OBJECTS enabled, restricting to first 3 objects
2025-09-22 11:57:46,055 [INFO] sf_object_loader: Describing object: AC_Corp_Form__ChangeEvent
2025-09-22 11:57:46,055 [DEBUG] sf_object_loader: Running CLI: C:\Program Files\sf\bin\sf.cmd sobject describe -s AC_Corp_Form__ChangeEvent --json -o Prod
2025-09-22 11:57:47,655 [INFO] sf_object_loader: Describing object: AC_Corp_Form__Share
2025-09-22 11:57:47,655 [DEBUG] sf_object_loader: Running CLI: C:\Program Files\sf\bin\sf.cmd sobject describe -s AC_Corp_Form__Share --json -o Prod
2025-09-22 11:57:49,207 [INFO] sf_object_loader: Describing object: AC_Corp_Form__c
2025-09-22 11:57:49,207 [DEBUG] sf_object_loader: Running CLI: C:\Program Files\sf\bin\sf.cmd sobject describe -s AC_Corp_Form__c --json -o Prod
2025-09-22 11:57:51,814 [INFO] __main__: Uploading object: AC_Corp_Form__ChangeEvent
2025-09-22 11:57:51,814 [DEBUG] confluence_uploader: Building Fabric JSON for object AC_Corp_Form__ChangeEvent
2025-09-22 11:57:51,818 [DEBUG] urllib3.connectionpool: Starting new HTTPS connection (1): cretemechanical.atlassian.net:443
2025-09-22 11:57:51,890 [DEBUG] urllib3.connectionpool: https://cretemechanical.atlassian.net:443 "GET /wiki/api/v2/pages?spaceId=28180482&title=AC_Corp_Form__ChangeEvent&expand=version HTTP/1.1" 200 None
2025-09-22 11:57:51,891 [INFO] confluence_client: 🆕 Creating new Confluence page 'AC_Corp_Form__ChangeEvent' under parent 177537954
2025-09-22 11:57:51,892 [DEBUG] urllib3.connectionpool: Starting new HTTPS connection (1): cretemechanical.atlassian.net:443
2025-09-22 11:57:52,342 [DEBUG] urllib3.connectionpool: https://cretemechanical.atlassian.net:443 "POST /wiki/api/v2/pages HTTP/1.1" 200 None
2025-09-22 11:57:52,699 [INFO] __main__: Object processed: AC_Corp_Form__ChangeEvent
2025-09-22 11:57:52,699 [INFO] __main__: Uploading object: AC_Corp_Form__Share
2025-09-22 11:57:52,699 [DEBUG] confluence_uploader: Building Fabric JSON for object AC_Corp_Form__Share
2025-09-22 11:57:52,700 [DEBUG] urllib3.connectionpool: Starting new HTTPS connection (1): cretemechanical.atlassian.net:443
2025-09-22 11:57:52,781 [DEBUG] urllib3.connectionpool: https://cretemechanical.atlassian.net:443 "GET /wiki/api/v2/pages?spaceId=28180482&title=AC_Corp_Form__Share&expand=version HTTP/1.1" 200 None
2025-09-22 11:57:52,781 [INFO] confluence_client: 🆕 Creating new Confluence page 'AC_Corp_Form__Share' under parent 177537954
2025-09-22 11:57:52,782 [DEBUG] urllib3.connectionpool: Starting new HTTPS connection (1): cretemechanical.atlassian.net:443
2025-09-22 11:57:53,437 [DEBUG] urllib3.connectionpool: https://cretemechanical.atlassian.net:443 "POST /wiki/api/v2/pages HTTP/1.1" 200 None
2025-09-22 11:57:53,777 [INFO] __main__: Object processed: AC_Corp_Form__Share
2025-09-22 11:57:53,778 [INFO] __main__: Uploading object: AC_Corp_Form__c
2025-09-22 11:57:53,778 [DEBUG] confluence_uploader: Building Fabric JSON for object AC_Corp_Form__c
2025-09-22 11:57:53,781 [DEBUG] urllib3.connectionpool: Starting new HTTPS connection (1): cretemechanical.atlassian.net:443
2025-09-22 11:57:53,876 [DEBUG] urllib3.connectionpool: https://cretemechanical.atlassian.net:443 "GET /wiki/api/v2/pages?spaceId=28180482&title=AC_Corp_Form__c&expand=version HTTP/1.1" 200 None
2025-09-22 11:57:53,876 [INFO] confluence_client: 🆕 Creating new Confluence page 'AC_Corp_Form__c' under parent 177537954
2025-09-22 11:57:53,878 [DEBUG] urllib3.connectionpool: Starting new HTTPS connection (1): cretemechanical.atlassian.net:443
2025-09-22 11:57:54,463 [DEBUG] urllib3.connectionpool: https://cretemechanical.atlassian.net:443 "POST /wiki/api/v2/pages HTTP/1.1" 200 None
2025-09-22 11:57:54,682 [INFO] __main__: Object processed: AC_Corp_Form__c
