2025-09-22 12:16:34,289 [INFO] __main__: Start
2025-09-22 12:16:34,294 [INFO] __main__: SYNC_MODE=OBJECTS
2025-09-22 12:16:34,295 [INFO] __main__: Starting object upload (parent 177537954)
2025-09-22 12:16:34,295 [DEBUG] sf_object_loader: Running CLI: C:\Program Files\sf\bin\sf.cmd sobject list --json -o Prod
2025-09-22 12:16:36,878 [INFO] sf_object_loader: LIMIT_OBJECTS enabled, restricting to first 3 objects
2025-09-22 12:16:36,878 [INFO] sf_object_loader: Describing object: AC_Corp_Form__ChangeEvent
2025-09-22 12:16:36,879 [DEBUG] sf_object_loader: Running CLI: C:\Program Files\sf\bin\sf.cmd sobject describe -s AC_Corp_Form__ChangeEvent --json -o Prod
2025-09-22 12:16:38,462 [INFO] sf_object_loader: Describing object: AC_Corp_Form__Share
2025-09-22 12:16:38,463 [DEBUG] sf_object_loader: Running CLI: C:\Program Files\sf\bin\sf.cmd sobject describe -s AC_Corp_Form__Share --json -o Prod
2025-09-22 12:16:40,053 [INFO] sf_object_loader: Describing object: AC_Corp_Form__c
2025-09-22 12:16:40,053 [DEBUG] sf_object_loader: Running CLI: C:\Program Files\sf\bin\sf.cmd sobject describe -s AC_Corp_Form__c --json -o Prod
2025-09-22 12:16:41,660 [INFO] __main__: Uploading object: AC_Corp_Form__ChangeEvent
2025-09-22 12:16:41,662 [DEBUG] urllib3.connectionpool: Starting new HTTPS connection (1): cretemechanical.atlassian.net:443
2025-09-22 12:16:41,819 [DEBUG] urllib3.connectionpool: https://cretemechanical.atlassian.net:443 "GET /wiki/api/v2/pages?spaceId=28180482&title=AC_Corp_Form__ChangeEvent&expand=version HTTP/1.1" 200 None
2025-09-22 12:16:41,821 [DEBUG] urllib3.connectionpool: Starting new HTTPS connection (1): cretemechanical.atlassian.net:443
2025-09-22 12:16:41,909 [DEBUG] urllib3.connectionpool: https://cretemechanical.atlassian.net:443 "GET /wiki/rest/api/content/183959818?expand=body.atlas_doc_format,body.storage,version HTTP/1.1" 200 None
2025-09-22 12:16:41,910 [DEBUG] confluence_client: === RAW PAGE JSON BODY KEYS (v1) ===
2025-09-22 12:16:41,910 [DEBUG] confluence_client: ['storage', 'atlas_doc_format', '_expandable']
2025-09-22 12:16:41,910 [DEBUG] confluence_client: === BEGIN ATLAS DOC FORMAT (first 1000 chars) ===
2025-09-22 12:16:41,910 [DEBUG] confluence_client: {"type":"doc","content":[{"type":"heading","attrs":{"level":1},"content":[{"text":"Object: AC_Corp_Form__ChangeEvent","type":"text"}]},{"type":"paragraph","content":[{"text":"Label: ","type":"text","marks":[{"type":"strong"}]},{"text":"Change Event: AC Corp Form","type":"text"}]},{"type":"paragraph","content":[{"text":"Custom: ","type":"text","marks":[{"type":"strong"}]},{"text":"False","type":"text"}]},{"type":"paragraph","content":[{"text":"KeyPrefix: ","type":"text","marks":[{"type":"strong"}]}]},{"type":"heading","attrs":{"level":2},"content":[{"text":"Description","type":"text"}]},{"type":"paragraph"},{"type":"heading","attrs":{"level":2},"content":[{"text":"Custom Notes","type":"text"}]},{"type":"paragraph"},{"type":"heading","attrs":{"level":2},"content":[{"text":"Fields","type":"text"}]},{"type":"table","attrs":{"layout":"default"},"content":[{"type":"tableRow","content":[{"type":"tableHeader","attrs":{"colspan":1,"rowspan":1},"content":[{"type":"paragraph","content":[{"text":"
2025-09-22 12:16:41,911 [DEBUG] confluence_client: === END ATLAS DOC FORMAT ===
2025-09-22 12:16:41,913 [DEBUG] confluence_uploader: Building Fabric JSON for object AC_Corp_Form__ChangeEvent
2025-09-22 12:16:41,916 [DEBUG] urllib3.connectionpool: Starting new HTTPS connection (1): cretemechanical.atlassian.net:443
2025-09-22 12:16:41,971 [DEBUG] urllib3.connectionpool: https://cretemechanical.atlassian.net:443 "GET /wiki/api/v2/pages?spaceId=28180482&title=AC_Corp_Form__ChangeEvent&expand=version HTTP/1.1" 200 None
2025-09-22 12:16:41,973 [DEBUG] urllib3.connectionpool: Starting new HTTPS connection (1): cretemechanical.atlassian.net:443
2025-09-22 12:16:42,081 [DEBUG] urllib3.connectionpool: https://cretemechanical.atlassian.net:443 "GET /wiki/rest/api/content/183959818?expand=body.atlas_doc_format,body.storage,version HTTP/1.1" 200 None
2025-09-22 12:16:42,082 [DEBUG] confluence_client: === RAW PAGE JSON BODY KEYS (v1) ===
2025-09-22 12:16:42,082 [DEBUG] confluence_client: ['storage', 'atlas_doc_format', '_expandable']
2025-09-22 12:16:42,083 [DEBUG] confluence_client: === BEGIN ATLAS DOC FORMAT (first 1000 chars) ===
2025-09-22 12:16:42,083 [DEBUG] confluence_client: {"type":"doc","content":[{"type":"heading","attrs":{"level":1},"content":[{"text":"Object: AC_Corp_Form__ChangeEvent","type":"text"}]},{"type":"paragraph","content":[{"text":"Label: ","type":"text","marks":[{"type":"strong"}]},{"text":"Change Event: AC Corp Form","type":"text"}]},{"type":"paragraph","content":[{"text":"Custom: ","type":"text","marks":[{"type":"strong"}]},{"text":"False","type":"text"}]},{"type":"paragraph","content":[{"text":"KeyPrefix: ","type":"text","marks":[{"type":"strong"}]}]},{"type":"heading","attrs":{"level":2},"content":[{"text":"Description","type":"text"}]},{"type":"paragraph"},{"type":"heading","attrs":{"level":2},"content":[{"text":"Custom Notes","type":"text"}]},{"type":"paragraph"},{"type":"heading","attrs":{"level":2},"content":[{"text":"Fields","type":"text"}]},{"type":"table","attrs":{"layout":"default"},"content":[{"type":"tableRow","content":[{"type":"tableHeader","attrs":{"colspan":1,"rowspan":1},"content":[{"type":"paragraph","content":[{"text":"
2025-09-22 12:16:42,083 [DEBUG] confluence_client: === END ATLAS DOC FORMAT ===
2025-09-22 12:16:42,084 [INFO] confluence_client: 🔄 Updating Confluence page 'AC_Corp_Form__ChangeEvent' (ID=183959818)
2025-09-22 12:16:42,085 [DEBUG] urllib3.connectionpool: Starting new HTTPS connection (1): cretemechanical.atlassian.net:443
2025-09-22 12:16:42,171 [DEBUG] urllib3.connectionpool: https://cretemechanical.atlassian.net:443 "GET /wiki/api/v2/pages/183959818?expand=version HTTP/1.1" 200 None
2025-09-22 12:16:42,173 [DEBUG] urllib3.connectionpool: Starting new HTTPS connection (1): cretemechanical.atlassian.net:443
2025-09-22 12:16:42,318 [DEBUG] urllib3.connectionpool: https://cretemechanical.atlassian.net:443 "PUT /wiki/api/v2/pages/183959818 HTTP/1.1" 200 None
2025-09-22 12:16:42,319 [INFO] __main__: Object processed: AC_Corp_Form__ChangeEvent
2025-09-22 12:16:42,319 [INFO] __main__: Uploading object: AC_Corp_Form__Share
2025-09-22 12:16:42,320 [DEBUG] urllib3.connectionpool: Starting new HTTPS connection (1): cretemechanical.atlassian.net:443
2025-09-22 12:16:42,414 [DEBUG] urllib3.connectionpool: https://cretemechanical.atlassian.net:443 "GET /wiki/api/v2/pages?spaceId=28180482&title=AC_Corp_Form__Share&expand=version HTTP/1.1" 200 None
2025-09-22 12:16:42,416 [DEBUG] urllib3.connectionpool: Starting new HTTPS connection (1): cretemechanical.atlassian.net:443
2025-09-22 12:16:42,533 [DEBUG] urllib3.connectionpool: https://cretemechanical.atlassian.net:443 "GET /wiki/rest/api/content/184025340?expand=body.atlas_doc_format,body.storage,version HTTP/1.1" 200 None
2025-09-22 12:16:42,535 [DEBUG] confluence_client: === RAW PAGE JSON BODY KEYS (v1) ===
2025-09-22 12:16:42,536 [DEBUG] confluence_client: ['storage', 'atlas_doc_format', '_expandable']
2025-09-22 12:16:42,536 [DEBUG] confluence_client: === BEGIN ATLAS DOC FORMAT (first 1000 chars) ===
2025-09-22 12:16:42,536 [DEBUG] confluence_client: {"type":"doc","content":[{"type":"heading","attrs":{"level":1},"content":[{"text":"Object: AC_Corp_Form__Share","type":"text"}]},{"type":"paragraph","content":[{"text":"Label: ","type":"text","marks":[{"type":"strong"}]},{"text":"Share: AC Corp Form","type":"text"}]},{"type":"paragraph","content":[{"text":"Custom: ","type":"text","marks":[{"type":"strong"}]},{"text":"False","type":"text"}]},{"type":"paragraph","content":[{"text":"KeyPrefix: ","type":"text","marks":[{"type":"strong"}]}]},{"type":"heading","attrs":{"level":2},"content":[{"text":"Description","type":"text"}]},{"type":"paragraph"},{"type":"heading","attrs":{"level":2},"content":[{"text":"Custom Notes","type":"text"}]},{"type":"paragraph"},{"type":"heading","attrs":{"level":2},"content":[{"text":"Fields","type":"text"}]},{"type":"table","attrs":{"layout":"default"},"content":[{"type":"tableRow","content":[{"type":"tableHeader","attrs":{"colspan":1,"rowspan":1},"content":[{"type":"paragraph","content":[{"text":"Label (API Na
2025-09-22 12:16:42,537 [DEBUG] confluence_client: === END ATLAS DOC FORMAT ===
2025-09-22 12:16:42,538 [DEBUG] confluence_uploader: Building Fabric JSON for object AC_Corp_Form__Share
2025-09-22 12:16:42,540 [DEBUG] urllib3.connectionpool: Starting new HTTPS connection (1): cretemechanical.atlassian.net:443
2025-09-22 12:16:42,615 [DEBUG] urllib3.connectionpool: https://cretemechanical.atlassian.net:443 "GET /wiki/api/v2/pages?spaceId=28180482&title=AC_Corp_Form__Share&expand=version HTTP/1.1" 200 None
2025-09-22 12:16:42,617 [DEBUG] urllib3.connectionpool: Starting new HTTPS connection (1): cretemechanical.atlassian.net:443
2025-09-22 12:16:42,701 [DEBUG] urllib3.connectionpool: https://cretemechanical.atlassian.net:443 "GET /wiki/rest/api/content/184025340?expand=body.atlas_doc_format,body.storage,version HTTP/1.1" 200 None
2025-09-22 12:16:42,702 [DEBUG] confluence_client: === RAW PAGE JSON BODY KEYS (v1) ===
2025-09-22 12:16:42,702 [DEBUG] confluence_client: ['storage', 'atlas_doc_format', '_expandable']
2025-09-22 12:16:42,703 [DEBUG] confluence_client: === BEGIN ATLAS DOC FORMAT (first 1000 chars) ===
2025-09-22 12:16:42,703 [DEBUG] confluence_client: {"type":"doc","content":[{"type":"heading","attrs":{"level":1},"content":[{"text":"Object: AC_Corp_Form__Share","type":"text"}]},{"type":"paragraph","content":[{"text":"Label: ","type":"text","marks":[{"type":"strong"}]},{"text":"Share: AC Corp Form","type":"text"}]},{"type":"paragraph","content":[{"text":"Custom: ","type":"text","marks":[{"type":"strong"}]},{"text":"False","type":"text"}]},{"type":"paragraph","content":[{"text":"KeyPrefix: ","type":"text","marks":[{"type":"strong"}]}]},{"type":"heading","attrs":{"level":2},"content":[{"text":"Description","type":"text"}]},{"type":"paragraph"},{"type":"heading","attrs":{"level":2},"content":[{"text":"Custom Notes","type":"text"}]},{"type":"paragraph"},{"type":"heading","attrs":{"level":2},"content":[{"text":"Fields","type":"text"}]},{"type":"table","attrs":{"layout":"default"},"content":[{"type":"tableRow","content":[{"type":"tableHeader","attrs":{"colspan":1,"rowspan":1},"content":[{"type":"paragraph","content":[{"text":"Label (API Na
2025-09-22 12:16:42,703 [DEBUG] confluence_client: === END ATLAS DOC FORMAT ===
2025-09-22 12:16:42,704 [INFO] confluence_client: 🔄 Updating Confluence page 'AC_Corp_Form__Share' (ID=184025340)
2025-09-22 12:16:42,705 [DEBUG] urllib3.connectionpool: Starting new HTTPS connection (1): cretemechanical.atlassian.net:443
2025-09-22 12:16:42,784 [DEBUG] urllib3.connectionpool: https://cretemechanical.atlassian.net:443 "GET /wiki/api/v2/pages/184025340?expand=version HTTP/1.1" 200 None
2025-09-22 12:16:42,786 [DEBUG] urllib3.connectionpool: Starting new HTTPS connection (1): cretemechanical.atlassian.net:443
2025-09-22 12:16:42,918 [DEBUG] urllib3.connectionpool: https://cretemechanical.atlassian.net:443 "PUT /wiki/api/v2/pages/184025340 HTTP/1.1" 200 None
2025-09-22 12:16:42,919 [INFO] __main__: Object processed: AC_Corp_Form__Share
2025-09-22 12:16:42,919 [INFO] __main__: Uploading object: AC_Corp_Form__c
2025-09-22 12:16:42,920 [DEBUG] urllib3.connectionpool: Starting new HTTPS connection (1): cretemechanical.atlassian.net:443
2025-09-22 12:16:43,024 [DEBUG] urllib3.connectionpool: https://cretemechanical.atlassian.net:443 "GET /wiki/api/v2/pages?spaceId=28180482&title=AC_Corp_Form__c&expand=version HTTP/1.1" 200 None
2025-09-22 12:16:43,026 [DEBUG] urllib3.connectionpool: Starting new HTTPS connection (1): cretemechanical.atlassian.net:443
2025-09-22 12:16:43,125 [DEBUG] urllib3.connectionpool: https://cretemechanical.atlassian.net:443 "GET /wiki/rest/api/content/184025361?expand=body.atlas_doc_format,body.storage,version HTTP/1.1" 200 None
2025-09-22 12:16:43,128 [DEBUG] confluence_client: === RAW PAGE JSON BODY KEYS (v1) ===
2025-09-22 12:16:43,128 [DEBUG] confluence_client: ['storage', 'atlas_doc_format', '_expandable']
2025-09-22 12:16:43,128 [DEBUG] confluence_client: === BEGIN ATLAS DOC FORMAT (first 1000 chars) ===
2025-09-22 12:16:43,129 [DEBUG] confluence_client: {"type":"doc","content":[{"type":"heading","attrs":{"level":1},"content":[{"text":"Object: AC_Corp_Form__c","type":"text"}]},{"type":"paragraph","content":[{"text":"Label: ","type":"text","marks":[{"type":"strong"}]},{"text":"AC Corp Form","type":"text"}]},{"type":"paragraph","content":[{"text":"Custom: ","type":"text","marks":[{"type":"strong"}]},{"text":"True","type":"text"}]},{"type":"paragraph","content":[{"text":"KeyPrefix: ","type":"text","marks":[{"type":"strong"}]},{"text":"a2L","type":"text"}]},{"type":"heading","attrs":{"level":2},"content":[{"text":"Description","type":"text"}]},{"type":"paragraph","content":[{"text":"test","type":"text"}]},{"type":"heading","attrs":{"level":2},"content":[{"text":"Custom Notes","type":"text"}]},{"type":"paragraph","content":[{"text":"test","type":"text"}]},{"type":"heading","attrs":{"level":2},"content":[{"text":"Fields","type":"text"}]},{"type":"table","attrs":{"layout":"default","width":760.0,"localId":"eabc9cc1-266f-4051-aa42-9a4fdfa9068d
2025-09-22 12:16:43,129 [DEBUG] confluence_client: === END ATLAS DOC FORMAT ===
2025-09-22 12:16:43,131 [DEBUG] confluence_uploader: Building Fabric JSON for object AC_Corp_Form__c
2025-09-22 12:16:43,134 [DEBUG] urllib3.connectionpool: Starting new HTTPS connection (1): cretemechanical.atlassian.net:443
2025-09-22 12:16:43,198 [DEBUG] urllib3.connectionpool: https://cretemechanical.atlassian.net:443 "GET /wiki/api/v2/pages?spaceId=28180482&title=AC_Corp_Form__c&expand=version HTTP/1.1" 200 None
2025-09-22 12:16:43,200 [DEBUG] urllib3.connectionpool: Starting new HTTPS connection (1): cretemechanical.atlassian.net:443
2025-09-22 12:16:43,300 [DEBUG] urllib3.connectionpool: https://cretemechanical.atlassian.net:443 "GET /wiki/rest/api/content/184025361?expand=body.atlas_doc_format,body.storage,version HTTP/1.1" 200 None
2025-09-22 12:16:43,302 [DEBUG] confluence_client: === RAW PAGE JSON BODY KEYS (v1) ===
2025-09-22 12:16:43,302 [DEBUG] confluence_client: ['storage', 'atlas_doc_format', '_expandable']
2025-09-22 12:16:43,302 [DEBUG] confluence_client: === BEGIN ATLAS DOC FORMAT (first 1000 chars) ===
2025-09-22 12:16:43,302 [DEBUG] confluence_client: {"type":"doc","content":[{"type":"heading","attrs":{"level":1},"content":[{"text":"Object: AC_Corp_Form__c","type":"text"}]},{"type":"paragraph","content":[{"text":"Label: ","type":"text","marks":[{"type":"strong"}]},{"text":"AC Corp Form","type":"text"}]},{"type":"paragraph","content":[{"text":"Custom: ","type":"text","marks":[{"type":"strong"}]},{"text":"True","type":"text"}]},{"type":"paragraph","content":[{"text":"KeyPrefix: ","type":"text","marks":[{"type":"strong"}]},{"text":"a2L","type":"text"}]},{"type":"heading","attrs":{"level":2},"content":[{"text":"Description","type":"text"}]},{"type":"paragraph","content":[{"text":"test","type":"text"}]},{"type":"heading","attrs":{"level":2},"content":[{"text":"Custom Notes","type":"text"}]},{"type":"paragraph","content":[{"text":"test","type":"text"}]},{"type":"heading","attrs":{"level":2},"content":[{"text":"Fields","type":"text"}]},{"type":"table","attrs":{"layout":"default","width":760.0,"localId":"eabc9cc1-266f-4051-aa42-9a4fdfa9068d
2025-09-22 12:16:43,302 [DEBUG] confluence_client: === END ATLAS DOC FORMAT ===
2025-09-22 12:16:43,303 [INFO] confluence_client: 🔄 Updating Confluence page 'AC_Corp_Form__c' (ID=184025361)
2025-09-22 12:16:43,304 [DEBUG] urllib3.connectionpool: Starting new HTTPS connection (1): cretemechanical.atlassian.net:443
2025-09-22 12:16:43,387 [DEBUG] urllib3.connectionpool: https://cretemechanical.atlassian.net:443 "GET /wiki/api/v2/pages/184025361?expand=version HTTP/1.1" 200 None
2025-09-22 12:16:43,389 [DEBUG] urllib3.connectionpool: Starting new HTTPS connection (1): cretemechanical.atlassian.net:443
2025-09-22 12:16:43,647 [DEBUG] urllib3.connectionpool: https://cretemechanical.atlassian.net:443 "PUT /wiki/api/v2/pages/184025361 HTTP/1.1" 200 None
2025-09-22 12:16:43,923 [INFO] __main__: Object processed: AC_Corp_Form__c
