2025-09-22 12:34:05,110 [INFO] __main__: Start
2025-09-22 12:34:05,110 [INFO] __main__: SYNC_MODE=OBJECTS
2025-09-22 12:34:05,111 [INFO] __main__: Starting object upload (parent 177537954)
2025-09-22 12:34:05,111 [DEBUG] sf_object_loader: Running CLI: C:\Program Files\sf\bin\sf.cmd sobject list --json -o Prod
2025-09-22 12:34:07,653 [INFO] sf_object_loader: LIMIT_OBJECTS enabled, restricting to first 3 objects
2025-09-22 12:34:07,653 [INFO] sf_object_loader: Describing object: AC_Corp_Form__ChangeEvent
2025-09-22 12:34:07,654 [DEBUG] sf_object_loader: Running CLI: C:\Program Files\sf\bin\sf.cmd sobject describe -s AC_Corp_Form__ChangeEvent --json -o Prod
2025-09-22 12:34:09,184 [INFO] sf_object_loader: Describing object: AC_Corp_Form__Share
2025-09-22 12:34:09,184 [DEBUG] sf_object_loader: Running CLI: C:\Program Files\sf\bin\sf.cmd sobject describe -s AC_Corp_Form__Share --json -o Prod
2025-09-22 12:34:10,713 [INFO] sf_object_loader: Describing object: AC_Corp_Form__c
2025-09-22 12:34:10,714 [DEBUG] sf_object_loader: Running CLI: C:\Program Files\sf\bin\sf.cmd sobject describe -s AC_Corp_Form__c --json -o Prod
2025-09-22 12:34:12,242 [INFO] __main__: Uploading object: AC_Corp_Form__ChangeEvent
2025-09-22 12:34:12,244 [DEBUG] urllib3.connectionpool: Starting new HTTPS connection (1): cretemechanical.atlassian.net:443
2025-09-22 12:34:12,323 [DEBUG] urllib3.connectionpool: https://cretemechanical.atlassian.net:443 "GET /wiki/api/v2/pages?spaceId=28180482&title=AC_Corp_Form__ChangeEvent&expand=version HTTP/1.1" 200 None
2025-09-22 12:34:12,324 [DEBUG] confluence_uploader: Building Fabric JSON for object AC_Corp_Form__ChangeEvent
2025-09-22 12:34:12,327 [DEBUG] urllib3.connectionpool: Starting new HTTPS connection (1): cretemechanical.atlassian.net:443
2025-09-22 12:34:12,406 [DEBUG] urllib3.connectionpool: https://cretemechanical.atlassian.net:443 "GET /wiki/api/v2/pages?spaceId=28180482&title=AC_Corp_Form__ChangeEvent&expand=version HTTP/1.1" 200 None
2025-09-22 12:34:12,407 [INFO] confluence_client: 🆕 Creating new Confluence page 'AC_Corp_Form__ChangeEvent' under parent 177537954
2025-09-22 12:34:12,408 [DEBUG] urllib3.connectionpool: Starting new HTTPS connection (1): cretemechanical.atlassian.net:443
2025-09-22 12:34:12,822 [DEBUG] urllib3.connectionpool: https://cretemechanical.atlassian.net:443 "POST /wiki/api/v2/pages HTTP/1.1" 200 None
2025-09-22 12:34:13,162 [INFO] __main__: Object processed: AC_Corp_Form__ChangeEvent
2025-09-22 12:34:13,162 [INFO] __main__: Uploading object: AC_Corp_Form__Share
2025-09-22 12:34:13,163 [DEBUG] urllib3.connectionpool: Starting new HTTPS connection (1): cretemechanical.atlassian.net:443
2025-09-22 12:34:13,236 [DEBUG] urllib3.connectionpool: https://cretemechanical.atlassian.net:443 "GET /wiki/api/v2/pages?spaceId=28180482&title=AC_Corp_Form__Share&expand=version HTTP/1.1" 200 None
2025-09-22 12:34:13,237 [DEBUG] confluence_uploader: Building Fabric JSON for object AC_Corp_Form__Share
2025-09-22 12:34:13,239 [DEBUG] urllib3.connectionpool: Starting new HTTPS connection (1): cretemechanical.atlassian.net:443
2025-09-22 12:34:13,307 [DEBUG] urllib3.connectionpool: https://cretemechanical.atlassian.net:443 "GET /wiki/api/v2/pages?spaceId=28180482&title=AC_Corp_Form__Share&expand=version HTTP/1.1" 200 None
2025-09-22 12:34:13,308 [INFO] confluence_client: 🆕 Creating new Confluence page 'AC_Corp_Form__Share' under parent 177537954
2025-09-22 12:34:13,309 [DEBUG] urllib3.connectionpool: Starting new HTTPS connection (1): cretemechanical.atlassian.net:443
2025-09-22 12:34:13,628 [DEBUG] urllib3.connectionpool: https://cretemechanical.atlassian.net:443 "POST /wiki/api/v2/pages HTTP/1.1" 200 None
2025-09-22 12:34:13,849 [INFO] __main__: Object processed: AC_Corp_Form__Share
2025-09-22 12:34:13,849 [INFO] __main__: Uploading object: AC_Corp_Form__c
2025-09-22 12:34:13,850 [DEBUG] urllib3.connectionpool: Starting new HTTPS connection (1): cretemechanical.atlassian.net:443
2025-09-22 12:34:13,928 [DEBUG] urllib3.connectionpool: https://cretemechanical.atlassian.net:443 "GET /wiki/api/v2/pages?spaceId=28180482&title=AC_Corp_Form__c&expand=version HTTP/1.1" 200 None
2025-09-22 12:34:13,929 [DEBUG] confluence_uploader: Building Fabric JSON for object AC_Corp_Form__c
2025-09-22 12:34:13,932 [DEBUG] urllib3.connectionpool: Starting new HTTPS connection (1): cretemechanical.atlassian.net:443
2025-09-22 12:34:13,988 [DEBUG] urllib3.connectionpool: https://cretemechanical.atlassian.net:443 "GET /wiki/api/v2/pages?spaceId=28180482&title=AC_Corp_Form__c&expand=version HTTP/1.1" 200 None
2025-09-22 12:34:13,989 [INFO] confluence_client: 🆕 Creating new Confluence page 'AC_Corp_Form__c' under parent 177537954
2025-09-22 12:34:13,990 [DEBUG] urllib3.connectionpool: Starting new HTTPS connection (1): cretemechanical.atlassian.net:443
2025-09-22 12:34:14,910 [DEBUG] urllib3.connectionpool: https://cretemechanical.atlassian.net:443 "POST /wiki/api/v2/pages HTTP/1.1" 200 None
2025-09-22 12:34:15,252 [INFO] __main__: Object processed: AC_Corp_Form__c
